[DEBUG @ 18:57:41 | Chroma] BillieEnvironment.[0]Environment
[DEBUG @ 18:57:41 | Chroma] BillieEnvironment.[0]Environment.[0]SceneSetup
[DEBUG @ 18:57:41 | Chroma] BillieEnvironment.[0]Environment.[1]DecoratorContext
[DEBUG @ 18:57:41 | Chroma] BillieEnvironment.[0]Environment.[10]LightEffects
[DEBUG @ 18:57:41 | Chroma] BillieEnvironment.[0]Environment.[11]====== STATIC ======
[DEBUG @ 18:57:41 | Chroma] BillieEnvironment.[0]Environment.[12]Mountains
[DEBUG @ 18:57:41 | Chroma] BillieEnvironment.[0]Environment.[12]Mountains.[0]BackMountains
[DEBUG @ 18:57:41 | Chroma] BillieEnvironment.[0]Environment.[12]Mountains.[1]FrontMountains
[DEBUG @ 18:57:41 | Chroma] BillieEnvironment.[0]Environment.[13]PlayersPlace
[DEBUG @ 18:57:41 | Chroma] BillieEnvironment.[0]Environment.[13]PlayersPlace.[0]Mirror
[DEBUG @ 18:57:41 | Chroma] BillieEnvironment.[0]Environment.[13]PlayersPlace.[1]Feet
[DEBUG @ 18:57:41 | Chroma] BillieEnvironment.[0]Environment.[13]PlayersPlace.[2]Construction
[DEBUG @ 18:57:41 | Chroma] BillieEnvironment.[0]Environment.[13]PlayersPlace.[3]RectangleFakeGlow
[DEBUG @ 18:57:41 | Chroma] BillieEnvironment.[0]Environment.[13]PlayersPlace.[4]Frame
[DEBUG @ 18:57:41 | Chroma] BillieEnvironment.[0]Environment.[13]PlayersPlace.[5]SaberBurnMarksParticles
[DEBUG @ 18:57:41 | Chroma] BillieEnvironment.[0]Environment.[13]PlayersPlace.[5]SaberBurnMarksParticles.[0]SaberBurnMarkSparklePS
[DEBUG @ 18:57:41 | Chroma] BillieEnvironment.[0]Environment.[13]PlayersPlace.[6]SaberBurnMarksArea
[DEBUG @ 18:57:41 | Chroma] BillieEnvironment.[0]Environment.[13]PlayersPlace.[7]Collider
[DEBUG @ 18:57:41 | Chroma] BillieEnvironment.[0]Environment.[14]LeftRail
[DEBUG @ 18:57:41 | Chroma] BillieEnvironment.[0]Environment.[15]RightRail
[DEBUG @ 18:57:41 | Chroma] BillieEnvironment.[0]Environment.[16]LeftFarRail1
[DEBUG @ 18:57:41 | Chroma] BillieEnvironment.[0]Environment.[17]LeftFarRail2
[DEBUG @ 18:57:41 | Chroma] BillieEnvironment.[0]Environment.[18]RightFarRail1
[DEBUG @ 18:57:41 | Chroma] BillieEnvironment.[0]Environment.[19]RightFarRail2
[DEBUG @ 18:57:41 | Chroma] BillieEnvironment.[0]Environment.[2]NarrowGameHUD
[DEBUG @ 18:57:41 | Chroma] BillieEnvironment.[0]Environment.[2]NarrowGameHUD.[0]EnergyPanel
[DEBUG @ 18:57:41 | Chroma] BillieEnvironment.[0]Environment.[2]NarrowGameHUD.[0]EnergyPanel.[0]BG
[DEBUG @ 18:57:41 | Chroma] BillieEnvironment.[0]Environment.[2]NarrowGameHUD.[0]EnergyPanel.[1]BarBG
[DEBUG @ 18:57:41 | Chroma] BillieEnvironment.[0]Environment.[2]NarrowGameHUD.[0]EnergyPanel.[2]EnergyIconEmpty
[DEBUG @ 18:57:41 | Chroma] BillieEnvironment.[0]Environment.[2]NarrowGameHUD.[0]EnergyPanel.[3]EnergyIconFull
[DEBUG @ 18:57:41 | Chroma] BillieEnvironment.[0]Environment.[2]NarrowGameHUD.[0]EnergyPanel.[4]EnergyBarWrapper
[DEBUG @ 18:57:41 | Chroma] BillieEnvironment.[0]Environment.[2]NarrowGameHUD.[0]EnergyPanel.[4]EnergyBarWrapper.[0]EnergyBar
[DEBUG @ 18:57:41 | Chroma] BillieEnvironment.[0]Environment.[2]NarrowGameHUD.[0]EnergyPanel.[5]Laser
[DEBUG @ 18:57:41 | Chroma] BillieEnvironment.[0]Environment.[2]NarrowGameHUD.[0]EnergyPanel.[5]Laser.[0]BoxLight
[DEBUG @ 18:57:41 | Chroma] BillieEnvironment.[0]Environment.[2]NarrowGameHUD.[0]EnergyPanel.[5]Laser.[1]BakedBloom
[DEBUG @ 18:57:41 | Chroma] BillieEnvironment.[0]Environment.[2]NarrowGameHUD.[0]EnergyPanel.[6]FailIcon
[DEBUG @ 18:57:41 | Chroma] BillieEnvironment.[0]Environment.[2]NarrowGameHUD.[0]EnergyPanel.[7]Colorer
[DEBUG @ 18:57:41 | Chroma] BillieEnvironment.[0]Environment.[2]NarrowGameHUD.[1]LeftPanel
[DEBUG @ 18:57:41 | Chroma] BillieEnvironment.[0]Environment.[2]NarrowGameHUD.[1]LeftPanel.[0]ComboPanel
[DEBUG @ 18:57:41 | Chroma] BillieEnvironment.[0]Environment.[2]NarrowGameHUD.[1]LeftPanel.[0]ComboPanel.[0]ComboText
[DEBUG @ 18:57:41 | Chroma] BillieEnvironment.[0]Environment.[2]NarrowGameHUD.[1]LeftPanel.[0]ComboPanel.[1]ComboCanvas
[DEBUG @ 18:57:41 | Chroma] BillieEnvironment.[0]Environment.[2]NarrowGameHUD.[1]LeftPanel.[0]ComboPanel.[1]ComboCanvas.[0]NumText
[DEBUG @ 18:57:41 | Chroma] BillieEnvironment.[0]Environment.[2]NarrowGameHUD.[1]LeftPanel.[0]ComboPanel.[2]Line0
[DEBUG @ 18:57:41 | Chroma] BillieEnvironment.[0]Environment.[2]NarrowGameHUD.[1]LeftPanel.[0]ComboPanel.[3]Line1
[DEBUG @ 18:57:41 | Chroma] BillieEnvironment.[0]Environment.[2]NarrowGameHUD.[1]LeftPanel.[0]ComboPanel.[4]Colorer
[DEBUG @ 18:57:41 | Chroma] BillieEnvironment.[0]Environment.[2]NarrowGameHUD.[1]LeftPanel.[1]ScoreCanvas
[DEBUG @ 18:57:41 | Chroma] BillieEnvironment.[0]Environment.[2]NarrowGameHUD.[1]LeftPanel.[1]ScoreCanvas.[0]ScoreText
[DEBUG @ 18:57:41 | Chroma] BillieEnvironment.[0]Environment.[2]NarrowGameHUD.[1]LeftPanel.[1]ScoreCanvas.[1]ImmediateRankText
[DEBUG @ 18:57:41 | Chroma] BillieEnvironment.[0]Environment.[2]NarrowGameHUD.[1]LeftPanel.[1]ScoreCanvas.[2]RelativeScoreText
[DEBUG @ 18:57:41 | Chroma] BillieEnvironment.[0]Environment.[2]NarrowGameHUD.[2]RightPanel
[DEBUG @ 18:57:41 | Chroma] BillieEnvironment.[0]Environment.[2]NarrowGameHUD.[2]RightPanel.[0]MultiplierCanvas
[DEBUG @ 18:57:41 | Chroma] BillieEnvironment.[0]Environment.[2]NarrowGameHUD.[2]RightPanel.[0]MultiplierCanvas.[0]BGCircle
[DEBUG @ 18:57:41 | Chroma] BillieEnvironment.[0]Environment.[2]NarrowGameHUD.[2]RightPanel.[0]MultiplierCanvas.[1]FGCircle
[DEBUG @ 18:57:41 | Chroma] BillieEnvironment.[0]Environment.[2]NarrowGameHUD.[2]RightPanel.[0]MultiplierCanvas.[2]AnimationCircle
[DEBUG @ 18:57:41 | Chroma] BillieEnvironment.[0]Environment.[2]NarrowGameHUD.[2]RightPanel.[0]MultiplierCanvas.[3]TextOverlayPanelOutline1
[DEBUG @ 18:57:41 | Chroma] BillieEnvironment.[0]Environment.[2]NarrowGameHUD.[2]RightPanel.[0]MultiplierCanvas.[3]TextOverlayPanelOutline1.[0]XText
[DEBUG @ 18:57:41 | Chroma] BillieEnvironment.[0]Environment.[2]NarrowGameHUD.[2]RightPanel.[0]MultiplierCanvas.[3]TextOverlayPanelOutline1.[1]NumText
[DEBUG @ 18:57:41 | Chroma] BillieEnvironment.[0]Environment.[2]NarrowGameHUD.[2]RightPanel.[0]MultiplierCanvas.[4]TextOverlayPanelOutline0
[DEBUG @ 18:57:41 | Chroma] BillieEnvironment.[0]Environment.[2]NarrowGameHUD.[2]RightPanel.[0]MultiplierCanvas.[4]TextOverlayPanelOutline0.[0]XText
[DEBUG @ 18:57:41 | Chroma] BillieEnvironment.[0]Environment.[2]NarrowGameHUD.[2]RightPanel.[0]MultiplierCanvas.[4]TextOverlayPanelOutline0.[1]NumText
[DEBUG @ 18:57:41 | Chroma] BillieEnvironment.[0]Environment.[2]NarrowGameHUD.[2]RightPanel.[0]MultiplierCanvas.[5]TextPanel
[DEBUG @ 18:57:41 | Chroma] BillieEnvironment.[0]Environment.[2]NarrowGameHUD.[2]RightPanel.[0]MultiplierCanvas.[5]TextPanel.[0]XText
[DEBUG @ 18:57:41 | Chroma] BillieEnvironment.[0]Environment.[2]NarrowGameHUD.[2]RightPanel.[0]MultiplierCanvas.[5]TextPanel.[1]NumText
[DEBUG @ 18:57:41 | Chroma] BillieEnvironment.[0]Environment.[2]NarrowGameHUD.[2]RightPanel.[0]MultiplierCanvas.[6]Colorer
[DEBUG @ 18:57:41 | Chroma] BillieEnvironment.[0]Environment.[2]NarrowGameHUD.[2]RightPanel.[1]SongProgressCanvas
[DEBUG @ 18:57:41 | Chroma] BillieEnvironment.[0]Environment.[2]NarrowGameHUD.[2]RightPanel.[1]SongProgressCanvas.[0]Progress
[DEBUG @ 18:57:41 | Chroma] BillieEnvironment.[0]Environment.[2]NarrowGameHUD.[2]RightPanel.[1]SongProgressCanvas.[1]Slider
[DEBUG @ 18:57:41 | Chroma] BillieEnvironment.[0]Environment.[2]NarrowGameHUD.[2]RightPanel.[1]SongProgressCanvas.[1]Slider.[0]Background
[DEBUG @ 18:57:41 | Chroma] BillieEnvironment.[0]Environment.[2]NarrowGameHUD.[2]RightPanel.[1]SongProgressCanvas.[1]Slider.[1]Handle Slide Area
[DEBUG @ 18:57:41 | Chroma] BillieEnvironment.[0]Environment.[2]NarrowGameHUD.[2]RightPanel.[1]SongProgressCanvas.[1]Slider.[1]Handle Slide Area.[0]Handle
[DEBUG @ 18:57:41 | Chroma] BillieEnvironment.[0]Environment.[2]NarrowGameHUD.[2]RightPanel.[1]SongProgressCanvas.[2]DurationMinutes
[DEBUG @ 18:57:41 | Chroma] BillieEnvironment.[0]Environment.[2]NarrowGameHUD.[2]RightPanel.[1]SongProgressCanvas.[3]DurationSeconds
[DEBUG @ 18:57:41 | Chroma] BillieEnvironment.[0]Environment.[2]NarrowGameHUD.[2]RightPanel.[1]SongProgressCanvas.[4]ProgressMinutes
[DEBUG @ 18:57:41 | Chroma] BillieEnvironment.[0]Environment.[2]NarrowGameHUD.[2]RightPanel.[1]SongProgressCanvas.[5]ProgressSeconds
[DEBUG @ 18:57:41 | Chroma] BillieEnvironment.[0]Environment.[2]NarrowGameHUD.[2]RightPanel.[1]SongProgressCanvas.[6]BG
[DEBUG @ 18:57:41 | Chroma] BillieEnvironment.[0]Environment.[2]NarrowGameHUD.[2]RightPanel.[1]SongProgressCanvas.[7]Colorer
[DEBUG @ 18:57:41 | Chroma] BillieEnvironment.[0]Environment.[20]RailingFullBack
[DEBUG @ 18:57:41 | Chroma] BillieEnvironment.[0]Environment.[21]RailingFullFront
[DEBUG @ 18:57:41 | Chroma] BillieEnvironment.[0]Environment.[22]LastRailingCurve
[DEBUG @ 18:57:41 | Chroma] BillieEnvironment.[0]Environment.[23]====== DYNAMIC ======
[DEBUG @ 18:57:41 | Chroma] BillieEnvironment.[0]Environment.[24]Rain
[DEBUG @ 18:57:41 | Chroma] BillieEnvironment.[0]Environment.[25]WaterRainRipples
[DEBUG @ 18:57:41 | Chroma] BillieEnvironment.[0]Environment.[25]WaterRainRipples.[0]SplashMesh
[DEBUG @ 18:57:41 | Chroma] BillieEnvironment.[0]Environment.[26]Waterfall
[DEBUG @ 18:57:41 | Chroma] BillieEnvironment.[0]Environment.[26]Waterfall.[0]WaterfallFlatFar
[DEBUG @ 18:57:41 | Chroma] BillieEnvironment.[0]Environment.[26]Waterfall.[1]WaterfallFlatClose
[DEBUG @ 18:57:41 | Chroma] BillieEnvironment.[0]Environment.[26]Waterfall.[2]WaterfallSetDepthOnly
[DEBUG @ 18:57:41 | Chroma] BillieEnvironment.[0]Environment.[26]Waterfall.[3]WaterfallTransition
[DEBUG @ 18:57:41 | Chroma] BillieEnvironment.[0]Environment.[26]Waterfall.[4]WaterfallFalling
[DEBUG @ 18:57:41 | Chroma] BillieEnvironment.[0]Environment.[27]DayAndNight
[DEBUG @ 18:57:41 | Chroma] BillieEnvironment.[0]Environment.[27]DayAndNight.[0]Day
[DEBUG @ 18:57:41 | Chroma] BillieEnvironment.[0]Environment.[27]DayAndNight.[0]Day.[0]Sun
[DEBUG @ 18:57:41 | Chroma] BillieEnvironment.[0]Environment.[27]DayAndNight.[0]Day.[0]Sun.[0]NeonTube (3)
[DEBUG @ 18:57:41 | Chroma] BillieEnvironment.[0]Environment.[27]DayAndNight.[0]Day.[0]Sun.[0]NeonTube (3).[0]BakedBloom
[DEBUG @ 18:57:41 | Chroma] BillieEnvironment.[0]Environment.[27]DayAndNight.[0]Day.[0]Sun.[1]NeonTube (2)
[DEBUG @ 18:57:41 | Chroma] BillieEnvironment.[0]Environment.[27]DayAndNight.[0]Day.[0]Sun.[1]NeonTube (2).[0]BakedBloom
[DEBUG @ 18:57:41 | Chroma] BillieEnvironment.[0]Environment.[27]DayAndNight.[0]Day.[0]Sun.[2]NeonTube (1)
[DEBUG @ 18:57:41 | Chroma] BillieEnvironment.[0]Environment.[27]DayAndNight.[0]Day.[0]Sun.[2]NeonTube (1).[0]BakedBloom
[DEBUG @ 18:57:41 | Chroma] BillieEnvironment.[0]Environment.[27]DayAndNight.[0]Day.[0]Sun.[3]NeonTube
[DEBUG @ 18:57:41 | Chroma] BillieEnvironment.[0]Environment.[27]DayAndNight.[0]Day.[0]Sun.[3]NeonTube.[0]BakedBloom
[DEBUG @ 18:57:41 | Chroma] BillieEnvironment.[0]Environment.[27]DayAndNight.[0]Day.[1]DirectionalLightFront
[DEBUG @ 18:57:41 | Chroma] BillieEnvironment.[0]Environment.[27]DayAndNight.[0]Day.[2]DirectionalLightBack
[DEBUG @ 18:57:41 | Chroma] BillieEnvironment.[0]Environment.[27]DayAndNight.[0]Day.[3]DirectionalLightLeft
[DEBUG @ 18:57:41 | Chroma] BillieEnvironment.[0]Environment.[27]DayAndNight.[0]Day.[4]DirectionalLightRight
[DEBUG @ 18:57:41 | Chroma] BillieEnvironment.[0]Environment.[27]DayAndNight.[1]Night
[DEBUG @ 18:57:41 | Chroma] BillieEnvironment.[0]Environment.[27]DayAndNight.[1]Night.[0]Moon
[DEBUG @ 18:57:41 | Chroma] BillieEnvironment.[0]Environment.[27]DayAndNight.[1]Night.[0]Moon.[0]NeonTube
[DEBUG @ 18:57:41 | Chroma] BillieEnvironment.[0]Environment.[27]DayAndNight.[1]Night.[0]Moon.[0]NeonTube.[0]BakedBloom
[DEBUG @ 18:57:41 | Chroma] BillieEnvironment.[0]Environment.[27]DayAndNight.[1]Night.[1]DirectionalLightFront
[DEBUG @ 18:57:41 | Chroma] BillieEnvironment.[0]Environment.[27]DayAndNight.[1]Night.[2]DirectionalLightBack
[DEBUG @ 18:57:41 | Chroma] BillieEnvironment.[0]Environment.[27]DayAndNight.[1]Night.[3]DirectionalLightLeft
[DEBUG @ 18:57:41 | Chroma] BillieEnvironment.[0]Environment.[27]DayAndNight.[1]Night.[4]DirectionalLightRight
[DEBUG @ 18:57:41 | Chroma] BillieEnvironment.[0]Environment.[27]DayAndNight.[2]BackgroundGradient
[DEBUG @ 18:57:41 | Chroma] BillieEnvironment.[0]Environment.[28]Clouds
[DEBUG @ 18:57:41 | Chroma] BillieEnvironment.[0]Environment.[29]BigSmokePS
[DEBUG @ 18:57:41 | Chroma] BillieEnvironment.[0]Environment.[3]FakeMirrorObjectsInstaller
[DEBUG @ 18:57:41 | Chroma] BillieEnvironment.[0]Environment.[30]====== LIGHTS ======
[DEBUG @ 18:57:41 | Chroma] BillieEnvironment.[0]Environment.[31]LightRailingSegment
[DEBUG @ 18:57:41 | Chroma] BillieEnvironment.[0]Environment.[31]LightRailingSegment.[0]RailingCurveF
[DEBUG @ 18:57:41 | Chroma] BillieEnvironment.[0]Environment.[31]LightRailingSegment.[1]NeonTubeDirectionalL
[DEBUG @ 18:57:41 | Chroma] BillieEnvironment.[0]Environment.[31]LightRailingSegment.[1]NeonTubeDirectionalL.[0]BakedBloom
[DEBUG @ 18:57:41 | Chroma] BillieEnvironment.[0]Environment.[31]LightRailingSegment.[1]NeonTubeDirectionalL.[1]BoxLight
[DEBUG @ 18:57:41 | Chroma] BillieEnvironment.[0]Environment.[31]LightRailingSegment.[2]NeonTubeDirectionalR
[DEBUG @ 18:57:41 | Chroma] BillieEnvironment.[0]Environment.[31]LightRailingSegment.[2]NeonTubeDirectionalR.[0]BakedBloom
[DEBUG @ 18:57:41 | Chroma] BillieEnvironment.[0]Environment.[31]LightRailingSegment.[2]NeonTubeDirectionalR.[1]BoxLight
[DEBUG @ 18:57:41 | Chroma] BillieEnvironment.[0]Environment.[31]LightRailingSegment.[3]NeonTubeDirectionalL (1)
[DEBUG @ 18:57:41 | Chroma] BillieEnvironment.[0]Environment.[31]LightRailingSegment.[3]NeonTubeDirectionalL (1).[0]BakedBloom
[DEBUG @ 18:57:41 | Chroma] BillieEnvironment.[0]Environment.[31]LightRailingSegment.[3]NeonTubeDirectionalL (1).[1]BoxLight
[DEBUG @ 18:57:41 | Chroma] BillieEnvironment.[0]Environment.[31]LightRailingSegment.[4]NeonTubeDirectionalR (1)
[DEBUG @ 18:57:41 | Chroma] BillieEnvironment.[0]Environment.[31]LightRailingSegment.[4]NeonTubeDirectionalR (1).[0]BakedBloom
[DEBUG @ 18:57:41 | Chroma] BillieEnvironment.[0]Environment.[31]LightRailingSegment.[4]NeonTubeDirectionalR (1).[1]BoxLight
[DEBUG @ 18:57:41 | Chroma] BillieEnvironment.[0]Environment.[32]LightRailingSegment (1)
[DEBUG @ 18:57:41 | Chroma] BillieEnvironment.[0]Environment.[32]LightRailingSegment (1).[0]RailingCurveF
[DEBUG @ 18:57:41 | Chroma] BillieEnvironment.[0]Environment.[32]LightRailingSegment (1).[1]NeonTubeDirectionalL
[DEBUG @ 18:57:41 | Chroma] BillieEnvironment.[0]Environment.[32]LightRailingSegment (1).[1]NeonTubeDirectionalL.[0]BakedBloom
[DEBUG @ 18:57:41 | Chroma] BillieEnvironment.[0]Environment.[32]LightRailingSegment (1).[1]NeonTubeDirectionalL.[1]BoxLight
[DEBUG @ 18:57:41 | Chroma] BillieEnvironment.[0]Environment.[32]LightRailingSegment (1).[2]NeonTubeDirectionalR
[DEBUG @ 18:57:41 | Chroma] BillieEnvironment.[0]Environment.[32]LightRailingSegment (1).[2]NeonTubeDirectionalR.[0]BakedBloom
[DEBUG @ 18:57:41 | Chroma] BillieEnvironment.[0]Environment.[32]LightRailingSegment (1).[2]NeonTubeDirectionalR.[1]BoxLight
[DEBUG @ 18:57:41 | Chroma] BillieEnvironment.[0]Environment.[32]LightRailingSegment (1).[3]NeonTubeDirectionalL (1)
[DEBUG @ 18:57:41 | Chroma] BillieEnvironment.[0]Environment.[32]LightRailingSegment (1).[3]NeonTubeDirectionalL (1).[0]BakedBloom
[DEBUG @ 18:57:41 | Chroma] BillieEnvironment.[0]Environment.[32]LightRailingSegment (1).[3]NeonTubeDirectionalL (1).[1]BoxLight
[DEBUG @ 18:57:41 | Chroma] BillieEnvironment.[0]Environment.[32]LightRailingSegment (1).[4]NeonTubeDirectionalR (1)
[DEBUG @ 18:57:41 | Chroma] BillieEnvironment.[0]Environment.[32]LightRailingSegment (1).[4]NeonTubeDirectionalR (1).[0]BakedBloom
[DEBUG @ 18:57:41 | Chroma] BillieEnvironment.[0]Environment.[32]LightRailingSegment (1).[4]NeonTubeDirectionalR (1).[1]BoxLight
[DEBUG @ 18:57:41 | Chroma] BillieEnvironment.[0]Environment.[33]LightRailingSegment (2)
[DEBUG @ 18:57:41 | Chroma] BillieEnvironment.[0]Environment.[33]LightRailingSegment (2).[0]RailingCurveF
[DEBUG @ 18:57:41 | Chroma] BillieEnvironment.[0]Environment.[33]LightRailingSegment (2).[1]NeonTubeDirectionalL
[DEBUG @ 18:57:41 | Chroma] BillieEnvironment.[0]Environment.[33]LightRailingSegment (2).[1]NeonTubeDirectionalL.[0]BakedBloom
[DEBUG @ 18:57:41 | Chroma] BillieEnvironment.[0]Environment.[33]LightRailingSegment (2).[1]NeonTubeDirectionalL.[1]BoxLight
[DEBUG @ 18:57:41 | Chroma] BillieEnvironment.[0]Environment.[33]LightRailingSegment (2).[2]NeonTubeDirectionalR
[DEBUG @ 18:57:41 | Chroma] BillieEnvironment.[0]Environment.[33]LightRailingSegment (2).[2]NeonTubeDirectionalR.[0]BakedBloom
[DEBUG @ 18:57:41 | Chroma] BillieEnvironment.[0]Environment.[33]LightRailingSegment (2).[2]NeonTubeDirectionalR.[1]BoxLight
[DEBUG @ 18:57:41 | Chroma] BillieEnvironment.[0]Environment.[33]LightRailingSegment (2).[3]NeonTubeDirectionalL (1)
[DEBUG @ 18:57:41 | Chroma] BillieEnvironment.[0]Environment.[33]LightRailingSegment (2).[3]NeonTubeDirectionalL (1).[0]BakedBloom
[DEBUG @ 18:57:41 | Chroma] BillieEnvironment.[0]Environment.[33]LightRailingSegment (2).[3]NeonTubeDirectionalL (1).[1]BoxLight
[DEBUG @ 18:57:41 | Chroma] BillieEnvironment.[0]Environment.[33]LightRailingSegment (2).[4]NeonTubeDirectionalR (1)
[DEBUG @ 18:57:41 | Chroma] BillieEnvironment.[0]Environment.[33]LightRailingSegment (2).[4]NeonTubeDirectionalR (1).[0]BakedBloom
[DEBUG @ 18:57:41 | Chroma] BillieEnvironment.[0]Environment.[33]LightRailingSegment (2).[4]NeonTubeDirectionalR (1).[1]BoxLight
[DEBUG @ 18:57:41 | Chroma] BillieEnvironment.[0]Environment.[34]LightRailingSegment (3)
[DEBUG @ 18:57:41 | Chroma] BillieEnvironment.[0]Environment.[34]LightRailingSegment (3).[0]RailingCurveF
[DEBUG @ 18:57:41 | Chroma] BillieEnvironment.[0]Environment.[34]LightRailingSegment (3).[1]NeonTubeDirectionalL
[DEBUG @ 18:57:41 | Chroma] BillieEnvironment.[0]Environment.[34]LightRailingSegment (3).[1]NeonTubeDirectionalL.[0]BakedBloom
[DEBUG @ 18:57:41 | Chroma] BillieEnvironment.[0]Environment.[34]LightRailingSegment (3).[1]NeonTubeDirectionalL.[1]BoxLight
[DEBUG @ 18:57:41 | Chroma] BillieEnvironment.[0]Environment.[34]LightRailingSegment (3).[2]NeonTubeDirectionalR
[DEBUG @ 18:57:41 | Chroma] BillieEnvironment.[0]Environment.[34]LightRailingSegment (3).[2]NeonTubeDirectionalR.[0]BakedBloom
[DEBUG @ 18:57:41 | Chroma] BillieEnvironment.[0]Environment.[34]LightRailingSegment (3).[2]NeonTubeDirectionalR.[1]BoxLight
[DEBUG @ 18:57:41 | Chroma] BillieEnvironment.[0]Environment.[34]LightRailingSegment (3).[3]NeonTubeDirectionalL (1)
[DEBUG @ 18:57:41 | Chroma] BillieEnvironment.[0]Environment.[34]LightRailingSegment (3).[3]NeonTubeDirectionalL (1).[0]BakedBloom
[DEBUG @ 18:57:41 | Chroma] BillieEnvironment.[0]Environment.[34]LightRailingSegment (3).[3]NeonTubeDirectionalL (1).[1]BoxLight
[DEBUG @ 18:57:41 | Chroma] BillieEnvironment.[0]Environment.[34]LightRailingSegment (3).[4]NeonTubeDirectionalR (1)
[DEBUG @ 18:57:41 | Chroma] BillieEnvironment.[0]Environment.[34]LightRailingSegment (3).[4]NeonTubeDirectionalR (1).[0]BakedBloom
[DEBUG @ 18:57:41 | Chroma] BillieEnvironment.[0]Environment.[34]LightRailingSegment (3).[4]NeonTubeDirectionalR (1).[1]BoxLight
[DEBUG @ 18:57:41 | Chroma] BillieEnvironment.[0]Environment.[35]TunnelRotatingLasersPair (4)
[DEBUG @ 18:57:41 | Chroma] BillieEnvironment.[0]Environment.[35]TunnelRotatingLasersPair (4).[0]BaseL
[DEBUG @ 18:57:41 | Chroma] BillieEnvironment.[0]Environment.[35]TunnelRotatingLasersPair (4).[0]BaseL.[0]Laser
[DEBUG @ 18:57:41 | Chroma] BillieEnvironment.[0]Environment.[35]TunnelRotatingLasersPair (4).[0]BaseL.[0]Laser.[0]BakedBloom
[DEBUG @ 18:57:41 | Chroma] BillieEnvironment.[0]Environment.[35]TunnelRotatingLasersPair (4).[1]BaseR
[DEBUG @ 18:57:41 | Chroma] BillieEnvironment.[0]Environment.[35]TunnelRotatingLasersPair (4).[1]BaseR.[0]Laser
[DEBUG @ 18:57:41 | Chroma] BillieEnvironment.[0]Environment.[35]TunnelRotatingLasersPair (4).[1]BaseR.[0]Laser.[0]BakedBloom
[DEBUG @ 18:57:41 | Chroma] BillieEnvironment.[0]Environment.[36]TunnelRotatingLasersPair (5)
[DEBUG @ 18:57:41 | Chroma] BillieEnvironment.[0]Environment.[36]TunnelRotatingLasersPair (5).[0]BaseL
[DEBUG @ 18:57:41 | Chroma] BillieEnvironment.[0]Environment.[36]TunnelRotatingLasersPair (5).[0]BaseL.[0]Laser
[DEBUG @ 18:57:41 | Chroma] BillieEnvironment.[0]Environment.[36]TunnelRotatingLasersPair (5).[0]BaseL.[0]Laser.[0]BakedBloom
[DEBUG @ 18:57:41 | Chroma] BillieEnvironment.[0]Environment.[36]TunnelRotatingLasersPair (5).[1]BaseR
[DEBUG @ 18:57:41 | Chroma] BillieEnvironment.[0]Environment.[36]TunnelRotatingLasersPair (5).[1]BaseR.[0]Laser
[DEBUG @ 18:57:41 | Chroma] BillieEnvironment.[0]Environment.[36]TunnelRotatingLasersPair (5).[1]BaseR.[0]Laser.[0]BakedBloom
[DEBUG @ 18:57:41 | Chroma] BillieEnvironment.[0]Environment.[37]TunnelRotatingLasersPair (6)
[DEBUG @ 18:57:41 | Chroma] BillieEnvironment.[0]Environment.[37]TunnelRotatingLasersPair (6).[0]BaseL
[DEBUG @ 18:57:41 | Chroma] BillieEnvironment.[0]Environment.[37]TunnelRotatingLasersPair (6).[0]BaseL.[0]Laser
[DEBUG @ 18:57:41 | Chroma] BillieEnvironment.[0]Environment.[37]TunnelRotatingLasersPair (6).[0]BaseL.[0]Laser.[0]BakedBloom
[DEBUG @ 18:57:41 | Chroma] BillieEnvironment.[0]Environment.[37]TunnelRotatingLasersPair (6).[1]BaseR
[DEBUG @ 18:57:41 | Chroma] BillieEnvironment.[0]Environment.[37]TunnelRotatingLasersPair (6).[1]BaseR.[0]Laser
[DEBUG @ 18:57:41 | Chroma] BillieEnvironment.[0]Environment.[37]TunnelRotatingLasersPair (6).[1]BaseR.[0]Laser.[0]BakedBloom
[DEBUG @ 18:57:41 | Chroma] BillieEnvironment.[0]Environment.[38]TunnelRotatingLasersPair (7)
[DEBUG @ 18:57:41 | Chroma] BillieEnvironment.[0]Environment.[38]TunnelRotatingLasersPair (7).[0]BaseL
[DEBUG @ 18:57:41 | Chroma] BillieEnvironment.[0]Environment.[38]TunnelRotatingLasersPair (7).[0]BaseL.[0]Laser
[DEBUG @ 18:57:41 | Chroma] BillieEnvironment.[0]Environment.[38]TunnelRotatingLasersPair (7).[0]BaseL.[0]Laser.[0]BakedBloom
[DEBUG @ 18:57:41 | Chroma] BillieEnvironment.[0]Environment.[38]TunnelRotatingLasersPair (7).[1]BaseR
[DEBUG @ 18:57:41 | Chroma] BillieEnvironment.[0]Environment.[38]TunnelRotatingLasersPair (7).[1]BaseR.[0]Laser
[DEBUG @ 18:57:41 | Chroma] BillieEnvironment.[0]Environment.[38]TunnelRotatingLasersPair (7).[1]BaseR.[0]Laser.[0]BakedBloom
[DEBUG @ 18:57:41 | Chroma] BillieEnvironment.[0]Environment.[39]TunnelRotatingLasersPair (8)
[DEBUG @ 18:57:41 | Chroma] BillieEnvironment.[0]Environment.[39]TunnelRotatingLasersPair (8).[0]BaseL
[DEBUG @ 18:57:41 | Chroma] BillieEnvironment.[0]Environment.[39]TunnelRotatingLasersPair (8).[0]BaseL.[0]Laser
[DEBUG @ 18:57:41 | Chroma] BillieEnvironment.[0]Environment.[39]TunnelRotatingLasersPair (8).[0]BaseL.[0]Laser.[0]BakedBloom
[DEBUG @ 18:57:41 | Chroma] BillieEnvironment.[0]Environment.[39]TunnelRotatingLasersPair (8).[1]BaseR
[DEBUG @ 18:57:41 | Chroma] BillieEnvironment.[0]Environment.[39]TunnelRotatingLasersPair (8).[1]BaseR.[0]Laser
[DEBUG @ 18:57:41 | Chroma] BillieEnvironment.[0]Environment.[39]TunnelRotatingLasersPair (8).[1]BaseR.[0]Laser.[0]BakedBloom
[DEBUG @ 18:57:41 | Chroma] BillieEnvironment.[0]Environment.[4]FakeMirrorSettings
[DEBUG @ 18:57:41 | Chroma] BillieEnvironment.[0]Environment.[40]TunnelRotatingLasersPair (9)
[DEBUG @ 18:57:41 | Chroma] BillieEnvironment.[0]Environment.[40]TunnelRotatingLasersPair (9).[0]BaseL
[DEBUG @ 18:57:41 | Chroma] BillieEnvironment.[0]Environment.[40]TunnelRotatingLasersPair (9).[0]BaseL.[0]Laser
[DEBUG @ 18:57:41 | Chroma] BillieEnvironment.[0]Environment.[40]TunnelRotatingLasersPair (9).[0]BaseL.[0]Laser.[0]BakedBloom
[DEBUG @ 18:57:41 | Chroma] BillieEnvironment.[0]Environment.[40]TunnelRotatingLasersPair (9).[1]BaseR
[DEBUG @ 18:57:41 | Chroma] BillieEnvironment.[0]Environment.[40]TunnelRotatingLasersPair (9).[1]BaseR.[0]Laser
[DEBUG @ 18:57:41 | Chroma] BillieEnvironment.[0]Environment.[40]TunnelRotatingLasersPair (9).[1]BaseR.[0]Laser.[0]BakedBloom
[DEBUG @ 18:57:41 | Chroma] BillieEnvironment.[0]Environment.[41]TunnelRotatingLasersPair (10)
[DEBUG @ 18:57:41 | Chroma] BillieEnvironment.[0]Environment.[41]TunnelRotatingLasersPair (10).[0]BaseL
[DEBUG @ 18:57:41 | Chroma] BillieEnvironment.[0]Environment.[41]TunnelRotatingLasersPair (10).[0]BaseL.[0]Laser
[DEBUG @ 18:57:41 | Chroma] BillieEnvironment.[0]Environment.[41]TunnelRotatingLasersPair (10).[0]BaseL.[0]Laser.[0]BakedBloom
[DEBUG @ 18:57:41 | Chroma] BillieEnvironment.[0]Environment.[41]TunnelRotatingLasersPair (10).[1]BaseR
[DEBUG @ 18:57:41 | Chroma] BillieEnvironment.[0]Environment.[41]TunnelRotatingLasersPair (10).[1]BaseR.[0]Laser
[DEBUG @ 18:57:41 | Chroma] BillieEnvironment.[0]Environment.[41]TunnelRotatingLasersPair (10).[1]BaseR.[0]Laser.[0]BakedBloom
[DEBUG @ 18:57:41 | Chroma] BillieEnvironment.[0]Environment.[42]TunnelRotatingLasersPair (11)
[DEBUG @ 18:57:41 | Chroma] BillieEnvironment.[0]Environment.[42]TunnelRotatingLasersPair (11).[0]BaseL
[DEBUG @ 18:57:41 | Chroma] BillieEnvironment.[0]Environment.[42]TunnelRotatingLasersPair (11).[0]BaseL.[0]Laser
[DEBUG @ 18:57:41 | Chroma] BillieEnvironment.[0]Environment.[42]TunnelRotatingLasersPair (11).[0]BaseL.[0]Laser.[0]BakedBloom
[DEBUG @ 18:57:41 | Chroma] BillieEnvironment.[0]Environment.[42]TunnelRotatingLasersPair (11).[1]BaseR
[DEBUG @ 18:57:41 | Chroma] BillieEnvironment.[0]Environment.[42]TunnelRotatingLasersPair (11).[1]BaseR.[0]Laser
[DEBUG @ 18:57:41 | Chroma] BillieEnvironment.[0]Environment.[42]TunnelRotatingLasersPair (11).[1]BaseR.[0]Laser.[0]BakedBloom
[DEBUG @ 18:57:41 | Chroma] BillieEnvironment.[0]Environment.[43]TunnelRotatingLasersPair (12)
[DEBUG @ 18:57:41 | Chroma] BillieEnvironment.[0]Environment.[43]TunnelRotatingLasersPair (12).[0]BaseL
[DEBUG @ 18:57:41 | Chroma] BillieEnvironment.[0]Environment.[43]TunnelRotatingLasersPair (12).[0]BaseL.[0]Laser
[DEBUG @ 18:57:41 | Chroma] BillieEnvironment.[0]Environment.[43]TunnelRotatingLasersPair (12).[0]BaseL.[0]Laser.[0]BakedBloom
[DEBUG @ 18:57:41 | Chroma] BillieEnvironment.[0]Environment.[43]TunnelRotatingLasersPair (12).[1]BaseR
[DEBUG @ 18:57:41 | Chroma] BillieEnvironment.[0]Environment.[43]TunnelRotatingLasersPair (12).[1]BaseR.[0]Laser
[DEBUG @ 18:57:41 | Chroma] BillieEnvironment.[0]Environment.[43]TunnelRotatingLasersPair (12).[1]BaseR.[0]Laser.[0]BakedBloom
[DEBUG @ 18:57:41 | Chroma] BillieEnvironment.[0]Environment.[44]TunnelRotatingLasersPair (13)
[DEBUG @ 18:57:41 | Chroma] BillieEnvironment.[0]Environment.[44]TunnelRotatingLasersPair (13).[0]BaseL
[DEBUG @ 18:57:41 | Chroma] BillieEnvironment.[0]Environment.[44]TunnelRotatingLasersPair (13).[0]BaseL.[0]Laser
[DEBUG @ 18:57:41 | Chroma] BillieEnvironment.[0]Environment.[44]TunnelRotatingLasersPair (13).[0]BaseL.[0]Laser.[0]BakedBloom
[DEBUG @ 18:57:41 | Chroma] BillieEnvironment.[0]Environment.[44]TunnelRotatingLasersPair (13).[1]BaseR
[DEBUG @ 18:57:41 | Chroma] BillieEnvironment.[0]Environment.[44]TunnelRotatingLasersPair (13).[1]BaseR.[0]Laser
[DEBUG @ 18:57:41 | Chroma] BillieEnvironment.[0]Environment.[44]TunnelRotatingLasersPair (13).[1]BaseR.[0]Laser.[0]BakedBloom
[DEBUG @ 18:57:41 | Chroma] BillieEnvironment.[0]Environment.[45]TunnelRotatingLasersPair (14)
[DEBUG @ 18:57:41 | Chroma] BillieEnvironment.[0]Environment.[45]TunnelRotatingLasersPair (14).[0]BaseL
[DEBUG @ 18:57:41 | Chroma] BillieEnvironment.[0]Environment.[45]TunnelRotatingLasersPair (14).[0]BaseL.[0]Laser
[DEBUG @ 18:57:41 | Chroma] BillieEnvironment.[0]Environment.[45]TunnelRotatingLasersPair (14).[0]BaseL.[0]Laser.[0]BakedBloom
[DEBUG @ 18:57:41 | Chroma] BillieEnvironment.[0]Environment.[45]TunnelRotatingLasersPair (14).[1]BaseR
[DEBUG @ 18:57:41 | Chroma] BillieEnvironment.[0]Environment.[45]TunnelRotatingLasersPair (14).[1]BaseR.[0]Laser
[DEBUG @ 18:57:41 | Chroma] BillieEnvironment.[0]Environment.[45]TunnelRotatingLasersPair (14).[1]BaseR.[0]Laser.[0]BakedBloom
[DEBUG @ 18:57:41 | Chroma] BillieEnvironment.[0]Environment.[46]BottomPairLasers
[DEBUG @ 18:57:41 | Chroma] BillieEnvironment.[0]Environment.[46]BottomPairLasers.[0]PillarL
[DEBUG @ 18:57:41 | Chroma] BillieEnvironment.[0]Environment.[46]BottomPairLasers.[0]PillarL.[0]RotationBaseL
[DEBUG @ 18:57:41 | Chroma] BillieEnvironment.[0]Environment.[46]BottomPairLasers.[0]PillarL.[0]RotationBaseL.[0]LaserLH
[DEBUG @ 18:57:41 | Chroma] BillieEnvironment.[0]Environment.[46]BottomPairLasers.[0]PillarL.[0]RotationBaseL.[0]LaserLH.[0]BakedBloom
[DEBUG @ 18:57:41 | Chroma] BillieEnvironment.[0]Environment.[46]BottomPairLasers.[0]PillarL.[0]RotationBaseL.[0]LaserLH.[1]BoxLight
[DEBUG @ 18:57:41 | Chroma] BillieEnvironment.[0]Environment.[46]BottomPairLasers.[1]PillarR
[DEBUG @ 18:57:41 | Chroma] BillieEnvironment.[0]Environment.[46]BottomPairLasers.[1]PillarR.[0]RotationBaseR
[DEBUG @ 18:57:41 | Chroma] BillieEnvironment.[0]Environment.[46]BottomPairLasers.[1]PillarR.[0]RotationBaseR.[0]LaserRH
[DEBUG @ 18:57:41 | Chroma] BillieEnvironment.[0]Environment.[46]BottomPairLasers.[1]PillarR.[0]RotationBaseR.[0]LaserRH.[0]BakedBloom
[DEBUG @ 18:57:41 | Chroma] BillieEnvironment.[0]Environment.[46]BottomPairLasers.[1]PillarR.[0]RotationBaseR.[0]LaserRH.[1]BoxLight
[DEBUG @ 18:57:41 | Chroma] BillieEnvironment.[0]Environment.[47]BottomPairLasers (1)
[DEBUG @ 18:57:41 | Chroma] BillieEnvironment.[0]Environment.[47]BottomPairLasers (1).[0]PillarL
[DEBUG @ 18:57:41 | Chroma] BillieEnvironment.[0]Environment.[47]BottomPairLasers (1).[0]PillarL.[0]RotationBaseL
[DEBUG @ 18:57:41 | Chroma] BillieEnvironment.[0]Environment.[47]BottomPairLasers (1).[0]PillarL.[0]RotationBaseL.[0]LaserLH
[DEBUG @ 18:57:41 | Chroma] BillieEnvironment.[0]Environment.[47]BottomPairLasers (1).[0]PillarL.[0]RotationBaseL.[0]LaserLH.[0]BakedBloom
[DEBUG @ 18:57:41 | Chroma] BillieEnvironment.[0]Environment.[47]BottomPairLasers (1).[0]PillarL.[0]RotationBaseL.[0]LaserLH.[1]BoxLight
[DEBUG @ 18:57:41 | Chroma] BillieEnvironment.[0]Environment.[47]BottomPairLasers (1).[1]PillarR
[DEBUG @ 18:57:41 | Chroma] BillieEnvironment.[0]Environment.[47]BottomPairLasers (1).[1]PillarR.[0]RotationBaseR
[DEBUG @ 18:57:41 | Chroma] BillieEnvironment.[0]Environment.[47]BottomPairLasers (1).[1]PillarR.[0]RotationBaseR.[0]LaserRH
[DEBUG @ 18:57:41 | Chroma] BillieEnvironment.[0]Environment.[47]BottomPairLasers (1).[1]PillarR.[0]RotationBaseR.[0]LaserRH.[0]BakedBloom
[DEBUG @ 18:57:41 | Chroma] BillieEnvironment.[0]Environment.[47]BottomPairLasers (1).[1]PillarR.[0]RotationBaseR.[0]LaserRH.[1]BoxLight
[DEBUG @ 18:57:41 | Chroma] BillieEnvironment.[0]Environment.[48]BottomPairLasers (2)
[DEBUG @ 18:57:41 | Chroma] BillieEnvironment.[0]Environment.[48]BottomPairLasers (2).[0]PillarL
[DEBUG @ 18:57:41 | Chroma] BillieEnvironment.[0]Environment.[48]BottomPairLasers (2).[0]PillarL.[0]RotationBaseL
[DEBUG @ 18:57:41 | Chroma] BillieEnvironment.[0]Environment.[48]BottomPairLasers (2).[0]PillarL.[0]RotationBaseL.[0]LaserLH
[DEBUG @ 18:57:41 | Chroma] BillieEnvironment.[0]Environment.[48]BottomPairLasers (2).[0]PillarL.[0]RotationBaseL.[0]LaserLH.[0]BakedBloom
[DEBUG @ 18:57:41 | Chroma] BillieEnvironment.[0]Environment.[48]BottomPairLasers (2).[0]PillarL.[0]RotationBaseL.[0]LaserLH.[1]BoxLight
[DEBUG @ 18:57:41 | Chroma] BillieEnvironment.[0]Environment.[48]BottomPairLasers (2).[1]PillarR
[DEBUG @ 18:57:41 | Chroma] BillieEnvironment.[0]Environment.[48]BottomPairLasers (2).[1]PillarR.[0]RotationBaseR
[DEBUG @ 18:57:41 | Chroma] BillieEnvironment.[0]Environment.[48]BottomPairLasers (2).[1]PillarR.[0]RotationBaseR.[0]LaserRH
[DEBUG @ 18:57:41 | Chroma] BillieEnvironment.[0]Environment.[48]BottomPairLasers (2).[1]PillarR.[0]RotationBaseR.[0]LaserRH.[0]BakedBloom
[DEBUG @ 18:57:41 | Chroma] BillieEnvironment.[0]Environment.[48]BottomPairLasers (2).[1]PillarR.[0]RotationBaseR.[0]LaserRH.[1]BoxLight
[DEBUG @ 18:57:41 | Chroma] BillieEnvironment.[0]Environment.[49]BottomPairLasers (3)
[DEBUG @ 18:57:41 | Chroma] BillieEnvironment.[0]Environment.[49]BottomPairLasers (3).[0]PillarL
[DEBUG @ 18:57:41 | Chroma] BillieEnvironment.[0]Environment.[49]BottomPairLasers (3).[0]PillarL.[0]RotationBaseL
[DEBUG @ 18:57:41 | Chroma] BillieEnvironment.[0]Environment.[49]BottomPairLasers (3).[0]PillarL.[0]RotationBaseL.[0]LaserLH
[DEBUG @ 18:57:41 | Chroma] BillieEnvironment.[0]Environment.[49]BottomPairLasers (3).[0]PillarL.[0]RotationBaseL.[0]LaserLH.[0]BakedBloom
[DEBUG @ 18:57:41 | Chroma] BillieEnvironment.[0]Environment.[49]BottomPairLasers (3).[0]PillarL.[0]RotationBaseL.[0]LaserLH.[1]BoxLight
[DEBUG @ 18:57:41 | Chroma] BillieEnvironment.[0]Environment.[49]BottomPairLasers (3).[1]PillarR
[DEBUG @ 18:57:41 | Chroma] BillieEnvironment.[0]Environment.[49]BottomPairLasers (3).[1]PillarR.[0]RotationBaseR
[DEBUG @ 18:57:41 | Chroma] BillieEnvironment.[0]Environment.[49]BottomPairLasers (3).[1]PillarR.[0]RotationBaseR.[0]LaserRH
[DEBUG @ 18:57:41 | Chroma] BillieEnvironment.[0]Environment.[49]BottomPairLasers (3).[1]PillarR.[0]RotationBaseR.[0]LaserRH.[0]BakedBloom
[DEBUG @ 18:57:41 | Chroma] BillieEnvironment.[0]Environment.[49]BottomPairLasers (3).[1]PillarR.[0]RotationBaseR.[0]LaserRH.[1]BoxLight
[DEBUG @ 18:57:41 | Chroma] BillieEnvironment.[0]Environment.[5]BSRealtimeLightmapping
[DEBUG @ 18:57:41 | Chroma] BillieEnvironment.[0]Environment.[50]BottomPairLasers (4)
[DEBUG @ 18:57:41 | Chroma] BillieEnvironment.[0]Environment.[50]BottomPairLasers (4).[0]PillarL
[DEBUG @ 18:57:41 | Chroma] BillieEnvironment.[0]Environment.[50]BottomPairLasers (4).[0]PillarL.[0]RotationBaseL
[DEBUG @ 18:57:41 | Chroma] BillieEnvironment.[0]Environment.[50]BottomPairLasers (4).[0]PillarL.[0]RotationBaseL.[0]LaserLH
[DEBUG @ 18:57:41 | Chroma] BillieEnvironment.[0]Environment.[50]BottomPairLasers (4).[0]PillarL.[0]RotationBaseL.[0]LaserLH.[0]BakedBloom
[DEBUG @ 18:57:41 | Chroma] BillieEnvironment.[0]Environment.[50]BottomPairLasers (4).[0]PillarL.[0]RotationBaseL.[0]LaserLH.[1]BoxLight
[DEBUG @ 18:57:41 | Chroma] BillieEnvironment.[0]Environment.[50]BottomPairLasers (4).[1]PillarR
[DEBUG @ 18:57:41 | Chroma] BillieEnvironment.[0]Environment.[50]BottomPairLasers (4).[1]PillarR.[0]RotationBaseR
[DEBUG @ 18:57:41 | Chroma] BillieEnvironment.[0]Environment.[50]BottomPairLasers (4).[1]PillarR.[0]RotationBaseR.[0]LaserRH
[DEBUG @ 18:57:41 | Chroma] BillieEnvironment.[0]Environment.[50]BottomPairLasers (4).[1]PillarR.[0]RotationBaseR.[0]LaserRH.[0]BakedBloom
[DEBUG @ 18:57:41 | Chroma] BillieEnvironment.[0]Environment.[50]BottomPairLasers (4).[1]PillarR.[0]RotationBaseR.[0]LaserRH.[1]BoxLight
[DEBUG @ 18:57:41 | Chroma] BillieEnvironment.[0]Environment.[51]BottomPairLasers (5)
[DEBUG @ 18:57:41 | Chroma] BillieEnvironment.[0]Environment.[51]BottomPairLasers (5).[0]PillarL
[DEBUG @ 18:57:41 | Chroma] BillieEnvironment.[0]Environment.[51]BottomPairLasers (5).[0]PillarL.[0]RotationBaseL
[DEBUG @ 18:57:41 | Chroma] BillieEnvironment.[0]Environment.[51]BottomPairLasers (5).[0]PillarL.[0]RotationBaseL.[0]LaserLH
[DEBUG @ 18:57:41 | Chroma] BillieEnvironment.[0]Environment.[51]BottomPairLasers (5).[0]PillarL.[0]RotationBaseL.[0]LaserLH.[0]BakedBloom
[DEBUG @ 18:57:41 | Chroma] BillieEnvironment.[0]Environment.[51]BottomPairLasers (5).[0]PillarL.[0]RotationBaseL.[0]LaserLH.[1]BoxLight
[DEBUG @ 18:57:41 | Chroma] BillieEnvironment.[0]Environment.[51]BottomPairLasers (5).[1]PillarR
[DEBUG @ 18:57:41 | Chroma] BillieEnvironment.[0]Environment.[51]BottomPairLasers (5).[1]PillarR.[0]RotationBaseR
[DEBUG @ 18:57:41 | Chroma] BillieEnvironment.[0]Environment.[51]BottomPairLasers (5).[1]PillarR.[0]RotationBaseR.[0]LaserRH
[DEBUG @ 18:57:41 | Chroma] BillieEnvironment.[0]Environment.[51]BottomPairLasers (5).[1]PillarR.[0]RotationBaseR.[0]LaserRH.[0]BakedBloom
[DEBUG @ 18:57:41 | Chroma] BillieEnvironment.[0]Environment.[51]BottomPairLasers (5).[1]PillarR.[0]RotationBaseR.[0]LaserRH.[1]BoxLight
[DEBUG @ 18:57:41 | Chroma] BillieEnvironment.[0]Environment.[52]BottomPairLasers (6)
[DEBUG @ 18:57:41 | Chroma] BillieEnvironment.[0]Environment.[52]BottomPairLasers (6).[0]PillarL
[DEBUG @ 18:57:41 | Chroma] BillieEnvironment.[0]Environment.[52]BottomPairLasers (6).[0]PillarL.[0]RotationBaseL
[DEBUG @ 18:57:41 | Chroma] BillieEnvironment.[0]Environment.[52]BottomPairLasers (6).[0]PillarL.[0]RotationBaseL.[0]LaserLH
[DEBUG @ 18:57:41 | Chroma] BillieEnvironment.[0]Environment.[52]BottomPairLasers (6).[0]PillarL.[0]RotationBaseL.[0]LaserLH.[0]BakedBloom
[DEBUG @ 18:57:41 | Chroma] BillieEnvironment.[0]Environment.[52]BottomPairLasers (6).[0]PillarL.[0]RotationBaseL.[0]LaserLH.[1]BoxLight
[DEBUG @ 18:57:41 | Chroma] BillieEnvironment.[0]Environment.[52]BottomPairLasers (6).[1]PillarR
[DEBUG @ 18:57:41 | Chroma] BillieEnvironment.[0]Environment.[52]BottomPairLasers (6).[1]PillarR.[0]RotationBaseR
[DEBUG @ 18:57:41 | Chroma] BillieEnvironment.[0]Environment.[52]BottomPairLasers (6).[1]PillarR.[0]RotationBaseR.[0]LaserRH
[DEBUG @ 18:57:41 | Chroma] BillieEnvironment.[0]Environment.[52]BottomPairLasers (6).[1]PillarR.[0]RotationBaseR.[0]LaserRH.[0]BakedBloom
[DEBUG @ 18:57:41 | Chroma] BillieEnvironment.[0]Environment.[52]BottomPairLasers (6).[1]PillarR.[0]RotationBaseR.[0]LaserRH.[1]BoxLight
[DEBUG @ 18:57:41 | Chroma] BillieEnvironment.[0]Environment.[53]BottomPairLasers (7)
[DEBUG @ 18:57:41 | Chroma] BillieEnvironment.[0]Environment.[53]BottomPairLasers (7).[0]PillarL
[DEBUG @ 18:57:41 | Chroma] BillieEnvironment.[0]Environment.[53]BottomPairLasers (7).[0]PillarL.[0]RotationBaseL
[DEBUG @ 18:57:41 | Chroma] BillieEnvironment.[0]Environment.[53]BottomPairLasers (7).[0]PillarL.[0]RotationBaseL.[0]LaserLH
[DEBUG @ 18:57:41 | Chroma] BillieEnvironment.[0]Environment.[53]BottomPairLasers (7).[0]PillarL.[0]RotationBaseL.[0]LaserLH.[0]BakedBloom
[DEBUG @ 18:57:41 | Chroma] BillieEnvironment.[0]Environment.[53]BottomPairLasers (7).[0]PillarL.[0]RotationBaseL.[0]LaserLH.[1]BoxLight
[DEBUG @ 18:57:41 | Chroma] BillieEnvironment.[0]Environment.[53]BottomPairLasers (7).[1]PillarR
[DEBUG @ 18:57:41 | Chroma] BillieEnvironment.[0]Environment.[53]BottomPairLasers (7).[1]PillarR.[0]RotationBaseR
[DEBUG @ 18:57:41 | Chroma] BillieEnvironment.[0]Environment.[53]BottomPairLasers (7).[1]PillarR.[0]RotationBaseR.[0]LaserRH
[DEBUG @ 18:57:41 | Chroma] BillieEnvironment.[0]Environment.[53]BottomPairLasers (7).[1]PillarR.[0]RotationBaseR.[0]LaserRH.[0]BakedBloom
[DEBUG @ 18:57:41 | Chroma] BillieEnvironment.[0]Environment.[53]BottomPairLasers (7).[1]PillarR.[0]RotationBaseR.[0]LaserRH.[1]BoxLight
[DEBUG @ 18:57:41 | Chroma] BillieEnvironment.[0]Environment.[54]BottomPairLasers (8)
[DEBUG @ 18:57:41 | Chroma] BillieEnvironment.[0]Environment.[54]BottomPairLasers (8).[0]PillarL
[DEBUG @ 18:57:41 | Chroma] BillieEnvironment.[0]Environment.[54]BottomPairLasers (8).[0]PillarL.[0]RotationBaseL
[DEBUG @ 18:57:41 | Chroma] BillieEnvironment.[0]Environment.[54]BottomPairLasers (8).[0]PillarL.[0]RotationBaseL.[0]LaserLH
[DEBUG @ 18:57:41 | Chroma] BillieEnvironment.[0]Environment.[54]BottomPairLasers (8).[0]PillarL.[0]RotationBaseL.[0]LaserLH.[0]BakedBloom
[DEBUG @ 18:57:41 | Chroma] BillieEnvironment.[0]Environment.[54]BottomPairLasers (8).[0]PillarL.[0]RotationBaseL.[0]LaserLH.[1]BoxLight
[DEBUG @ 18:57:41 | Chroma] BillieEnvironment.[0]Environment.[54]BottomPairLasers (8).[1]PillarR
[DEBUG @ 18:57:41 | Chroma] BillieEnvironment.[0]Environment.[54]BottomPairLasers (8).[1]PillarR.[0]RotationBaseR
[DEBUG @ 18:57:41 | Chroma] BillieEnvironment.[0]Environment.[54]BottomPairLasers (8).[1]PillarR.[0]RotationBaseR.[0]LaserRH
[DEBUG @ 18:57:41 | Chroma] BillieEnvironment.[0]Environment.[54]BottomPairLasers (8).[1]PillarR.[0]RotationBaseR.[0]LaserRH.[0]BakedBloom
[DEBUG @ 18:57:41 | Chroma] BillieEnvironment.[0]Environment.[54]BottomPairLasers (8).[1]PillarR.[0]RotationBaseR.[0]LaserRH.[1]BoxLight
[DEBUG @ 18:57:41 | Chroma] BillieEnvironment.[0]Environment.[55]====== EDITOR ONLY ======
[DEBUG @ 18:57:41 | Chroma] BillieEnvironment.[0]Environment.[6]BakedReflectionProbe
[DEBUG @ 18:57:41 | Chroma] BillieEnvironment.[0]Environment.[7]LightmapLightsWithIds
[DEBUG @ 18:57:41 | Chroma] BillieEnvironment.[0]Environment.[7]LightmapLightsWithIds.[0]1
[DEBUG @ 18:57:41 | Chroma] BillieEnvironment.[0]Environment.[7]LightmapLightsWithIds.[1]2
[DEBUG @ 18:57:41 | Chroma] BillieEnvironment.[0]Environment.[7]LightmapLightsWithIds.[2]3
[DEBUG @ 18:57:41 | Chroma] BillieEnvironment.[0]Environment.[7]LightmapLightsWithIds.[3]4
[DEBUG @ 18:57:41 | Chroma] BillieEnvironment.[0]Environment.[7]LightmapLightsWithIds.[4]5
[DEBUG @ 18:57:41 | Chroma] BillieEnvironment.[0]Environment.[8]CoreLighting
[DEBUG @ 18:57:41 | Chroma] BillieEnvironment.[0]Environment.[8]CoreLighting.[0]LightManager
[DEBUG @ 18:57:41 | Chroma] BillieEnvironment.[0]Environment.[9]LightWithIdManager
