[DEBUG @ 18:51:46 | Chroma] CrabRaveEnvironment.[0]Environment
[DEBUG @ 18:51:46 | Chroma] CrabRaveEnvironment.[0]Environment.[0]DecoratorContext
[DEBUG @ 18:51:46 | Chroma] CrabRaveEnvironment.[0]Environment.[1]SceneSetup
[DEBUG @ 18:51:46 | Chroma] CrabRaveEnvironment.[0]Environment.[10]====== DYNAMIC ======
[DEBUG @ 18:51:46 | Chroma] CrabRaveEnvironment.[0]Environment.[11]BasicGameHUD
[DEBUG @ 18:51:46 | Chroma] CrabRaveEnvironment.[0]Environment.[11]BasicGameHUD.[0]EnergyPanel
[DEBUG @ 18:51:46 | Chroma] CrabRaveEnvironment.[0]Environment.[11]BasicGameHUD.[0]EnergyPanel.[0]BG
[DEBUG @ 18:51:46 | Chroma] CrabRaveEnvironment.[0]Environment.[11]BasicGameHUD.[0]EnergyPanel.[1]BarBG
[DEBUG @ 18:51:46 | Chroma] CrabRaveEnvironment.[0]Environment.[11]BasicGameHUD.[0]EnergyPanel.[2]EnergyIconEmpty
[DEBUG @ 18:51:46 | Chroma] CrabRaveEnvironment.[0]Environment.[11]BasicGameHUD.[0]EnergyPanel.[3]EnergyIconFull
[DEBUG @ 18:51:46 | Chroma] CrabRaveEnvironment.[0]Environment.[11]BasicGameHUD.[0]EnergyPanel.[4]EnergyBarWrapper
[DEBUG @ 18:51:46 | Chroma] CrabRaveEnvironment.[0]Environment.[11]BasicGameHUD.[0]EnergyPanel.[4]EnergyBarWrapper.[0]EnergyBar
[DEBUG @ 18:51:46 | Chroma] CrabRaveEnvironment.[0]Environment.[11]BasicGameHUD.[0]EnergyPanel.[5]Laser
[DEBUG @ 18:51:46 | Chroma] CrabRaveEnvironment.[0]Environment.[11]BasicGameHUD.[0]EnergyPanel.[5]Laser.[0]BoxLight
[DEBUG @ 18:51:46 | Chroma] CrabRaveEnvironment.[0]Environment.[11]BasicGameHUD.[0]EnergyPanel.[5]Laser.[1]BakedBloom
[DEBUG @ 18:51:46 | Chroma] CrabRaveEnvironment.[0]Environment.[11]BasicGameHUD.[0]EnergyPanel.[6]FailIcon
[DEBUG @ 18:51:46 | Chroma] CrabRaveEnvironment.[0]Environment.[11]BasicGameHUD.[0]EnergyPanel.[7]Colorer
[DEBUG @ 18:51:46 | Chroma] CrabRaveEnvironment.[0]Environment.[11]BasicGameHUD.[1]LeftPanel
[DEBUG @ 18:51:46 | Chroma] CrabRaveEnvironment.[0]Environment.[11]BasicGameHUD.[1]LeftPanel.[0]BG
[DEBUG @ 18:51:46 | Chroma] CrabRaveEnvironment.[0]Environment.[11]BasicGameHUD.[1]LeftPanel.[1]Top
[DEBUG @ 18:51:46 | Chroma] CrabRaveEnvironment.[0]Environment.[11]BasicGameHUD.[1]LeftPanel.[2]ComboPanel
[DEBUG @ 18:51:46 | Chroma] CrabRaveEnvironment.[0]Environment.[11]BasicGameHUD.[1]LeftPanel.[2]ComboPanel.[0]ComboText
[DEBUG @ 18:51:46 | Chroma] CrabRaveEnvironment.[0]Environment.[11]BasicGameHUD.[1]LeftPanel.[2]ComboPanel.[1]ComboCanvas
[DEBUG @ 18:51:46 | Chroma] CrabRaveEnvironment.[0]Environment.[11]BasicGameHUD.[1]LeftPanel.[2]ComboPanel.[1]ComboCanvas.[0]NumText
[DEBUG @ 18:51:46 | Chroma] CrabRaveEnvironment.[0]Environment.[11]BasicGameHUD.[1]LeftPanel.[2]ComboPanel.[2]Line0
[DEBUG @ 18:51:46 | Chroma] CrabRaveEnvironment.[0]Environment.[11]BasicGameHUD.[1]LeftPanel.[2]ComboPanel.[3]Line1
[DEBUG @ 18:51:46 | Chroma] CrabRaveEnvironment.[0]Environment.[11]BasicGameHUD.[1]LeftPanel.[2]ComboPanel.[4]Colorer
[DEBUG @ 18:51:46 | Chroma] CrabRaveEnvironment.[0]Environment.[11]BasicGameHUD.[1]LeftPanel.[3]ScoreCanvas
[DEBUG @ 18:51:46 | Chroma] CrabRaveEnvironment.[0]Environment.[11]BasicGameHUD.[1]LeftPanel.[3]ScoreCanvas.[0]ScoreText
[DEBUG @ 18:51:46 | Chroma] CrabRaveEnvironment.[0]Environment.[11]BasicGameHUD.[1]LeftPanel.[3]ScoreCanvas.[1]ImmediateRankText
[DEBUG @ 18:51:46 | Chroma] CrabRaveEnvironment.[0]Environment.[11]BasicGameHUD.[1]LeftPanel.[3]ScoreCanvas.[2]RelativeScoreText
[DEBUG @ 18:51:46 | Chroma] CrabRaveEnvironment.[0]Environment.[11]BasicGameHUD.[2]RightPanel
[DEBUG @ 18:51:46 | Chroma] CrabRaveEnvironment.[0]Environment.[11]BasicGameHUD.[2]RightPanel.[0]BG
[DEBUG @ 18:51:46 | Chroma] CrabRaveEnvironment.[0]Environment.[11]BasicGameHUD.[2]RightPanel.[1]Top
[DEBUG @ 18:51:46 | Chroma] CrabRaveEnvironment.[0]Environment.[11]BasicGameHUD.[2]RightPanel.[2]MultiplierCanvas
[DEBUG @ 18:51:46 | Chroma] CrabRaveEnvironment.[0]Environment.[11]BasicGameHUD.[2]RightPanel.[2]MultiplierCanvas.[0]BGCircle
[DEBUG @ 18:51:46 | Chroma] CrabRaveEnvironment.[0]Environment.[11]BasicGameHUD.[2]RightPanel.[2]MultiplierCanvas.[1]FGCircle
[DEBUG @ 18:51:46 | Chroma] CrabRaveEnvironment.[0]Environment.[11]BasicGameHUD.[2]RightPanel.[2]MultiplierCanvas.[2]AnimationCircle
[DEBUG @ 18:51:46 | Chroma] CrabRaveEnvironment.[0]Environment.[11]BasicGameHUD.[2]RightPanel.[2]MultiplierCanvas.[3]TextOverlayPanelOutline1
[DEBUG @ 18:51:46 | Chroma] CrabRaveEnvironment.[0]Environment.[11]BasicGameHUD.[2]RightPanel.[2]MultiplierCanvas.[3]TextOverlayPanelOutline1.[0]XText
[DEBUG @ 18:51:46 | Chroma] CrabRaveEnvironment.[0]Environment.[11]BasicGameHUD.[2]RightPanel.[2]MultiplierCanvas.[3]TextOverlayPanelOutline1.[1]NumText
[DEBUG @ 18:51:46 | Chroma] CrabRaveEnvironment.[0]Environment.[11]BasicGameHUD.[2]RightPanel.[2]MultiplierCanvas.[4]TextOverlayPanelOutline0
[DEBUG @ 18:51:46 | Chroma] CrabRaveEnvironment.[0]Environment.[11]BasicGameHUD.[2]RightPanel.[2]MultiplierCanvas.[4]TextOverlayPanelOutline0.[0]XText
[DEBUG @ 18:51:46 | Chroma] CrabRaveEnvironment.[0]Environment.[11]BasicGameHUD.[2]RightPanel.[2]MultiplierCanvas.[4]TextOverlayPanelOutline0.[1]NumText
[DEBUG @ 18:51:46 | Chroma] CrabRaveEnvironment.[0]Environment.[11]BasicGameHUD.[2]RightPanel.[2]MultiplierCanvas.[5]TextPanel
[DEBUG @ 18:51:46 | Chroma] CrabRaveEnvironment.[0]Environment.[11]BasicGameHUD.[2]RightPanel.[2]MultiplierCanvas.[5]TextPanel.[0]XText
[DEBUG @ 18:51:46 | Chroma] CrabRaveEnvironment.[0]Environment.[11]BasicGameHUD.[2]RightPanel.[2]MultiplierCanvas.[5]TextPanel.[1]NumText
[DEBUG @ 18:51:46 | Chroma] CrabRaveEnvironment.[0]Environment.[11]BasicGameHUD.[2]RightPanel.[2]MultiplierCanvas.[6]Colorer
[DEBUG @ 18:51:46 | Chroma] CrabRaveEnvironment.[0]Environment.[11]BasicGameHUD.[2]RightPanel.[3]SongProgressCanvas
[DEBUG @ 18:51:46 | Chroma] CrabRaveEnvironment.[0]Environment.[11]BasicGameHUD.[2]RightPanel.[3]SongProgressCanvas.[0]Progress
[DEBUG @ 18:51:46 | Chroma] CrabRaveEnvironment.[0]Environment.[11]BasicGameHUD.[2]RightPanel.[3]SongProgressCanvas.[1]Slider
[DEBUG @ 18:51:46 | Chroma] CrabRaveEnvironment.[0]Environment.[11]BasicGameHUD.[2]RightPanel.[3]SongProgressCanvas.[1]Slider.[0]Background
[DEBUG @ 18:51:46 | Chroma] CrabRaveEnvironment.[0]Environment.[11]BasicGameHUD.[2]RightPanel.[3]SongProgressCanvas.[1]Slider.[1]Handle Slide Area
[DEBUG @ 18:51:46 | Chroma] CrabRaveEnvironment.[0]Environment.[11]BasicGameHUD.[2]RightPanel.[3]SongProgressCanvas.[1]Slider.[1]Handle Slide Area.[0]Handle
[DEBUG @ 18:51:46 | Chroma] CrabRaveEnvironment.[0]Environment.[11]BasicGameHUD.[2]RightPanel.[3]SongProgressCanvas.[2]DurationMinutes
[DEBUG @ 18:51:46 | Chroma] CrabRaveEnvironment.[0]Environment.[11]BasicGameHUD.[2]RightPanel.[3]SongProgressCanvas.[3]DurationSeconds
[DEBUG @ 18:51:46 | Chroma] CrabRaveEnvironment.[0]Environment.[11]BasicGameHUD.[2]RightPanel.[3]SongProgressCanvas.[4]ProgressMinutes
[DEBUG @ 18:51:46 | Chroma] CrabRaveEnvironment.[0]Environment.[11]BasicGameHUD.[2]RightPanel.[3]SongProgressCanvas.[5]ProgressSeconds
[DEBUG @ 18:51:46 | Chroma] CrabRaveEnvironment.[0]Environment.[11]BasicGameHUD.[2]RightPanel.[3]SongProgressCanvas.[6]BG
[DEBUG @ 18:51:46 | Chroma] CrabRaveEnvironment.[0]Environment.[11]BasicGameHUD.[2]RightPanel.[3]SongProgressCanvas.[7]Colorer
[DEBUG @ 18:51:46 | Chroma] CrabRaveEnvironment.[0]Environment.[12]MonstercatLogoL
[DEBUG @ 18:51:46 | Chroma] CrabRaveEnvironment.[0]Environment.[13]MonstercatLogoR
[DEBUG @ 18:51:46 | Chroma] CrabRaveEnvironment.[0]Environment.[14]Spectrograms
[DEBUG @ 18:51:46 | Chroma] CrabRaveEnvironment.[0]Environment.[14]Spectrograms.[0]Spectrogram
[DEBUG @ 18:51:46 | Chroma] CrabRaveEnvironment.[0]Environment.[14]Spectrograms.[0]Spectrogram.[0]Spectrogram0
[DEBUG @ 18:51:46 | Chroma] CrabRaveEnvironment.[0]Environment.[14]Spectrograms.[0]Spectrogram.[1]Spectrogram1
[DEBUG @ 18:51:46 | Chroma] CrabRaveEnvironment.[0]Environment.[14]Spectrograms.[1]Spectrogram
[DEBUG @ 18:51:46 | Chroma] CrabRaveEnvironment.[0]Environment.[14]Spectrograms.[1]Spectrogram.[0]Spectrogram0
[DEBUG @ 18:51:46 | Chroma] CrabRaveEnvironment.[0]Environment.[14]Spectrograms.[1]Spectrogram.[1]Spectrogram1
[DEBUG @ 18:51:46 | Chroma] CrabRaveEnvironment.[0]Environment.[15]SmallTrackLaneRings
[DEBUG @ 18:51:46 | Chroma] CrabRaveEnvironment.[0]Environment.[16]BigSmokePS
[DEBUG @ 18:51:46 | Chroma] CrabRaveEnvironment.[0]Environment.[17]DustPS
[DEBUG @ 18:51:46 | Chroma] CrabRaveEnvironment.[0]Environment.[18]====== LIGHTS ======
[DEBUG @ 18:51:46 | Chroma] CrabRaveEnvironment.[0]Environment.[19]CoreLighting
[DEBUG @ 18:51:46 | Chroma] CrabRaveEnvironment.[0]Environment.[19]CoreLighting.[0]LightManager
[DEBUG @ 18:51:46 | Chroma] CrabRaveEnvironment.[0]Environment.[19]CoreLighting.[1]LightWrapper0
[DEBUG @ 18:51:46 | Chroma] CrabRaveEnvironment.[0]Environment.[19]CoreLighting.[1]LightWrapper0.[0]DirectionalLight
[DEBUG @ 18:51:46 | Chroma] CrabRaveEnvironment.[0]Environment.[19]CoreLighting.[2]LightWrapper1
[DEBUG @ 18:51:46 | Chroma] CrabRaveEnvironment.[0]Environment.[19]CoreLighting.[2]LightWrapper1.[0]DirectionalLight
[DEBUG @ 18:51:46 | Chroma] CrabRaveEnvironment.[0]Environment.[19]CoreLighting.[3]DirectionalLight
[DEBUG @ 18:51:46 | Chroma] CrabRaveEnvironment.[0]Environment.[19]CoreLighting.[4]DirectionalLight
[DEBUG @ 18:51:46 | Chroma] CrabRaveEnvironment.[0]Environment.[19]CoreLighting.[5]DirectionalLight
[DEBUG @ 18:51:46 | Chroma] CrabRaveEnvironment.[0]Environment.[2]====== STATIC ======
[DEBUG @ 18:51:46 | Chroma] CrabRaveEnvironment.[0]Environment.[20]LightWithIdManager
[DEBUG @ 18:51:46 | Chroma] CrabRaveEnvironment.[0]Environment.[21]LightEffects
[DEBUG @ 18:51:46 | Chroma] CrabRaveEnvironment.[0]Environment.[22]FrontLights
[DEBUG @ 18:51:46 | Chroma] CrabRaveEnvironment.[0]Environment.[22]FrontLights.[0]NeonTube
[DEBUG @ 18:51:46 | Chroma] CrabRaveEnvironment.[0]Environment.[22]FrontLights.[0]NeonTube.[0]BakedBloom
[DEBUG @ 18:51:46 | Chroma] CrabRaveEnvironment.[0]Environment.[22]FrontLights.[0]NeonTube.[1]BoxLight
[DEBUG @ 18:51:46 | Chroma] CrabRaveEnvironment.[0]Environment.[22]FrontLights.[1]NeonTube (1)
[DEBUG @ 18:51:46 | Chroma] CrabRaveEnvironment.[0]Environment.[22]FrontLights.[1]NeonTube (1).[0]BakedBloom
[DEBUG @ 18:51:46 | Chroma] CrabRaveEnvironment.[0]Environment.[22]FrontLights.[1]NeonTube (1).[1]BoxLight
[DEBUG @ 18:51:46 | Chroma] CrabRaveEnvironment.[0]Environment.[23]GlowTopLine (5)
[DEBUG @ 18:51:46 | Chroma] CrabRaveEnvironment.[0]Environment.[23]GlowTopLine (5).[0]BakedBloom
[DEBUG @ 18:51:46 | Chroma] CrabRaveEnvironment.[0]Environment.[23]GlowTopLine (5).[1]BoxLight
[DEBUG @ 18:51:46 | Chroma] CrabRaveEnvironment.[0]Environment.[24]GlowTopLine (6)
[DEBUG @ 18:51:46 | Chroma] CrabRaveEnvironment.[0]Environment.[24]GlowTopLine (6).[0]BakedBloom
[DEBUG @ 18:51:46 | Chroma] CrabRaveEnvironment.[0]Environment.[24]GlowTopLine (6).[1]BoxLight
[DEBUG @ 18:51:46 | Chroma] CrabRaveEnvironment.[0]Environment.[25]GlowTopLine (7)
[DEBUG @ 18:51:46 | Chroma] CrabRaveEnvironment.[0]Environment.[25]GlowTopLine (7).[0]BakedBloom
[DEBUG @ 18:51:46 | Chroma] CrabRaveEnvironment.[0]Environment.[25]GlowTopLine (7).[1]BoxLight
[DEBUG @ 18:51:46 | Chroma] CrabRaveEnvironment.[0]Environment.[26]GlowTopLine (8)
[DEBUG @ 18:51:46 | Chroma] CrabRaveEnvironment.[0]Environment.[26]GlowTopLine (8).[0]BakedBloom
[DEBUG @ 18:51:46 | Chroma] CrabRaveEnvironment.[0]Environment.[26]GlowTopLine (8).[1]BoxLight
[DEBUG @ 18:51:46 | Chroma] CrabRaveEnvironment.[0]Environment.[27]GlowTopLine (9)
[DEBUG @ 18:51:46 | Chroma] CrabRaveEnvironment.[0]Environment.[27]GlowTopLine (9).[0]BakedBloom
[DEBUG @ 18:51:46 | Chroma] CrabRaveEnvironment.[0]Environment.[27]GlowTopLine (9).[1]BoxLight
[DEBUG @ 18:51:46 | Chroma] CrabRaveEnvironment.[0]Environment.[28]GlowTopLine (10)
[DEBUG @ 18:51:46 | Chroma] CrabRaveEnvironment.[0]Environment.[28]GlowTopLine (10).[0]BakedBloom
[DEBUG @ 18:51:46 | Chroma] CrabRaveEnvironment.[0]Environment.[28]GlowTopLine (10).[1]BoxLight
[DEBUG @ 18:51:46 | Chroma] CrabRaveEnvironment.[0]Environment.[29]GlowTopLine (11)
[DEBUG @ 18:51:46 | Chroma] CrabRaveEnvironment.[0]Environment.[29]GlowTopLine (11).[0]BakedBloom
[DEBUG @ 18:51:46 | Chroma] CrabRaveEnvironment.[0]Environment.[29]GlowTopLine (11).[1]BoxLight
[DEBUG @ 18:51:46 | Chroma] CrabRaveEnvironment.[0]Environment.[3]NearBuildingRight
[DEBUG @ 18:51:46 | Chroma] CrabRaveEnvironment.[0]Environment.[3]NearBuildingRight.[0]CombinedMesh
[DEBUG @ 18:51:46 | Chroma] CrabRaveEnvironment.[0]Environment.[3]NearBuildingRight.[1]Neon
[DEBUG @ 18:51:46 | Chroma] CrabRaveEnvironment.[0]Environment.[3]NearBuildingRight.[1]Neon.[0]BakedBloom
[DEBUG @ 18:51:46 | Chroma] CrabRaveEnvironment.[0]Environment.[3]NearBuildingRight.[1]Neon.[1]BoxLight
[DEBUG @ 18:51:46 | Chroma] CrabRaveEnvironment.[0]Environment.[3]NearBuildingRight.[2]Neon (1)
[DEBUG @ 18:51:46 | Chroma] CrabRaveEnvironment.[0]Environment.[3]NearBuildingRight.[2]Neon (1).[0]BakedBloom
[DEBUG @ 18:51:46 | Chroma] CrabRaveEnvironment.[0]Environment.[3]NearBuildingRight.[2]Neon (1).[1]BoxLight
[DEBUG @ 18:51:46 | Chroma] CrabRaveEnvironment.[0]Environment.[3]NearBuildingRight.[3]Neon (2)
[DEBUG @ 18:51:46 | Chroma] CrabRaveEnvironment.[0]Environment.[3]NearBuildingRight.[3]Neon (2).[0]BakedBloom
[DEBUG @ 18:51:46 | Chroma] CrabRaveEnvironment.[0]Environment.[3]NearBuildingRight.[3]Neon (2).[1]BoxLight
[DEBUG @ 18:51:46 | Chroma] CrabRaveEnvironment.[0]Environment.[30]GlowLineL
[DEBUG @ 18:51:46 | Chroma] CrabRaveEnvironment.[0]Environment.[30]GlowLineL.[0]BakedBloom
[DEBUG @ 18:51:46 | Chroma] CrabRaveEnvironment.[0]Environment.[30]GlowLineL.[1]BoxLight
[DEBUG @ 18:51:46 | Chroma] CrabRaveEnvironment.[0]Environment.[31]GlowLineR
[DEBUG @ 18:51:46 | Chroma] CrabRaveEnvironment.[0]Environment.[31]GlowLineR.[0]BakedBloom
[DEBUG @ 18:51:46 | Chroma] CrabRaveEnvironment.[0]Environment.[31]GlowLineR.[1]BoxLight
[DEBUG @ 18:51:46 | Chroma] CrabRaveEnvironment.[0]Environment.[32]GlowLineL (1)
[DEBUG @ 18:51:46 | Chroma] CrabRaveEnvironment.[0]Environment.[32]GlowLineL (1).[0]BakedBloom
[DEBUG @ 18:51:46 | Chroma] CrabRaveEnvironment.[0]Environment.[32]GlowLineL (1).[1]BoxLight
[DEBUG @ 18:51:46 | Chroma] CrabRaveEnvironment.[0]Environment.[33]GlowLineR (1)
[DEBUG @ 18:51:46 | Chroma] CrabRaveEnvironment.[0]Environment.[33]GlowLineR (1).[0]BakedBloom
[DEBUG @ 18:51:46 | Chroma] CrabRaveEnvironment.[0]Environment.[33]GlowLineR (1).[1]BoxLight
[DEBUG @ 18:51:46 | Chroma] CrabRaveEnvironment.[0]Environment.[34]Laser (4)
[DEBUG @ 18:51:46 | Chroma] CrabRaveEnvironment.[0]Environment.[34]Laser (4).[0]BakedBloom
[DEBUG @ 18:51:46 | Chroma] CrabRaveEnvironment.[0]Environment.[34]Laser (4).[1]BoxLight
[DEBUG @ 18:51:46 | Chroma] CrabRaveEnvironment.[0]Environment.[35]Laser (5)
[DEBUG @ 18:51:46 | Chroma] CrabRaveEnvironment.[0]Environment.[35]Laser (5).[0]BakedBloom
[DEBUG @ 18:51:46 | Chroma] CrabRaveEnvironment.[0]Environment.[35]Laser (5).[1]BoxLight
[DEBUG @ 18:51:46 | Chroma] CrabRaveEnvironment.[0]Environment.[36]Laser (7)
[DEBUG @ 18:51:46 | Chroma] CrabRaveEnvironment.[0]Environment.[36]Laser (7).[0]BakedBloom
[DEBUG @ 18:51:46 | Chroma] CrabRaveEnvironment.[0]Environment.[36]Laser (7).[1]BoxLight
[DEBUG @ 18:51:46 | Chroma] CrabRaveEnvironment.[0]Environment.[37]Laser (8)
[DEBUG @ 18:51:46 | Chroma] CrabRaveEnvironment.[0]Environment.[37]Laser (8).[0]BakedBloom
[DEBUG @ 18:51:46 | Chroma] CrabRaveEnvironment.[0]Environment.[37]Laser (8).[1]BoxLight
[DEBUG @ 18:51:46 | Chroma] CrabRaveEnvironment.[0]Environment.[38]Laser (9)
[DEBUG @ 18:51:46 | Chroma] CrabRaveEnvironment.[0]Environment.[38]Laser (9).[0]BakedBloom
[DEBUG @ 18:51:46 | Chroma] CrabRaveEnvironment.[0]Environment.[38]Laser (9).[1]BoxLight
[DEBUG @ 18:51:46 | Chroma] CrabRaveEnvironment.[0]Environment.[39]Laser (10)
[DEBUG @ 18:51:46 | Chroma] CrabRaveEnvironment.[0]Environment.[39]Laser (10).[0]BakedBloom
[DEBUG @ 18:51:46 | Chroma] CrabRaveEnvironment.[0]Environment.[39]Laser (10).[1]BoxLight
[DEBUG @ 18:51:46 | Chroma] CrabRaveEnvironment.[0]Environment.[4]NearBuildingLeft
[DEBUG @ 18:51:46 | Chroma] CrabRaveEnvironment.[0]Environment.[4]NearBuildingLeft.[0]CombinedMesh
[DEBUG @ 18:51:46 | Chroma] CrabRaveEnvironment.[0]Environment.[4]NearBuildingLeft.[1]Neon
[DEBUG @ 18:51:46 | Chroma] CrabRaveEnvironment.[0]Environment.[4]NearBuildingLeft.[1]Neon.[0]BakedBloom
[DEBUG @ 18:51:46 | Chroma] CrabRaveEnvironment.[0]Environment.[4]NearBuildingLeft.[1]Neon.[1]BoxLight
[DEBUG @ 18:51:46 | Chroma] CrabRaveEnvironment.[0]Environment.[4]NearBuildingLeft.[2]Neon (1)
[DEBUG @ 18:51:46 | Chroma] CrabRaveEnvironment.[0]Environment.[4]NearBuildingLeft.[2]Neon (1).[0]BakedBloom
[DEBUG @ 18:51:46 | Chroma] CrabRaveEnvironment.[0]Environment.[4]NearBuildingLeft.[2]Neon (1).[1]BoxLight
[DEBUG @ 18:51:46 | Chroma] CrabRaveEnvironment.[0]Environment.[4]NearBuildingLeft.[3]Neon (2)
[DEBUG @ 18:51:46 | Chroma] CrabRaveEnvironment.[0]Environment.[4]NearBuildingLeft.[3]Neon (2).[0]BakedBloom
[DEBUG @ 18:51:46 | Chroma] CrabRaveEnvironment.[0]Environment.[4]NearBuildingLeft.[3]Neon (2).[1]BoxLight
[DEBUG @ 18:51:46 | Chroma] CrabRaveEnvironment.[0]Environment.[40]Laser (11)
[DEBUG @ 18:51:46 | Chroma] CrabRaveEnvironment.[0]Environment.[40]Laser (11).[0]BakedBloom
[DEBUG @ 18:51:46 | Chroma] CrabRaveEnvironment.[0]Environment.[40]Laser (11).[1]BoxLight
[DEBUG @ 18:51:46 | Chroma] CrabRaveEnvironment.[0]Environment.[41]Laser (12)
[DEBUG @ 18:51:46 | Chroma] CrabRaveEnvironment.[0]Environment.[41]Laser (12).[0]BakedBloom
[DEBUG @ 18:51:46 | Chroma] CrabRaveEnvironment.[0]Environment.[41]Laser (12).[1]BoxLight
[DEBUG @ 18:51:46 | Chroma] CrabRaveEnvironment.[0]Environment.[42]RotatingLasersPair (1)
[DEBUG @ 18:51:46 | Chroma] CrabRaveEnvironment.[0]Environment.[42]RotatingLasersPair (1).[0]BaseL
[DEBUG @ 18:51:46 | Chroma] CrabRaveEnvironment.[0]Environment.[42]RotatingLasersPair (1).[0]BaseL.[0]Laser
[DEBUG @ 18:51:46 | Chroma] CrabRaveEnvironment.[0]Environment.[42]RotatingLasersPair (1).[0]BaseL.[0]Laser.[0]BakedBloom
[DEBUG @ 18:51:46 | Chroma] CrabRaveEnvironment.[0]Environment.[42]RotatingLasersPair (1).[0]BaseL.[0]Laser.[1]BoxLight
[DEBUG @ 18:51:46 | Chroma] CrabRaveEnvironment.[0]Environment.[42]RotatingLasersPair (1).[1]BaseR
[DEBUG @ 18:51:46 | Chroma] CrabRaveEnvironment.[0]Environment.[42]RotatingLasersPair (1).[1]BaseR.[0]Laser
[DEBUG @ 18:51:46 | Chroma] CrabRaveEnvironment.[0]Environment.[42]RotatingLasersPair (1).[1]BaseR.[0]Laser.[0]BakedBloom
[DEBUG @ 18:51:46 | Chroma] CrabRaveEnvironment.[0]Environment.[42]RotatingLasersPair (1).[1]BaseR.[0]Laser.[1]BoxLight
[DEBUG @ 18:51:46 | Chroma] CrabRaveEnvironment.[0]Environment.[43]RotatingLasersPair (2)
[DEBUG @ 18:51:46 | Chroma] CrabRaveEnvironment.[0]Environment.[43]RotatingLasersPair (2).[0]BaseL
[DEBUG @ 18:51:46 | Chroma] CrabRaveEnvironment.[0]Environment.[43]RotatingLasersPair (2).[0]BaseL.[0]Laser
[DEBUG @ 18:51:46 | Chroma] CrabRaveEnvironment.[0]Environment.[43]RotatingLasersPair (2).[0]BaseL.[0]Laser.[0]BakedBloom
[DEBUG @ 18:51:46 | Chroma] CrabRaveEnvironment.[0]Environment.[43]RotatingLasersPair (2).[0]BaseL.[0]Laser.[1]BoxLight
[DEBUG @ 18:51:46 | Chroma] CrabRaveEnvironment.[0]Environment.[43]RotatingLasersPair (2).[1]BaseR
[DEBUG @ 18:51:46 | Chroma] CrabRaveEnvironment.[0]Environment.[43]RotatingLasersPair (2).[1]BaseR.[0]Laser
[DEBUG @ 18:51:46 | Chroma] CrabRaveEnvironment.[0]Environment.[43]RotatingLasersPair (2).[1]BaseR.[0]Laser.[0]BakedBloom
[DEBUG @ 18:51:46 | Chroma] CrabRaveEnvironment.[0]Environment.[43]RotatingLasersPair (2).[1]BaseR.[0]Laser.[1]BoxLight
[DEBUG @ 18:51:46 | Chroma] CrabRaveEnvironment.[0]Environment.[44]RotatingLasersPair (3)
[DEBUG @ 18:51:46 | Chroma] CrabRaveEnvironment.[0]Environment.[44]RotatingLasersPair (3).[0]BaseL
[DEBUG @ 18:51:46 | Chroma] CrabRaveEnvironment.[0]Environment.[44]RotatingLasersPair (3).[0]BaseL.[0]Laser
[DEBUG @ 18:51:46 | Chroma] CrabRaveEnvironment.[0]Environment.[44]RotatingLasersPair (3).[0]BaseL.[0]Laser.[0]BakedBloom
[DEBUG @ 18:51:46 | Chroma] CrabRaveEnvironment.[0]Environment.[44]RotatingLasersPair (3).[0]BaseL.[0]Laser.[1]BoxLight
[DEBUG @ 18:51:46 | Chroma] CrabRaveEnvironment.[0]Environment.[44]RotatingLasersPair (3).[1]BaseR
[DEBUG @ 18:51:46 | Chroma] CrabRaveEnvironment.[0]Environment.[44]RotatingLasersPair (3).[1]BaseR.[0]Laser
[DEBUG @ 18:51:46 | Chroma] CrabRaveEnvironment.[0]Environment.[44]RotatingLasersPair (3).[1]BaseR.[0]Laser.[0]BakedBloom
[DEBUG @ 18:51:46 | Chroma] CrabRaveEnvironment.[0]Environment.[44]RotatingLasersPair (3).[1]BaseR.[0]Laser.[1]BoxLight
[DEBUG @ 18:51:46 | Chroma] CrabRaveEnvironment.[0]Environment.[45]RotatingLasersPair
[DEBUG @ 18:51:46 | Chroma] CrabRaveEnvironment.[0]Environment.[45]RotatingLasersPair.[0]BaseL
[DEBUG @ 18:51:46 | Chroma] CrabRaveEnvironment.[0]Environment.[45]RotatingLasersPair.[0]BaseL.[0]Laser
[DEBUG @ 18:51:46 | Chroma] CrabRaveEnvironment.[0]Environment.[45]RotatingLasersPair.[0]BaseL.[0]Laser.[0]BakedBloom
[DEBUG @ 18:51:46 | Chroma] CrabRaveEnvironment.[0]Environment.[45]RotatingLasersPair.[0]BaseL.[0]Laser.[1]BoxLight
[DEBUG @ 18:51:46 | Chroma] CrabRaveEnvironment.[0]Environment.[45]RotatingLasersPair.[1]BaseR
[DEBUG @ 18:51:46 | Chroma] CrabRaveEnvironment.[0]Environment.[45]RotatingLasersPair.[1]BaseR.[0]Laser
[DEBUG @ 18:51:46 | Chroma] CrabRaveEnvironment.[0]Environment.[45]RotatingLasersPair.[1]BaseR.[0]Laser.[0]BakedBloom
[DEBUG @ 18:51:46 | Chroma] CrabRaveEnvironment.[0]Environment.[45]RotatingLasersPair.[1]BaseR.[0]Laser.[1]BoxLight
[DEBUG @ 18:51:46 | Chroma] CrabRaveEnvironment.[0]Environment.[46]RotatingLasersPair (4)
[DEBUG @ 18:51:46 | Chroma] CrabRaveEnvironment.[0]Environment.[46]RotatingLasersPair (4).[0]BaseL
[DEBUG @ 18:51:46 | Chroma] CrabRaveEnvironment.[0]Environment.[46]RotatingLasersPair (4).[0]BaseL.[0]Laser
[DEBUG @ 18:51:46 | Chroma] CrabRaveEnvironment.[0]Environment.[46]RotatingLasersPair (4).[0]BaseL.[0]Laser.[0]BakedBloom
[DEBUG @ 18:51:46 | Chroma] CrabRaveEnvironment.[0]Environment.[46]RotatingLasersPair (4).[0]BaseL.[0]Laser.[1]BoxLight
[DEBUG @ 18:51:46 | Chroma] CrabRaveEnvironment.[0]Environment.[46]RotatingLasersPair (4).[1]BaseR
[DEBUG @ 18:51:46 | Chroma] CrabRaveEnvironment.[0]Environment.[46]RotatingLasersPair (4).[1]BaseR.[0]Laser
[DEBUG @ 18:51:46 | Chroma] CrabRaveEnvironment.[0]Environment.[46]RotatingLasersPair (4).[1]BaseR.[0]Laser.[0]BakedBloom
[DEBUG @ 18:51:46 | Chroma] CrabRaveEnvironment.[0]Environment.[46]RotatingLasersPair (4).[1]BaseR.[0]Laser.[1]BoxLight
[DEBUG @ 18:51:46 | Chroma] CrabRaveEnvironment.[0]Environment.[47]GradientBackground
[DEBUG @ 18:51:46 | Chroma] CrabRaveEnvironment.[0]Environment.[48]BakedReflectionProbe
[DEBUG @ 18:51:46 | Chroma] CrabRaveEnvironment.[0]Environment.[49]BSBakedLightingLightWithIds
[DEBUG @ 18:51:46 | Chroma] CrabRaveEnvironment.[0]Environment.[5]PlayersPlace
[DEBUG @ 18:51:46 | Chroma] CrabRaveEnvironment.[0]Environment.[5]PlayersPlace.[0]Mirror
[DEBUG @ 18:51:46 | Chroma] CrabRaveEnvironment.[0]Environment.[5]PlayersPlace.[1]Feet
[DEBUG @ 18:51:46 | Chroma] CrabRaveEnvironment.[0]Environment.[5]PlayersPlace.[2]Construction
[DEBUG @ 18:51:46 | Chroma] CrabRaveEnvironment.[0]Environment.[5]PlayersPlace.[3]RectangleFakeGlow
[DEBUG @ 18:51:46 | Chroma] CrabRaveEnvironment.[0]Environment.[5]PlayersPlace.[4]Frame
[DEBUG @ 18:51:46 | Chroma] CrabRaveEnvironment.[0]Environment.[5]PlayersPlace.[5]SaberBurnMarksParticles
[DEBUG @ 18:51:46 | Chroma] CrabRaveEnvironment.[0]Environment.[5]PlayersPlace.[5]SaberBurnMarksParticles.[0]SaberBurnMarkSparklePS
[DEBUG @ 18:51:46 | Chroma] CrabRaveEnvironment.[0]Environment.[5]PlayersPlace.[6]SaberBurnMarksArea
[DEBUG @ 18:51:46 | Chroma] CrabRaveEnvironment.[0]Environment.[5]PlayersPlace.[7]Collider
[DEBUG @ 18:51:46 | Chroma] CrabRaveEnvironment.[0]Environment.[50]FakeMirrorSettings
[DEBUG @ 18:51:46 | Chroma] CrabRaveEnvironment.[0]Environment.[51]BakedReflectionProbeInstaller
[DEBUG @ 18:51:46 | Chroma] CrabRaveEnvironment.[0]Environment.[6]TrackMirror
[DEBUG @ 18:51:46 | Chroma] CrabRaveEnvironment.[0]Environment.[6]TrackMirror.[0]TrackMirrorSetDepth
[DEBUG @ 18:51:46 | Chroma] CrabRaveEnvironment.[0]Environment.[7]VConstruction
[DEBUG @ 18:51:46 | Chroma] CrabRaveEnvironment.[0]Environment.[8]FarBuildings
[DEBUG @ 18:51:46 | Chroma] CrabRaveEnvironment.[0]Environment.[9]Construction
[DEBUG @ 18:51:46 | Chroma] GameCore.[10]SmallTrackLaneRing(Clone)
[DEBUG @ 18:51:46 | Chroma] GameCore.[10]SmallTrackLaneRing(Clone).[0]Ring
[DEBUG @ 18:51:46 | Chroma] GameCore.[11]SmallTrackLaneRing(Clone)
[DEBUG @ 18:51:46 | Chroma] GameCore.[11]SmallTrackLaneRing(Clone).[0]Ring
[DEBUG @ 18:51:46 | Chroma] GameCore.[12]SmallTrackLaneRing(Clone)
[DEBUG @ 18:51:46 | Chroma] GameCore.[12]SmallTrackLaneRing(Clone).[0]Ring
[DEBUG @ 18:51:46 | Chroma] GameCore.[13]SmallTrackLaneRing(Clone)
[DEBUG @ 18:51:46 | Chroma] GameCore.[13]SmallTrackLaneRing(Clone).[0]Ring
[DEBUG @ 18:51:46 | Chroma] GameCore.[14]SmallTrackLaneRing(Clone)
[DEBUG @ 18:51:46 | Chroma] GameCore.[14]SmallTrackLaneRing(Clone).[0]Ring
[DEBUG @ 18:51:46 | Chroma] GameCore.[15]SmallTrackLaneRing(Clone)
[DEBUG @ 18:51:46 | Chroma] GameCore.[15]SmallTrackLaneRing(Clone).[0]Ring
[DEBUG @ 18:51:46 | Chroma] GameCore.[16]SmallTrackLaneRing(Clone)
[DEBUG @ 18:51:46 | Chroma] GameCore.[16]SmallTrackLaneRing(Clone).[0]Ring
[DEBUG @ 18:51:46 | Chroma] GameCore.[17]SmallTrackLaneRing(Clone)
[DEBUG @ 18:51:46 | Chroma] GameCore.[17]SmallTrackLaneRing(Clone).[0]Ring
[DEBUG @ 18:51:46 | Chroma] GameCore.[18]SmallTrackLaneRing(Clone)
[DEBUG @ 18:51:46 | Chroma] GameCore.[18]SmallTrackLaneRing(Clone).[0]Ring
[DEBUG @ 18:51:46 | Chroma] GameCore.[19]SmallTrackLaneRing(Clone)
[DEBUG @ 18:51:46 | Chroma] GameCore.[19]SmallTrackLaneRing(Clone).[0]Ring
[DEBUG @ 18:51:46 | Chroma] GameCore.[20]SmallTrackLaneRing(Clone)
[DEBUG @ 18:51:46 | Chroma] GameCore.[20]SmallTrackLaneRing(Clone).[0]Ring
[DEBUG @ 18:51:46 | Chroma] GameCore.[21]SmallTrackLaneRing(Clone)
[DEBUG @ 18:51:46 | Chroma] GameCore.[21]SmallTrackLaneRing(Clone).[0]Ring
[DEBUG @ 18:51:46 | Chroma] GameCore.[22]SmallTrackLaneRing(Clone)
[DEBUG @ 18:51:46 | Chroma] GameCore.[22]SmallTrackLaneRing(Clone).[0]Ring
[DEBUG @ 18:51:46 | Chroma] GameCore.[23]SmallTrackLaneRing(Clone)
[DEBUG @ 18:51:46 | Chroma] GameCore.[23]SmallTrackLaneRing(Clone).[0]Ring
[DEBUG @ 18:51:46 | Chroma] GameCore.[4]SmallTrackLaneRing(Clone)
[DEBUG @ 18:51:46 | Chroma] GameCore.[4]SmallTrackLaneRing(Clone).[0]Ring
[DEBUG @ 18:51:46 | Chroma] GameCore.[5]SmallTrackLaneRing(Clone)
[DEBUG @ 18:51:46 | Chroma] GameCore.[5]SmallTrackLaneRing(Clone).[0]Ring
[DEBUG @ 18:51:46 | Chroma] GameCore.[6]SmallTrackLaneRing(Clone)
[DEBUG @ 18:51:46 | Chroma] GameCore.[6]SmallTrackLaneRing(Clone).[0]Ring
[DEBUG @ 18:51:46 | Chroma] GameCore.[7]SmallTrackLaneRing(Clone)
[DEBUG @ 18:51:46 | Chroma] GameCore.[7]SmallTrackLaneRing(Clone).[0]Ring
[DEBUG @ 18:51:46 | Chroma] GameCore.[8]SmallTrackLaneRing(Clone)
[DEBUG @ 18:51:46 | Chroma] GameCore.[8]SmallTrackLaneRing(Clone).[0]Ring
[DEBUG @ 18:51:46 | Chroma] GameCore.[9]SmallTrackLaneRing(Clone)
[DEBUG @ 18:51:46 | Chroma] GameCore.[9]SmallTrackLaneRing(Clone).[0]Ring