[DEBUG @ 18:45:43 | Chroma] DefaultEnvironment.[0]Environment
[DEBUG @ 18:45:43 | Chroma] DefaultEnvironment.[0]Environment.[0]DecoratorContext
[DEBUG @ 18:45:43 | Chroma] DefaultEnvironment.[0]Environment.[1]FakeMirrorObjectsInstaller
[DEBUG @ 18:45:43 | Chroma] DefaultEnvironment.[0]Environment.[10]NearBuildingRight (1)
[DEBUG @ 18:45:43 | Chroma] DefaultEnvironment.[0]Environment.[10]NearBuildingRight (1).[0]Mesh
[DEBUG @ 18:45:43 | Chroma] DefaultEnvironment.[0]Environment.[10]NearBuildingRight (1).[1]NeonTubeDirectional
[DEBUG @ 18:45:43 | Chroma] DefaultEnvironment.[0]Environment.[10]NearBuildingRight (1).[1]NeonTubeDirectional.[0]BakedBloom
[DEBUG @ 18:45:43 | Chroma] DefaultEnvironment.[0]Environment.[10]NearBuildingRight (1).[1]NeonTubeDirectional.[1]BoxLight
[DEBUG @ 18:45:43 | Chroma] DefaultEnvironment.[0]Environment.[10]NearBuildingRight (1).[2]NeonTubeDirectional (1)
[DEBUG @ 18:45:43 | Chroma] DefaultEnvironment.[0]Environment.[10]NearBuildingRight (1).[2]NeonTubeDirectional (1).[0]BakedBloom
[DEBUG @ 18:45:43 | Chroma] DefaultEnvironment.[0]Environment.[10]NearBuildingRight (1).[2]NeonTubeDirectional (1).[1]BoxLight
[DEBUG @ 18:45:43 | Chroma] DefaultEnvironment.[0]Environment.[10]NearBuildingRight (1).[3]NeonTube (2)
[DEBUG @ 18:45:43 | Chroma] DefaultEnvironment.[0]Environment.[10]NearBuildingRight (1).[3]NeonTube (2).[0]BakedBloom
[DEBUG @ 18:45:43 | Chroma] DefaultEnvironment.[0]Environment.[10]NearBuildingRight (1).[3]NeonTube (2).[1]BoxLight
[DEBUG @ 18:45:43 | Chroma] DefaultEnvironment.[0]Environment.[11]NearBuildingLeft (2)
[DEBUG @ 18:45:43 | Chroma] DefaultEnvironment.[0]Environment.[11]NearBuildingLeft (2).[0]Mesh
[DEBUG @ 18:45:43 | Chroma] DefaultEnvironment.[0]Environment.[11]NearBuildingLeft (2).[1]NeonTubeDirectional
[DEBUG @ 18:45:43 | Chroma] DefaultEnvironment.[0]Environment.[11]NearBuildingLeft (2).[1]NeonTubeDirectional.[0]BakedBloom
[DEBUG @ 18:45:43 | Chroma] DefaultEnvironment.[0]Environment.[11]NearBuildingLeft (2).[1]NeonTubeDirectional.[1]BoxLight
[DEBUG @ 18:45:43 | Chroma] DefaultEnvironment.[0]Environment.[11]NearBuildingLeft (2).[2]NeonTubeDirectional (1)
[DEBUG @ 18:45:43 | Chroma] DefaultEnvironment.[0]Environment.[11]NearBuildingLeft (2).[2]NeonTubeDirectional (1).[0]BakedBloom
[DEBUG @ 18:45:43 | Chroma] DefaultEnvironment.[0]Environment.[11]NearBuildingLeft (2).[2]NeonTubeDirectional (1).[1]BoxLight
[DEBUG @ 18:45:43 | Chroma] DefaultEnvironment.[0]Environment.[11]NearBuildingLeft (2).[3]NeonTube (2)
[DEBUG @ 18:45:43 | Chroma] DefaultEnvironment.[0]Environment.[11]NearBuildingLeft (2).[3]NeonTube (2).[0]BakedBloom
[DEBUG @ 18:45:43 | Chroma] DefaultEnvironment.[0]Environment.[11]NearBuildingLeft (2).[3]NeonTube (2).[1]BoxLight
[DEBUG @ 18:45:43 | Chroma] DefaultEnvironment.[0]Environment.[12]NearBuildingRight (2)
[DEBUG @ 18:45:43 | Chroma] DefaultEnvironment.[0]Environment.[12]NearBuildingRight (2).[0]Mesh
[DEBUG @ 18:45:43 | Chroma] DefaultEnvironment.[0]Environment.[12]NearBuildingRight (2).[1]NeonTubeDirectional
[DEBUG @ 18:45:43 | Chroma] DefaultEnvironment.[0]Environment.[12]NearBuildingRight (2).[1]NeonTubeDirectional.[0]BakedBloom
[DEBUG @ 18:45:43 | Chroma] DefaultEnvironment.[0]Environment.[12]NearBuildingRight (2).[1]NeonTubeDirectional.[1]BoxLight
[DEBUG @ 18:45:43 | Chroma] DefaultEnvironment.[0]Environment.[12]NearBuildingRight (2).[2]NeonTubeDirectional (1)
[DEBUG @ 18:45:43 | Chroma] DefaultEnvironment.[0]Environment.[12]NearBuildingRight (2).[2]NeonTubeDirectional (1).[0]BakedBloom
[DEBUG @ 18:45:43 | Chroma] DefaultEnvironment.[0]Environment.[12]NearBuildingRight (2).[2]NeonTubeDirectional (1).[1]BoxLight
[DEBUG @ 18:45:43 | Chroma] DefaultEnvironment.[0]Environment.[12]NearBuildingRight (2).[3]NeonTube (2)
[DEBUG @ 18:45:43 | Chroma] DefaultEnvironment.[0]Environment.[12]NearBuildingRight (2).[3]NeonTube (2).[0]BakedBloom
[DEBUG @ 18:45:43 | Chroma] DefaultEnvironment.[0]Environment.[12]NearBuildingRight (2).[3]NeonTube (2).[1]BoxLight
[DEBUG @ 18:45:43 | Chroma] DefaultEnvironment.[0]Environment.[13]====== DYNAMIC ======
[DEBUG @ 18:45:43 | Chroma] DefaultEnvironment.[0]Environment.[14]BackColumns
[DEBUG @ 18:45:43 | Chroma] DefaultEnvironment.[0]Environment.[14]BackColumns.[0]BackColumnNeon
[DEBUG @ 18:45:43 | Chroma] DefaultEnvironment.[0]Environment.[14]BackColumns.[0]BackColumnNeon.[0]BoxLight
[DEBUG @ 18:45:43 | Chroma] DefaultEnvironment.[0]Environment.[14]BackColumns.[0]BackColumnNeon.[1]BakedBloom
[DEBUG @ 18:45:43 | Chroma] DefaultEnvironment.[0]Environment.[14]BackColumns.[1]BackColumnNeon
[DEBUG @ 18:45:43 | Chroma] DefaultEnvironment.[0]Environment.[14]BackColumns.[1]BackColumnNeon.[0]BoxLight
[DEBUG @ 18:45:43 | Chroma] DefaultEnvironment.[0]Environment.[14]BackColumns.[1]BackColumnNeon.[1]BakedBloom
[DEBUG @ 18:45:43 | Chroma] DefaultEnvironment.[0]Environment.[15]BasicGameHUD
[DEBUG @ 18:45:43 | Chroma] DefaultEnvironment.[0]Environment.[15]BasicGameHUD.[0]EnergyPanel
[DEBUG @ 18:45:43 | Chroma] DefaultEnvironment.[0]Environment.[15]BasicGameHUD.[0]EnergyPanel.[0]BG
[DEBUG @ 18:45:43 | Chroma] DefaultEnvironment.[0]Environment.[15]BasicGameHUD.[0]EnergyPanel.[1]BarBG
[DEBUG @ 18:45:43 | Chroma] DefaultEnvironment.[0]Environment.[15]BasicGameHUD.[0]EnergyPanel.[2]EnergyIconEmpty
[DEBUG @ 18:45:43 | Chroma] DefaultEnvironment.[0]Environment.[15]BasicGameHUD.[0]EnergyPanel.[3]EnergyIconFull
[DEBUG @ 18:45:43 | Chroma] DefaultEnvironment.[0]Environment.[15]BasicGameHUD.[0]EnergyPanel.[4]EnergyBarWrapper
[DEBUG @ 18:45:43 | Chroma] DefaultEnvironment.[0]Environment.[15]BasicGameHUD.[0]EnergyPanel.[4]EnergyBarWrapper.[0]EnergyBar
[DEBUG @ 18:45:43 | Chroma] DefaultEnvironment.[0]Environment.[15]BasicGameHUD.[0]EnergyPanel.[5]Laser
[DEBUG @ 18:45:43 | Chroma] DefaultEnvironment.[0]Environment.[15]BasicGameHUD.[0]EnergyPanel.[5]Laser.[0]BoxLight
[DEBUG @ 18:45:43 | Chroma] DefaultEnvironment.[0]Environment.[15]BasicGameHUD.[0]EnergyPanel.[5]Laser.[1]BakedBloom
[DEBUG @ 18:45:43 | Chroma] DefaultEnvironment.[0]Environment.[15]BasicGameHUD.[0]EnergyPanel.[6]FailIcon
[DEBUG @ 18:45:43 | Chroma] DefaultEnvironment.[0]Environment.[15]BasicGameHUD.[0]EnergyPanel.[7]Colorer
[DEBUG @ 18:45:43 | Chroma] DefaultEnvironment.[0]Environment.[15]BasicGameHUD.[1]LeftPanel
[DEBUG @ 18:45:43 | Chroma] DefaultEnvironment.[0]Environment.[15]BasicGameHUD.[1]LeftPanel.[0]BG
[DEBUG @ 18:45:43 | Chroma] DefaultEnvironment.[0]Environment.[15]BasicGameHUD.[1]LeftPanel.[1]Top
[DEBUG @ 18:45:43 | Chroma] DefaultEnvironment.[0]Environment.[15]BasicGameHUD.[1]LeftPanel.[2]ComboPanel
[DEBUG @ 18:45:43 | Chroma] DefaultEnvironment.[0]Environment.[15]BasicGameHUD.[1]LeftPanel.[2]ComboPanel.[0]ComboText
[DEBUG @ 18:45:43 | Chroma] DefaultEnvironment.[0]Environment.[15]BasicGameHUD.[1]LeftPanel.[2]ComboPanel.[1]ComboCanvas
[DEBUG @ 18:45:43 | Chroma] DefaultEnvironment.[0]Environment.[15]BasicGameHUD.[1]LeftPanel.[2]ComboPanel.[1]ComboCanvas.[0]NumText
[DEBUG @ 18:45:43 | Chroma] DefaultEnvironment.[0]Environment.[15]BasicGameHUD.[1]LeftPanel.[2]ComboPanel.[2]Line0
[DEBUG @ 18:45:43 | Chroma] DefaultEnvironment.[0]Environment.[15]BasicGameHUD.[1]LeftPanel.[2]ComboPanel.[3]Line1
[DEBUG @ 18:45:43 | Chroma] DefaultEnvironment.[0]Environment.[15]BasicGameHUD.[1]LeftPanel.[2]ComboPanel.[4]Colorer
[DEBUG @ 18:45:43 | Chroma] DefaultEnvironment.[0]Environment.[15]BasicGameHUD.[1]LeftPanel.[3]ScoreCanvas
[DEBUG @ 18:45:43 | Chroma] DefaultEnvironment.[0]Environment.[15]BasicGameHUD.[1]LeftPanel.[3]ScoreCanvas.[0]ScoreText
[DEBUG @ 18:45:43 | Chroma] DefaultEnvironment.[0]Environment.[15]BasicGameHUD.[1]LeftPanel.[3]ScoreCanvas.[1]ImmediateRankText
[DEBUG @ 18:45:43 | Chroma] DefaultEnvironment.[0]Environment.[15]BasicGameHUD.[1]LeftPanel.[3]ScoreCanvas.[2]RelativeScoreText
[DEBUG @ 18:45:43 | Chroma] DefaultEnvironment.[0]Environment.[15]BasicGameHUD.[2]RightPanel
[DEBUG @ 18:45:43 | Chroma] DefaultEnvironment.[0]Environment.[15]BasicGameHUD.[2]RightPanel.[0]BG
[DEBUG @ 18:45:43 | Chroma] DefaultEnvironment.[0]Environment.[15]BasicGameHUD.[2]RightPanel.[1]Top
[DEBUG @ 18:45:43 | Chroma] DefaultEnvironment.[0]Environment.[15]BasicGameHUD.[2]RightPanel.[2]MultiplierCanvas
[DEBUG @ 18:45:43 | Chroma] DefaultEnvironment.[0]Environment.[15]BasicGameHUD.[2]RightPanel.[2]MultiplierCanvas.[0]BGCircle
[DEBUG @ 18:45:43 | Chroma] DefaultEnvironment.[0]Environment.[15]BasicGameHUD.[2]RightPanel.[2]MultiplierCanvas.[1]FGCircle
[DEBUG @ 18:45:43 | Chroma] DefaultEnvironment.[0]Environment.[15]BasicGameHUD.[2]RightPanel.[2]MultiplierCanvas.[2]AnimationCircle
[DEBUG @ 18:45:43 | Chroma] DefaultEnvironment.[0]Environment.[15]BasicGameHUD.[2]RightPanel.[2]MultiplierCanvas.[3]TextOverlayPanelOutline1
[DEBUG @ 18:45:43 | Chroma] DefaultEnvironment.[0]Environment.[15]BasicGameHUD.[2]RightPanel.[2]MultiplierCanvas.[3]TextOverlayPanelOutline1.[0]XText
[DEBUG @ 18:45:43 | Chroma] DefaultEnvironment.[0]Environment.[15]BasicGameHUD.[2]RightPanel.[2]MultiplierCanvas.[3]TextOverlayPanelOutline1.[1]NumText
[DEBUG @ 18:45:43 | Chroma] DefaultEnvironment.[0]Environment.[15]BasicGameHUD.[2]RightPanel.[2]MultiplierCanvas.[4]TextOverlayPanelOutline0
[DEBUG @ 18:45:43 | Chroma] DefaultEnvironment.[0]Environment.[15]BasicGameHUD.[2]RightPanel.[2]MultiplierCanvas.[4]TextOverlayPanelOutline0.[0]XText
[DEBUG @ 18:45:43 | Chroma] DefaultEnvironment.[0]Environment.[15]BasicGameHUD.[2]RightPanel.[2]MultiplierCanvas.[4]TextOverlayPanelOutline0.[1]NumText
[DEBUG @ 18:45:43 | Chroma] DefaultEnvironment.[0]Environment.[15]BasicGameHUD.[2]RightPanel.[2]MultiplierCanvas.[5]TextPanel
[DEBUG @ 18:45:43 | Chroma] DefaultEnvironment.[0]Environment.[15]BasicGameHUD.[2]RightPanel.[2]MultiplierCanvas.[5]TextPanel.[0]XText
[DEBUG @ 18:45:43 | Chroma] DefaultEnvironment.[0]Environment.[15]BasicGameHUD.[2]RightPanel.[2]MultiplierCanvas.[5]TextPanel.[1]NumText
[DEBUG @ 18:45:43 | Chroma] DefaultEnvironment.[0]Environment.[15]BasicGameHUD.[2]RightPanel.[2]MultiplierCanvas.[6]Colorer
[DEBUG @ 18:45:43 | Chroma] DefaultEnvironment.[0]Environment.[15]BasicGameHUD.[2]RightPanel.[3]SongProgressCanvas
[DEBUG @ 18:45:43 | Chroma] DefaultEnvironment.[0]Environment.[15]BasicGameHUD.[2]RightPanel.[3]SongProgressCanvas.[0]Progress
[DEBUG @ 18:45:43 | Chroma] DefaultEnvironment.[0]Environment.[15]BasicGameHUD.[2]RightPanel.[3]SongProgressCanvas.[1]Slider
[DEBUG @ 18:45:43 | Chroma] DefaultEnvironment.[0]Environment.[15]BasicGameHUD.[2]RightPanel.[3]SongProgressCanvas.[1]Slider.[0]Background
[DEBUG @ 18:45:43 | Chroma] DefaultEnvironment.[0]Environment.[15]BasicGameHUD.[2]RightPanel.[3]SongProgressCanvas.[1]Slider.[1]Handle Slide Area
[DEBUG @ 18:45:43 | Chroma] DefaultEnvironment.[0]Environment.[15]BasicGameHUD.[2]RightPanel.[3]SongProgressCanvas.[1]Slider.[1]Handle Slide Area.[0]Handle
[DEBUG @ 18:45:43 | Chroma] DefaultEnvironment.[0]Environment.[15]BasicGameHUD.[2]RightPanel.[3]SongProgressCanvas.[2]DurationMinutes
[DEBUG @ 18:45:43 | Chroma] DefaultEnvironment.[0]Environment.[15]BasicGameHUD.[2]RightPanel.[3]SongProgressCanvas.[3]DurationSeconds
[DEBUG @ 18:45:43 | Chroma] DefaultEnvironment.[0]Environment.[15]BasicGameHUD.[2]RightPanel.[3]SongProgressCanvas.[4]ProgressMinutes
[DEBUG @ 18:45:43 | Chroma] DefaultEnvironment.[0]Environment.[15]BasicGameHUD.[2]RightPanel.[3]SongProgressCanvas.[5]ProgressSeconds
[DEBUG @ 18:45:43 | Chroma] DefaultEnvironment.[0]Environment.[15]BasicGameHUD.[2]RightPanel.[3]SongProgressCanvas.[6]BG
[DEBUG @ 18:45:43 | Chroma] DefaultEnvironment.[0]Environment.[15]BasicGameHUD.[2]RightPanel.[3]SongProgressCanvas.[7]Colorer
[DEBUG @ 18:45:43 | Chroma] DefaultEnvironment.[0]Environment.[16]BigSmokePS
[DEBUG @ 18:45:43 | Chroma] DefaultEnvironment.[0]Environment.[17]SmallTrackLaneRings
[DEBUG @ 18:45:43 | Chroma] DefaultEnvironment.[0]Environment.[18]BigTrackLaneRings
[DEBUG @ 18:45:43 | Chroma] DefaultEnvironment.[0]Environment.[19]Spectrograms
[DEBUG @ 18:45:43 | Chroma] DefaultEnvironment.[0]Environment.[19]Spectrograms.[0]Spectrogram
[DEBUG @ 18:45:43 | Chroma] DefaultEnvironment.[0]Environment.[19]Spectrograms.[0]Spectrogram.[0]Spectrogram0
[DEBUG @ 18:45:43 | Chroma] DefaultEnvironment.[0]Environment.[19]Spectrograms.[0]Spectrogram.[1]Spectrogram1
[DEBUG @ 18:45:43 | Chroma] DefaultEnvironment.[0]Environment.[19]Spectrograms.[1]Spectrogram
[DEBUG @ 18:45:43 | Chroma] DefaultEnvironment.[0]Environment.[19]Spectrograms.[1]Spectrogram.[0]Spectrogram0
[DEBUG @ 18:45:43 | Chroma] DefaultEnvironment.[0]Environment.[19]Spectrograms.[1]Spectrogram.[1]Spectrogram1
[DEBUG @ 18:45:43 | Chroma] DefaultEnvironment.[0]Environment.[2]FakeMirrorSettings
[DEBUG @ 18:45:43 | Chroma] DefaultEnvironment.[0]Environment.[20]DustPS
[DEBUG @ 18:45:43 | Chroma] DefaultEnvironment.[0]Environment.[21]====== LIGHTS ======
[DEBUG @ 18:45:43 | Chroma] DefaultEnvironment.[0]Environment.[22]GradientBackground
[DEBUG @ 18:45:43 | Chroma] DefaultEnvironment.[0]Environment.[23]LightEffects
[DEBUG @ 18:45:43 | Chroma] DefaultEnvironment.[0]Environment.[24]LightWithIdManager
[DEBUG @ 18:45:43 | Chroma] DefaultEnvironment.[0]Environment.[25]CoreLighting
[DEBUG @ 18:45:43 | Chroma] DefaultEnvironment.[0]Environment.[25]CoreLighting.[0]LightManager
[DEBUG @ 18:45:43 | Chroma] DefaultEnvironment.[0]Environment.[25]CoreLighting.[1]LightWrapper0
[DEBUG @ 18:45:43 | Chroma] DefaultEnvironment.[0]Environment.[25]CoreLighting.[1]LightWrapper0.[0]DirectionalLight
[DEBUG @ 18:45:43 | Chroma] DefaultEnvironment.[0]Environment.[25]CoreLighting.[2]LightWrapper1
[DEBUG @ 18:45:43 | Chroma] DefaultEnvironment.[0]Environment.[25]CoreLighting.[2]LightWrapper1.[0]DirectionalLight
[DEBUG @ 18:45:43 | Chroma] DefaultEnvironment.[0]Environment.[25]CoreLighting.[3]DirectionalLight
[DEBUG @ 18:45:43 | Chroma] DefaultEnvironment.[0]Environment.[25]CoreLighting.[4]DirectionalLight
[DEBUG @ 18:45:43 | Chroma] DefaultEnvironment.[0]Environment.[25]CoreLighting.[5]DirectionalLight
[DEBUG @ 18:45:43 | Chroma] DefaultEnvironment.[0]Environment.[26]FrontLights
[DEBUG @ 18:45:43 | Chroma] DefaultEnvironment.[0]Environment.[26]FrontLights.[0]NeonTube
[DEBUG @ 18:45:43 | Chroma] DefaultEnvironment.[0]Environment.[26]FrontLights.[0]NeonTube.[0]BakedBloom
[DEBUG @ 18:45:43 | Chroma] DefaultEnvironment.[0]Environment.[26]FrontLights.[0]NeonTube.[1]BoxLight
[DEBUG @ 18:45:43 | Chroma] DefaultEnvironment.[0]Environment.[26]FrontLights.[1]NeonTube (1)
[DEBUG @ 18:45:43 | Chroma] DefaultEnvironment.[0]Environment.[26]FrontLights.[1]NeonTube (1).[0]BakedBloom
[DEBUG @ 18:45:43 | Chroma] DefaultEnvironment.[0]Environment.[26]FrontLights.[1]NeonTube (1).[1]BoxLight
[DEBUG @ 18:45:43 | Chroma] DefaultEnvironment.[0]Environment.[27]DoubleColorLaserR
[DEBUG @ 18:45:43 | Chroma] DefaultEnvironment.[0]Environment.[27]DoubleColorLaserR.[0]TopBoxLight
[DEBUG @ 18:45:43 | Chroma] DefaultEnvironment.[0]Environment.[27]DoubleColorLaserR.[1]TopBakedBloom
[DEBUG @ 18:45:43 | Chroma] DefaultEnvironment.[0]Environment.[27]DoubleColorLaserR.[2]BottomBoxLight
[DEBUG @ 18:45:43 | Chroma] DefaultEnvironment.[0]Environment.[27]DoubleColorLaserR.[3]BottomBakedBloom
[DEBUG @ 18:45:43 | Chroma] DefaultEnvironment.[0]Environment.[28]DoubleColorLaserL
[DEBUG @ 18:45:43 | Chroma] DefaultEnvironment.[0]Environment.[28]DoubleColorLaserL.[0]TopBoxLight
[DEBUG @ 18:45:43 | Chroma] DefaultEnvironment.[0]Environment.[28]DoubleColorLaserL.[1]TopBakedBloom
[DEBUG @ 18:45:43 | Chroma] DefaultEnvironment.[0]Environment.[28]DoubleColorLaserL.[2]BottomBoxLight
[DEBUG @ 18:45:43 | Chroma] DefaultEnvironment.[0]Environment.[28]DoubleColorLaserL.[3]BottomBakedBloom
[DEBUG @ 18:45:43 | Chroma] DefaultEnvironment.[0]Environment.[29]DoubleColorLaserR (1)
[DEBUG @ 18:45:43 | Chroma] DefaultEnvironment.[0]Environment.[29]DoubleColorLaserR (1).[0]TopBoxLight
[DEBUG @ 18:45:43 | Chroma] DefaultEnvironment.[0]Environment.[29]DoubleColorLaserR (1).[1]TopBakedBloom
[DEBUG @ 18:45:43 | Chroma] DefaultEnvironment.[0]Environment.[29]DoubleColorLaserR (1).[2]BottomBoxLight
[DEBUG @ 18:45:43 | Chroma] DefaultEnvironment.[0]Environment.[29]DoubleColorLaserR (1).[3]BottomBakedBloom
[DEBUG @ 18:45:43 | Chroma] DefaultEnvironment.[0]Environment.[3]LightmapLightWithIds
[DEBUG @ 18:45:43 | Chroma] DefaultEnvironment.[0]Environment.[30]DoubleColorLaserL (1)
[DEBUG @ 18:45:43 | Chroma] DefaultEnvironment.[0]Environment.[30]DoubleColorLaserL (1).[0]TopBoxLight
[DEBUG @ 18:45:43 | Chroma] DefaultEnvironment.[0]Environment.[30]DoubleColorLaserL (1).[1]TopBakedBloom
[DEBUG @ 18:45:43 | Chroma] DefaultEnvironment.[0]Environment.[30]DoubleColorLaserL (1).[2]BottomBoxLight
[DEBUG @ 18:45:43 | Chroma] DefaultEnvironment.[0]Environment.[30]DoubleColorLaserL (1).[3]BottomBakedBloom
[DEBUG @ 18:45:43 | Chroma] DefaultEnvironment.[0]Environment.[31]DoubleColorLaserR (2)
[DEBUG @ 18:45:43 | Chroma] DefaultEnvironment.[0]Environment.[31]DoubleColorLaserR (2).[0]TopBoxLight
[DEBUG @ 18:45:43 | Chroma] DefaultEnvironment.[0]Environment.[31]DoubleColorLaserR (2).[1]TopBakedBloom
[DEBUG @ 18:45:43 | Chroma] DefaultEnvironment.[0]Environment.[31]DoubleColorLaserR (2).[2]BottomBoxLight
[DEBUG @ 18:45:43 | Chroma] DefaultEnvironment.[0]Environment.[31]DoubleColorLaserR (2).[3]BottomBakedBloom
[DEBUG @ 18:45:43 | Chroma] DefaultEnvironment.[0]Environment.[32]DoubleColorLaserL (2)
[DEBUG @ 18:45:43 | Chroma] DefaultEnvironment.[0]Environment.[32]DoubleColorLaserL (2).[0]TopBoxLight
[DEBUG @ 18:45:43 | Chroma] DefaultEnvironment.[0]Environment.[32]DoubleColorLaserL (2).[1]TopBakedBloom
[DEBUG @ 18:45:43 | Chroma] DefaultEnvironment.[0]Environment.[32]DoubleColorLaserL (2).[2]BottomBoxLight
[DEBUG @ 18:45:43 | Chroma] DefaultEnvironment.[0]Environment.[32]DoubleColorLaserL (2).[3]BottomBakedBloom
[DEBUG @ 18:45:43 | Chroma] DefaultEnvironment.[0]Environment.[33]DoubleColorLaserR (3)
[DEBUG @ 18:45:43 | Chroma] DefaultEnvironment.[0]Environment.[33]DoubleColorLaserR (3).[0]TopBoxLight
[DEBUG @ 18:45:43 | Chroma] DefaultEnvironment.[0]Environment.[33]DoubleColorLaserR (3).[1]TopBakedBloom
[DEBUG @ 18:45:43 | Chroma] DefaultEnvironment.[0]Environment.[33]DoubleColorLaserR (3).[2]BottomBoxLight
[DEBUG @ 18:45:43 | Chroma] DefaultEnvironment.[0]Environment.[33]DoubleColorLaserR (3).[3]BottomBakedBloom
[DEBUG @ 18:45:43 | Chroma] DefaultEnvironment.[0]Environment.[34]DoubleColorLaserL (3)
[DEBUG @ 18:45:43 | Chroma] DefaultEnvironment.[0]Environment.[34]DoubleColorLaserL (3).[0]TopBoxLight
[DEBUG @ 18:45:43 | Chroma] DefaultEnvironment.[0]Environment.[34]DoubleColorLaserL (3).[1]TopBakedBloom
[DEBUG @ 18:45:43 | Chroma] DefaultEnvironment.[0]Environment.[34]DoubleColorLaserL (3).[2]BottomBoxLight
[DEBUG @ 18:45:43 | Chroma] DefaultEnvironment.[0]Environment.[34]DoubleColorLaserL (3).[3]BottomBakedBloom
[DEBUG @ 18:45:43 | Chroma] DefaultEnvironment.[0]Environment.[35]DoubleColorLaserR (4)
[DEBUG @ 18:45:43 | Chroma] DefaultEnvironment.[0]Environment.[35]DoubleColorLaserR (4).[0]TopBoxLight
[DEBUG @ 18:45:43 | Chroma] DefaultEnvironment.[0]Environment.[35]DoubleColorLaserR (4).[1]TopBakedBloom
[DEBUG @ 18:45:43 | Chroma] DefaultEnvironment.[0]Environment.[35]DoubleColorLaserR (4).[2]BottomBoxLight
[DEBUG @ 18:45:43 | Chroma] DefaultEnvironment.[0]Environment.[35]DoubleColorLaserR (4).[3]BottomBakedBloom
[DEBUG @ 18:45:43 | Chroma] DefaultEnvironment.[0]Environment.[36]DoubleColorLaserL (4)
[DEBUG @ 18:45:43 | Chroma] DefaultEnvironment.[0]Environment.[36]DoubleColorLaserL (4).[0]TopBoxLight
[DEBUG @ 18:45:43 | Chroma] DefaultEnvironment.[0]Environment.[36]DoubleColorLaserL (4).[1]TopBakedBloom
[DEBUG @ 18:45:43 | Chroma] DefaultEnvironment.[0]Environment.[36]DoubleColorLaserL (4).[2]BottomBoxLight
[DEBUG @ 18:45:43 | Chroma] DefaultEnvironment.[0]Environment.[36]DoubleColorLaserL (4).[3]BottomBakedBloom
[DEBUG @ 18:45:43 | Chroma] DefaultEnvironment.[0]Environment.[37]RotatingLasersPair
[DEBUG @ 18:45:43 | Chroma] DefaultEnvironment.[0]Environment.[37]RotatingLasersPair.[0]BaseL
[DEBUG @ 18:45:43 | Chroma] DefaultEnvironment.[0]Environment.[37]RotatingLasersPair.[0]BaseL.[0]Laser
[DEBUG @ 18:45:43 | Chroma] DefaultEnvironment.[0]Environment.[37]RotatingLasersPair.[0]BaseL.[0]Laser.[0]BakedBloom
[DEBUG @ 18:45:43 | Chroma] DefaultEnvironment.[0]Environment.[37]RotatingLasersPair.[0]BaseL.[0]Laser.[1]BoxLight
[DEBUG @ 18:45:43 | Chroma] DefaultEnvironment.[0]Environment.[37]RotatingLasersPair.[1]BaseR
[DEBUG @ 18:45:43 | Chroma] DefaultEnvironment.[0]Environment.[37]RotatingLasersPair.[1]BaseR.[0]Laser
[DEBUG @ 18:45:43 | Chroma] DefaultEnvironment.[0]Environment.[37]RotatingLasersPair.[1]BaseR.[0]Laser.[0]BakedBloom
[DEBUG @ 18:45:43 | Chroma] DefaultEnvironment.[0]Environment.[37]RotatingLasersPair.[1]BaseR.[0]Laser.[1]BoxLight
[DEBUG @ 18:45:43 | Chroma] DefaultEnvironment.[0]Environment.[38]RotatingLasersPair (1)
[DEBUG @ 18:45:43 | Chroma] DefaultEnvironment.[0]Environment.[38]RotatingLasersPair (1).[0]BaseL
[DEBUG @ 18:45:43 | Chroma] DefaultEnvironment.[0]Environment.[38]RotatingLasersPair (1).[0]BaseL.[0]Laser
[DEBUG @ 18:45:43 | Chroma] DefaultEnvironment.[0]Environment.[38]RotatingLasersPair (1).[0]BaseL.[0]Laser.[0]BakedBloom
[DEBUG @ 18:45:43 | Chroma] DefaultEnvironment.[0]Environment.[38]RotatingLasersPair (1).[0]BaseL.[0]Laser.[1]BoxLight
[DEBUG @ 18:45:43 | Chroma] DefaultEnvironment.[0]Environment.[38]RotatingLasersPair (1).[1]BaseR
[DEBUG @ 18:45:43 | Chroma] DefaultEnvironment.[0]Environment.[38]RotatingLasersPair (1).[1]BaseR.[0]Laser
[DEBUG @ 18:45:43 | Chroma] DefaultEnvironment.[0]Environment.[38]RotatingLasersPair (1).[1]BaseR.[0]Laser.[0]BakedBloom
[DEBUG @ 18:45:43 | Chroma] DefaultEnvironment.[0]Environment.[38]RotatingLasersPair (1).[1]BaseR.[0]Laser.[1]BoxLight
[DEBUG @ 18:45:43 | Chroma] DefaultEnvironment.[0]Environment.[39]RotatingLasersPair (2)
[DEBUG @ 18:45:43 | Chroma] DefaultEnvironment.[0]Environment.[39]RotatingLasersPair (2).[0]BaseL
[DEBUG @ 18:45:43 | Chroma] DefaultEnvironment.[0]Environment.[39]RotatingLasersPair (2).[0]BaseL.[0]Laser
[DEBUG @ 18:45:43 | Chroma] DefaultEnvironment.[0]Environment.[39]RotatingLasersPair (2).[0]BaseL.[0]Laser.[0]BakedBloom
[DEBUG @ 18:45:43 | Chroma] DefaultEnvironment.[0]Environment.[39]RotatingLasersPair (2).[0]BaseL.[0]Laser.[1]BoxLight
[DEBUG @ 18:45:43 | Chroma] DefaultEnvironment.[0]Environment.[39]RotatingLasersPair (2).[1]BaseR
[DEBUG @ 18:45:43 | Chroma] DefaultEnvironment.[0]Environment.[39]RotatingLasersPair (2).[1]BaseR.[0]Laser
[DEBUG @ 18:45:43 | Chroma] DefaultEnvironment.[0]Environment.[39]RotatingLasersPair (2).[1]BaseR.[0]Laser.[0]BakedBloom
[DEBUG @ 18:45:43 | Chroma] DefaultEnvironment.[0]Environment.[39]RotatingLasersPair (2).[1]BaseR.[0]Laser.[1]BoxLight
[DEBUG @ 18:45:43 | Chroma] DefaultEnvironment.[0]Environment.[4]BakedReflectionProbe
[DEBUG @ 18:45:43 | Chroma] DefaultEnvironment.[0]Environment.[40]RotatingLasersPair (3)
[DEBUG @ 18:45:43 | Chroma] DefaultEnvironment.[0]Environment.[40]RotatingLasersPair (3).[0]BaseL
[DEBUG @ 18:45:43 | Chroma] DefaultEnvironment.[0]Environment.[40]RotatingLasersPair (3).[0]BaseL.[0]Laser
[DEBUG @ 18:45:43 | Chroma] DefaultEnvironment.[0]Environment.[40]RotatingLasersPair (3).[0]BaseL.[0]Laser.[0]BakedBloom
[DEBUG @ 18:45:43 | Chroma] DefaultEnvironment.[0]Environment.[40]RotatingLasersPair (3).[0]BaseL.[0]Laser.[1]BoxLight
[DEBUG @ 18:45:43 | Chroma] DefaultEnvironment.[0]Environment.[40]RotatingLasersPair (3).[1]BaseR
[DEBUG @ 18:45:43 | Chroma] DefaultEnvironment.[0]Environment.[40]RotatingLasersPair (3).[1]BaseR.[0]Laser
[DEBUG @ 18:45:43 | Chroma] DefaultEnvironment.[0]Environment.[40]RotatingLasersPair (3).[1]BaseR.[0]Laser.[0]BakedBloom
[DEBUG @ 18:45:43 | Chroma] DefaultEnvironment.[0]Environment.[40]RotatingLasersPair (3).[1]BaseR.[0]Laser.[1]BoxLight
[DEBUG @ 18:45:43 | Chroma] DefaultEnvironment.[0]Environment.[41]NeonTubeL
[DEBUG @ 18:45:43 | Chroma] DefaultEnvironment.[0]Environment.[41]NeonTubeL.[0]BakedBloom
[DEBUG @ 18:45:43 | Chroma] DefaultEnvironment.[0]Environment.[41]NeonTubeL.[1]BoxLight
[DEBUG @ 18:45:43 | Chroma] DefaultEnvironment.[0]Environment.[42]NeonTubeR
[DEBUG @ 18:45:43 | Chroma] DefaultEnvironment.[0]Environment.[42]NeonTubeR.[0]BakedBloom
[DEBUG @ 18:45:43 | Chroma] DefaultEnvironment.[0]Environment.[42]NeonTubeR.[1]BoxLight
[DEBUG @ 18:45:43 | Chroma] DefaultEnvironment.[0]Environment.[5]====== STATIC ======
[DEBUG @ 18:45:43 | Chroma] DefaultEnvironment.[0]Environment.[6]PlayersPlace
[DEBUG @ 18:45:43 | Chroma] DefaultEnvironment.[0]Environment.[6]PlayersPlace.[0]Mirror
[DEBUG @ 18:45:43 | Chroma] DefaultEnvironment.[0]Environment.[6]PlayersPlace.[1]Feet
[DEBUG @ 18:45:43 | Chroma] DefaultEnvironment.[0]Environment.[6]PlayersPlace.[2]Construction
[DEBUG @ 18:45:43 | Chroma] DefaultEnvironment.[0]Environment.[6]PlayersPlace.[3]RectangleFakeGlow
[DEBUG @ 18:45:43 | Chroma] DefaultEnvironment.[0]Environment.[6]PlayersPlace.[4]Frame
[DEBUG @ 18:45:43 | Chroma] DefaultEnvironment.[0]Environment.[6]PlayersPlace.[5]SaberBurnMarksParticles
[DEBUG @ 18:45:43 | Chroma] DefaultEnvironment.[0]Environment.[6]PlayersPlace.[5]SaberBurnMarksParticles.[0]SaberBurnMarkSparklePS
[DEBUG @ 18:45:43 | Chroma] DefaultEnvironment.[0]Environment.[6]PlayersPlace.[6]SaberBurnMarksArea
[DEBUG @ 18:45:43 | Chroma] DefaultEnvironment.[0]Environment.[6]PlayersPlace.[7]Collider
[DEBUG @ 18:45:43 | Chroma] DefaultEnvironment.[0]Environment.[7]TrackMirror
[DEBUG @ 18:45:43 | Chroma] DefaultEnvironment.[0]Environment.[7]TrackMirror.[0]SetDepthOnly
[DEBUG @ 18:45:43 | Chroma] DefaultEnvironment.[0]Environment.[8]TrackConstruction
[DEBUG @ 18:45:43 | Chroma] DefaultEnvironment.[0]Environment.[9]NearBuildingLeft (1)
[DEBUG @ 18:45:43 | Chroma] DefaultEnvironment.[0]Environment.[9]NearBuildingLeft (1).[0]Mesh
[DEBUG @ 18:45:43 | Chroma] DefaultEnvironment.[0]Environment.[9]NearBuildingLeft (1).[1]NeonTubeDirectional
[DEBUG @ 18:45:43 | Chroma] DefaultEnvironment.[0]Environment.[9]NearBuildingLeft (1).[1]NeonTubeDirectional.[0]BakedBloom
[DEBUG @ 18:45:43 | Chroma] DefaultEnvironment.[0]Environment.[9]NearBuildingLeft (1).[1]NeonTubeDirectional.[1]BoxLight
[DEBUG @ 18:45:43 | Chroma] DefaultEnvironment.[0]Environment.[9]NearBuildingLeft (1).[2]NeonTubeDirectional (1)
[DEBUG @ 18:45:43 | Chroma] DefaultEnvironment.[0]Environment.[9]NearBuildingLeft (1).[2]NeonTubeDirectional (1).[0]BakedBloom
[DEBUG @ 18:45:43 | Chroma] DefaultEnvironment.[0]Environment.[9]NearBuildingLeft (1).[2]NeonTubeDirectional (1).[1]BoxLight
[DEBUG @ 18:45:43 | Chroma] DefaultEnvironment.[0]Environment.[9]NearBuildingLeft (1).[3]NeonTube (2)
[DEBUG @ 18:45:43 | Chroma] DefaultEnvironment.[0]Environment.[9]NearBuildingLeft (1).[3]NeonTube (2).[0]BakedBloom
[DEBUG @ 18:45:43 | Chroma] DefaultEnvironment.[0]Environment.[9]NearBuildingLeft (1).[3]NeonTube (2).[1]BoxLight
[DEBUG @ 18:45:43 | Chroma] GameCore.[10]SmallTrackLaneRing(Clone)
[DEBUG @ 18:45:43 | Chroma] GameCore.[10]SmallTrackLaneRing(Clone).[0]Ring
[DEBUG @ 18:45:43 | Chroma] GameCore.[11]SmallTrackLaneRing(Clone)
[DEBUG @ 18:45:43 | Chroma] GameCore.[11]SmallTrackLaneRing(Clone).[0]Ring
[DEBUG @ 18:45:43 | Chroma] GameCore.[12]SmallTrackLaneRing(Clone)
[DEBUG @ 18:45:43 | Chroma] GameCore.[12]SmallTrackLaneRing(Clone).[0]Ring
[DEBUG @ 18:45:43 | Chroma] GameCore.[13]SmallTrackLaneRing(Clone)
[DEBUG @ 18:45:43 | Chroma] GameCore.[13]SmallTrackLaneRing(Clone).[0]Ring
[DEBUG @ 18:45:43 | Chroma] GameCore.[14]SmallTrackLaneRing(Clone)
[DEBUG @ 18:45:43 | Chroma] GameCore.[14]SmallTrackLaneRing(Clone).[0]Ring
[DEBUG @ 18:45:43 | Chroma] GameCore.[15]SmallTrackLaneRing(Clone)
[DEBUG @ 18:45:43 | Chroma] GameCore.[15]SmallTrackLaneRing(Clone).[0]Ring
[DEBUG @ 18:45:43 | Chroma] GameCore.[16]SmallTrackLaneRing(Clone)
[DEBUG @ 18:45:43 | Chroma] GameCore.[16]SmallTrackLaneRing(Clone).[0]Ring
[DEBUG @ 18:45:43 | Chroma] GameCore.[17]SmallTrackLaneRing(Clone)
[DEBUG @ 18:45:43 | Chroma] GameCore.[17]SmallTrackLaneRing(Clone).[0]Ring
[DEBUG @ 18:45:43 | Chroma] GameCore.[18]SmallTrackLaneRing(Clone)
[DEBUG @ 18:45:43 | Chroma] GameCore.[18]SmallTrackLaneRing(Clone).[0]Ring
[DEBUG @ 18:45:43 | Chroma] GameCore.[19]SmallTrackLaneRing(Clone)
[DEBUG @ 18:45:43 | Chroma] GameCore.[19]SmallTrackLaneRing(Clone).[0]Ring
[DEBUG @ 18:45:43 | Chroma] GameCore.[20]SmallTrackLaneRing(Clone)
[DEBUG @ 18:45:43 | Chroma] GameCore.[20]SmallTrackLaneRing(Clone).[0]Ring
[DEBUG @ 18:45:43 | Chroma] GameCore.[21]SmallTrackLaneRing(Clone)
[DEBUG @ 18:45:43 | Chroma] GameCore.[21]SmallTrackLaneRing(Clone).[0]Ring
[DEBUG @ 18:45:43 | Chroma] GameCore.[22]SmallTrackLaneRing(Clone)
[DEBUG @ 18:45:43 | Chroma] GameCore.[22]SmallTrackLaneRing(Clone).[0]Ring
[DEBUG @ 18:45:43 | Chroma] GameCore.[23]SmallTrackLaneRing(Clone)
[DEBUG @ 18:45:43 | Chroma] GameCore.[23]SmallTrackLaneRing(Clone).[0]Ring
[DEBUG @ 18:45:43 | Chroma] GameCore.[24]SmallTrackLaneRing(Clone)
[DEBUG @ 18:45:43 | Chroma] GameCore.[24]SmallTrackLaneRing(Clone).[0]Ring
[DEBUG @ 18:45:43 | Chroma] GameCore.[25]SmallTrackLaneRing(Clone)
[DEBUG @ 18:45:43 | Chroma] GameCore.[25]SmallTrackLaneRing(Clone).[0]Ring
[DEBUG @ 18:45:43 | Chroma] GameCore.[26]SmallTrackLaneRing(Clone)
[DEBUG @ 18:45:43 | Chroma] GameCore.[26]SmallTrackLaneRing(Clone).[0]Ring
[DEBUG @ 18:45:43 | Chroma] GameCore.[27]SmallTrackLaneRing(Clone)
[DEBUG @ 18:45:43 | Chroma] GameCore.[27]SmallTrackLaneRing(Clone).[0]Ring
[DEBUG @ 18:45:43 | Chroma] GameCore.[28]SmallTrackLaneRing(Clone)
[DEBUG @ 18:45:43 | Chroma] GameCore.[28]SmallTrackLaneRing(Clone).[0]Ring
[DEBUG @ 18:45:43 | Chroma] GameCore.[29]SmallTrackLaneRing(Clone)
[DEBUG @ 18:45:43 | Chroma] GameCore.[29]SmallTrackLaneRing(Clone).[0]Ring
[DEBUG @ 18:45:43 | Chroma] GameCore.[30]SmallTrackLaneRing(Clone)
[DEBUG @ 18:45:43 | Chroma] GameCore.[30]SmallTrackLaneRing(Clone).[0]Ring
[DEBUG @ 18:45:43 | Chroma] GameCore.[31]SmallTrackLaneRing(Clone)
[DEBUG @ 18:45:43 | Chroma] GameCore.[31]SmallTrackLaneRing(Clone).[0]Ring
[DEBUG @ 18:45:43 | Chroma] GameCore.[32]SmallTrackLaneRing(Clone)
[DEBUG @ 18:45:43 | Chroma] GameCore.[32]SmallTrackLaneRing(Clone).[0]Ring
[DEBUG @ 18:45:43 | Chroma] GameCore.[33]SmallTrackLaneRing(Clone)
[DEBUG @ 18:45:43 | Chroma] GameCore.[33]SmallTrackLaneRing(Clone).[0]Ring
[DEBUG @ 18:45:43 | Chroma] GameCore.[34]BigTrackLaneRing(Clone)
[DEBUG @ 18:45:43 | Chroma] GameCore.[34]BigTrackLaneRing(Clone).[0]Ring
[DEBUG @ 18:45:43 | Chroma] GameCore.[34]BigTrackLaneRing(Clone).[1]NeonTubeBothSidesDirectional
[DEBUG @ 18:45:43 | Chroma] GameCore.[34]BigTrackLaneRing(Clone).[1]NeonTubeBothSidesDirectional.[0]BakedBloom
[DEBUG @ 18:45:43 | Chroma] GameCore.[34]BigTrackLaneRing(Clone).[1]NeonTubeBothSidesDirectional.[1]BoxLight
[DEBUG @ 18:45:43 | Chroma] GameCore.[34]BigTrackLaneRing(Clone).[2]NeonTubeBothSidesDirectional (1)
[DEBUG @ 18:45:43 | Chroma] GameCore.[34]BigTrackLaneRing(Clone).[2]NeonTubeBothSidesDirectional (1).[0]BakedBloom
[DEBUG @ 18:45:43 | Chroma] GameCore.[34]BigTrackLaneRing(Clone).[2]NeonTubeBothSidesDirectional (1).[1]BoxLight
[DEBUG @ 18:45:43 | Chroma] GameCore.[34]BigTrackLaneRing(Clone).[3]NeonTubeBothSidesDirectional (2)
[DEBUG @ 18:45:43 | Chroma] GameCore.[34]BigTrackLaneRing(Clone).[3]NeonTubeBothSidesDirectional (2).[0]BakedBloom
[DEBUG @ 18:45:43 | Chroma] GameCore.[34]BigTrackLaneRing(Clone).[3]NeonTubeBothSidesDirectional (2).[1]BoxLight
[DEBUG @ 18:45:43 | Chroma] GameCore.[34]BigTrackLaneRing(Clone).[4]NeonTubeBothSidesDirectional (3)
[DEBUG @ 18:45:43 | Chroma] GameCore.[34]BigTrackLaneRing(Clone).[4]NeonTubeBothSidesDirectional (3).[0]BakedBloom
[DEBUG @ 18:45:43 | Chroma] GameCore.[34]BigTrackLaneRing(Clone).[4]NeonTubeBothSidesDirectional (3).[1]BoxLight
[DEBUG @ 18:45:43 | Chroma] GameCore.[35]BigTrackLaneRing(Clone)
[DEBUG @ 18:45:43 | Chroma] GameCore.[35]BigTrackLaneRing(Clone).[0]Ring
[DEBUG @ 18:45:43 | Chroma] GameCore.[35]BigTrackLaneRing(Clone).[1]NeonTubeBothSidesDirectional
[DEBUG @ 18:45:43 | Chroma] GameCore.[35]BigTrackLaneRing(Clone).[1]NeonTubeBothSidesDirectional.[0]BakedBloom
[DEBUG @ 18:45:43 | Chroma] GameCore.[35]BigTrackLaneRing(Clone).[1]NeonTubeBothSidesDirectional.[1]BoxLight
[DEBUG @ 18:45:43 | Chroma] GameCore.[35]BigTrackLaneRing(Clone).[2]NeonTubeBothSidesDirectional (1)
[DEBUG @ 18:45:43 | Chroma] GameCore.[35]BigTrackLaneRing(Clone).[2]NeonTubeBothSidesDirectional (1).[0]BakedBloom
[DEBUG @ 18:45:43 | Chroma] GameCore.[35]BigTrackLaneRing(Clone).[2]NeonTubeBothSidesDirectional (1).[1]BoxLight
[DEBUG @ 18:45:43 | Chroma] GameCore.[35]BigTrackLaneRing(Clone).[3]NeonTubeBothSidesDirectional (2)
[DEBUG @ 18:45:43 | Chroma] GameCore.[35]BigTrackLaneRing(Clone).[3]NeonTubeBothSidesDirectional (2).[0]BakedBloom
[DEBUG @ 18:45:43 | Chroma] GameCore.[35]BigTrackLaneRing(Clone).[3]NeonTubeBothSidesDirectional (2).[1]BoxLight
[DEBUG @ 18:45:43 | Chroma] GameCore.[35]BigTrackLaneRing(Clone).[4]NeonTubeBothSidesDirectional (3)
[DEBUG @ 18:45:43 | Chroma] GameCore.[35]BigTrackLaneRing(Clone).[4]NeonTubeBothSidesDirectional (3).[0]BakedBloom
[DEBUG @ 18:45:43 | Chroma] GameCore.[35]BigTrackLaneRing(Clone).[4]NeonTubeBothSidesDirectional (3).[1]BoxLight
[DEBUG @ 18:45:43 | Chroma] GameCore.[36]BigTrackLaneRing(Clone)
[DEBUG @ 18:45:43 | Chroma] GameCore.[36]BigTrackLaneRing(Clone).[0]Ring
[DEBUG @ 18:45:43 | Chroma] GameCore.[36]BigTrackLaneRing(Clone).[1]NeonTubeBothSidesDirectional
[DEBUG @ 18:45:43 | Chroma] GameCore.[36]BigTrackLaneRing(Clone).[1]NeonTubeBothSidesDirectional.[0]BakedBloom
[DEBUG @ 18:45:43 | Chroma] GameCore.[36]BigTrackLaneRing(Clone).[1]NeonTubeBothSidesDirectional.[1]BoxLight
[DEBUG @ 18:45:43 | Chroma] GameCore.[36]BigTrackLaneRing(Clone).[2]NeonTubeBothSidesDirectional (1)
[DEBUG @ 18:45:43 | Chroma] GameCore.[36]BigTrackLaneRing(Clone).[2]NeonTubeBothSidesDirectional (1).[0]BakedBloom
[DEBUG @ 18:45:43 | Chroma] GameCore.[36]BigTrackLaneRing(Clone).[2]NeonTubeBothSidesDirectional (1).[1]BoxLight
[DEBUG @ 18:45:43 | Chroma] GameCore.[36]BigTrackLaneRing(Clone).[3]NeonTubeBothSidesDirectional (2)
[DEBUG @ 18:45:43 | Chroma] GameCore.[36]BigTrackLaneRing(Clone).[3]NeonTubeBothSidesDirectional (2).[0]BakedBloom
[DEBUG @ 18:45:43 | Chroma] GameCore.[36]BigTrackLaneRing(Clone).[3]NeonTubeBothSidesDirectional (2).[1]BoxLight
[DEBUG @ 18:45:43 | Chroma] GameCore.[36]BigTrackLaneRing(Clone).[4]NeonTubeBothSidesDirectional (3)
[DEBUG @ 18:45:43 | Chroma] GameCore.[36]BigTrackLaneRing(Clone).[4]NeonTubeBothSidesDirectional (3).[0]BakedBloom
[DEBUG @ 18:45:43 | Chroma] GameCore.[36]BigTrackLaneRing(Clone).[4]NeonTubeBothSidesDirectional (3).[1]BoxLight
[DEBUG @ 18:45:43 | Chroma] GameCore.[37]BigTrackLaneRing(Clone)
[DEBUG @ 18:45:43 | Chroma] GameCore.[37]BigTrackLaneRing(Clone).[0]Ring
[DEBUG @ 18:45:43 | Chroma] GameCore.[37]BigTrackLaneRing(Clone).[1]NeonTubeBothSidesDirectional
[DEBUG @ 18:45:43 | Chroma] GameCore.[37]BigTrackLaneRing(Clone).[1]NeonTubeBothSidesDirectional.[0]BakedBloom
[DEBUG @ 18:45:43 | Chroma] GameCore.[37]BigTrackLaneRing(Clone).[1]NeonTubeBothSidesDirectional.[1]BoxLight
[DEBUG @ 18:45:43 | Chroma] GameCore.[37]BigTrackLaneRing(Clone).[2]NeonTubeBothSidesDirectional (1)
[DEBUG @ 18:45:43 | Chroma] GameCore.[37]BigTrackLaneRing(Clone).[2]NeonTubeBothSidesDirectional (1).[0]BakedBloom
[DEBUG @ 18:45:43 | Chroma] GameCore.[37]BigTrackLaneRing(Clone).[2]NeonTubeBothSidesDirectional (1).[1]BoxLight
[DEBUG @ 18:45:43 | Chroma] GameCore.[37]BigTrackLaneRing(Clone).[3]NeonTubeBothSidesDirectional (2)
[DEBUG @ 18:45:43 | Chroma] GameCore.[37]BigTrackLaneRing(Clone).[3]NeonTubeBothSidesDirectional (2).[0]BakedBloom
[DEBUG @ 18:45:43 | Chroma] GameCore.[37]BigTrackLaneRing(Clone).[3]NeonTubeBothSidesDirectional (2).[1]BoxLight
[DEBUG @ 18:45:43 | Chroma] GameCore.[37]BigTrackLaneRing(Clone).[4]NeonTubeBothSidesDirectional (3)
[DEBUG @ 18:45:43 | Chroma] GameCore.[37]BigTrackLaneRing(Clone).[4]NeonTubeBothSidesDirectional (3).[0]BakedBloom
[DEBUG @ 18:45:43 | Chroma] GameCore.[37]BigTrackLaneRing(Clone).[4]NeonTubeBothSidesDirectional (3).[1]BoxLight
[DEBUG @ 18:45:43 | Chroma] GameCore.[38]BigTrackLaneRing(Clone)
[DEBUG @ 18:45:43 | Chroma] GameCore.[38]BigTrackLaneRing(Clone).[0]Ring
[DEBUG @ 18:45:43 | Chroma] GameCore.[38]BigTrackLaneRing(Clone).[1]NeonTubeBothSidesDirectional
[DEBUG @ 18:45:43 | Chroma] GameCore.[38]BigTrackLaneRing(Clone).[1]NeonTubeBothSidesDirectional.[0]BakedBloom
[DEBUG @ 18:45:43 | Chroma] GameCore.[38]BigTrackLaneRing(Clone).[1]NeonTubeBothSidesDirectional.[1]BoxLight
[DEBUG @ 18:45:43 | Chroma] GameCore.[38]BigTrackLaneRing(Clone).[2]NeonTubeBothSidesDirectional (1)
[DEBUG @ 18:45:43 | Chroma] GameCore.[38]BigTrackLaneRing(Clone).[2]NeonTubeBothSidesDirectional (1).[0]BakedBloom
[DEBUG @ 18:45:43 | Chroma] GameCore.[38]BigTrackLaneRing(Clone).[2]NeonTubeBothSidesDirectional (1).[1]BoxLight
[DEBUG @ 18:45:43 | Chroma] GameCore.[38]BigTrackLaneRing(Clone).[3]NeonTubeBothSidesDirectional (2)
[DEBUG @ 18:45:43 | Chroma] GameCore.[38]BigTrackLaneRing(Clone).[3]NeonTubeBothSidesDirectional (2).[0]BakedBloom
[DEBUG @ 18:45:43 | Chroma] GameCore.[38]BigTrackLaneRing(Clone).[3]NeonTubeBothSidesDirectional (2).[1]BoxLight
[DEBUG @ 18:45:43 | Chroma] GameCore.[38]BigTrackLaneRing(Clone).[4]NeonTubeBothSidesDirectional (3)
[DEBUG @ 18:45:43 | Chroma] GameCore.[38]BigTrackLaneRing(Clone).[4]NeonTubeBothSidesDirectional (3).[0]BakedBloom
[DEBUG @ 18:45:43 | Chroma] GameCore.[38]BigTrackLaneRing(Clone).[4]NeonTubeBothSidesDirectional (3).[1]BoxLight
[DEBUG @ 18:45:43 | Chroma] GameCore.[39]BigTrackLaneRing(Clone)
[DEBUG @ 18:45:43 | Chroma] GameCore.[39]BigTrackLaneRing(Clone).[0]Ring
[DEBUG @ 18:45:43 | Chroma] GameCore.[39]BigTrackLaneRing(Clone).[1]NeonTubeBothSidesDirectional
[DEBUG @ 18:45:43 | Chroma] GameCore.[39]BigTrackLaneRing(Clone).[1]NeonTubeBothSidesDirectional.[0]BakedBloom
[DEBUG @ 18:45:43 | Chroma] GameCore.[39]BigTrackLaneRing(Clone).[1]NeonTubeBothSidesDirectional.[1]BoxLight
[DEBUG @ 18:45:43 | Chroma] GameCore.[39]BigTrackLaneRing(Clone).[2]NeonTubeBothSidesDirectional (1)
[DEBUG @ 18:45:43 | Chroma] GameCore.[39]BigTrackLaneRing(Clone).[2]NeonTubeBothSidesDirectional (1).[0]BakedBloom
[DEBUG @ 18:45:43 | Chroma] GameCore.[39]BigTrackLaneRing(Clone).[2]NeonTubeBothSidesDirectional (1).[1]BoxLight
[DEBUG @ 18:45:43 | Chroma] GameCore.[39]BigTrackLaneRing(Clone).[3]NeonTubeBothSidesDirectional (2)
[DEBUG @ 18:45:43 | Chroma] GameCore.[39]BigTrackLaneRing(Clone).[3]NeonTubeBothSidesDirectional (2).[0]BakedBloom
[DEBUG @ 18:45:43 | Chroma] GameCore.[39]BigTrackLaneRing(Clone).[3]NeonTubeBothSidesDirectional (2).[1]BoxLight
[DEBUG @ 18:45:43 | Chroma] GameCore.[39]BigTrackLaneRing(Clone).[4]NeonTubeBothSidesDirectional (3)
[DEBUG @ 18:45:43 | Chroma] GameCore.[39]BigTrackLaneRing(Clone).[4]NeonTubeBothSidesDirectional (3).[0]BakedBloom
[DEBUG @ 18:45:43 | Chroma] GameCore.[39]BigTrackLaneRing(Clone).[4]NeonTubeBothSidesDirectional (3).[1]BoxLight
[DEBUG @ 18:45:43 | Chroma] GameCore.[4]SmallTrackLaneRing(Clone)
[DEBUG @ 18:45:43 | Chroma] GameCore.[4]SmallTrackLaneRing(Clone).[0]Ring
[DEBUG @ 18:45:43 | Chroma] GameCore.[40]BigTrackLaneRing(Clone)
[DEBUG @ 18:45:43 | Chroma] GameCore.[40]BigTrackLaneRing(Clone).[0]Ring
[DEBUG @ 18:45:43 | Chroma] GameCore.[40]BigTrackLaneRing(Clone).[1]NeonTubeBothSidesDirectional
[DEBUG @ 18:45:43 | Chroma] GameCore.[40]BigTrackLaneRing(Clone).[1]NeonTubeBothSidesDirectional.[0]BakedBloom
[DEBUG @ 18:45:43 | Chroma] GameCore.[40]BigTrackLaneRing(Clone).[1]NeonTubeBothSidesDirectional.[1]BoxLight
[DEBUG @ 18:45:43 | Chroma] GameCore.[40]BigTrackLaneRing(Clone).[2]NeonTubeBothSidesDirectional (1)
[DEBUG @ 18:45:43 | Chroma] GameCore.[40]BigTrackLaneRing(Clone).[2]NeonTubeBothSidesDirectional (1).[0]BakedBloom
[DEBUG @ 18:45:43 | Chroma] GameCore.[40]BigTrackLaneRing(Clone).[2]NeonTubeBothSidesDirectional (1).[1]BoxLight
[DEBUG @ 18:45:43 | Chroma] GameCore.[40]BigTrackLaneRing(Clone).[3]NeonTubeBothSidesDirectional (2)
[DEBUG @ 18:45:43 | Chroma] GameCore.[40]BigTrackLaneRing(Clone).[3]NeonTubeBothSidesDirectional (2).[0]BakedBloom
[DEBUG @ 18:45:43 | Chroma] GameCore.[40]BigTrackLaneRing(Clone).[3]NeonTubeBothSidesDirectional (2).[1]BoxLight
[DEBUG @ 18:45:43 | Chroma] GameCore.[40]BigTrackLaneRing(Clone).[4]NeonTubeBothSidesDirectional (3)
[DEBUG @ 18:45:43 | Chroma] GameCore.[40]BigTrackLaneRing(Clone).[4]NeonTubeBothSidesDirectional (3).[0]BakedBloom
[DEBUG @ 18:45:43 | Chroma] GameCore.[40]BigTrackLaneRing(Clone).[4]NeonTubeBothSidesDirectional (3).[1]BoxLight
[DEBUG @ 18:45:43 | Chroma] GameCore.[41]BigTrackLaneRing(Clone)
[DEBUG @ 18:45:43 | Chroma] GameCore.[41]BigTrackLaneRing(Clone).[0]Ring
[DEBUG @ 18:45:43 | Chroma] GameCore.[41]BigTrackLaneRing(Clone).[1]NeonTubeBothSidesDirectional
[DEBUG @ 18:45:43 | Chroma] GameCore.[41]BigTrackLaneRing(Clone).[1]NeonTubeBothSidesDirectional.[0]BakedBloom
[DEBUG @ 18:45:43 | Chroma] GameCore.[41]BigTrackLaneRing(Clone).[1]NeonTubeBothSidesDirectional.[1]BoxLight
[DEBUG @ 18:45:43 | Chroma] GameCore.[41]BigTrackLaneRing(Clone).[2]NeonTubeBothSidesDirectional (1)
[DEBUG @ 18:45:43 | Chroma] GameCore.[41]BigTrackLaneRing(Clone).[2]NeonTubeBothSidesDirectional (1).[0]BakedBloom
[DEBUG @ 18:45:43 | Chroma] GameCore.[41]BigTrackLaneRing(Clone).[2]NeonTubeBothSidesDirectional (1).[1]BoxLight
[DEBUG @ 18:45:43 | Chroma] GameCore.[41]BigTrackLaneRing(Clone).[3]NeonTubeBothSidesDirectional (2)
[DEBUG @ 18:45:43 | Chroma] GameCore.[41]BigTrackLaneRing(Clone).[3]NeonTubeBothSidesDirectional (2).[0]BakedBloom
[DEBUG @ 18:45:43 | Chroma] GameCore.[41]BigTrackLaneRing(Clone).[3]NeonTubeBothSidesDirectional (2).[1]BoxLight
[DEBUG @ 18:45:43 | Chroma] GameCore.[41]BigTrackLaneRing(Clone).[4]NeonTubeBothSidesDirectional (3)
[DEBUG @ 18:45:43 | Chroma] GameCore.[41]BigTrackLaneRing(Clone).[4]NeonTubeBothSidesDirectional (3).[0]BakedBloom
[DEBUG @ 18:45:43 | Chroma] GameCore.[41]BigTrackLaneRing(Clone).[4]NeonTubeBothSidesDirectional (3).[1]BoxLight
[DEBUG @ 18:45:43 | Chroma] GameCore.[42]BigTrackLaneRing(Clone)
[DEBUG @ 18:45:43 | Chroma] GameCore.[42]BigTrackLaneRing(Clone).[0]Ring
[DEBUG @ 18:45:43 | Chroma] GameCore.[42]BigTrackLaneRing(Clone).[1]NeonTubeBothSidesDirectional
[DEBUG @ 18:45:43 | Chroma] GameCore.[42]BigTrackLaneRing(Clone).[1]NeonTubeBothSidesDirectional.[0]BakedBloom
[DEBUG @ 18:45:43 | Chroma] GameCore.[42]BigTrackLaneRing(Clone).[1]NeonTubeBothSidesDirectional.[1]BoxLight
[DEBUG @ 18:45:43 | Chroma] GameCore.[42]BigTrackLaneRing(Clone).[2]NeonTubeBothSidesDirectional (1)
[DEBUG @ 18:45:43 | Chroma] GameCore.[42]BigTrackLaneRing(Clone).[2]NeonTubeBothSidesDirectional (1).[0]BakedBloom
[DEBUG @ 18:45:43 | Chroma] GameCore.[42]BigTrackLaneRing(Clone).[2]NeonTubeBothSidesDirectional (1).[1]BoxLight
[DEBUG @ 18:45:43 | Chroma] GameCore.[42]BigTrackLaneRing(Clone).[3]NeonTubeBothSidesDirectional (2)
[DEBUG @ 18:45:43 | Chroma] GameCore.[42]BigTrackLaneRing(Clone).[3]NeonTubeBothSidesDirectional (2).[0]BakedBloom
[DEBUG @ 18:45:43 | Chroma] GameCore.[42]BigTrackLaneRing(Clone).[3]NeonTubeBothSidesDirectional (2).[1]BoxLight
[DEBUG @ 18:45:43 | Chroma] GameCore.[42]BigTrackLaneRing(Clone).[4]NeonTubeBothSidesDirectional (3)
[DEBUG @ 18:45:43 | Chroma] GameCore.[42]BigTrackLaneRing(Clone).[4]NeonTubeBothSidesDirectional (3).[0]BakedBloom
[DEBUG @ 18:45:43 | Chroma] GameCore.[42]BigTrackLaneRing(Clone).[4]NeonTubeBothSidesDirectional (3).[1]BoxLight
[DEBUG @ 18:45:43 | Chroma] GameCore.[43]BigTrackLaneRing(Clone)
[DEBUG @ 18:45:43 | Chroma] GameCore.[43]BigTrackLaneRing(Clone).[0]Ring
[DEBUG @ 18:45:43 | Chroma] GameCore.[43]BigTrackLaneRing(Clone).[1]NeonTubeBothSidesDirectional
[DEBUG @ 18:45:43 | Chroma] GameCore.[43]BigTrackLaneRing(Clone).[1]NeonTubeBothSidesDirectional.[0]BakedBloom
[DEBUG @ 18:45:43 | Chroma] GameCore.[43]BigTrackLaneRing(Clone).[1]NeonTubeBothSidesDirectional.[1]BoxLight
[DEBUG @ 18:45:43 | Chroma] GameCore.[43]BigTrackLaneRing(Clone).[2]NeonTubeBothSidesDirectional (1)
[DEBUG @ 18:45:43 | Chroma] GameCore.[43]BigTrackLaneRing(Clone).[2]NeonTubeBothSidesDirectional (1).[0]BakedBloom
[DEBUG @ 18:45:43 | Chroma] GameCore.[43]BigTrackLaneRing(Clone).[2]NeonTubeBothSidesDirectional (1).[1]BoxLight
[DEBUG @ 18:45:43 | Chroma] GameCore.[43]BigTrackLaneRing(Clone).[3]NeonTubeBothSidesDirectional (2)
[DEBUG @ 18:45:43 | Chroma] GameCore.[43]BigTrackLaneRing(Clone).[3]NeonTubeBothSidesDirectional (2).[0]BakedBloom
[DEBUG @ 18:45:43 | Chroma] GameCore.[43]BigTrackLaneRing(Clone).[3]NeonTubeBothSidesDirectional (2).[1]BoxLight
[DEBUG @ 18:45:43 | Chroma] GameCore.[43]BigTrackLaneRing(Clone).[4]NeonTubeBothSidesDirectional (3)
[DEBUG @ 18:45:43 | Chroma] GameCore.[43]BigTrackLaneRing(Clone).[4]NeonTubeBothSidesDirectional (3).[0]BakedBloom
[DEBUG @ 18:45:43 | Chroma] GameCore.[43]BigTrackLaneRing(Clone).[4]NeonTubeBothSidesDirectional (3).[1]BoxLight
[DEBUG @ 18:45:43 | Chroma] GameCore.[44]BigTrackLaneRing(Clone)
[DEBUG @ 18:45:43 | Chroma] GameCore.[44]BigTrackLaneRing(Clone).[0]Ring
[DEBUG @ 18:45:43 | Chroma] GameCore.[44]BigTrackLaneRing(Clone).[1]NeonTubeBothSidesDirectional
[DEBUG @ 18:45:43 | Chroma] GameCore.[44]BigTrackLaneRing(Clone).[1]NeonTubeBothSidesDirectional.[0]BakedBloom
[DEBUG @ 18:45:43 | Chroma] GameCore.[44]BigTrackLaneRing(Clone).[1]NeonTubeBothSidesDirectional.[1]BoxLight
[DEBUG @ 18:45:43 | Chroma] GameCore.[44]BigTrackLaneRing(Clone).[2]NeonTubeBothSidesDirectional (1)
[DEBUG @ 18:45:43 | Chroma] GameCore.[44]BigTrackLaneRing(Clone).[2]NeonTubeBothSidesDirectional (1).[0]BakedBloom
[DEBUG @ 18:45:43 | Chroma] GameCore.[44]BigTrackLaneRing(Clone).[2]NeonTubeBothSidesDirectional (1).[1]BoxLight
[DEBUG @ 18:45:43 | Chroma] GameCore.[44]BigTrackLaneRing(Clone).[3]NeonTubeBothSidesDirectional (2)
[DEBUG @ 18:45:43 | Chroma] GameCore.[44]BigTrackLaneRing(Clone).[3]NeonTubeBothSidesDirectional (2).[0]BakedBloom
[DEBUG @ 18:45:43 | Chroma] GameCore.[44]BigTrackLaneRing(Clone).[3]NeonTubeBothSidesDirectional (2).[1]BoxLight
[DEBUG @ 18:45:43 | Chroma] GameCore.[44]BigTrackLaneRing(Clone).[4]NeonTubeBothSidesDirectional (3)
[DEBUG @ 18:45:43 | Chroma] GameCore.[44]BigTrackLaneRing(Clone).[4]NeonTubeBothSidesDirectional (3).[0]BakedBloom
[DEBUG @ 18:45:43 | Chroma] GameCore.[44]BigTrackLaneRing(Clone).[4]NeonTubeBothSidesDirectional (3).[1]BoxLight
[DEBUG @ 18:45:43 | Chroma] GameCore.[45]BigTrackLaneRing(Clone)
[DEBUG @ 18:45:43 | Chroma] GameCore.[45]BigTrackLaneRing(Clone).[0]Ring
[DEBUG @ 18:45:43 | Chroma] GameCore.[45]BigTrackLaneRing(Clone).[1]NeonTubeBothSidesDirectional
[DEBUG @ 18:45:43 | Chroma] GameCore.[45]BigTrackLaneRing(Clone).[1]NeonTubeBothSidesDirectional.[0]BakedBloom
[DEBUG @ 18:45:43 | Chroma] GameCore.[45]BigTrackLaneRing(Clone).[1]NeonTubeBothSidesDirectional.[1]BoxLight
[DEBUG @ 18:45:43 | Chroma] GameCore.[45]BigTrackLaneRing(Clone).[2]NeonTubeBothSidesDirectional (1)
[DEBUG @ 18:45:43 | Chroma] GameCore.[45]BigTrackLaneRing(Clone).[2]NeonTubeBothSidesDirectional (1).[0]BakedBloom
[DEBUG @ 18:45:43 | Chroma] GameCore.[45]BigTrackLaneRing(Clone).[2]NeonTubeBothSidesDirectional (1).[1]BoxLight
[DEBUG @ 18:45:43 | Chroma] GameCore.[45]BigTrackLaneRing(Clone).[3]NeonTubeBothSidesDirectional (2)
[DEBUG @ 18:45:43 | Chroma] GameCore.[45]BigTrackLaneRing(Clone).[3]NeonTubeBothSidesDirectional (2).[0]BakedBloom
[DEBUG @ 18:45:43 | Chroma] GameCore.[45]BigTrackLaneRing(Clone).[3]NeonTubeBothSidesDirectional (2).[1]BoxLight
[DEBUG @ 18:45:43 | Chroma] GameCore.[45]BigTrackLaneRing(Clone).[4]NeonTubeBothSidesDirectional (3)
[DEBUG @ 18:45:43 | Chroma] GameCore.[45]BigTrackLaneRing(Clone).[4]NeonTubeBothSidesDirectional (3).[0]BakedBloom
[DEBUG @ 18:45:43 | Chroma] GameCore.[45]BigTrackLaneRing(Clone).[4]NeonTubeBothSidesDirectional (3).[1]BoxLight
[DEBUG @ 18:45:43 | Chroma] GameCore.[46]BigTrackLaneRing(Clone)
[DEBUG @ 18:45:43 | Chroma] GameCore.[46]BigTrackLaneRing(Clone).[0]Ring
[DEBUG @ 18:45:43 | Chroma] GameCore.[46]BigTrackLaneRing(Clone).[1]NeonTubeBothSidesDirectional
[DEBUG @ 18:45:43 | Chroma] GameCore.[46]BigTrackLaneRing(Clone).[1]NeonTubeBothSidesDirectional.[0]BakedBloom
[DEBUG @ 18:45:43 | Chroma] GameCore.[46]BigTrackLaneRing(Clone).[1]NeonTubeBothSidesDirectional.[1]BoxLight
[DEBUG @ 18:45:43 | Chroma] GameCore.[46]BigTrackLaneRing(Clone).[2]NeonTubeBothSidesDirectional (1)
[DEBUG @ 18:45:43 | Chroma] GameCore.[46]BigTrackLaneRing(Clone).[2]NeonTubeBothSidesDirectional (1).[0]BakedBloom
[DEBUG @ 18:45:43 | Chroma] GameCore.[46]BigTrackLaneRing(Clone).[2]NeonTubeBothSidesDirectional (1).[1]BoxLight
[DEBUG @ 18:45:43 | Chroma] GameCore.[46]BigTrackLaneRing(Clone).[3]NeonTubeBothSidesDirectional (2)
[DEBUG @ 18:45:43 | Chroma] GameCore.[46]BigTrackLaneRing(Clone).[3]NeonTubeBothSidesDirectional (2).[0]BakedBloom
[DEBUG @ 18:45:43 | Chroma] GameCore.[46]BigTrackLaneRing(Clone).[3]NeonTubeBothSidesDirectional (2).[1]BoxLight
[DEBUG @ 18:45:43 | Chroma] GameCore.[46]BigTrackLaneRing(Clone).[4]NeonTubeBothSidesDirectional (3)
[DEBUG @ 18:45:43 | Chroma] GameCore.[46]BigTrackLaneRing(Clone).[4]NeonTubeBothSidesDirectional (3).[0]BakedBloom
[DEBUG @ 18:45:43 | Chroma] GameCore.[46]BigTrackLaneRing(Clone).[4]NeonTubeBothSidesDirectional (3).[1]BoxLight
[DEBUG @ 18:45:43 | Chroma] GameCore.[47]BigTrackLaneRing(Clone)
[DEBUG @ 18:45:43 | Chroma] GameCore.[47]BigTrackLaneRing(Clone).[0]Ring
[DEBUG @ 18:45:43 | Chroma] GameCore.[47]BigTrackLaneRing(Clone).[1]NeonTubeBothSidesDirectional
[DEBUG @ 18:45:43 | Chroma] GameCore.[47]BigTrackLaneRing(Clone).[1]NeonTubeBothSidesDirectional.[0]BakedBloom
[DEBUG @ 18:45:43 | Chroma] GameCore.[47]BigTrackLaneRing(Clone).[1]NeonTubeBothSidesDirectional.[1]BoxLight
[DEBUG @ 18:45:43 | Chroma] GameCore.[47]BigTrackLaneRing(Clone).[2]NeonTubeBothSidesDirectional (1)
[DEBUG @ 18:45:43 | Chroma] GameCore.[47]BigTrackLaneRing(Clone).[2]NeonTubeBothSidesDirectional (1).[0]BakedBloom
[DEBUG @ 18:45:43 | Chroma] GameCore.[47]BigTrackLaneRing(Clone).[2]NeonTubeBothSidesDirectional (1).[1]BoxLight
[DEBUG @ 18:45:43 | Chroma] GameCore.[47]BigTrackLaneRing(Clone).[3]NeonTubeBothSidesDirectional (2)
[DEBUG @ 18:45:43 | Chroma] GameCore.[47]BigTrackLaneRing(Clone).[3]NeonTubeBothSidesDirectional (2).[0]BakedBloom
[DEBUG @ 18:45:43 | Chroma] GameCore.[47]BigTrackLaneRing(Clone).[3]NeonTubeBothSidesDirectional (2).[1]BoxLight
[DEBUG @ 18:45:43 | Chroma] GameCore.[47]BigTrackLaneRing(Clone).[4]NeonTubeBothSidesDirectional (3)
[DEBUG @ 18:45:43 | Chroma] GameCore.[47]BigTrackLaneRing(Clone).[4]NeonTubeBothSidesDirectional (3).[0]BakedBloom
[DEBUG @ 18:45:43 | Chroma] GameCore.[47]BigTrackLaneRing(Clone).[4]NeonTubeBothSidesDirectional (3).[1]BoxLight
[DEBUG @ 18:45:43 | Chroma] GameCore.[48]BigTrackLaneRing(Clone)
[DEBUG @ 18:45:43 | Chroma] GameCore.[48]BigTrackLaneRing(Clone).[0]Ring
[DEBUG @ 18:45:43 | Chroma] GameCore.[48]BigTrackLaneRing(Clone).[1]NeonTubeBothSidesDirectional
[DEBUG @ 18:45:43 | Chroma] GameCore.[48]BigTrackLaneRing(Clone).[1]NeonTubeBothSidesDirectional.[0]BakedBloom
[DEBUG @ 18:45:43 | Chroma] GameCore.[48]BigTrackLaneRing(Clone).[1]NeonTubeBothSidesDirectional.[1]BoxLight
[DEBUG @ 18:45:43 | Chroma] GameCore.[48]BigTrackLaneRing(Clone).[2]NeonTubeBothSidesDirectional (1)
[DEBUG @ 18:45:43 | Chroma] GameCore.[48]BigTrackLaneRing(Clone).[2]NeonTubeBothSidesDirectional (1).[0]BakedBloom
[DEBUG @ 18:45:43 | Chroma] GameCore.[48]BigTrackLaneRing(Clone).[2]NeonTubeBothSidesDirectional (1).[1]BoxLight
[DEBUG @ 18:45:43 | Chroma] GameCore.[48]BigTrackLaneRing(Clone).[3]NeonTubeBothSidesDirectional (2)
[DEBUG @ 18:45:43 | Chroma] GameCore.[48]BigTrackLaneRing(Clone).[3]NeonTubeBothSidesDirectional (2).[0]BakedBloom
[DEBUG @ 18:45:43 | Chroma] GameCore.[48]BigTrackLaneRing(Clone).[3]NeonTubeBothSidesDirectional (2).[1]BoxLight
[DEBUG @ 18:45:43 | Chroma] GameCore.[48]BigTrackLaneRing(Clone).[4]NeonTubeBothSidesDirectional (3)
[DEBUG @ 18:45:43 | Chroma] GameCore.[48]BigTrackLaneRing(Clone).[4]NeonTubeBothSidesDirectional (3).[0]BakedBloom
[DEBUG @ 18:45:43 | Chroma] GameCore.[48]BigTrackLaneRing(Clone).[4]NeonTubeBothSidesDirectional (3).[1]BoxLight
[DEBUG @ 18:45:43 | Chroma] GameCore.[5]SmallTrackLaneRing(Clone)
[DEBUG @ 18:45:43 | Chroma] GameCore.[5]SmallTrackLaneRing(Clone).[0]Ring
[DEBUG @ 18:45:43 | Chroma] GameCore.[6]SmallTrackLaneRing(Clone)
[DEBUG @ 18:45:43 | Chroma] GameCore.[6]SmallTrackLaneRing(Clone).[0]Ring
[DEBUG @ 18:45:43 | Chroma] GameCore.[7]SmallTrackLaneRing(Clone)
[DEBUG @ 18:45:43 | Chroma] GameCore.[7]SmallTrackLaneRing(Clone).[0]Ring
[DEBUG @ 18:45:43 | Chroma] GameCore.[8]SmallTrackLaneRing(Clone)
[DEBUG @ 18:45:43 | Chroma] GameCore.[8]SmallTrackLaneRing(Clone).[0]Ring
[DEBUG @ 18:45:43 | Chroma] GameCore.[9]SmallTrackLaneRing(Clone)
[DEBUG @ 18:45:43 | Chroma] GameCore.[9]SmallTrackLaneRing(Clone).[0]Ring
