[DEBUG @ 18:49:27 | Chroma] DragonsEnvironment.[0]Environment
[DEBUG @ 18:49:27 | Chroma] DragonsEnvironment.[0]Environment.[0]DecoratorContext
[DEBUG @ 18:49:27 | Chroma] DragonsEnvironment.[0]Environment.[1]SceneContext
[DEBUG @ 18:49:27 | Chroma] DragonsEnvironment.[0]Environment.[10]GlowLineL
[DEBUG @ 18:49:27 | Chroma] DragonsEnvironment.[0]Environment.[10]GlowLineL.[0]BoxLight
[DEBUG @ 18:49:27 | Chroma] DragonsEnvironment.[0]Environment.[10]GlowLineL.[1]BakedBloom
[DEBUG @ 18:49:27 | Chroma] DragonsEnvironment.[0]Environment.[11]BasicGameHUD
[DEBUG @ 18:49:27 | Chroma] DragonsEnvironment.[0]Environment.[11]BasicGameHUD.[0]EnergyPanel
[DEBUG @ 18:49:27 | Chroma] DragonsEnvironment.[0]Environment.[11]BasicGameHUD.[0]EnergyPanel.[0]BG
[DEBUG @ 18:49:27 | Chroma] DragonsEnvironment.[0]Environment.[11]BasicGameHUD.[0]EnergyPanel.[1]BarBG
[DEBUG @ 18:49:27 | Chroma] DragonsEnvironment.[0]Environment.[11]BasicGameHUD.[0]EnergyPanel.[2]EnergyIconEmpty
[DEBUG @ 18:49:27 | Chroma] DragonsEnvironment.[0]Environment.[11]BasicGameHUD.[0]EnergyPanel.[3]EnergyIconFull
[DEBUG @ 18:49:27 | Chroma] DragonsEnvironment.[0]Environment.[11]BasicGameHUD.[0]EnergyPanel.[4]EnergyBarWrapper
[DEBUG @ 18:49:27 | Chroma] DragonsEnvironment.[0]Environment.[11]BasicGameHUD.[0]EnergyPanel.[4]EnergyBarWrapper.[0]EnergyBar
[DEBUG @ 18:49:27 | Chroma] DragonsEnvironment.[0]Environment.[11]BasicGameHUD.[0]EnergyPanel.[5]Laser
[DEBUG @ 18:49:27 | Chroma] DragonsEnvironment.[0]Environment.[11]BasicGameHUD.[0]EnergyPanel.[5]Laser.[0]BoxLight
[DEBUG @ 18:49:27 | Chroma] DragonsEnvironment.[0]Environment.[11]BasicGameHUD.[0]EnergyPanel.[5]Laser.[1]BakedBloom
[DEBUG @ 18:49:27 | Chroma] DragonsEnvironment.[0]Environment.[11]BasicGameHUD.[0]EnergyPanel.[6]FailIcon
[DEBUG @ 18:49:27 | Chroma] DragonsEnvironment.[0]Environment.[11]BasicGameHUD.[0]EnergyPanel.[7]Colorer
[DEBUG @ 18:49:27 | Chroma] DragonsEnvironment.[0]Environment.[11]BasicGameHUD.[1]LeftPanel
[DEBUG @ 18:49:27 | Chroma] DragonsEnvironment.[0]Environment.[11]BasicGameHUD.[1]LeftPanel.[0]BG
[DEBUG @ 18:49:27 | Chroma] DragonsEnvironment.[0]Environment.[11]BasicGameHUD.[1]LeftPanel.[1]Top
[DEBUG @ 18:49:27 | Chroma] DragonsEnvironment.[0]Environment.[11]BasicGameHUD.[1]LeftPanel.[2]ComboPanel
[DEBUG @ 18:49:27 | Chroma] DragonsEnvironment.[0]Environment.[11]BasicGameHUD.[1]LeftPanel.[2]ComboPanel.[0]ComboText
[DEBUG @ 18:49:27 | Chroma] DragonsEnvironment.[0]Environment.[11]BasicGameHUD.[1]LeftPanel.[2]ComboPanel.[1]ComboCanvas
[DEBUG @ 18:49:27 | Chroma] DragonsEnvironment.[0]Environment.[11]BasicGameHUD.[1]LeftPanel.[2]ComboPanel.[1]ComboCanvas.[0]NumText
[DEBUG @ 18:49:27 | Chroma] DragonsEnvironment.[0]Environment.[11]BasicGameHUD.[1]LeftPanel.[2]ComboPanel.[2]Line0
[DEBUG @ 18:49:27 | Chroma] DragonsEnvironment.[0]Environment.[11]BasicGameHUD.[1]LeftPanel.[2]ComboPanel.[3]Line1
[DEBUG @ 18:49:27 | Chroma] DragonsEnvironment.[0]Environment.[11]BasicGameHUD.[1]LeftPanel.[2]ComboPanel.[4]Colorer
[DEBUG @ 18:49:27 | Chroma] DragonsEnvironment.[0]Environment.[11]BasicGameHUD.[1]LeftPanel.[3]ScoreCanvas
[DEBUG @ 18:49:27 | Chroma] DragonsEnvironment.[0]Environment.[11]BasicGameHUD.[1]LeftPanel.[3]ScoreCanvas.[0]ScoreText
[DEBUG @ 18:49:27 | Chroma] DragonsEnvironment.[0]Environment.[11]BasicGameHUD.[1]LeftPanel.[3]ScoreCanvas.[1]ImmediateRankText
[DEBUG @ 18:49:27 | Chroma] DragonsEnvironment.[0]Environment.[11]BasicGameHUD.[1]LeftPanel.[3]ScoreCanvas.[2]RelativeScoreText
[DEBUG @ 18:49:27 | Chroma] DragonsEnvironment.[0]Environment.[11]BasicGameHUD.[2]RightPanel
[DEBUG @ 18:49:27 | Chroma] DragonsEnvironment.[0]Environment.[11]BasicGameHUD.[2]RightPanel.[0]BG
[DEBUG @ 18:49:27 | Chroma] DragonsEnvironment.[0]Environment.[11]BasicGameHUD.[2]RightPanel.[1]Top
[DEBUG @ 18:49:27 | Chroma] DragonsEnvironment.[0]Environment.[11]BasicGameHUD.[2]RightPanel.[2]MultiplierCanvas
[DEBUG @ 18:49:27 | Chroma] DragonsEnvironment.[0]Environment.[11]BasicGameHUD.[2]RightPanel.[2]MultiplierCanvas.[0]BGCircle
[DEBUG @ 18:49:27 | Chroma] DragonsEnvironment.[0]Environment.[11]BasicGameHUD.[2]RightPanel.[2]MultiplierCanvas.[1]FGCircle
[DEBUG @ 18:49:27 | Chroma] DragonsEnvironment.[0]Environment.[11]BasicGameHUD.[2]RightPanel.[2]MultiplierCanvas.[2]AnimationCircle
[DEBUG @ 18:49:27 | Chroma] DragonsEnvironment.[0]Environment.[11]BasicGameHUD.[2]RightPanel.[2]MultiplierCanvas.[3]TextOverlayPanelOutline1
[DEBUG @ 18:49:27 | Chroma] DragonsEnvironment.[0]Environment.[11]BasicGameHUD.[2]RightPanel.[2]MultiplierCanvas.[3]TextOverlayPanelOutline1.[0]XText
[DEBUG @ 18:49:27 | Chroma] DragonsEnvironment.[0]Environment.[11]BasicGameHUD.[2]RightPanel.[2]MultiplierCanvas.[3]TextOverlayPanelOutline1.[1]NumText
[DEBUG @ 18:49:27 | Chroma] DragonsEnvironment.[0]Environment.[11]BasicGameHUD.[2]RightPanel.[2]MultiplierCanvas.[4]TextOverlayPanelOutline0
[DEBUG @ 18:49:27 | Chroma] DragonsEnvironment.[0]Environment.[11]BasicGameHUD.[2]RightPanel.[2]MultiplierCanvas.[4]TextOverlayPanelOutline0.[0]XText
[DEBUG @ 18:49:27 | Chroma] DragonsEnvironment.[0]Environment.[11]BasicGameHUD.[2]RightPanel.[2]MultiplierCanvas.[4]TextOverlayPanelOutline0.[1]NumText
[DEBUG @ 18:49:27 | Chroma] DragonsEnvironment.[0]Environment.[11]BasicGameHUD.[2]RightPanel.[2]MultiplierCanvas.[5]TextPanel
[DEBUG @ 18:49:27 | Chroma] DragonsEnvironment.[0]Environment.[11]BasicGameHUD.[2]RightPanel.[2]MultiplierCanvas.[5]TextPanel.[0]XText
[DEBUG @ 18:49:27 | Chroma] DragonsEnvironment.[0]Environment.[11]BasicGameHUD.[2]RightPanel.[2]MultiplierCanvas.[5]TextPanel.[1]NumText
[DEBUG @ 18:49:27 | Chroma] DragonsEnvironment.[0]Environment.[11]BasicGameHUD.[2]RightPanel.[2]MultiplierCanvas.[6]Colorer
[DEBUG @ 18:49:27 | Chroma] DragonsEnvironment.[0]Environment.[11]BasicGameHUD.[2]RightPanel.[3]SongProgressCanvas
[DEBUG @ 18:49:27 | Chroma] DragonsEnvironment.[0]Environment.[11]BasicGameHUD.[2]RightPanel.[3]SongProgressCanvas.[0]Progress
[DEBUG @ 18:49:27 | Chroma] DragonsEnvironment.[0]Environment.[11]BasicGameHUD.[2]RightPanel.[3]SongProgressCanvas.[1]Slider
[DEBUG @ 18:49:27 | Chroma] DragonsEnvironment.[0]Environment.[11]BasicGameHUD.[2]RightPanel.[3]SongProgressCanvas.[1]Slider.[0]Background
[DEBUG @ 18:49:27 | Chroma] DragonsEnvironment.[0]Environment.[11]BasicGameHUD.[2]RightPanel.[3]SongProgressCanvas.[1]Slider.[1]Handle Slide Area
[DEBUG @ 18:49:27 | Chroma] DragonsEnvironment.[0]Environment.[11]BasicGameHUD.[2]RightPanel.[3]SongProgressCanvas.[1]Slider.[1]Handle Slide Area.[0]Handle
[DEBUG @ 18:49:27 | Chroma] DragonsEnvironment.[0]Environment.[11]BasicGameHUD.[2]RightPanel.[3]SongProgressCanvas.[2]DurationMinutes
[DEBUG @ 18:49:27 | Chroma] DragonsEnvironment.[0]Environment.[11]BasicGameHUD.[2]RightPanel.[3]SongProgressCanvas.[3]DurationSeconds
[DEBUG @ 18:49:27 | Chroma] DragonsEnvironment.[0]Environment.[11]BasicGameHUD.[2]RightPanel.[3]SongProgressCanvas.[4]ProgressMinutes
[DEBUG @ 18:49:27 | Chroma] DragonsEnvironment.[0]Environment.[11]BasicGameHUD.[2]RightPanel.[3]SongProgressCanvas.[5]ProgressSeconds
[DEBUG @ 18:49:27 | Chroma] DragonsEnvironment.[0]Environment.[11]BasicGameHUD.[2]RightPanel.[3]SongProgressCanvas.[6]BG
[DEBUG @ 18:49:27 | Chroma] DragonsEnvironment.[0]Environment.[11]BasicGameHUD.[2]RightPanel.[3]SongProgressCanvas.[7]Colorer
[DEBUG @ 18:49:27 | Chroma] DragonsEnvironment.[0]Environment.[12]Spectrograms
[DEBUG @ 18:49:27 | Chroma] DragonsEnvironment.[0]Environment.[12]Spectrograms.[0]Spectrogram
[DEBUG @ 18:49:27 | Chroma] DragonsEnvironment.[0]Environment.[12]Spectrograms.[0]Spectrogram.[0]Spectrogram0
[DEBUG @ 18:49:27 | Chroma] DragonsEnvironment.[0]Environment.[12]Spectrograms.[0]Spectrogram.[1]Spectrogram1
[DEBUG @ 18:49:27 | Chroma] DragonsEnvironment.[0]Environment.[12]Spectrograms.[1]Spectrogram
[DEBUG @ 18:49:27 | Chroma] DragonsEnvironment.[0]Environment.[12]Spectrograms.[1]Spectrogram.[0]Spectrogram0
[DEBUG @ 18:49:27 | Chroma] DragonsEnvironment.[0]Environment.[12]Spectrograms.[1]Spectrogram.[1]Spectrogram1
[DEBUG @ 18:49:27 | Chroma] DragonsEnvironment.[0]Environment.[13]PanelsTrackLaneRings
[DEBUG @ 18:49:27 | Chroma] DragonsEnvironment.[0]Environment.[14]BigTrackLaneRings
[DEBUG @ 18:49:27 | Chroma] DragonsEnvironment.[0]Environment.[15]BigSmokePS
[DEBUG @ 18:49:27 | Chroma] DragonsEnvironment.[0]Environment.[16]DustPS
[DEBUG @ 18:49:27 | Chroma] DragonsEnvironment.[0]Environment.[17]DragonsSidePSL
[DEBUG @ 18:49:27 | Chroma] DragonsEnvironment.[0]Environment.[18]DragonsSidePSR
[DEBUG @ 18:49:27 | Chroma] DragonsEnvironment.[0]Environment.[19]GlowLineR
[DEBUG @ 18:49:27 | Chroma] DragonsEnvironment.[0]Environment.[19]GlowLineR.[0]BoxLight
[DEBUG @ 18:49:27 | Chroma] DragonsEnvironment.[0]Environment.[19]GlowLineR.[1]BakedBloom
[DEBUG @ 18:49:27 | Chroma] DragonsEnvironment.[0]Environment.[2]====== STATIC ======
[DEBUG @ 18:49:27 | Chroma] DragonsEnvironment.[0]Environment.[20]CoreLighting
[DEBUG @ 18:49:27 | Chroma] DragonsEnvironment.[0]Environment.[20]CoreLighting.[0]LightManager
[DEBUG @ 18:49:27 | Chroma] DragonsEnvironment.[0]Environment.[20]CoreLighting.[1]LightWrapper0
[DEBUG @ 18:49:27 | Chroma] DragonsEnvironment.[0]Environment.[20]CoreLighting.[1]LightWrapper0.[0]DirectionalLight
[DEBUG @ 18:49:27 | Chroma] DragonsEnvironment.[0]Environment.[20]CoreLighting.[2]LightWrapper1
[DEBUG @ 18:49:27 | Chroma] DragonsEnvironment.[0]Environment.[20]CoreLighting.[2]LightWrapper1.[0]DirectionalLight
[DEBUG @ 18:49:27 | Chroma] DragonsEnvironment.[0]Environment.[20]CoreLighting.[3]DirectionalLight
[DEBUG @ 18:49:27 | Chroma] DragonsEnvironment.[0]Environment.[20]CoreLighting.[4]DirectionalLight
[DEBUG @ 18:49:27 | Chroma] DragonsEnvironment.[0]Environment.[20]CoreLighting.[5]DirectionalLight
[DEBUG @ 18:49:27 | Chroma] DragonsEnvironment.[0]Environment.[21]LightEffects
[DEBUG @ 18:49:27 | Chroma] DragonsEnvironment.[0]Environment.[22]LightWithIdManager
[DEBUG @ 18:49:27 | Chroma] DragonsEnvironment.[0]Environment.[23]FrontLights
[DEBUG @ 18:49:27 | Chroma] DragonsEnvironment.[0]Environment.[23]FrontLights.[0]NeonTube
[DEBUG @ 18:49:27 | Chroma] DragonsEnvironment.[0]Environment.[23]FrontLights.[0]NeonTube.[0]BakedBloom
[DEBUG @ 18:49:27 | Chroma] DragonsEnvironment.[0]Environment.[23]FrontLights.[0]NeonTube.[1]BoxLight
[DEBUG @ 18:49:27 | Chroma] DragonsEnvironment.[0]Environment.[23]FrontLights.[1]NeonTube (1)
[DEBUG @ 18:49:27 | Chroma] DragonsEnvironment.[0]Environment.[23]FrontLights.[1]NeonTube (1).[0]BakedBloom
[DEBUG @ 18:49:27 | Chroma] DragonsEnvironment.[0]Environment.[23]FrontLights.[1]NeonTube (1).[1]BoxLight
[DEBUG @ 18:49:27 | Chroma] DragonsEnvironment.[0]Environment.[24]ConstructionGlowLine (1)
[DEBUG @ 18:49:27 | Chroma] DragonsEnvironment.[0]Environment.[24]ConstructionGlowLine (1).[0]BoxLight
[DEBUG @ 18:49:27 | Chroma] DragonsEnvironment.[0]Environment.[24]ConstructionGlowLine (1).[1]BakedBloom
[DEBUG @ 18:49:27 | Chroma] DragonsEnvironment.[0]Environment.[25]ConstructionGlowLine (6)
[DEBUG @ 18:49:27 | Chroma] DragonsEnvironment.[0]Environment.[25]ConstructionGlowLine (6).[0]BoxLight
[DEBUG @ 18:49:27 | Chroma] DragonsEnvironment.[0]Environment.[25]ConstructionGlowLine (6).[1]BakedBloom
[DEBUG @ 18:49:27 | Chroma] DragonsEnvironment.[0]Environment.[26]ConstructionGlowLine (4)
[DEBUG @ 18:49:27 | Chroma] DragonsEnvironment.[0]Environment.[26]ConstructionGlowLine (4).[0]BoxLight
[DEBUG @ 18:49:27 | Chroma] DragonsEnvironment.[0]Environment.[26]ConstructionGlowLine (4).[1]BakedBloom
[DEBUG @ 18:49:27 | Chroma] DragonsEnvironment.[0]Environment.[27]ConstructionGlowLine (5)
[DEBUG @ 18:49:27 | Chroma] DragonsEnvironment.[0]Environment.[27]ConstructionGlowLine (5).[0]BoxLight
[DEBUG @ 18:49:27 | Chroma] DragonsEnvironment.[0]Environment.[27]ConstructionGlowLine (5).[1]BakedBloom
[DEBUG @ 18:49:27 | Chroma] DragonsEnvironment.[0]Environment.[28]GradientBackground
[DEBUG @ 18:49:27 | Chroma] DragonsEnvironment.[0]Environment.[29]RotatingLasersPair
[DEBUG @ 18:49:27 | Chroma] DragonsEnvironment.[0]Environment.[29]RotatingLasersPair.[0]BaseL
[DEBUG @ 18:49:27 | Chroma] DragonsEnvironment.[0]Environment.[29]RotatingLasersPair.[0]BaseL.[0]Laser
[DEBUG @ 18:49:27 | Chroma] DragonsEnvironment.[0]Environment.[29]RotatingLasersPair.[0]BaseL.[0]Laser.[0]BakedBloom
[DEBUG @ 18:49:27 | Chroma] DragonsEnvironment.[0]Environment.[29]RotatingLasersPair.[0]BaseL.[0]Laser.[1]BoxLight
[DEBUG @ 18:49:27 | Chroma] DragonsEnvironment.[0]Environment.[29]RotatingLasersPair.[1]BaseR
[DEBUG @ 18:49:27 | Chroma] DragonsEnvironment.[0]Environment.[29]RotatingLasersPair.[1]BaseR.[0]Laser
[DEBUG @ 18:49:27 | Chroma] DragonsEnvironment.[0]Environment.[29]RotatingLasersPair.[1]BaseR.[0]Laser.[0]BakedBloom
[DEBUG @ 18:49:27 | Chroma] DragonsEnvironment.[0]Environment.[29]RotatingLasersPair.[1]BaseR.[0]Laser.[1]BoxLight
[DEBUG @ 18:49:27 | Chroma] DragonsEnvironment.[0]Environment.[3]PlayersPlace
[DEBUG @ 18:49:27 | Chroma] DragonsEnvironment.[0]Environment.[3]PlayersPlace.[0]Mirror
[DEBUG @ 18:49:27 | Chroma] DragonsEnvironment.[0]Environment.[3]PlayersPlace.[1]Feet
[DEBUG @ 18:49:27 | Chroma] DragonsEnvironment.[0]Environment.[3]PlayersPlace.[2]Construction
[DEBUG @ 18:49:27 | Chroma] DragonsEnvironment.[0]Environment.[3]PlayersPlace.[3]RectangleFakeGlow
[DEBUG @ 18:49:27 | Chroma] DragonsEnvironment.[0]Environment.[3]PlayersPlace.[4]Frame
[DEBUG @ 18:49:27 | Chroma] DragonsEnvironment.[0]Environment.[3]PlayersPlace.[5]SaberBurnMarksParticles
[DEBUG @ 18:49:27 | Chroma] DragonsEnvironment.[0]Environment.[3]PlayersPlace.[5]SaberBurnMarksParticles.[0]SaberBurnMarkSparklePS
[DEBUG @ 18:49:27 | Chroma] DragonsEnvironment.[0]Environment.[3]PlayersPlace.[6]SaberBurnMarksArea
[DEBUG @ 18:49:27 | Chroma] DragonsEnvironment.[0]Environment.[3]PlayersPlace.[7]Collider
[DEBUG @ 18:49:27 | Chroma] DragonsEnvironment.[0]Environment.[30]RotatingLasersPair (1)
[DEBUG @ 18:49:27 | Chroma] DragonsEnvironment.[0]Environment.[30]RotatingLasersPair (1).[0]BaseL
[DEBUG @ 18:49:27 | Chroma] DragonsEnvironment.[0]Environment.[30]RotatingLasersPair (1).[0]BaseL.[0]Laser
[DEBUG @ 18:49:27 | Chroma] DragonsEnvironment.[0]Environment.[30]RotatingLasersPair (1).[0]BaseL.[0]Laser.[0]BakedBloom
[DEBUG @ 18:49:27 | Chroma] DragonsEnvironment.[0]Environment.[30]RotatingLasersPair (1).[0]BaseL.[0]Laser.[1]BoxLight
[DEBUG @ 18:49:27 | Chroma] DragonsEnvironment.[0]Environment.[30]RotatingLasersPair (1).[1]BaseR
[DEBUG @ 18:49:27 | Chroma] DragonsEnvironment.[0]Environment.[30]RotatingLasersPair (1).[1]BaseR.[0]Laser
[DEBUG @ 18:49:27 | Chroma] DragonsEnvironment.[0]Environment.[30]RotatingLasersPair (1).[1]BaseR.[0]Laser.[0]BakedBloom
[DEBUG @ 18:49:27 | Chroma] DragonsEnvironment.[0]Environment.[30]RotatingLasersPair (1).[1]BaseR.[0]Laser.[1]BoxLight
[DEBUG @ 18:49:27 | Chroma] DragonsEnvironment.[0]Environment.[31]RotatingLasersPair (2)
[DEBUG @ 18:49:27 | Chroma] DragonsEnvironment.[0]Environment.[31]RotatingLasersPair (2).[0]BaseL
[DEBUG @ 18:49:27 | Chroma] DragonsEnvironment.[0]Environment.[31]RotatingLasersPair (2).[0]BaseL.[0]Laser
[DEBUG @ 18:49:27 | Chroma] DragonsEnvironment.[0]Environment.[31]RotatingLasersPair (2).[0]BaseL.[0]Laser.[0]BakedBloom
[DEBUG @ 18:49:27 | Chroma] DragonsEnvironment.[0]Environment.[31]RotatingLasersPair (2).[0]BaseL.[0]Laser.[1]BoxLight
[DEBUG @ 18:49:27 | Chroma] DragonsEnvironment.[0]Environment.[31]RotatingLasersPair (2).[1]BaseR
[DEBUG @ 18:49:27 | Chroma] DragonsEnvironment.[0]Environment.[31]RotatingLasersPair (2).[1]BaseR.[0]Laser
[DEBUG @ 18:49:27 | Chroma] DragonsEnvironment.[0]Environment.[31]RotatingLasersPair (2).[1]BaseR.[0]Laser.[0]BakedBloom
[DEBUG @ 18:49:27 | Chroma] DragonsEnvironment.[0]Environment.[31]RotatingLasersPair (2).[1]BaseR.[0]Laser.[1]BoxLight
[DEBUG @ 18:49:27 | Chroma] DragonsEnvironment.[0]Environment.[32]RotatingLasersPair (3)
[DEBUG @ 18:49:27 | Chroma] DragonsEnvironment.[0]Environment.[32]RotatingLasersPair (3).[0]BaseL
[DEBUG @ 18:49:27 | Chroma] DragonsEnvironment.[0]Environment.[32]RotatingLasersPair (3).[0]BaseL.[0]Laser
[DEBUG @ 18:49:27 | Chroma] DragonsEnvironment.[0]Environment.[32]RotatingLasersPair (3).[0]BaseL.[0]Laser.[0]BakedBloom
[DEBUG @ 18:49:27 | Chroma] DragonsEnvironment.[0]Environment.[32]RotatingLasersPair (3).[0]BaseL.[0]Laser.[1]BoxLight
[DEBUG @ 18:49:27 | Chroma] DragonsEnvironment.[0]Environment.[32]RotatingLasersPair (3).[1]BaseR
[DEBUG @ 18:49:27 | Chroma] DragonsEnvironment.[0]Environment.[32]RotatingLasersPair (3).[1]BaseR.[0]Laser
[DEBUG @ 18:49:27 | Chroma] DragonsEnvironment.[0]Environment.[32]RotatingLasersPair (3).[1]BaseR.[0]Laser.[0]BakedBloom
[DEBUG @ 18:49:27 | Chroma] DragonsEnvironment.[0]Environment.[32]RotatingLasersPair (3).[1]BaseR.[0]Laser.[1]BoxLight
[DEBUG @ 18:49:27 | Chroma] DragonsEnvironment.[0]Environment.[33]RotatingLasersPair (4)
[DEBUG @ 18:49:27 | Chroma] DragonsEnvironment.[0]Environment.[33]RotatingLasersPair (4).[0]BaseL
[DEBUG @ 18:49:27 | Chroma] DragonsEnvironment.[0]Environment.[33]RotatingLasersPair (4).[0]BaseL.[0]Laser
[DEBUG @ 18:49:27 | Chroma] DragonsEnvironment.[0]Environment.[33]RotatingLasersPair (4).[0]BaseL.[0]Laser.[0]BakedBloom
[DEBUG @ 18:49:27 | Chroma] DragonsEnvironment.[0]Environment.[33]RotatingLasersPair (4).[0]BaseL.[0]Laser.[1]BoxLight
[DEBUG @ 18:49:27 | Chroma] DragonsEnvironment.[0]Environment.[33]RotatingLasersPair (4).[1]BaseR
[DEBUG @ 18:49:27 | Chroma] DragonsEnvironment.[0]Environment.[33]RotatingLasersPair (4).[1]BaseR.[0]Laser
[DEBUG @ 18:49:27 | Chroma] DragonsEnvironment.[0]Environment.[33]RotatingLasersPair (4).[1]BaseR.[0]Laser.[0]BakedBloom
[DEBUG @ 18:49:27 | Chroma] DragonsEnvironment.[0]Environment.[33]RotatingLasersPair (4).[1]BaseR.[0]Laser.[1]BoxLight
[DEBUG @ 18:49:27 | Chroma] DragonsEnvironment.[0]Environment.[34]BakedReflectionProbe
[DEBUG @ 18:49:27 | Chroma] DragonsEnvironment.[0]Environment.[35]BSBakedLightingLightWithIds
[DEBUG @ 18:49:27 | Chroma] DragonsEnvironment.[0]Environment.[36]FakeMirrorSettings
[DEBUG @ 18:49:27 | Chroma] DragonsEnvironment.[0]Environment.[37]BakedReflectionProbeInstaller
[DEBUG @ 18:49:27 | Chroma] DragonsEnvironment.[0]Environment.[4]TrackMirror
[DEBUG @ 18:49:27 | Chroma] DragonsEnvironment.[0]Environment.[4]TrackMirror.[0]TrackMirrorSetDepth
[DEBUG @ 18:49:27 | Chroma] DragonsEnvironment.[0]Environment.[5]TrackConstruction
[DEBUG @ 18:49:27 | Chroma] DragonsEnvironment.[0]Environment.[6]HallConstruction
[DEBUG @ 18:49:27 | Chroma] DragonsEnvironment.[0]Environment.[7]Underground
[DEBUG @ 18:49:27 | Chroma] DragonsEnvironment.[0]Environment.[8]====== DYNAMIC ======
[DEBUG @ 18:49:27 | Chroma] DragonsEnvironment.[0]Environment.[9]====== LIGHTS ======
[DEBUG @ 18:49:27 | Chroma] GameCore.[10]PanelsTrackLaneRing(Clone)
[DEBUG @ 18:49:27 | Chroma] GameCore.[10]PanelsTrackLaneRing(Clone).[0]Ring
[DEBUG @ 18:49:27 | Chroma] GameCore.[11]PanelsTrackLaneRing(Clone)
[DEBUG @ 18:49:27 | Chroma] GameCore.[11]PanelsTrackLaneRing(Clone).[0]Ring
[DEBUG @ 18:49:27 | Chroma] GameCore.[12]PanelsTrackLaneRing(Clone)
[DEBUG @ 18:49:27 | Chroma] GameCore.[12]PanelsTrackLaneRing(Clone).[0]Ring
[DEBUG @ 18:49:27 | Chroma] GameCore.[13]PanelsTrackLaneRing(Clone)
[DEBUG @ 18:49:27 | Chroma] GameCore.[13]PanelsTrackLaneRing(Clone).[0]Ring
[DEBUG @ 18:49:27 | Chroma] GameCore.[14]PanelsTrackLaneRing(Clone)
[DEBUG @ 18:49:27 | Chroma] GameCore.[14]PanelsTrackLaneRing(Clone).[0]Ring
[DEBUG @ 18:49:27 | Chroma] GameCore.[15]PanelsTrackLaneRing(Clone)
[DEBUG @ 18:49:27 | Chroma] GameCore.[15]PanelsTrackLaneRing(Clone).[0]Ring
[DEBUG @ 18:49:27 | Chroma] GameCore.[16]PanelsTrackLaneRing(Clone)
[DEBUG @ 18:49:27 | Chroma] GameCore.[16]PanelsTrackLaneRing(Clone).[0]Ring
[DEBUG @ 18:49:27 | Chroma] GameCore.[17]PanelsTrackLaneRing(Clone)
[DEBUG @ 18:49:27 | Chroma] GameCore.[17]PanelsTrackLaneRing(Clone).[0]Ring
[DEBUG @ 18:49:27 | Chroma] GameCore.[18]PanelsTrackLaneRing(Clone)
[DEBUG @ 18:49:27 | Chroma] GameCore.[18]PanelsTrackLaneRing(Clone).[0]Ring
[DEBUG @ 18:49:27 | Chroma] GameCore.[19]PanelsTrackLaneRing(Clone)
[DEBUG @ 18:49:27 | Chroma] GameCore.[19]PanelsTrackLaneRing(Clone).[0]Ring
[DEBUG @ 18:49:27 | Chroma] GameCore.[20]PanelsTrackLaneRing(Clone)
[DEBUG @ 18:49:27 | Chroma] GameCore.[20]PanelsTrackLaneRing(Clone).[0]Ring
[DEBUG @ 18:49:27 | Chroma] GameCore.[21]PanelsTrackLaneRing(Clone)
[DEBUG @ 18:49:27 | Chroma] GameCore.[21]PanelsTrackLaneRing(Clone).[0]Ring
[DEBUG @ 18:49:27 | Chroma] GameCore.[22]PanelsTrackLaneRing(Clone)
[DEBUG @ 18:49:27 | Chroma] GameCore.[22]PanelsTrackLaneRing(Clone).[0]Ring
[DEBUG @ 18:49:27 | Chroma] GameCore.[23]PanelsTrackLaneRing(Clone)
[DEBUG @ 18:49:27 | Chroma] GameCore.[23]PanelsTrackLaneRing(Clone).[0]Ring
[DEBUG @ 18:49:27 | Chroma] GameCore.[24]PanelsTrackLaneRing(Clone)
[DEBUG @ 18:49:27 | Chroma] GameCore.[24]PanelsTrackLaneRing(Clone).[0]Ring
[DEBUG @ 18:49:27 | Chroma] GameCore.[25]PanelsTrackLaneRing(Clone)
[DEBUG @ 18:49:27 | Chroma] GameCore.[25]PanelsTrackLaneRing(Clone).[0]Ring
[DEBUG @ 18:49:27 | Chroma] GameCore.[26]PanelsTrackLaneRing(Clone)
[DEBUG @ 18:49:27 | Chroma] GameCore.[26]PanelsTrackLaneRing(Clone).[0]Ring
[DEBUG @ 18:49:27 | Chroma] GameCore.[27]PanelsTrackLaneRing(Clone)
[DEBUG @ 18:49:27 | Chroma] GameCore.[27]PanelsTrackLaneRing(Clone).[0]Ring
[DEBUG @ 18:49:27 | Chroma] GameCore.[28]PanelsTrackLaneRing(Clone)
[DEBUG @ 18:49:27 | Chroma] GameCore.[28]PanelsTrackLaneRing(Clone).[0]Ring
[DEBUG @ 18:49:27 | Chroma] GameCore.[29]PanelsTrackLaneRing(Clone)
[DEBUG @ 18:49:27 | Chroma] GameCore.[29]PanelsTrackLaneRing(Clone).[0]Ring
[DEBUG @ 18:49:27 | Chroma] GameCore.[30]PanelsTrackLaneRing(Clone)
[DEBUG @ 18:49:27 | Chroma] GameCore.[30]PanelsTrackLaneRing(Clone).[0]Ring
[DEBUG @ 18:49:27 | Chroma] GameCore.[31]PanelsTrackLaneRing(Clone)
[DEBUG @ 18:49:27 | Chroma] GameCore.[31]PanelsTrackLaneRing(Clone).[0]Ring
[DEBUG @ 18:49:27 | Chroma] GameCore.[32]PanelsTrackLaneRing(Clone)
[DEBUG @ 18:49:27 | Chroma] GameCore.[32]PanelsTrackLaneRing(Clone).[0]Ring
[DEBUG @ 18:49:27 | Chroma] GameCore.[33]PanelsTrackLaneRing(Clone)
[DEBUG @ 18:49:27 | Chroma] GameCore.[33]PanelsTrackLaneRing(Clone).[0]Ring
[DEBUG @ 18:49:27 | Chroma] GameCore.[34]BigTrackLaneRing(Clone)
[DEBUG @ 18:49:27 | Chroma] GameCore.[34]BigTrackLaneRing(Clone).[0]Ring
[DEBUG @ 18:49:27 | Chroma] GameCore.[34]BigTrackLaneRing(Clone).[1]NeonTubeBothSidesDirectional
[DEBUG @ 18:49:27 | Chroma] GameCore.[34]BigTrackLaneRing(Clone).[1]NeonTubeBothSidesDirectional.[0]BakedBloom
[DEBUG @ 18:49:27 | Chroma] GameCore.[34]BigTrackLaneRing(Clone).[1]NeonTubeBothSidesDirectional.[1]BoxLight
[DEBUG @ 18:49:27 | Chroma] GameCore.[34]BigTrackLaneRing(Clone).[2]NeonTubeBothSidesDirectional (1)
[DEBUG @ 18:49:27 | Chroma] GameCore.[34]BigTrackLaneRing(Clone).[2]NeonTubeBothSidesDirectional (1).[0]BakedBloom
[DEBUG @ 18:49:27 | Chroma] GameCore.[34]BigTrackLaneRing(Clone).[2]NeonTubeBothSidesDirectional (1).[1]BoxLight
[DEBUG @ 18:49:27 | Chroma] GameCore.[34]BigTrackLaneRing(Clone).[3]NeonTubeBothSidesDirectional (2)
[DEBUG @ 18:49:27 | Chroma] GameCore.[34]BigTrackLaneRing(Clone).[3]NeonTubeBothSidesDirectional (2).[0]BakedBloom
[DEBUG @ 18:49:27 | Chroma] GameCore.[34]BigTrackLaneRing(Clone).[3]NeonTubeBothSidesDirectional (2).[1]BoxLight
[DEBUG @ 18:49:27 | Chroma] GameCore.[34]BigTrackLaneRing(Clone).[4]NeonTubeBothSidesDirectional (3)
[DEBUG @ 18:49:27 | Chroma] GameCore.[34]BigTrackLaneRing(Clone).[4]NeonTubeBothSidesDirectional (3).[0]BakedBloom
[DEBUG @ 18:49:27 | Chroma] GameCore.[34]BigTrackLaneRing(Clone).[4]NeonTubeBothSidesDirectional (3).[1]BoxLight
[DEBUG @ 18:49:27 | Chroma] GameCore.[35]BigTrackLaneRing(Clone)
[DEBUG @ 18:49:27 | Chroma] GameCore.[35]BigTrackLaneRing(Clone).[0]Ring
[DEBUG @ 18:49:27 | Chroma] GameCore.[35]BigTrackLaneRing(Clone).[1]NeonTubeBothSidesDirectional
[DEBUG @ 18:49:27 | Chroma] GameCore.[35]BigTrackLaneRing(Clone).[1]NeonTubeBothSidesDirectional.[0]BakedBloom
[DEBUG @ 18:49:27 | Chroma] GameCore.[35]BigTrackLaneRing(Clone).[1]NeonTubeBothSidesDirectional.[1]BoxLight
[DEBUG @ 18:49:27 | Chroma] GameCore.[35]BigTrackLaneRing(Clone).[2]NeonTubeBothSidesDirectional (1)
[DEBUG @ 18:49:27 | Chroma] GameCore.[35]BigTrackLaneRing(Clone).[2]NeonTubeBothSidesDirectional (1).[0]BakedBloom
[DEBUG @ 18:49:27 | Chroma] GameCore.[35]BigTrackLaneRing(Clone).[2]NeonTubeBothSidesDirectional (1).[1]BoxLight
[DEBUG @ 18:49:27 | Chroma] GameCore.[35]BigTrackLaneRing(Clone).[3]NeonTubeBothSidesDirectional (2)
[DEBUG @ 18:49:27 | Chroma] GameCore.[35]BigTrackLaneRing(Clone).[3]NeonTubeBothSidesDirectional (2).[0]BakedBloom
[DEBUG @ 18:49:27 | Chroma] GameCore.[35]BigTrackLaneRing(Clone).[3]NeonTubeBothSidesDirectional (2).[1]BoxLight
[DEBUG @ 18:49:27 | Chroma] GameCore.[35]BigTrackLaneRing(Clone).[4]NeonTubeBothSidesDirectional (3)
[DEBUG @ 18:49:27 | Chroma] GameCore.[35]BigTrackLaneRing(Clone).[4]NeonTubeBothSidesDirectional (3).[0]BakedBloom
[DEBUG @ 18:49:27 | Chroma] GameCore.[35]BigTrackLaneRing(Clone).[4]NeonTubeBothSidesDirectional (3).[1]BoxLight
[DEBUG @ 18:49:27 | Chroma] GameCore.[36]BigTrackLaneRing(Clone)
[DEBUG @ 18:49:27 | Chroma] GameCore.[36]BigTrackLaneRing(Clone).[0]Ring
[DEBUG @ 18:49:27 | Chroma] GameCore.[36]BigTrackLaneRing(Clone).[1]NeonTubeBothSidesDirectional
[DEBUG @ 18:49:27 | Chroma] GameCore.[36]BigTrackLaneRing(Clone).[1]NeonTubeBothSidesDirectional.[0]BakedBloom
[DEBUG @ 18:49:27 | Chroma] GameCore.[36]BigTrackLaneRing(Clone).[1]NeonTubeBothSidesDirectional.[1]BoxLight
[DEBUG @ 18:49:27 | Chroma] GameCore.[36]BigTrackLaneRing(Clone).[2]NeonTubeBothSidesDirectional (1)
[DEBUG @ 18:49:27 | Chroma] GameCore.[36]BigTrackLaneRing(Clone).[2]NeonTubeBothSidesDirectional (1).[0]BakedBloom
[DEBUG @ 18:49:27 | Chroma] GameCore.[36]BigTrackLaneRing(Clone).[2]NeonTubeBothSidesDirectional (1).[1]BoxLight
[DEBUG @ 18:49:27 | Chroma] GameCore.[36]BigTrackLaneRing(Clone).[3]NeonTubeBothSidesDirectional (2)
[DEBUG @ 18:49:27 | Chroma] GameCore.[36]BigTrackLaneRing(Clone).[3]NeonTubeBothSidesDirectional (2).[0]BakedBloom
[DEBUG @ 18:49:27 | Chroma] GameCore.[36]BigTrackLaneRing(Clone).[3]NeonTubeBothSidesDirectional (2).[1]BoxLight
[DEBUG @ 18:49:27 | Chroma] GameCore.[36]BigTrackLaneRing(Clone).[4]NeonTubeBothSidesDirectional (3)
[DEBUG @ 18:49:27 | Chroma] GameCore.[36]BigTrackLaneRing(Clone).[4]NeonTubeBothSidesDirectional (3).[0]BakedBloom
[DEBUG @ 18:49:27 | Chroma] GameCore.[36]BigTrackLaneRing(Clone).[4]NeonTubeBothSidesDirectional (3).[1]BoxLight
[DEBUG @ 18:49:27 | Chroma] GameCore.[37]BigTrackLaneRing(Clone)
[DEBUG @ 18:49:27 | Chroma] GameCore.[37]BigTrackLaneRing(Clone).[0]Ring
[DEBUG @ 18:49:27 | Chroma] GameCore.[37]BigTrackLaneRing(Clone).[1]NeonTubeBothSidesDirectional
[DEBUG @ 18:49:27 | Chroma] GameCore.[37]BigTrackLaneRing(Clone).[1]NeonTubeBothSidesDirectional.[0]BakedBloom
[DEBUG @ 18:49:27 | Chroma] GameCore.[37]BigTrackLaneRing(Clone).[1]NeonTubeBothSidesDirectional.[1]BoxLight
[DEBUG @ 18:49:27 | Chroma] GameCore.[37]BigTrackLaneRing(Clone).[2]NeonTubeBothSidesDirectional (1)
[DEBUG @ 18:49:27 | Chroma] GameCore.[37]BigTrackLaneRing(Clone).[2]NeonTubeBothSidesDirectional (1).[0]BakedBloom
[DEBUG @ 18:49:27 | Chroma] GameCore.[37]BigTrackLaneRing(Clone).[2]NeonTubeBothSidesDirectional (1).[1]BoxLight
[DEBUG @ 18:49:27 | Chroma] GameCore.[37]BigTrackLaneRing(Clone).[3]NeonTubeBothSidesDirectional (2)
[DEBUG @ 18:49:27 | Chroma] GameCore.[37]BigTrackLaneRing(Clone).[3]NeonTubeBothSidesDirectional (2).[0]BakedBloom
[DEBUG @ 18:49:27 | Chroma] GameCore.[37]BigTrackLaneRing(Clone).[3]NeonTubeBothSidesDirectional (2).[1]BoxLight
[DEBUG @ 18:49:27 | Chroma] GameCore.[37]BigTrackLaneRing(Clone).[4]NeonTubeBothSidesDirectional (3)
[DEBUG @ 18:49:27 | Chroma] GameCore.[37]BigTrackLaneRing(Clone).[4]NeonTubeBothSidesDirectional (3).[0]BakedBloom
[DEBUG @ 18:49:27 | Chroma] GameCore.[37]BigTrackLaneRing(Clone).[4]NeonTubeBothSidesDirectional (3).[1]BoxLight
[DEBUG @ 18:49:27 | Chroma] GameCore.[38]BigTrackLaneRing(Clone)
[DEBUG @ 18:49:27 | Chroma] GameCore.[38]BigTrackLaneRing(Clone).[0]Ring
[DEBUG @ 18:49:27 | Chroma] GameCore.[38]BigTrackLaneRing(Clone).[1]NeonTubeBothSidesDirectional
[DEBUG @ 18:49:27 | Chroma] GameCore.[38]BigTrackLaneRing(Clone).[1]NeonTubeBothSidesDirectional.[0]BakedBloom
[DEBUG @ 18:49:27 | Chroma] GameCore.[38]BigTrackLaneRing(Clone).[1]NeonTubeBothSidesDirectional.[1]BoxLight
[DEBUG @ 18:49:27 | Chroma] GameCore.[38]BigTrackLaneRing(Clone).[2]NeonTubeBothSidesDirectional (1)
[DEBUG @ 18:49:27 | Chroma] GameCore.[38]BigTrackLaneRing(Clone).[2]NeonTubeBothSidesDirectional (1).[0]BakedBloom
[DEBUG @ 18:49:27 | Chroma] GameCore.[38]BigTrackLaneRing(Clone).[2]NeonTubeBothSidesDirectional (1).[1]BoxLight
[DEBUG @ 18:49:27 | Chroma] GameCore.[38]BigTrackLaneRing(Clone).[3]NeonTubeBothSidesDirectional (2)
[DEBUG @ 18:49:27 | Chroma] GameCore.[38]BigTrackLaneRing(Clone).[3]NeonTubeBothSidesDirectional (2).[0]BakedBloom
[DEBUG @ 18:49:27 | Chroma] GameCore.[38]BigTrackLaneRing(Clone).[3]NeonTubeBothSidesDirectional (2).[1]BoxLight
[DEBUG @ 18:49:27 | Chroma] GameCore.[38]BigTrackLaneRing(Clone).[4]NeonTubeBothSidesDirectional (3)
[DEBUG @ 18:49:27 | Chroma] GameCore.[38]BigTrackLaneRing(Clone).[4]NeonTubeBothSidesDirectional (3).[0]BakedBloom
[DEBUG @ 18:49:27 | Chroma] GameCore.[38]BigTrackLaneRing(Clone).[4]NeonTubeBothSidesDirectional (3).[1]BoxLight
[DEBUG @ 18:49:27 | Chroma] GameCore.[39]BigTrackLaneRing(Clone)
[DEBUG @ 18:49:27 | Chroma] GameCore.[39]BigTrackLaneRing(Clone).[0]Ring
[DEBUG @ 18:49:27 | Chroma] GameCore.[39]BigTrackLaneRing(Clone).[1]NeonTubeBothSidesDirectional
[DEBUG @ 18:49:27 | Chroma] GameCore.[39]BigTrackLaneRing(Clone).[1]NeonTubeBothSidesDirectional.[0]BakedBloom
[DEBUG @ 18:49:27 | Chroma] GameCore.[39]BigTrackLaneRing(Clone).[1]NeonTubeBothSidesDirectional.[1]BoxLight
[DEBUG @ 18:49:27 | Chroma] GameCore.[39]BigTrackLaneRing(Clone).[2]NeonTubeBothSidesDirectional (1)
[DEBUG @ 18:49:27 | Chroma] GameCore.[39]BigTrackLaneRing(Clone).[2]NeonTubeBothSidesDirectional (1).[0]BakedBloom
[DEBUG @ 18:49:27 | Chroma] GameCore.[39]BigTrackLaneRing(Clone).[2]NeonTubeBothSidesDirectional (1).[1]BoxLight
[DEBUG @ 18:49:27 | Chroma] GameCore.[39]BigTrackLaneRing(Clone).[3]NeonTubeBothSidesDirectional (2)
[DEBUG @ 18:49:27 | Chroma] GameCore.[39]BigTrackLaneRing(Clone).[3]NeonTubeBothSidesDirectional (2).[0]BakedBloom
[DEBUG @ 18:49:27 | Chroma] GameCore.[39]BigTrackLaneRing(Clone).[3]NeonTubeBothSidesDirectional (2).[1]BoxLight
[DEBUG @ 18:49:27 | Chroma] GameCore.[39]BigTrackLaneRing(Clone).[4]NeonTubeBothSidesDirectional (3)
[DEBUG @ 18:49:27 | Chroma] GameCore.[39]BigTrackLaneRing(Clone).[4]NeonTubeBothSidesDirectional (3).[0]BakedBloom
[DEBUG @ 18:49:27 | Chroma] GameCore.[39]BigTrackLaneRing(Clone).[4]NeonTubeBothSidesDirectional (3).[1]BoxLight
[DEBUG @ 18:49:27 | Chroma] GameCore.[4]PanelsTrackLaneRing(Clone)
[DEBUG @ 18:49:27 | Chroma] GameCore.[4]PanelsTrackLaneRing(Clone).[0]Ring
[DEBUG @ 18:49:27 | Chroma] GameCore.[40]BigTrackLaneRing(Clone)
[DEBUG @ 18:49:27 | Chroma] GameCore.[40]BigTrackLaneRing(Clone).[0]Ring
[DEBUG @ 18:49:27 | Chroma] GameCore.[40]BigTrackLaneRing(Clone).[1]NeonTubeBothSidesDirectional
[DEBUG @ 18:49:27 | Chroma] GameCore.[40]BigTrackLaneRing(Clone).[1]NeonTubeBothSidesDirectional.[0]BakedBloom
[DEBUG @ 18:49:27 | Chroma] GameCore.[40]BigTrackLaneRing(Clone).[1]NeonTubeBothSidesDirectional.[1]BoxLight
[DEBUG @ 18:49:27 | Chroma] GameCore.[40]BigTrackLaneRing(Clone).[2]NeonTubeBothSidesDirectional (1)
[DEBUG @ 18:49:27 | Chroma] GameCore.[40]BigTrackLaneRing(Clone).[2]NeonTubeBothSidesDirectional (1).[0]BakedBloom
[DEBUG @ 18:49:27 | Chroma] GameCore.[40]BigTrackLaneRing(Clone).[2]NeonTubeBothSidesDirectional (1).[1]BoxLight
[DEBUG @ 18:49:27 | Chroma] GameCore.[40]BigTrackLaneRing(Clone).[3]NeonTubeBothSidesDirectional (2)
[DEBUG @ 18:49:27 | Chroma] GameCore.[40]BigTrackLaneRing(Clone).[3]NeonTubeBothSidesDirectional (2).[0]BakedBloom
[DEBUG @ 18:49:27 | Chroma] GameCore.[40]BigTrackLaneRing(Clone).[3]NeonTubeBothSidesDirectional (2).[1]BoxLight
[DEBUG @ 18:49:27 | Chroma] GameCore.[40]BigTrackLaneRing(Clone).[4]NeonTubeBothSidesDirectional (3)
[DEBUG @ 18:49:27 | Chroma] GameCore.[40]BigTrackLaneRing(Clone).[4]NeonTubeBothSidesDirectional (3).[0]BakedBloom
[DEBUG @ 18:49:27 | Chroma] GameCore.[40]BigTrackLaneRing(Clone).[4]NeonTubeBothSidesDirectional (3).[1]BoxLight
[DEBUG @ 18:49:27 | Chroma] GameCore.[41]BigTrackLaneRing(Clone)
[DEBUG @ 18:49:27 | Chroma] GameCore.[41]BigTrackLaneRing(Clone).[0]Ring
[DEBUG @ 18:49:27 | Chroma] GameCore.[41]BigTrackLaneRing(Clone).[1]NeonTubeBothSidesDirectional
[DEBUG @ 18:49:27 | Chroma] GameCore.[41]BigTrackLaneRing(Clone).[1]NeonTubeBothSidesDirectional.[0]BakedBloom
[DEBUG @ 18:49:27 | Chroma] GameCore.[41]BigTrackLaneRing(Clone).[1]NeonTubeBothSidesDirectional.[1]BoxLight
[DEBUG @ 18:49:27 | Chroma] GameCore.[41]BigTrackLaneRing(Clone).[2]NeonTubeBothSidesDirectional (1)
[DEBUG @ 18:49:27 | Chroma] GameCore.[41]BigTrackLaneRing(Clone).[2]NeonTubeBothSidesDirectional (1).[0]BakedBloom
[DEBUG @ 18:49:27 | Chroma] GameCore.[41]BigTrackLaneRing(Clone).[2]NeonTubeBothSidesDirectional (1).[1]BoxLight
[DEBUG @ 18:49:27 | Chroma] GameCore.[41]BigTrackLaneRing(Clone).[3]NeonTubeBothSidesDirectional (2)
[DEBUG @ 18:49:27 | Chroma] GameCore.[41]BigTrackLaneRing(Clone).[3]NeonTubeBothSidesDirectional (2).[0]BakedBloom
[DEBUG @ 18:49:27 | Chroma] GameCore.[41]BigTrackLaneRing(Clone).[3]NeonTubeBothSidesDirectional (2).[1]BoxLight
[DEBUG @ 18:49:27 | Chroma] GameCore.[41]BigTrackLaneRing(Clone).[4]NeonTubeBothSidesDirectional (3)
[DEBUG @ 18:49:27 | Chroma] GameCore.[41]BigTrackLaneRing(Clone).[4]NeonTubeBothSidesDirectional (3).[0]BakedBloom
[DEBUG @ 18:49:27 | Chroma] GameCore.[41]BigTrackLaneRing(Clone).[4]NeonTubeBothSidesDirectional (3).[1]BoxLight
[DEBUG @ 18:49:27 | Chroma] GameCore.[42]BigTrackLaneRing(Clone)
[DEBUG @ 18:49:27 | Chroma] GameCore.[42]BigTrackLaneRing(Clone).[0]Ring
[DEBUG @ 18:49:27 | Chroma] GameCore.[42]BigTrackLaneRing(Clone).[1]NeonTubeBothSidesDirectional
[DEBUG @ 18:49:27 | Chroma] GameCore.[42]BigTrackLaneRing(Clone).[1]NeonTubeBothSidesDirectional.[0]BakedBloom
[DEBUG @ 18:49:27 | Chroma] GameCore.[42]BigTrackLaneRing(Clone).[1]NeonTubeBothSidesDirectional.[1]BoxLight
[DEBUG @ 18:49:27 | Chroma] GameCore.[42]BigTrackLaneRing(Clone).[2]NeonTubeBothSidesDirectional (1)
[DEBUG @ 18:49:27 | Chroma] GameCore.[42]BigTrackLaneRing(Clone).[2]NeonTubeBothSidesDirectional (1).[0]BakedBloom
[DEBUG @ 18:49:27 | Chroma] GameCore.[42]BigTrackLaneRing(Clone).[2]NeonTubeBothSidesDirectional (1).[1]BoxLight
[DEBUG @ 18:49:27 | Chroma] GameCore.[42]BigTrackLaneRing(Clone).[3]NeonTubeBothSidesDirectional (2)
[DEBUG @ 18:49:27 | Chroma] GameCore.[42]BigTrackLaneRing(Clone).[3]NeonTubeBothSidesDirectional (2).[0]BakedBloom
[DEBUG @ 18:49:27 | Chroma] GameCore.[42]BigTrackLaneRing(Clone).[3]NeonTubeBothSidesDirectional (2).[1]BoxLight
[DEBUG @ 18:49:27 | Chroma] GameCore.[42]BigTrackLaneRing(Clone).[4]NeonTubeBothSidesDirectional (3)
[DEBUG @ 18:49:27 | Chroma] GameCore.[42]BigTrackLaneRing(Clone).[4]NeonTubeBothSidesDirectional (3).[0]BakedBloom
[DEBUG @ 18:49:27 | Chroma] GameCore.[42]BigTrackLaneRing(Clone).[4]NeonTubeBothSidesDirectional (3).[1]BoxLight
[DEBUG @ 18:49:27 | Chroma] GameCore.[43]BigTrackLaneRing(Clone)
[DEBUG @ 18:49:27 | Chroma] GameCore.[43]BigTrackLaneRing(Clone).[0]Ring
[DEBUG @ 18:49:27 | Chroma] GameCore.[43]BigTrackLaneRing(Clone).[1]NeonTubeBothSidesDirectional
[DEBUG @ 18:49:27 | Chroma] GameCore.[43]BigTrackLaneRing(Clone).[1]NeonTubeBothSidesDirectional.[0]BakedBloom
[DEBUG @ 18:49:27 | Chroma] GameCore.[43]BigTrackLaneRing(Clone).[1]NeonTubeBothSidesDirectional.[1]BoxLight
[DEBUG @ 18:49:27 | Chroma] GameCore.[43]BigTrackLaneRing(Clone).[2]NeonTubeBothSidesDirectional (1)
[DEBUG @ 18:49:27 | Chroma] GameCore.[43]BigTrackLaneRing(Clone).[2]NeonTubeBothSidesDirectional (1).[0]BakedBloom
[DEBUG @ 18:49:27 | Chroma] GameCore.[43]BigTrackLaneRing(Clone).[2]NeonTubeBothSidesDirectional (1).[1]BoxLight
[DEBUG @ 18:49:27 | Chroma] GameCore.[43]BigTrackLaneRing(Clone).[3]NeonTubeBothSidesDirectional (2)
[DEBUG @ 18:49:27 | Chroma] GameCore.[43]BigTrackLaneRing(Clone).[3]NeonTubeBothSidesDirectional (2).[0]BakedBloom
[DEBUG @ 18:49:27 | Chroma] GameCore.[43]BigTrackLaneRing(Clone).[3]NeonTubeBothSidesDirectional (2).[1]BoxLight
[DEBUG @ 18:49:27 | Chroma] GameCore.[43]BigTrackLaneRing(Clone).[4]NeonTubeBothSidesDirectional (3)
[DEBUG @ 18:49:27 | Chroma] GameCore.[43]BigTrackLaneRing(Clone).[4]NeonTubeBothSidesDirectional (3).[0]BakedBloom
[DEBUG @ 18:49:27 | Chroma] GameCore.[43]BigTrackLaneRing(Clone).[4]NeonTubeBothSidesDirectional (3).[1]BoxLight
[DEBUG @ 18:49:27 | Chroma] GameCore.[44]BigTrackLaneRing(Clone)
[DEBUG @ 18:49:27 | Chroma] GameCore.[44]BigTrackLaneRing(Clone).[0]Ring
[DEBUG @ 18:49:27 | Chroma] GameCore.[44]BigTrackLaneRing(Clone).[1]NeonTubeBothSidesDirectional
[DEBUG @ 18:49:27 | Chroma] GameCore.[44]BigTrackLaneRing(Clone).[1]NeonTubeBothSidesDirectional.[0]BakedBloom
[DEBUG @ 18:49:27 | Chroma] GameCore.[44]BigTrackLaneRing(Clone).[1]NeonTubeBothSidesDirectional.[1]BoxLight
[DEBUG @ 18:49:27 | Chroma] GameCore.[44]BigTrackLaneRing(Clone).[2]NeonTubeBothSidesDirectional (1)
[DEBUG @ 18:49:27 | Chroma] GameCore.[44]BigTrackLaneRing(Clone).[2]NeonTubeBothSidesDirectional (1).[0]BakedBloom
[DEBUG @ 18:49:27 | Chroma] GameCore.[44]BigTrackLaneRing(Clone).[2]NeonTubeBothSidesDirectional (1).[1]BoxLight
[DEBUG @ 18:49:27 | Chroma] GameCore.[44]BigTrackLaneRing(Clone).[3]NeonTubeBothSidesDirectional (2)
[DEBUG @ 18:49:27 | Chroma] GameCore.[44]BigTrackLaneRing(Clone).[3]NeonTubeBothSidesDirectional (2).[0]BakedBloom
[DEBUG @ 18:49:27 | Chroma] GameCore.[44]BigTrackLaneRing(Clone).[3]NeonTubeBothSidesDirectional (2).[1]BoxLight
[DEBUG @ 18:49:27 | Chroma] GameCore.[44]BigTrackLaneRing(Clone).[4]NeonTubeBothSidesDirectional (3)
[DEBUG @ 18:49:27 | Chroma] GameCore.[44]BigTrackLaneRing(Clone).[4]NeonTubeBothSidesDirectional (3).[0]BakedBloom
[DEBUG @ 18:49:27 | Chroma] GameCore.[44]BigTrackLaneRing(Clone).[4]NeonTubeBothSidesDirectional (3).[1]BoxLight
[DEBUG @ 18:49:27 | Chroma] GameCore.[45]BigTrackLaneRing(Clone)
[DEBUG @ 18:49:27 | Chroma] GameCore.[45]BigTrackLaneRing(Clone).[0]Ring
[DEBUG @ 18:49:27 | Chroma] GameCore.[45]BigTrackLaneRing(Clone).[1]NeonTubeBothSidesDirectional
[DEBUG @ 18:49:27 | Chroma] GameCore.[45]BigTrackLaneRing(Clone).[1]NeonTubeBothSidesDirectional.[0]BakedBloom
[DEBUG @ 18:49:27 | Chroma] GameCore.[45]BigTrackLaneRing(Clone).[1]NeonTubeBothSidesDirectional.[1]BoxLight
[DEBUG @ 18:49:27 | Chroma] GameCore.[45]BigTrackLaneRing(Clone).[2]NeonTubeBothSidesDirectional (1)
[DEBUG @ 18:49:27 | Chroma] GameCore.[45]BigTrackLaneRing(Clone).[2]NeonTubeBothSidesDirectional (1).[0]BakedBloom
[DEBUG @ 18:49:27 | Chroma] GameCore.[45]BigTrackLaneRing(Clone).[2]NeonTubeBothSidesDirectional (1).[1]BoxLight
[DEBUG @ 18:49:27 | Chroma] GameCore.[45]BigTrackLaneRing(Clone).[3]NeonTubeBothSidesDirectional (2)
[DEBUG @ 18:49:27 | Chroma] GameCore.[45]BigTrackLaneRing(Clone).[3]NeonTubeBothSidesDirectional (2).[0]BakedBloom
[DEBUG @ 18:49:27 | Chroma] GameCore.[45]BigTrackLaneRing(Clone).[3]NeonTubeBothSidesDirectional (2).[1]BoxLight
[DEBUG @ 18:49:27 | Chroma] GameCore.[45]BigTrackLaneRing(Clone).[4]NeonTubeBothSidesDirectional (3)
[DEBUG @ 18:49:27 | Chroma] GameCore.[45]BigTrackLaneRing(Clone).[4]NeonTubeBothSidesDirectional (3).[0]BakedBloom
[DEBUG @ 18:49:27 | Chroma] GameCore.[45]BigTrackLaneRing(Clone).[4]NeonTubeBothSidesDirectional (3).[1]BoxLight
[DEBUG @ 18:49:27 | Chroma] GameCore.[46]BigTrackLaneRing(Clone)
[DEBUG @ 18:49:27 | Chroma] GameCore.[46]BigTrackLaneRing(Clone).[0]Ring
[DEBUG @ 18:49:27 | Chroma] GameCore.[46]BigTrackLaneRing(Clone).[1]NeonTubeBothSidesDirectional
[DEBUG @ 18:49:27 | Chroma] GameCore.[46]BigTrackLaneRing(Clone).[1]NeonTubeBothSidesDirectional.[0]BakedBloom
[DEBUG @ 18:49:27 | Chroma] GameCore.[46]BigTrackLaneRing(Clone).[1]NeonTubeBothSidesDirectional.[1]BoxLight
[DEBUG @ 18:49:27 | Chroma] GameCore.[46]BigTrackLaneRing(Clone).[2]NeonTubeBothSidesDirectional (1)
[DEBUG @ 18:49:27 | Chroma] GameCore.[46]BigTrackLaneRing(Clone).[2]NeonTubeBothSidesDirectional (1).[0]BakedBloom
[DEBUG @ 18:49:27 | Chroma] GameCore.[46]BigTrackLaneRing(Clone).[2]NeonTubeBothSidesDirectional (1).[1]BoxLight
[DEBUG @ 18:49:27 | Chroma] GameCore.[46]BigTrackLaneRing(Clone).[3]NeonTubeBothSidesDirectional (2)
[DEBUG @ 18:49:27 | Chroma] GameCore.[46]BigTrackLaneRing(Clone).[3]NeonTubeBothSidesDirectional (2).[0]BakedBloom
[DEBUG @ 18:49:27 | Chroma] GameCore.[46]BigTrackLaneRing(Clone).[3]NeonTubeBothSidesDirectional (2).[1]BoxLight
[DEBUG @ 18:49:27 | Chroma] GameCore.[46]BigTrackLaneRing(Clone).[4]NeonTubeBothSidesDirectional (3)
[DEBUG @ 18:49:27 | Chroma] GameCore.[46]BigTrackLaneRing(Clone).[4]NeonTubeBothSidesDirectional (3).[0]BakedBloom
[DEBUG @ 18:49:27 | Chroma] GameCore.[46]BigTrackLaneRing(Clone).[4]NeonTubeBothSidesDirectional (3).[1]BoxLight
[DEBUG @ 18:49:27 | Chroma] GameCore.[47]BigTrackLaneRing(Clone)
[DEBUG @ 18:49:27 | Chroma] GameCore.[47]BigTrackLaneRing(Clone).[0]Ring
[DEBUG @ 18:49:27 | Chroma] GameCore.[47]BigTrackLaneRing(Clone).[1]NeonTubeBothSidesDirectional
[DEBUG @ 18:49:27 | Chroma] GameCore.[47]BigTrackLaneRing(Clone).[1]NeonTubeBothSidesDirectional.[0]BakedBloom
[DEBUG @ 18:49:27 | Chroma] GameCore.[47]BigTrackLaneRing(Clone).[1]NeonTubeBothSidesDirectional.[1]BoxLight
[DEBUG @ 18:49:27 | Chroma] GameCore.[47]BigTrackLaneRing(Clone).[2]NeonTubeBothSidesDirectional (1)
[DEBUG @ 18:49:27 | Chroma] GameCore.[47]BigTrackLaneRing(Clone).[2]NeonTubeBothSidesDirectional (1).[0]BakedBloom
[DEBUG @ 18:49:27 | Chroma] GameCore.[47]BigTrackLaneRing(Clone).[2]NeonTubeBothSidesDirectional (1).[1]BoxLight
[DEBUG @ 18:49:27 | Chroma] GameCore.[47]BigTrackLaneRing(Clone).[3]NeonTubeBothSidesDirectional (2)
[DEBUG @ 18:49:27 | Chroma] GameCore.[47]BigTrackLaneRing(Clone).[3]NeonTubeBothSidesDirectional (2).[0]BakedBloom
[DEBUG @ 18:49:27 | Chroma] GameCore.[47]BigTrackLaneRing(Clone).[3]NeonTubeBothSidesDirectional (2).[1]BoxLight
[DEBUG @ 18:49:27 | Chroma] GameCore.[47]BigTrackLaneRing(Clone).[4]NeonTubeBothSidesDirectional (3)
[DEBUG @ 18:49:27 | Chroma] GameCore.[47]BigTrackLaneRing(Clone).[4]NeonTubeBothSidesDirectional (3).[0]BakedBloom
[DEBUG @ 18:49:27 | Chroma] GameCore.[47]BigTrackLaneRing(Clone).[4]NeonTubeBothSidesDirectional (3).[1]BoxLight
[DEBUG @ 18:49:27 | Chroma] GameCore.[48]BigTrackLaneRing(Clone)
[DEBUG @ 18:49:27 | Chroma] GameCore.[48]BigTrackLaneRing(Clone).[0]Ring
[DEBUG @ 18:49:27 | Chroma] GameCore.[48]BigTrackLaneRing(Clone).[1]NeonTubeBothSidesDirectional
[DEBUG @ 18:49:27 | Chroma] GameCore.[48]BigTrackLaneRing(Clone).[1]NeonTubeBothSidesDirectional.[0]BakedBloom
[DEBUG @ 18:49:27 | Chroma] GameCore.[48]BigTrackLaneRing(Clone).[1]NeonTubeBothSidesDirectional.[1]BoxLight
[DEBUG @ 18:49:27 | Chroma] GameCore.[48]BigTrackLaneRing(Clone).[2]NeonTubeBothSidesDirectional (1)
[DEBUG @ 18:49:27 | Chroma] GameCore.[48]BigTrackLaneRing(Clone).[2]NeonTubeBothSidesDirectional (1).[0]BakedBloom
[DEBUG @ 18:49:27 | Chroma] GameCore.[48]BigTrackLaneRing(Clone).[2]NeonTubeBothSidesDirectional (1).[1]BoxLight
[DEBUG @ 18:49:27 | Chroma] GameCore.[48]BigTrackLaneRing(Clone).[3]NeonTubeBothSidesDirectional (2)
[DEBUG @ 18:49:27 | Chroma] GameCore.[48]BigTrackLaneRing(Clone).[3]NeonTubeBothSidesDirectional (2).[0]BakedBloom
[DEBUG @ 18:49:27 | Chroma] GameCore.[48]BigTrackLaneRing(Clone).[3]NeonTubeBothSidesDirectional (2).[1]BoxLight
[DEBUG @ 18:49:27 | Chroma] GameCore.[48]BigTrackLaneRing(Clone).[4]NeonTubeBothSidesDirectional (3)
[DEBUG @ 18:49:27 | Chroma] GameCore.[48]BigTrackLaneRing(Clone).[4]NeonTubeBothSidesDirectional (3).[0]BakedBloom
[DEBUG @ 18:49:27 | Chroma] GameCore.[48]BigTrackLaneRing(Clone).[4]NeonTubeBothSidesDirectional (3).[1]BoxLight
[DEBUG @ 18:49:27 | Chroma] GameCore.[5]PanelsTrackLaneRing(Clone)
[DEBUG @ 18:49:27 | Chroma] GameCore.[5]PanelsTrackLaneRing(Clone).[0]Ring
[DEBUG @ 18:49:27 | Chroma] GameCore.[6]PanelsTrackLaneRing(Clone)
[DEBUG @ 18:49:27 | Chroma] GameCore.[6]PanelsTrackLaneRing(Clone).[0]Ring
[DEBUG @ 18:49:27 | Chroma] GameCore.[7]PanelsTrackLaneRing(Clone)
[DEBUG @ 18:49:27 | Chroma] GameCore.[7]PanelsTrackLaneRing(Clone).[0]Ring
[DEBUG @ 18:49:27 | Chroma] GameCore.[8]PanelsTrackLaneRing(Clone)
[DEBUG @ 18:49:27 | Chroma] GameCore.[8]PanelsTrackLaneRing(Clone).[0]Ring
[DEBUG @ 18:49:27 | Chroma] GameCore.[9]PanelsTrackLaneRing(Clone)
[DEBUG @ 18:49:27 | Chroma] GameCore.[9]PanelsTrackLaneRing(Clone).[0]Ring