[DEBUG @ 19:51:30 | Chroma] FitBeatEnvironment.[0]Environment
[DEBUG @ 19:51:30 | Chroma] FitBeatEnvironment.[0]Environment.[0]DecoratorContext
[DEBUG @ 19:51:30 | Chroma] FitBeatEnvironment.[0]Environment.[1]====== STATIC ======
[DEBUG @ 19:51:30 | Chroma] FitBeatEnvironment.[0]Environment.[10]PanelsLightsTrackLaneRings
[DEBUG @ 19:51:30 | Chroma] FitBeatEnvironment.[0]Environment.[11]BigCenterLightsTrackLaneRings
[DEBUG @ 19:51:30 | Chroma] FitBeatEnvironment.[0]Environment.[12]BigSmokePS
[DEBUG @ 19:51:30 | Chroma] FitBeatEnvironment.[0]Environment.[13]CoreLighting
[DEBUG @ 19:51:30 | Chroma] FitBeatEnvironment.[0]Environment.[13]CoreLighting.[0]LightManager
[DEBUG @ 19:51:30 | Chroma] FitBeatEnvironment.[0]Environment.[13]CoreLighting.[1]LightWrapper0
[DEBUG @ 19:51:30 | Chroma] FitBeatEnvironment.[0]Environment.[13]CoreLighting.[1]LightWrapper0.[0]DirectionalLight
[DEBUG @ 19:51:30 | Chroma] FitBeatEnvironment.[0]Environment.[13]CoreLighting.[2]LightWrapper1
[DEBUG @ 19:51:30 | Chroma] FitBeatEnvironment.[0]Environment.[13]CoreLighting.[2]LightWrapper1.[0]DirectionalLight
[DEBUG @ 19:51:30 | Chroma] FitBeatEnvironment.[0]Environment.[13]CoreLighting.[3]DirectionalLight
[DEBUG @ 19:51:30 | Chroma] FitBeatEnvironment.[0]Environment.[13]CoreLighting.[4]DirectionalLight
[DEBUG @ 19:51:30 | Chroma] FitBeatEnvironment.[0]Environment.[13]CoreLighting.[5]DirectionalLight
[DEBUG @ 19:51:30 | Chroma] FitBeatEnvironment.[0]Environment.[14]LightEffects
[DEBUG @ 19:51:30 | Chroma] FitBeatEnvironment.[0]Environment.[15]LightWithIdManager
[DEBUG @ 19:51:30 | Chroma] FitBeatEnvironment.[0]Environment.[16]FrontLights
[DEBUG @ 19:51:30 | Chroma] FitBeatEnvironment.[0]Environment.[16]FrontLights.[0]NeonTube
[DEBUG @ 19:51:30 | Chroma] FitBeatEnvironment.[0]Environment.[16]FrontLights.[0]NeonTube.[0]BakedBloom
[DEBUG @ 19:51:30 | Chroma] FitBeatEnvironment.[0]Environment.[16]FrontLights.[0]NeonTube.[1]BoxLight
[DEBUG @ 19:51:30 | Chroma] FitBeatEnvironment.[0]Environment.[16]FrontLights.[1]NeonTube (1)
[DEBUG @ 19:51:30 | Chroma] FitBeatEnvironment.[0]Environment.[16]FrontLights.[1]NeonTube (1).[0]BakedBloom
[DEBUG @ 19:51:30 | Chroma] FitBeatEnvironment.[0]Environment.[16]FrontLights.[1]NeonTube (1).[1]BoxLight
[DEBUG @ 19:51:30 | Chroma] FitBeatEnvironment.[0]Environment.[17]RotatingLasersPair
[DEBUG @ 19:51:30 | Chroma] FitBeatEnvironment.[0]Environment.[17]RotatingLasersPair.[0]BaseL
[DEBUG @ 19:51:30 | Chroma] FitBeatEnvironment.[0]Environment.[17]RotatingLasersPair.[0]BaseL.[0]Laser
[DEBUG @ 19:51:30 | Chroma] FitBeatEnvironment.[0]Environment.[17]RotatingLasersPair.[0]BaseL.[0]Laser.[0]BakedBloom
[DEBUG @ 19:51:30 | Chroma] FitBeatEnvironment.[0]Environment.[17]RotatingLasersPair.[0]BaseL.[0]Laser.[1]BoxLight
[DEBUG @ 19:51:30 | Chroma] FitBeatEnvironment.[0]Environment.[17]RotatingLasersPair.[1]BaseR
[DEBUG @ 19:51:30 | Chroma] FitBeatEnvironment.[0]Environment.[17]RotatingLasersPair.[1]BaseR.[0]Laser
[DEBUG @ 19:51:30 | Chroma] FitBeatEnvironment.[0]Environment.[17]RotatingLasersPair.[1]BaseR.[0]Laser.[0]BakedBloom
[DEBUG @ 19:51:30 | Chroma] FitBeatEnvironment.[0]Environment.[17]RotatingLasersPair.[1]BaseR.[0]Laser.[1]BoxLight
[DEBUG @ 19:51:30 | Chroma] FitBeatEnvironment.[0]Environment.[18]RotatingLasersPair (1)
[DEBUG @ 19:51:30 | Chroma] FitBeatEnvironment.[0]Environment.[18]RotatingLasersPair (1).[0]BaseL
[DEBUG @ 19:51:30 | Chroma] FitBeatEnvironment.[0]Environment.[18]RotatingLasersPair (1).[0]BaseL.[0]Laser
[DEBUG @ 19:51:30 | Chroma] FitBeatEnvironment.[0]Environment.[18]RotatingLasersPair (1).[0]BaseL.[0]Laser.[0]BakedBloom
[DEBUG @ 19:51:30 | Chroma] FitBeatEnvironment.[0]Environment.[18]RotatingLasersPair (1).[0]BaseL.[0]Laser.[1]BoxLight
[DEBUG @ 19:51:30 | Chroma] FitBeatEnvironment.[0]Environment.[18]RotatingLasersPair (1).[1]BaseR
[DEBUG @ 19:51:30 | Chroma] FitBeatEnvironment.[0]Environment.[18]RotatingLasersPair (1).[1]BaseR.[0]Laser
[DEBUG @ 19:51:30 | Chroma] FitBeatEnvironment.[0]Environment.[18]RotatingLasersPair (1).[1]BaseR.[0]Laser.[0]BakedBloom
[DEBUG @ 19:51:30 | Chroma] FitBeatEnvironment.[0]Environment.[18]RotatingLasersPair (1).[1]BaseR.[0]Laser.[1]BoxLight
[DEBUG @ 19:51:30 | Chroma] FitBeatEnvironment.[0]Environment.[19]RotatingLasersPair (2)
[DEBUG @ 19:51:30 | Chroma] FitBeatEnvironment.[0]Environment.[19]RotatingLasersPair (2).[0]BaseL
[DEBUG @ 19:51:30 | Chroma] FitBeatEnvironment.[0]Environment.[19]RotatingLasersPair (2).[0]BaseL.[0]Laser
[DEBUG @ 19:51:30 | Chroma] FitBeatEnvironment.[0]Environment.[19]RotatingLasersPair (2).[0]BaseL.[0]Laser.[0]BakedBloom
[DEBUG @ 19:51:30 | Chroma] FitBeatEnvironment.[0]Environment.[19]RotatingLasersPair (2).[0]BaseL.[0]Laser.[1]BoxLight
[DEBUG @ 19:51:30 | Chroma] FitBeatEnvironment.[0]Environment.[19]RotatingLasersPair (2).[1]BaseR
[DEBUG @ 19:51:30 | Chroma] FitBeatEnvironment.[0]Environment.[19]RotatingLasersPair (2).[1]BaseR.[0]Laser
[DEBUG @ 19:51:30 | Chroma] FitBeatEnvironment.[0]Environment.[19]RotatingLasersPair (2).[1]BaseR.[0]Laser.[0]BakedBloom
[DEBUG @ 19:51:30 | Chroma] FitBeatEnvironment.[0]Environment.[19]RotatingLasersPair (2).[1]BaseR.[0]Laser.[1]BoxLight
[DEBUG @ 19:51:30 | Chroma] FitBeatEnvironment.[0]Environment.[2]PlayersPlace
[DEBUG @ 19:51:30 | Chroma] FitBeatEnvironment.[0]Environment.[2]PlayersPlace.[0]Mirror
[DEBUG @ 19:51:30 | Chroma] FitBeatEnvironment.[0]Environment.[2]PlayersPlace.[1]Feet
[DEBUG @ 19:51:30 | Chroma] FitBeatEnvironment.[0]Environment.[2]PlayersPlace.[2]Construction
[DEBUG @ 19:51:30 | Chroma] FitBeatEnvironment.[0]Environment.[2]PlayersPlace.[3]RectangleFakeGlow
[DEBUG @ 19:51:30 | Chroma] FitBeatEnvironment.[0]Environment.[2]PlayersPlace.[4]Frame
[DEBUG @ 19:51:30 | Chroma] FitBeatEnvironment.[0]Environment.[2]PlayersPlace.[5]SaberBurnMarksParticles
[DEBUG @ 19:51:30 | Chroma] FitBeatEnvironment.[0]Environment.[2]PlayersPlace.[5]SaberBurnMarksParticles.[0]SaberBurnMarkSparklePS
[DEBUG @ 19:51:30 | Chroma] FitBeatEnvironment.[0]Environment.[2]PlayersPlace.[6]SaberBurnMarksArea
[DEBUG @ 19:51:30 | Chroma] FitBeatEnvironment.[0]Environment.[2]PlayersPlace.[7]Collider
[DEBUG @ 19:51:30 | Chroma] FitBeatEnvironment.[0]Environment.[20]RotatingLasersPair (3)
[DEBUG @ 19:51:30 | Chroma] FitBeatEnvironment.[0]Environment.[20]RotatingLasersPair (3).[0]BaseL
[DEBUG @ 19:51:30 | Chroma] FitBeatEnvironment.[0]Environment.[20]RotatingLasersPair (3).[0]BaseL.[0]Laser
[DEBUG @ 19:51:30 | Chroma] FitBeatEnvironment.[0]Environment.[20]RotatingLasersPair (3).[0]BaseL.[0]Laser.[0]BakedBloom
[DEBUG @ 19:51:30 | Chroma] FitBeatEnvironment.[0]Environment.[20]RotatingLasersPair (3).[0]BaseL.[0]Laser.[1]BoxLight
[DEBUG @ 19:51:30 | Chroma] FitBeatEnvironment.[0]Environment.[20]RotatingLasersPair (3).[1]BaseR
[DEBUG @ 19:51:30 | Chroma] FitBeatEnvironment.[0]Environment.[20]RotatingLasersPair (3).[1]BaseR.[0]Laser
[DEBUG @ 19:51:30 | Chroma] FitBeatEnvironment.[0]Environment.[20]RotatingLasersPair (3).[1]BaseR.[0]Laser.[0]BakedBloom
[DEBUG @ 19:51:30 | Chroma] FitBeatEnvironment.[0]Environment.[20]RotatingLasersPair (3).[1]BaseR.[0]Laser.[1]BoxLight
[DEBUG @ 19:51:30 | Chroma] FitBeatEnvironment.[0]Environment.[21]RotatingLasersPair (4)
[DEBUG @ 19:51:30 | Chroma] FitBeatEnvironment.[0]Environment.[21]RotatingLasersPair (4).[0]BaseL
[DEBUG @ 19:51:30 | Chroma] FitBeatEnvironment.[0]Environment.[21]RotatingLasersPair (4).[0]BaseL.[0]Laser
[DEBUG @ 19:51:30 | Chroma] FitBeatEnvironment.[0]Environment.[21]RotatingLasersPair (4).[0]BaseL.[0]Laser.[0]BakedBloom
[DEBUG @ 19:51:30 | Chroma] FitBeatEnvironment.[0]Environment.[21]RotatingLasersPair (4).[0]BaseL.[0]Laser.[1]BoxLight
[DEBUG @ 19:51:30 | Chroma] FitBeatEnvironment.[0]Environment.[21]RotatingLasersPair (4).[1]BaseR
[DEBUG @ 19:51:30 | Chroma] FitBeatEnvironment.[0]Environment.[21]RotatingLasersPair (4).[1]BaseR.[0]Laser
[DEBUG @ 19:51:30 | Chroma] FitBeatEnvironment.[0]Environment.[21]RotatingLasersPair (4).[1]BaseR.[0]Laser.[0]BakedBloom
[DEBUG @ 19:51:30 | Chroma] FitBeatEnvironment.[0]Environment.[21]RotatingLasersPair (4).[1]BaseR.[0]Laser.[1]BoxLight
[DEBUG @ 19:51:30 | Chroma] FitBeatEnvironment.[0]Environment.[22]GradientBackground
[DEBUG @ 19:51:30 | Chroma] FitBeatEnvironment.[0]Environment.[23]RotatingLasersPair (5)
[DEBUG @ 19:51:30 | Chroma] FitBeatEnvironment.[0]Environment.[23]RotatingLasersPair (5).[0]BaseL
[DEBUG @ 19:51:30 | Chroma] FitBeatEnvironment.[0]Environment.[23]RotatingLasersPair (5).[0]BaseL.[0]Laser
[DEBUG @ 19:51:30 | Chroma] FitBeatEnvironment.[0]Environment.[23]RotatingLasersPair (5).[0]BaseL.[0]Laser.[0]BakedBloom
[DEBUG @ 19:51:30 | Chroma] FitBeatEnvironment.[0]Environment.[23]RotatingLasersPair (5).[0]BaseL.[0]Laser.[1]BoxLight
[DEBUG @ 19:51:30 | Chroma] FitBeatEnvironment.[0]Environment.[23]RotatingLasersPair (5).[1]BaseR
[DEBUG @ 19:51:30 | Chroma] FitBeatEnvironment.[0]Environment.[23]RotatingLasersPair (5).[1]BaseR.[0]Laser
[DEBUG @ 19:51:30 | Chroma] FitBeatEnvironment.[0]Environment.[23]RotatingLasersPair (5).[1]BaseR.[0]Laser.[0]BakedBloom
[DEBUG @ 19:51:30 | Chroma] FitBeatEnvironment.[0]Environment.[23]RotatingLasersPair (5).[1]BaseR.[0]Laser.[1]BoxLight
[DEBUG @ 19:51:30 | Chroma] FitBeatEnvironment.[0]Environment.[24]RotatingLasersPair (6)
[DEBUG @ 19:51:30 | Chroma] FitBeatEnvironment.[0]Environment.[24]RotatingLasersPair (6).[0]BaseL
[DEBUG @ 19:51:30 | Chroma] FitBeatEnvironment.[0]Environment.[24]RotatingLasersPair (6).[0]BaseL.[0]Laser
[DEBUG @ 19:51:30 | Chroma] FitBeatEnvironment.[0]Environment.[24]RotatingLasersPair (6).[0]BaseL.[0]Laser.[0]BakedBloom
[DEBUG @ 19:51:30 | Chroma] FitBeatEnvironment.[0]Environment.[24]RotatingLasersPair (6).[0]BaseL.[0]Laser.[1]BoxLight
[DEBUG @ 19:51:30 | Chroma] FitBeatEnvironment.[0]Environment.[24]RotatingLasersPair (6).[1]BaseR
[DEBUG @ 19:51:30 | Chroma] FitBeatEnvironment.[0]Environment.[24]RotatingLasersPair (6).[1]BaseR.[0]Laser
[DEBUG @ 19:51:30 | Chroma] FitBeatEnvironment.[0]Environment.[24]RotatingLasersPair (6).[1]BaseR.[0]Laser.[0]BakedBloom
[DEBUG @ 19:51:30 | Chroma] FitBeatEnvironment.[0]Environment.[24]RotatingLasersPair (6).[1]BaseR.[0]Laser.[1]BoxLight
[DEBUG @ 19:51:30 | Chroma] FitBeatEnvironment.[0]Environment.[25]RotatingLasersPair (7)
[DEBUG @ 19:51:30 | Chroma] FitBeatEnvironment.[0]Environment.[25]RotatingLasersPair (7).[0]BaseL
[DEBUG @ 19:51:30 | Chroma] FitBeatEnvironment.[0]Environment.[25]RotatingLasersPair (7).[0]BaseL.[0]Laser
[DEBUG @ 19:51:30 | Chroma] FitBeatEnvironment.[0]Environment.[25]RotatingLasersPair (7).[0]BaseL.[0]Laser.[0]BakedBloom
[DEBUG @ 19:51:30 | Chroma] FitBeatEnvironment.[0]Environment.[25]RotatingLasersPair (7).[0]BaseL.[0]Laser.[1]BoxLight
[DEBUG @ 19:51:30 | Chroma] FitBeatEnvironment.[0]Environment.[25]RotatingLasersPair (7).[1]BaseR
[DEBUG @ 19:51:30 | Chroma] FitBeatEnvironment.[0]Environment.[25]RotatingLasersPair (7).[1]BaseR.[0]Laser
[DEBUG @ 19:51:30 | Chroma] FitBeatEnvironment.[0]Environment.[25]RotatingLasersPair (7).[1]BaseR.[0]Laser.[0]BakedBloom
[DEBUG @ 19:51:30 | Chroma] FitBeatEnvironment.[0]Environment.[25]RotatingLasersPair (7).[1]BaseR.[0]Laser.[1]BoxLight
[DEBUG @ 19:51:30 | Chroma] FitBeatEnvironment.[0]Environment.[26]BakedReflectionProbe
[DEBUG @ 19:51:30 | Chroma] FitBeatEnvironment.[0]Environment.[27]BSBakedLightingLightWithIds
[DEBUG @ 19:51:30 | Chroma] FitBeatEnvironment.[0]Environment.[28]FakeMirrorSettings
[DEBUG @ 19:51:30 | Chroma] FitBeatEnvironment.[0]Environment.[29]BakedReflectionProbeInstaller
[DEBUG @ 19:51:30 | Chroma] FitBeatEnvironment.[0]Environment.[3]TrackMirror
[DEBUG @ 19:51:30 | Chroma] FitBeatEnvironment.[0]Environment.[3]TrackMirror.[0]TrackMirrorSetDepth
[DEBUG @ 19:51:30 | Chroma] FitBeatEnvironment.[0]Environment.[4]TrackConstruction
[DEBUG @ 19:51:30 | Chroma] FitBeatEnvironment.[0]Environment.[5]====== DYNAMIC ======
[DEBUG @ 19:51:30 | Chroma] FitBeatEnvironment.[0]Environment.[6]NarrowGameHUD
[DEBUG @ 19:51:30 | Chroma] FitBeatEnvironment.[0]Environment.[6]NarrowGameHUD.[0]EnergyPanel
[DEBUG @ 19:51:30 | Chroma] FitBeatEnvironment.[0]Environment.[6]NarrowGameHUD.[0]EnergyPanel.[0]BG
[DEBUG @ 19:51:30 | Chroma] FitBeatEnvironment.[0]Environment.[6]NarrowGameHUD.[0]EnergyPanel.[1]BarBG
[DEBUG @ 19:51:30 | Chroma] FitBeatEnvironment.[0]Environment.[6]NarrowGameHUD.[0]EnergyPanel.[2]EnergyIconEmpty
[DEBUG @ 19:51:30 | Chroma] FitBeatEnvironment.[0]Environment.[6]NarrowGameHUD.[0]EnergyPanel.[3]EnergyIconFull
[DEBUG @ 19:51:30 | Chroma] FitBeatEnvironment.[0]Environment.[6]NarrowGameHUD.[0]EnergyPanel.[4]EnergyBarWrapper
[DEBUG @ 19:51:30 | Chroma] FitBeatEnvironment.[0]Environment.[6]NarrowGameHUD.[0]EnergyPanel.[4]EnergyBarWrapper.[0]EnergyBar
[DEBUG @ 19:51:30 | Chroma] FitBeatEnvironment.[0]Environment.[6]NarrowGameHUD.[0]EnergyPanel.[5]Laser
[DEBUG @ 19:51:30 | Chroma] FitBeatEnvironment.[0]Environment.[6]NarrowGameHUD.[0]EnergyPanel.[5]Laser.[0]BoxLight
[DEBUG @ 19:51:30 | Chroma] FitBeatEnvironment.[0]Environment.[6]NarrowGameHUD.[0]EnergyPanel.[5]Laser.[1]BakedBloom
[DEBUG @ 19:51:30 | Chroma] FitBeatEnvironment.[0]Environment.[6]NarrowGameHUD.[0]EnergyPanel.[6]FailIcon
[DEBUG @ 19:51:30 | Chroma] FitBeatEnvironment.[0]Environment.[6]NarrowGameHUD.[1]LeftPanel
[DEBUG @ 19:51:30 | Chroma] FitBeatEnvironment.[0]Environment.[6]NarrowGameHUD.[1]LeftPanel.[0]ComboPanel
[DEBUG @ 19:51:30 | Chroma] FitBeatEnvironment.[0]Environment.[6]NarrowGameHUD.[1]LeftPanel.[0]ComboPanel.[0]ComboText
[DEBUG @ 19:51:30 | Chroma] FitBeatEnvironment.[0]Environment.[6]NarrowGameHUD.[1]LeftPanel.[0]ComboPanel.[1]ComboCanvas
[DEBUG @ 19:51:30 | Chroma] FitBeatEnvironment.[0]Environment.[6]NarrowGameHUD.[1]LeftPanel.[0]ComboPanel.[1]ComboCanvas.[0]NumText
[DEBUG @ 19:51:30 | Chroma] FitBeatEnvironment.[0]Environment.[6]NarrowGameHUD.[1]LeftPanel.[0]ComboPanel.[2]Line0
[DEBUG @ 19:51:30 | Chroma] FitBeatEnvironment.[0]Environment.[6]NarrowGameHUD.[1]LeftPanel.[0]ComboPanel.[3]Line1
[DEBUG @ 19:51:30 | Chroma] FitBeatEnvironment.[0]Environment.[6]NarrowGameHUD.[1]LeftPanel.[1]ScoreCanvas
[DEBUG @ 19:51:30 | Chroma] FitBeatEnvironment.[0]Environment.[6]NarrowGameHUD.[1]LeftPanel.[1]ScoreCanvas.[0]ScoreText
[DEBUG @ 19:51:30 | Chroma] FitBeatEnvironment.[0]Environment.[6]NarrowGameHUD.[1]LeftPanel.[1]ScoreCanvas.[1]ImmediateRankText
[DEBUG @ 19:51:30 | Chroma] FitBeatEnvironment.[0]Environment.[6]NarrowGameHUD.[1]LeftPanel.[1]ScoreCanvas.[2]RelativeScoreText
[DEBUG @ 19:51:30 | Chroma] FitBeatEnvironment.[0]Environment.[6]NarrowGameHUD.[2]RightPanel
[DEBUG @ 19:51:30 | Chroma] FitBeatEnvironment.[0]Environment.[6]NarrowGameHUD.[2]RightPanel.[0]MultiplierCanvas
[DEBUG @ 19:51:30 | Chroma] FitBeatEnvironment.[0]Environment.[6]NarrowGameHUD.[2]RightPanel.[0]MultiplierCanvas.[0]BGCircle
[DEBUG @ 19:51:30 | Chroma] FitBeatEnvironment.[0]Environment.[6]NarrowGameHUD.[2]RightPanel.[0]MultiplierCanvas.[1]FGCircle
[DEBUG @ 19:51:30 | Chroma] FitBeatEnvironment.[0]Environment.[6]NarrowGameHUD.[2]RightPanel.[0]MultiplierCanvas.[2]AnimationCircle
[DEBUG @ 19:51:30 | Chroma] FitBeatEnvironment.[0]Environment.[6]NarrowGameHUD.[2]RightPanel.[0]MultiplierCanvas.[3]TextOverlayPanelOutline1
[DEBUG @ 19:51:30 | Chroma] FitBeatEnvironment.[0]Environment.[6]NarrowGameHUD.[2]RightPanel.[0]MultiplierCanvas.[3]TextOverlayPanelOutline1.[0]XText
[DEBUG @ 19:51:30 | Chroma] FitBeatEnvironment.[0]Environment.[6]NarrowGameHUD.[2]RightPanel.[0]MultiplierCanvas.[3]TextOverlayPanelOutline1.[1]NumText
[DEBUG @ 19:51:30 | Chroma] FitBeatEnvironment.[0]Environment.[6]NarrowGameHUD.[2]RightPanel.[0]MultiplierCanvas.[4]TextOverlayPanelOutline0
[DEBUG @ 19:51:30 | Chroma] FitBeatEnvironment.[0]Environment.[6]NarrowGameHUD.[2]RightPanel.[0]MultiplierCanvas.[4]TextOverlayPanelOutline0.[0]XText
[DEBUG @ 19:51:30 | Chroma] FitBeatEnvironment.[0]Environment.[6]NarrowGameHUD.[2]RightPanel.[0]MultiplierCanvas.[4]TextOverlayPanelOutline0.[1]NumText
[DEBUG @ 19:51:30 | Chroma] FitBeatEnvironment.[0]Environment.[6]NarrowGameHUD.[2]RightPanel.[0]MultiplierCanvas.[5]TextPanel
[DEBUG @ 19:51:30 | Chroma] FitBeatEnvironment.[0]Environment.[6]NarrowGameHUD.[2]RightPanel.[0]MultiplierCanvas.[5]TextPanel.[0]XText
[DEBUG @ 19:51:30 | Chroma] FitBeatEnvironment.[0]Environment.[6]NarrowGameHUD.[2]RightPanel.[0]MultiplierCanvas.[5]TextPanel.[1]NumText
[DEBUG @ 19:51:30 | Chroma] FitBeatEnvironment.[0]Environment.[6]NarrowGameHUD.[2]RightPanel.[1]SongProgressCanvas
[DEBUG @ 19:51:30 | Chroma] FitBeatEnvironment.[0]Environment.[6]NarrowGameHUD.[2]RightPanel.[1]SongProgressCanvas.[0]Progress
[DEBUG @ 19:51:30 | Chroma] FitBeatEnvironment.[0]Environment.[6]NarrowGameHUD.[2]RightPanel.[1]SongProgressCanvas.[1]Slider
[DEBUG @ 19:51:30 | Chroma] FitBeatEnvironment.[0]Environment.[6]NarrowGameHUD.[2]RightPanel.[1]SongProgressCanvas.[1]Slider.[0]Background
[DEBUG @ 19:51:30 | Chroma] FitBeatEnvironment.[0]Environment.[6]NarrowGameHUD.[2]RightPanel.[1]SongProgressCanvas.[1]Slider.[1]Handle Slide Area
[DEBUG @ 19:51:30 | Chroma] FitBeatEnvironment.[0]Environment.[6]NarrowGameHUD.[2]RightPanel.[1]SongProgressCanvas.[1]Slider.[1]Handle Slide Area.[0]Handle
[DEBUG @ 19:51:30 | Chroma] FitBeatEnvironment.[0]Environment.[6]NarrowGameHUD.[2]RightPanel.[1]SongProgressCanvas.[2]DurationMinutes
[DEBUG @ 19:51:30 | Chroma] FitBeatEnvironment.[0]Environment.[6]NarrowGameHUD.[2]RightPanel.[1]SongProgressCanvas.[3]DurationSeconds
[DEBUG @ 19:51:30 | Chroma] FitBeatEnvironment.[0]Environment.[6]NarrowGameHUD.[2]RightPanel.[1]SongProgressCanvas.[4]ProgressMinutes
[DEBUG @ 19:51:30 | Chroma] FitBeatEnvironment.[0]Environment.[6]NarrowGameHUD.[2]RightPanel.[1]SongProgressCanvas.[5]ProgressSeconds
[DEBUG @ 19:51:30 | Chroma] FitBeatEnvironment.[0]Environment.[6]NarrowGameHUD.[2]RightPanel.[1]SongProgressCanvas.[6]BG
[DEBUG @ 19:51:30 | Chroma] FitBeatEnvironment.[0]Environment.[7]DustPS
[DEBUG @ 19:51:30 | Chroma] FitBeatEnvironment.[0]Environment.[8]====== LIGHTS ======
[DEBUG @ 19:51:30 | Chroma] FitBeatEnvironment.[0]Environment.[9]Spectrograms
[DEBUG @ 19:51:30 | Chroma] FitBeatEnvironment.[0]Environment.[9]Spectrograms.[0]Spectrogram1
[DEBUG @ 19:51:30 | Chroma] FitBeatEnvironment.[0]Environment.[9]Spectrograms.[1]Spectrogram0
[DEBUG @ 19:51:30 | Chroma] FitBeatEnvironment.[0]Environment.[9]Spectrograms.[2]Spectrogram1
[DEBUG @ 19:51:30 | Chroma] FitBeatEnvironment.[0]Environment.[9]Spectrograms.[3]Spectrogram0
[DEBUG @ 19:51:30 | Chroma] GameCore.[1]PanelLightTrackLaneRing(Clone)
[DEBUG @ 19:51:30 | Chroma] GameCore.[1]PanelLightTrackLaneRing(Clone).[0]Ring
[DEBUG @ 19:51:30 | Chroma] GameCore.[1]PanelLightTrackLaneRing(Clone).[1]Neon
[DEBUG @ 19:51:30 | Chroma] GameCore.[1]PanelLightTrackLaneRing(Clone).[1]Neon.[0]BoxLight
[DEBUG @ 19:51:30 | Chroma] GameCore.[1]PanelLightTrackLaneRing(Clone).[1]Neon.[1]BakedBloom
[DEBUG @ 19:51:30 | Chroma] GameCore.[1]PanelLightTrackLaneRing(Clone).[2]Neon (1)
[DEBUG @ 19:51:30 | Chroma] GameCore.[1]PanelLightTrackLaneRing(Clone).[2]Neon (1).[0]BoxLight
[DEBUG @ 19:51:30 | Chroma] GameCore.[1]PanelLightTrackLaneRing(Clone).[2]Neon (1).[1]BakedBloom
[DEBUG @ 19:51:30 | Chroma] GameCore.[10]PanelLightTrackLaneRing(Clone)
[DEBUG @ 19:51:30 | Chroma] GameCore.[10]PanelLightTrackLaneRing(Clone).[0]Ring
[DEBUG @ 19:51:30 | Chroma] GameCore.[10]PanelLightTrackLaneRing(Clone).[1]Neon
[DEBUG @ 19:51:30 | Chroma] GameCore.[10]PanelLightTrackLaneRing(Clone).[1]Neon.[0]BoxLight
[DEBUG @ 19:51:30 | Chroma] GameCore.[10]PanelLightTrackLaneRing(Clone).[1]Neon.[1]BakedBloom
[DEBUG @ 19:51:30 | Chroma] GameCore.[10]PanelLightTrackLaneRing(Clone).[2]Neon (1)
[DEBUG @ 19:51:30 | Chroma] GameCore.[10]PanelLightTrackLaneRing(Clone).[2]Neon (1).[0]BoxLight
[DEBUG @ 19:51:30 | Chroma] GameCore.[10]PanelLightTrackLaneRing(Clone).[2]Neon (1).[1]BakedBloom
[DEBUG @ 19:51:30 | Chroma] GameCore.[11]PanelLightTrackLaneRing(Clone)
[DEBUG @ 19:51:30 | Chroma] GameCore.[11]PanelLightTrackLaneRing(Clone).[0]Ring
[DEBUG @ 19:51:30 | Chroma] GameCore.[11]PanelLightTrackLaneRing(Clone).[1]Neon
[DEBUG @ 19:51:30 | Chroma] GameCore.[11]PanelLightTrackLaneRing(Clone).[1]Neon.[0]BoxLight
[DEBUG @ 19:51:30 | Chroma] GameCore.[11]PanelLightTrackLaneRing(Clone).[1]Neon.[1]BakedBloom
[DEBUG @ 19:51:30 | Chroma] GameCore.[11]PanelLightTrackLaneRing(Clone).[2]Neon (1)
[DEBUG @ 19:51:30 | Chroma] GameCore.[11]PanelLightTrackLaneRing(Clone).[2]Neon (1).[0]BoxLight
[DEBUG @ 19:51:30 | Chroma] GameCore.[11]PanelLightTrackLaneRing(Clone).[2]Neon (1).[1]BakedBloom
[DEBUG @ 19:51:30 | Chroma] GameCore.[12]PanelLightTrackLaneRing(Clone)
[DEBUG @ 19:51:30 | Chroma] GameCore.[12]PanelLightTrackLaneRing(Clone).[0]Ring
[DEBUG @ 19:51:30 | Chroma] GameCore.[12]PanelLightTrackLaneRing(Clone).[1]Neon
[DEBUG @ 19:51:30 | Chroma] GameCore.[12]PanelLightTrackLaneRing(Clone).[1]Neon.[0]BoxLight
[DEBUG @ 19:51:30 | Chroma] GameCore.[12]PanelLightTrackLaneRing(Clone).[1]Neon.[1]BakedBloom
[DEBUG @ 19:51:30 | Chroma] GameCore.[12]PanelLightTrackLaneRing(Clone).[2]Neon (1)
[DEBUG @ 19:51:30 | Chroma] GameCore.[12]PanelLightTrackLaneRing(Clone).[2]Neon (1).[0]BoxLight
[DEBUG @ 19:51:30 | Chroma] GameCore.[12]PanelLightTrackLaneRing(Clone).[2]Neon (1).[1]BakedBloom
[DEBUG @ 19:51:30 | Chroma] GameCore.[13]PanelLightTrackLaneRing(Clone)
[DEBUG @ 19:51:30 | Chroma] GameCore.[13]PanelLightTrackLaneRing(Clone).[0]Ring
[DEBUG @ 19:51:30 | Chroma] GameCore.[13]PanelLightTrackLaneRing(Clone).[1]Neon
[DEBUG @ 19:51:30 | Chroma] GameCore.[13]PanelLightTrackLaneRing(Clone).[1]Neon.[0]BoxLight
[DEBUG @ 19:51:30 | Chroma] GameCore.[13]PanelLightTrackLaneRing(Clone).[1]Neon.[1]BakedBloom
[DEBUG @ 19:51:30 | Chroma] GameCore.[13]PanelLightTrackLaneRing(Clone).[2]Neon (1)
[DEBUG @ 19:51:30 | Chroma] GameCore.[13]PanelLightTrackLaneRing(Clone).[2]Neon (1).[0]BoxLight
[DEBUG @ 19:51:30 | Chroma] GameCore.[13]PanelLightTrackLaneRing(Clone).[2]Neon (1).[1]BakedBloom
[DEBUG @ 19:51:30 | Chroma] GameCore.[14]PanelLightTrackLaneRing(Clone)
[DEBUG @ 19:51:30 | Chroma] GameCore.[14]PanelLightTrackLaneRing(Clone).[0]Ring
[DEBUG @ 19:51:30 | Chroma] GameCore.[14]PanelLightTrackLaneRing(Clone).[1]Neon
[DEBUG @ 19:51:30 | Chroma] GameCore.[14]PanelLightTrackLaneRing(Clone).[1]Neon.[0]BoxLight
[DEBUG @ 19:51:30 | Chroma] GameCore.[14]PanelLightTrackLaneRing(Clone).[1]Neon.[1]BakedBloom
[DEBUG @ 19:51:30 | Chroma] GameCore.[14]PanelLightTrackLaneRing(Clone).[2]Neon (1)
[DEBUG @ 19:51:30 | Chroma] GameCore.[14]PanelLightTrackLaneRing(Clone).[2]Neon (1).[0]BoxLight
[DEBUG @ 19:51:30 | Chroma] GameCore.[14]PanelLightTrackLaneRing(Clone).[2]Neon (1).[1]BakedBloom
[DEBUG @ 19:51:30 | Chroma] GameCore.[15]PanelLightTrackLaneRing(Clone)
[DEBUG @ 19:51:30 | Chroma] GameCore.[15]PanelLightTrackLaneRing(Clone).[0]Ring
[DEBUG @ 19:51:30 | Chroma] GameCore.[15]PanelLightTrackLaneRing(Clone).[1]Neon
[DEBUG @ 19:51:30 | Chroma] GameCore.[15]PanelLightTrackLaneRing(Clone).[1]Neon.[0]BoxLight
[DEBUG @ 19:51:30 | Chroma] GameCore.[15]PanelLightTrackLaneRing(Clone).[1]Neon.[1]BakedBloom
[DEBUG @ 19:51:30 | Chroma] GameCore.[15]PanelLightTrackLaneRing(Clone).[2]Neon (1)
[DEBUG @ 19:51:30 | Chroma] GameCore.[15]PanelLightTrackLaneRing(Clone).[2]Neon (1).[0]BoxLight
[DEBUG @ 19:51:30 | Chroma] GameCore.[15]PanelLightTrackLaneRing(Clone).[2]Neon (1).[1]BakedBloom
[DEBUG @ 19:51:30 | Chroma] GameCore.[16]BigCenterLightTrackLaneRing(Clone)
[DEBUG @ 19:51:30 | Chroma] GameCore.[16]BigCenterLightTrackLaneRing(Clone).[0]Ring
[DEBUG @ 19:51:30 | Chroma] GameCore.[16]BigCenterLightTrackLaneRing(Clone).[1]Neon
[DEBUG @ 19:51:30 | Chroma] GameCore.[16]BigCenterLightTrackLaneRing(Clone).[1]Neon.[0]BoxLight
[DEBUG @ 19:51:30 | Chroma] GameCore.[16]BigCenterLightTrackLaneRing(Clone).[1]Neon.[1]BakedBloom
[DEBUG @ 19:51:30 | Chroma] GameCore.[16]BigCenterLightTrackLaneRing(Clone).[2]Neon (1)
[DEBUG @ 19:51:30 | Chroma] GameCore.[16]BigCenterLightTrackLaneRing(Clone).[2]Neon (1).[0]BoxLight
[DEBUG @ 19:51:30 | Chroma] GameCore.[16]BigCenterLightTrackLaneRing(Clone).[2]Neon (1).[1]BakedBloom
[DEBUG @ 19:51:30 | Chroma] GameCore.[17]BigCenterLightTrackLaneRing(Clone)
[DEBUG @ 19:51:30 | Chroma] GameCore.[17]BigCenterLightTrackLaneRing(Clone).[0]Ring
[DEBUG @ 19:51:30 | Chroma] GameCore.[17]BigCenterLightTrackLaneRing(Clone).[1]Neon
[DEBUG @ 19:51:30 | Chroma] GameCore.[17]BigCenterLightTrackLaneRing(Clone).[1]Neon.[0]BoxLight
[DEBUG @ 19:51:30 | Chroma] GameCore.[17]BigCenterLightTrackLaneRing(Clone).[1]Neon.[1]BakedBloom
[DEBUG @ 19:51:30 | Chroma] GameCore.[17]BigCenterLightTrackLaneRing(Clone).[2]Neon (1)
[DEBUG @ 19:51:30 | Chroma] GameCore.[17]BigCenterLightTrackLaneRing(Clone).[2]Neon (1).[0]BoxLight
[DEBUG @ 19:51:30 | Chroma] GameCore.[17]BigCenterLightTrackLaneRing(Clone).[2]Neon (1).[1]BakedBloom
[DEBUG @ 19:51:30 | Chroma] GameCore.[18]BigCenterLightTrackLaneRing(Clone)
[DEBUG @ 19:51:30 | Chroma] GameCore.[18]BigCenterLightTrackLaneRing(Clone).[0]Ring
[DEBUG @ 19:51:30 | Chroma] GameCore.[18]BigCenterLightTrackLaneRing(Clone).[1]Neon
[DEBUG @ 19:51:30 | Chroma] GameCore.[18]BigCenterLightTrackLaneRing(Clone).[1]Neon.[0]BoxLight
[DEBUG @ 19:51:30 | Chroma] GameCore.[18]BigCenterLightTrackLaneRing(Clone).[1]Neon.[1]BakedBloom
[DEBUG @ 19:51:30 | Chroma] GameCore.[18]BigCenterLightTrackLaneRing(Clone).[2]Neon (1)
[DEBUG @ 19:51:30 | Chroma] GameCore.[18]BigCenterLightTrackLaneRing(Clone).[2]Neon (1).[0]BoxLight
[DEBUG @ 19:51:30 | Chroma] GameCore.[18]BigCenterLightTrackLaneRing(Clone).[2]Neon (1).[1]BakedBloom
[DEBUG @ 19:51:30 | Chroma] GameCore.[19]BigCenterLightTrackLaneRing(Clone)
[DEBUG @ 19:51:30 | Chroma] GameCore.[19]BigCenterLightTrackLaneRing(Clone).[0]Ring
[DEBUG @ 19:51:30 | Chroma] GameCore.[19]BigCenterLightTrackLaneRing(Clone).[1]Neon
[DEBUG @ 19:51:30 | Chroma] GameCore.[19]BigCenterLightTrackLaneRing(Clone).[1]Neon.[0]BoxLight
[DEBUG @ 19:51:30 | Chroma] GameCore.[19]BigCenterLightTrackLaneRing(Clone).[1]Neon.[1]BakedBloom
[DEBUG @ 19:51:30 | Chroma] GameCore.[19]BigCenterLightTrackLaneRing(Clone).[2]Neon (1)
[DEBUG @ 19:51:30 | Chroma] GameCore.[19]BigCenterLightTrackLaneRing(Clone).[2]Neon (1).[0]BoxLight
[DEBUG @ 19:51:30 | Chroma] GameCore.[19]BigCenterLightTrackLaneRing(Clone).[2]Neon (1).[1]BakedBloom
[DEBUG @ 19:51:30 | Chroma] GameCore.[2]PanelLightTrackLaneRing(Clone)
[DEBUG @ 19:51:30 | Chroma] GameCore.[2]PanelLightTrackLaneRing(Clone).[0]Ring
[DEBUG @ 19:51:30 | Chroma] GameCore.[2]PanelLightTrackLaneRing(Clone).[1]Neon
[DEBUG @ 19:51:30 | Chroma] GameCore.[2]PanelLightTrackLaneRing(Clone).[1]Neon.[0]BoxLight
[DEBUG @ 19:51:30 | Chroma] GameCore.[2]PanelLightTrackLaneRing(Clone).[1]Neon.[1]BakedBloom
[DEBUG @ 19:51:30 | Chroma] GameCore.[2]PanelLightTrackLaneRing(Clone).[2]Neon (1)
[DEBUG @ 19:51:30 | Chroma] GameCore.[2]PanelLightTrackLaneRing(Clone).[2]Neon (1).[0]BoxLight
[DEBUG @ 19:51:30 | Chroma] GameCore.[2]PanelLightTrackLaneRing(Clone).[2]Neon (1).[1]BakedBloom
[DEBUG @ 19:51:30 | Chroma] GameCore.[20]BigCenterLightTrackLaneRing(Clone)
[DEBUG @ 19:51:30 | Chroma] GameCore.[20]BigCenterLightTrackLaneRing(Clone).[0]Ring
[DEBUG @ 19:51:30 | Chroma] GameCore.[20]BigCenterLightTrackLaneRing(Clone).[1]Neon
[DEBUG @ 19:51:30 | Chroma] GameCore.[20]BigCenterLightTrackLaneRing(Clone).[1]Neon.[0]BoxLight
[DEBUG @ 19:51:30 | Chroma] GameCore.[20]BigCenterLightTrackLaneRing(Clone).[1]Neon.[1]BakedBloom
[DEBUG @ 19:51:30 | Chroma] GameCore.[20]BigCenterLightTrackLaneRing(Clone).[2]Neon (1)
[DEBUG @ 19:51:30 | Chroma] GameCore.[20]BigCenterLightTrackLaneRing(Clone).[2]Neon (1).[0]BoxLight
[DEBUG @ 19:51:30 | Chroma] GameCore.[20]BigCenterLightTrackLaneRing(Clone).[2]Neon (1).[1]BakedBloom
[DEBUG @ 19:51:30 | Chroma] GameCore.[21]BigCenterLightTrackLaneRing(Clone)
[DEBUG @ 19:51:30 | Chroma] GameCore.[21]BigCenterLightTrackLaneRing(Clone).[0]Ring
[DEBUG @ 19:51:30 | Chroma] GameCore.[21]BigCenterLightTrackLaneRing(Clone).[1]Neon
[DEBUG @ 19:51:30 | Chroma] GameCore.[21]BigCenterLightTrackLaneRing(Clone).[1]Neon.[0]BoxLight
[DEBUG @ 19:51:30 | Chroma] GameCore.[21]BigCenterLightTrackLaneRing(Clone).[1]Neon.[1]BakedBloom
[DEBUG @ 19:51:30 | Chroma] GameCore.[21]BigCenterLightTrackLaneRing(Clone).[2]Neon (1)
[DEBUG @ 19:51:30 | Chroma] GameCore.[21]BigCenterLightTrackLaneRing(Clone).[2]Neon (1).[0]BoxLight
[DEBUG @ 19:51:30 | Chroma] GameCore.[21]BigCenterLightTrackLaneRing(Clone).[2]Neon (1).[1]BakedBloom
[DEBUG @ 19:51:30 | Chroma] GameCore.[22]BigCenterLightTrackLaneRing(Clone)
[DEBUG @ 19:51:30 | Chroma] GameCore.[22]BigCenterLightTrackLaneRing(Clone).[0]Ring
[DEBUG @ 19:51:30 | Chroma] GameCore.[22]BigCenterLightTrackLaneRing(Clone).[1]Neon
[DEBUG @ 19:51:30 | Chroma] GameCore.[22]BigCenterLightTrackLaneRing(Clone).[1]Neon.[0]BoxLight
[DEBUG @ 19:51:30 | Chroma] GameCore.[22]BigCenterLightTrackLaneRing(Clone).[1]Neon.[1]BakedBloom
[DEBUG @ 19:51:30 | Chroma] GameCore.[22]BigCenterLightTrackLaneRing(Clone).[2]Neon (1)
[DEBUG @ 19:51:30 | Chroma] GameCore.[22]BigCenterLightTrackLaneRing(Clone).[2]Neon (1).[0]BoxLight
[DEBUG @ 19:51:30 | Chroma] GameCore.[22]BigCenterLightTrackLaneRing(Clone).[2]Neon (1).[1]BakedBloom
[DEBUG @ 19:51:30 | Chroma] GameCore.[23]BigCenterLightTrackLaneRing(Clone)
[DEBUG @ 19:51:30 | Chroma] GameCore.[23]BigCenterLightTrackLaneRing(Clone).[0]Ring
[DEBUG @ 19:51:30 | Chroma] GameCore.[23]BigCenterLightTrackLaneRing(Clone).[1]Neon
[DEBUG @ 19:51:30 | Chroma] GameCore.[23]BigCenterLightTrackLaneRing(Clone).[1]Neon.[0]BoxLight
[DEBUG @ 19:51:30 | Chroma] GameCore.[23]BigCenterLightTrackLaneRing(Clone).[1]Neon.[1]BakedBloom
[DEBUG @ 19:51:30 | Chroma] GameCore.[23]BigCenterLightTrackLaneRing(Clone).[2]Neon (1)
[DEBUG @ 19:51:30 | Chroma] GameCore.[23]BigCenterLightTrackLaneRing(Clone).[2]Neon (1).[0]BoxLight
[DEBUG @ 19:51:30 | Chroma] GameCore.[23]BigCenterLightTrackLaneRing(Clone).[2]Neon (1).[1]BakedBloom
[DEBUG @ 19:51:30 | Chroma] GameCore.[24]BigCenterLightTrackLaneRing(Clone)
[DEBUG @ 19:51:30 | Chroma] GameCore.[24]BigCenterLightTrackLaneRing(Clone).[0]Ring
[DEBUG @ 19:51:30 | Chroma] GameCore.[24]BigCenterLightTrackLaneRing(Clone).[1]Neon
[DEBUG @ 19:51:30 | Chroma] GameCore.[24]BigCenterLightTrackLaneRing(Clone).[1]Neon.[0]BoxLight
[DEBUG @ 19:51:30 | Chroma] GameCore.[24]BigCenterLightTrackLaneRing(Clone).[1]Neon.[1]BakedBloom
[DEBUG @ 19:51:30 | Chroma] GameCore.[24]BigCenterLightTrackLaneRing(Clone).[2]Neon (1)
[DEBUG @ 19:51:30 | Chroma] GameCore.[24]BigCenterLightTrackLaneRing(Clone).[2]Neon (1).[0]BoxLight
[DEBUG @ 19:51:30 | Chroma] GameCore.[24]BigCenterLightTrackLaneRing(Clone).[2]Neon (1).[1]BakedBloom
[DEBUG @ 19:51:30 | Chroma] GameCore.[25]BigCenterLightTrackLaneRing(Clone)
[DEBUG @ 19:51:30 | Chroma] GameCore.[25]BigCenterLightTrackLaneRing(Clone).[0]Ring
[DEBUG @ 19:51:30 | Chroma] GameCore.[25]BigCenterLightTrackLaneRing(Clone).[1]Neon
[DEBUG @ 19:51:30 | Chroma] GameCore.[25]BigCenterLightTrackLaneRing(Clone).[1]Neon.[0]BoxLight
[DEBUG @ 19:51:30 | Chroma] GameCore.[25]BigCenterLightTrackLaneRing(Clone).[1]Neon.[1]BakedBloom
[DEBUG @ 19:51:30 | Chroma] GameCore.[25]BigCenterLightTrackLaneRing(Clone).[2]Neon (1)
[DEBUG @ 19:51:30 | Chroma] GameCore.[25]BigCenterLightTrackLaneRing(Clone).[2]Neon (1).[0]BoxLight
[DEBUG @ 19:51:30 | Chroma] GameCore.[25]BigCenterLightTrackLaneRing(Clone).[2]Neon (1).[1]BakedBloom
[DEBUG @ 19:51:30 | Chroma] GameCore.[26]BigCenterLightTrackLaneRing(Clone)
[DEBUG @ 19:51:30 | Chroma] GameCore.[26]BigCenterLightTrackLaneRing(Clone).[0]Ring
[DEBUG @ 19:51:30 | Chroma] GameCore.[26]BigCenterLightTrackLaneRing(Clone).[1]Neon
[DEBUG @ 19:51:30 | Chroma] GameCore.[26]BigCenterLightTrackLaneRing(Clone).[1]Neon.[0]BoxLight
[DEBUG @ 19:51:30 | Chroma] GameCore.[26]BigCenterLightTrackLaneRing(Clone).[1]Neon.[1]BakedBloom
[DEBUG @ 19:51:30 | Chroma] GameCore.[26]BigCenterLightTrackLaneRing(Clone).[2]Neon (1)
[DEBUG @ 19:51:30 | Chroma] GameCore.[26]BigCenterLightTrackLaneRing(Clone).[2]Neon (1).[0]BoxLight
[DEBUG @ 19:51:30 | Chroma] GameCore.[26]BigCenterLightTrackLaneRing(Clone).[2]Neon (1).[1]BakedBloom
[DEBUG @ 19:51:30 | Chroma] GameCore.[27]BigCenterLightTrackLaneRing(Clone)
[DEBUG @ 19:51:30 | Chroma] GameCore.[27]BigCenterLightTrackLaneRing(Clone).[0]Ring
[DEBUG @ 19:51:30 | Chroma] GameCore.[27]BigCenterLightTrackLaneRing(Clone).[1]Neon
[DEBUG @ 19:51:30 | Chroma] GameCore.[27]BigCenterLightTrackLaneRing(Clone).[1]Neon.[0]BoxLight
[DEBUG @ 19:51:30 | Chroma] GameCore.[27]BigCenterLightTrackLaneRing(Clone).[1]Neon.[1]BakedBloom
[DEBUG @ 19:51:30 | Chroma] GameCore.[27]BigCenterLightTrackLaneRing(Clone).[2]Neon (1)
[DEBUG @ 19:51:30 | Chroma] GameCore.[27]BigCenterLightTrackLaneRing(Clone).[2]Neon (1).[0]BoxLight
[DEBUG @ 19:51:30 | Chroma] GameCore.[27]BigCenterLightTrackLaneRing(Clone).[2]Neon (1).[1]BakedBloom
[DEBUG @ 19:51:30 | Chroma] GameCore.[28]BigCenterLightTrackLaneRing(Clone)
[DEBUG @ 19:51:30 | Chroma] GameCore.[28]BigCenterLightTrackLaneRing(Clone).[0]Ring
[DEBUG @ 19:51:30 | Chroma] GameCore.[28]BigCenterLightTrackLaneRing(Clone).[1]Neon
[DEBUG @ 19:51:30 | Chroma] GameCore.[28]BigCenterLightTrackLaneRing(Clone).[1]Neon.[0]BoxLight
[DEBUG @ 19:51:30 | Chroma] GameCore.[28]BigCenterLightTrackLaneRing(Clone).[1]Neon.[1]BakedBloom
[DEBUG @ 19:51:30 | Chroma] GameCore.[28]BigCenterLightTrackLaneRing(Clone).[2]Neon (1)
[DEBUG @ 19:51:30 | Chroma] GameCore.[28]BigCenterLightTrackLaneRing(Clone).[2]Neon (1).[0]BoxLight
[DEBUG @ 19:51:30 | Chroma] GameCore.[28]BigCenterLightTrackLaneRing(Clone).[2]Neon (1).[1]BakedBloom
[DEBUG @ 19:51:30 | Chroma] GameCore.[29]BigCenterLightTrackLaneRing(Clone)
[DEBUG @ 19:51:30 | Chroma] GameCore.[29]BigCenterLightTrackLaneRing(Clone).[0]Ring
[DEBUG @ 19:51:30 | Chroma] GameCore.[29]BigCenterLightTrackLaneRing(Clone).[1]Neon
[DEBUG @ 19:51:30 | Chroma] GameCore.[29]BigCenterLightTrackLaneRing(Clone).[1]Neon.[0]BoxLight
[DEBUG @ 19:51:30 | Chroma] GameCore.[29]BigCenterLightTrackLaneRing(Clone).[1]Neon.[1]BakedBloom
[DEBUG @ 19:51:30 | Chroma] GameCore.[29]BigCenterLightTrackLaneRing(Clone).[2]Neon (1)
[DEBUG @ 19:51:30 | Chroma] GameCore.[29]BigCenterLightTrackLaneRing(Clone).[2]Neon (1).[0]BoxLight
[DEBUG @ 19:51:30 | Chroma] GameCore.[29]BigCenterLightTrackLaneRing(Clone).[2]Neon (1).[1]BakedBloom
[DEBUG @ 19:51:30 | Chroma] GameCore.[3]PanelLightTrackLaneRing(Clone)
[DEBUG @ 19:51:30 | Chroma] GameCore.[3]PanelLightTrackLaneRing(Clone).[0]Ring
[DEBUG @ 19:51:30 | Chroma] GameCore.[3]PanelLightTrackLaneRing(Clone).[1]Neon
[DEBUG @ 19:51:30 | Chroma] GameCore.[3]PanelLightTrackLaneRing(Clone).[1]Neon.[0]BoxLight
[DEBUG @ 19:51:30 | Chroma] GameCore.[3]PanelLightTrackLaneRing(Clone).[1]Neon.[1]BakedBloom
[DEBUG @ 19:51:30 | Chroma] GameCore.[3]PanelLightTrackLaneRing(Clone).[2]Neon (1)
[DEBUG @ 19:51:30 | Chroma] GameCore.[3]PanelLightTrackLaneRing(Clone).[2]Neon (1).[0]BoxLight
[DEBUG @ 19:51:30 | Chroma] GameCore.[3]PanelLightTrackLaneRing(Clone).[2]Neon (1).[1]BakedBloom
[DEBUG @ 19:51:30 | Chroma] GameCore.[30]BigCenterLightTrackLaneRing(Clone)
[DEBUG @ 19:51:30 | Chroma] GameCore.[30]BigCenterLightTrackLaneRing(Clone).[0]Ring
[DEBUG @ 19:51:30 | Chroma] GameCore.[30]BigCenterLightTrackLaneRing(Clone).[1]Neon
[DEBUG @ 19:51:30 | Chroma] GameCore.[30]BigCenterLightTrackLaneRing(Clone).[1]Neon.[0]BoxLight
[DEBUG @ 19:51:30 | Chroma] GameCore.[30]BigCenterLightTrackLaneRing(Clone).[1]Neon.[1]BakedBloom
[DEBUG @ 19:51:30 | Chroma] GameCore.[30]BigCenterLightTrackLaneRing(Clone).[2]Neon (1)
[DEBUG @ 19:51:30 | Chroma] GameCore.[30]BigCenterLightTrackLaneRing(Clone).[2]Neon (1).[0]BoxLight
[DEBUG @ 19:51:30 | Chroma] GameCore.[30]BigCenterLightTrackLaneRing(Clone).[2]Neon (1).[1]BakedBloom
[DEBUG @ 19:51:30 | Chroma] GameCore.[4]PanelLightTrackLaneRing(Clone)
[DEBUG @ 19:51:30 | Chroma] GameCore.[4]PanelLightTrackLaneRing(Clone).[0]Ring
[DEBUG @ 19:51:30 | Chroma] GameCore.[4]PanelLightTrackLaneRing(Clone).[1]Neon
[DEBUG @ 19:51:30 | Chroma] GameCore.[4]PanelLightTrackLaneRing(Clone).[1]Neon.[0]BoxLight
[DEBUG @ 19:51:30 | Chroma] GameCore.[4]PanelLightTrackLaneRing(Clone).[1]Neon.[1]BakedBloom
[DEBUG @ 19:51:30 | Chroma] GameCore.[4]PanelLightTrackLaneRing(Clone).[2]Neon (1)
[DEBUG @ 19:51:30 | Chroma] GameCore.[4]PanelLightTrackLaneRing(Clone).[2]Neon (1).[0]BoxLight
[DEBUG @ 19:51:30 | Chroma] GameCore.[4]PanelLightTrackLaneRing(Clone).[2]Neon (1).[1]BakedBloom
[DEBUG @ 19:51:30 | Chroma] GameCore.[5]PanelLightTrackLaneRing(Clone)
[DEBUG @ 19:51:30 | Chroma] GameCore.[5]PanelLightTrackLaneRing(Clone).[0]Ring
[DEBUG @ 19:51:30 | Chroma] GameCore.[5]PanelLightTrackLaneRing(Clone).[1]Neon
[DEBUG @ 19:51:30 | Chroma] GameCore.[5]PanelLightTrackLaneRing(Clone).[1]Neon.[0]BoxLight
[DEBUG @ 19:51:30 | Chroma] GameCore.[5]PanelLightTrackLaneRing(Clone).[1]Neon.[1]BakedBloom
[DEBUG @ 19:51:30 | Chroma] GameCore.[5]PanelLightTrackLaneRing(Clone).[2]Neon (1)
[DEBUG @ 19:51:30 | Chroma] GameCore.[5]PanelLightTrackLaneRing(Clone).[2]Neon (1).[0]BoxLight
[DEBUG @ 19:51:30 | Chroma] GameCore.[5]PanelLightTrackLaneRing(Clone).[2]Neon (1).[1]BakedBloom
[DEBUG @ 19:51:30 | Chroma] GameCore.[6]PanelLightTrackLaneRing(Clone)
[DEBUG @ 19:51:30 | Chroma] GameCore.[6]PanelLightTrackLaneRing(Clone).[0]Ring
[DEBUG @ 19:51:30 | Chroma] GameCore.[6]PanelLightTrackLaneRing(Clone).[1]Neon
[DEBUG @ 19:51:30 | Chroma] GameCore.[6]PanelLightTrackLaneRing(Clone).[1]Neon.[0]BoxLight
[DEBUG @ 19:51:30 | Chroma] GameCore.[6]PanelLightTrackLaneRing(Clone).[1]Neon.[1]BakedBloom
[DEBUG @ 19:51:30 | Chroma] GameCore.[6]PanelLightTrackLaneRing(Clone).[2]Neon (1)
[DEBUG @ 19:51:30 | Chroma] GameCore.[6]PanelLightTrackLaneRing(Clone).[2]Neon (1).[0]BoxLight
[DEBUG @ 19:51:30 | Chroma] GameCore.[6]PanelLightTrackLaneRing(Clone).[2]Neon (1).[1]BakedBloom
[DEBUG @ 19:51:30 | Chroma] GameCore.[7]PanelLightTrackLaneRing(Clone)
[DEBUG @ 19:51:30 | Chroma] GameCore.[7]PanelLightTrackLaneRing(Clone).[0]Ring
[DEBUG @ 19:51:30 | Chroma] GameCore.[7]PanelLightTrackLaneRing(Clone).[1]Neon
[DEBUG @ 19:51:30 | Chroma] GameCore.[7]PanelLightTrackLaneRing(Clone).[1]Neon.[0]BoxLight
[DEBUG @ 19:51:30 | Chroma] GameCore.[7]PanelLightTrackLaneRing(Clone).[1]Neon.[1]BakedBloom
[DEBUG @ 19:51:30 | Chroma] GameCore.[7]PanelLightTrackLaneRing(Clone).[2]Neon (1)
[DEBUG @ 19:51:30 | Chroma] GameCore.[7]PanelLightTrackLaneRing(Clone).[2]Neon (1).[0]BoxLight
[DEBUG @ 19:51:30 | Chroma] GameCore.[7]PanelLightTrackLaneRing(Clone).[2]Neon (1).[1]BakedBloom
[DEBUG @ 19:51:30 | Chroma] GameCore.[8]PanelLightTrackLaneRing(Clone)
[DEBUG @ 19:51:30 | Chroma] GameCore.[8]PanelLightTrackLaneRing(Clone).[0]Ring
[DEBUG @ 19:51:30 | Chroma] GameCore.[8]PanelLightTrackLaneRing(Clone).[1]Neon
[DEBUG @ 19:51:30 | Chroma] GameCore.[8]PanelLightTrackLaneRing(Clone).[1]Neon.[0]BoxLight
[DEBUG @ 19:51:30 | Chroma] GameCore.[8]PanelLightTrackLaneRing(Clone).[1]Neon.[1]BakedBloom
[DEBUG @ 19:51:30 | Chroma] GameCore.[8]PanelLightTrackLaneRing(Clone).[2]Neon (1)
[DEBUG @ 19:51:30 | Chroma] GameCore.[8]PanelLightTrackLaneRing(Clone).[2]Neon (1).[0]BoxLight
[DEBUG @ 19:51:30 | Chroma] GameCore.[8]PanelLightTrackLaneRing(Clone).[2]Neon (1).[1]BakedBloom
[DEBUG @ 19:51:30 | Chroma] GameCore.[9]PanelLightTrackLaneRing(Clone)
[DEBUG @ 19:51:30 | Chroma] GameCore.[9]PanelLightTrackLaneRing(Clone).[0]Ring
[DEBUG @ 19:51:30 | Chroma] GameCore.[9]PanelLightTrackLaneRing(Clone).[1]Neon
[DEBUG @ 19:51:30 | Chroma] GameCore.[9]PanelLightTrackLaneRing(Clone).[1]Neon.[0]BoxLight
[DEBUG @ 19:51:30 | Chroma] GameCore.[9]PanelLightTrackLaneRing(Clone).[1]Neon.[1]BakedBloom
[DEBUG @ 19:51:30 | Chroma] GameCore.[9]PanelLightTrackLaneRing(Clone).[2]Neon (1)
[DEBUG @ 19:51:30 | Chroma] GameCore.[9]PanelLightTrackLaneRing(Clone).[2]Neon (1).[0]BoxLight
[DEBUG @ 19:51:30 | Chroma] GameCore.[9]PanelLightTrackLaneRing(Clone).[2]Neon (1).[1]BakedBloom
[DEBUG @ 19:51:36 | Chroma] FitBeatEnvironment.[0]Environment
[DEBUG @ 19:51:36 | Chroma] FitBeatEnvironment.[0]Environment.[0]DecoratorContext
[DEBUG @ 19:51:36 | Chroma] FitBeatEnvironment.[0]Environment.[1]====== STATIC ======
[DEBUG @ 19:51:36 | Chroma] FitBeatEnvironment.[0]Environment.[10]PanelsLightsTrackLaneRings
[DEBUG @ 19:51:36 | Chroma] FitBeatEnvironment.[0]Environment.[11]BigCenterLightsTrackLaneRings
[DEBUG @ 19:51:36 | Chroma] FitBeatEnvironment.[0]Environment.[12]BigSmokePS
[DEBUG @ 19:51:36 | Chroma] FitBeatEnvironment.[0]Environment.[13]CoreLighting
[DEBUG @ 19:51:36 | Chroma] FitBeatEnvironment.[0]Environment.[13]CoreLighting.[0]LightManager
[DEBUG @ 19:51:36 | Chroma] FitBeatEnvironment.[0]Environment.[13]CoreLighting.[1]LightWrapper0
[DEBUG @ 19:51:36 | Chroma] FitBeatEnvironment.[0]Environment.[13]CoreLighting.[1]LightWrapper0.[0]DirectionalLight
[DEBUG @ 19:51:36 | Chroma] FitBeatEnvironment.[0]Environment.[13]CoreLighting.[2]LightWrapper1
[DEBUG @ 19:51:36 | Chroma] FitBeatEnvironment.[0]Environment.[13]CoreLighting.[2]LightWrapper1.[0]DirectionalLight
[DEBUG @ 19:51:36 | Chroma] FitBeatEnvironment.[0]Environment.[13]CoreLighting.[3]DirectionalLight
[DEBUG @ 19:51:36 | Chroma] FitBeatEnvironment.[0]Environment.[13]CoreLighting.[4]DirectionalLight
[DEBUG @ 19:51:36 | Chroma] FitBeatEnvironment.[0]Environment.[13]CoreLighting.[5]DirectionalLight
[DEBUG @ 19:51:36 | Chroma] FitBeatEnvironment.[0]Environment.[14]LightEffects
[DEBUG @ 19:51:36 | Chroma] FitBeatEnvironment.[0]Environment.[15]LightWithIdManager
[DEBUG @ 19:51:36 | Chroma] FitBeatEnvironment.[0]Environment.[16]FrontLights
[DEBUG @ 19:51:36 | Chroma] FitBeatEnvironment.[0]Environment.[16]FrontLights.[0]NeonTube
[DEBUG @ 19:51:36 | Chroma] FitBeatEnvironment.[0]Environment.[16]FrontLights.[0]NeonTube.[0]BakedBloom
[DEBUG @ 19:51:36 | Chroma] FitBeatEnvironment.[0]Environment.[16]FrontLights.[0]NeonTube.[1]BoxLight
[DEBUG @ 19:51:36 | Chroma] FitBeatEnvironment.[0]Environment.[16]FrontLights.[1]NeonTube (1)
[DEBUG @ 19:51:36 | Chroma] FitBeatEnvironment.[0]Environment.[16]FrontLights.[1]NeonTube (1).[0]BakedBloom
[DEBUG @ 19:51:36 | Chroma] FitBeatEnvironment.[0]Environment.[16]FrontLights.[1]NeonTube (1).[1]BoxLight
[DEBUG @ 19:51:36 | Chroma] FitBeatEnvironment.[0]Environment.[17]RotatingLasersPair
[DEBUG @ 19:51:36 | Chroma] FitBeatEnvironment.[0]Environment.[17]RotatingLasersPair.[0]BaseL
[DEBUG @ 19:51:36 | Chroma] FitBeatEnvironment.[0]Environment.[17]RotatingLasersPair.[0]BaseL.[0]Laser
[DEBUG @ 19:51:36 | Chroma] FitBeatEnvironment.[0]Environment.[17]RotatingLasersPair.[0]BaseL.[0]Laser.[0]BakedBloom
[DEBUG @ 19:51:36 | Chroma] FitBeatEnvironment.[0]Environment.[17]RotatingLasersPair.[0]BaseL.[0]Laser.[1]BoxLight
[DEBUG @ 19:51:36 | Chroma] FitBeatEnvironment.[0]Environment.[17]RotatingLasersPair.[1]BaseR
[DEBUG @ 19:51:36 | Chroma] FitBeatEnvironment.[0]Environment.[17]RotatingLasersPair.[1]BaseR.[0]Laser
[DEBUG @ 19:51:36 | Chroma] FitBeatEnvironment.[0]Environment.[17]RotatingLasersPair.[1]BaseR.[0]Laser.[0]BakedBloom
[DEBUG @ 19:51:36 | Chroma] FitBeatEnvironment.[0]Environment.[17]RotatingLasersPair.[1]BaseR.[0]Laser.[1]BoxLight
[DEBUG @ 19:51:36 | Chroma] FitBeatEnvironment.[0]Environment.[18]RotatingLasersPair (1)
[DEBUG @ 19:51:36 | Chroma] FitBeatEnvironment.[0]Environment.[18]RotatingLasersPair (1).[0]BaseL
[DEBUG @ 19:51:36 | Chroma] FitBeatEnvironment.[0]Environment.[18]RotatingLasersPair (1).[0]BaseL.[0]Laser
[DEBUG @ 19:51:36 | Chroma] FitBeatEnvironment.[0]Environment.[18]RotatingLasersPair (1).[0]BaseL.[0]Laser.[0]BakedBloom
[DEBUG @ 19:51:36 | Chroma] FitBeatEnvironment.[0]Environment.[18]RotatingLasersPair (1).[0]BaseL.[0]Laser.[1]BoxLight
[DEBUG @ 19:51:36 | Chroma] FitBeatEnvironment.[0]Environment.[18]RotatingLasersPair (1).[1]BaseR
[DEBUG @ 19:51:36 | Chroma] FitBeatEnvironment.[0]Environment.[18]RotatingLasersPair (1).[1]BaseR.[0]Laser
[DEBUG @ 19:51:36 | Chroma] FitBeatEnvironment.[0]Environment.[18]RotatingLasersPair (1).[1]BaseR.[0]Laser.[0]BakedBloom
[DEBUG @ 19:51:36 | Chroma] FitBeatEnvironment.[0]Environment.[18]RotatingLasersPair (1).[1]BaseR.[0]Laser.[1]BoxLight
[DEBUG @ 19:51:36 | Chroma] FitBeatEnvironment.[0]Environment.[19]RotatingLasersPair (2)
[DEBUG @ 19:51:36 | Chroma] FitBeatEnvironment.[0]Environment.[19]RotatingLasersPair (2).[0]BaseL
[DEBUG @ 19:51:36 | Chroma] FitBeatEnvironment.[0]Environment.[19]RotatingLasersPair (2).[0]BaseL.[0]Laser
[DEBUG @ 19:51:36 | Chroma] FitBeatEnvironment.[0]Environment.[19]RotatingLasersPair (2).[0]BaseL.[0]Laser.[0]BakedBloom
[DEBUG @ 19:51:36 | Chroma] FitBeatEnvironment.[0]Environment.[19]RotatingLasersPair (2).[0]BaseL.[0]Laser.[1]BoxLight
[DEBUG @ 19:51:36 | Chroma] FitBeatEnvironment.[0]Environment.[19]RotatingLasersPair (2).[1]BaseR
[DEBUG @ 19:51:36 | Chroma] FitBeatEnvironment.[0]Environment.[19]RotatingLasersPair (2).[1]BaseR.[0]Laser
[DEBUG @ 19:51:36 | Chroma] FitBeatEnvironment.[0]Environment.[19]RotatingLasersPair (2).[1]BaseR.[0]Laser.[0]BakedBloom
[DEBUG @ 19:51:36 | Chroma] FitBeatEnvironment.[0]Environment.[19]RotatingLasersPair (2).[1]BaseR.[0]Laser.[1]BoxLight
[DEBUG @ 19:51:36 | Chroma] FitBeatEnvironment.[0]Environment.[2]PlayersPlace
[DEBUG @ 19:51:36 | Chroma] FitBeatEnvironment.[0]Environment.[2]PlayersPlace.[0]Mirror
[DEBUG @ 19:51:36 | Chroma] FitBeatEnvironment.[0]Environment.[2]PlayersPlace.[1]Feet
[DEBUG @ 19:51:36 | Chroma] FitBeatEnvironment.[0]Environment.[2]PlayersPlace.[2]Construction
[DEBUG @ 19:51:36 | Chroma] FitBeatEnvironment.[0]Environment.[2]PlayersPlace.[3]RectangleFakeGlow
[DEBUG @ 19:51:36 | Chroma] FitBeatEnvironment.[0]Environment.[2]PlayersPlace.[4]Frame
[DEBUG @ 19:51:36 | Chroma] FitBeatEnvironment.[0]Environment.[2]PlayersPlace.[5]SaberBurnMarksParticles
[DEBUG @ 19:51:36 | Chroma] FitBeatEnvironment.[0]Environment.[2]PlayersPlace.[5]SaberBurnMarksParticles.[0]SaberBurnMarkSparklePS
[DEBUG @ 19:51:36 | Chroma] FitBeatEnvironment.[0]Environment.[2]PlayersPlace.[6]SaberBurnMarksArea
[DEBUG @ 19:51:36 | Chroma] FitBeatEnvironment.[0]Environment.[2]PlayersPlace.[7]Collider
[DEBUG @ 19:51:36 | Chroma] FitBeatEnvironment.[0]Environment.[20]RotatingLasersPair (3)
[DEBUG @ 19:51:36 | Chroma] FitBeatEnvironment.[0]Environment.[20]RotatingLasersPair (3).[0]BaseL
[DEBUG @ 19:51:36 | Chroma] FitBeatEnvironment.[0]Environment.[20]RotatingLasersPair (3).[0]BaseL.[0]Laser
[DEBUG @ 19:51:36 | Chroma] FitBeatEnvironment.[0]Environment.[20]RotatingLasersPair (3).[0]BaseL.[0]Laser.[0]BakedBloom
[DEBUG @ 19:51:36 | Chroma] FitBeatEnvironment.[0]Environment.[20]RotatingLasersPair (3).[0]BaseL.[0]Laser.[1]BoxLight
[DEBUG @ 19:51:36 | Chroma] FitBeatEnvironment.[0]Environment.[20]RotatingLasersPair (3).[1]BaseR
[DEBUG @ 19:51:36 | Chroma] FitBeatEnvironment.[0]Environment.[20]RotatingLasersPair (3).[1]BaseR.[0]Laser
[DEBUG @ 19:51:36 | Chroma] FitBeatEnvironment.[0]Environment.[20]RotatingLasersPair (3).[1]BaseR.[0]Laser.[0]BakedBloom
[DEBUG @ 19:51:36 | Chroma] FitBeatEnvironment.[0]Environment.[20]RotatingLasersPair (3).[1]BaseR.[0]Laser.[1]BoxLight
[DEBUG @ 19:51:36 | Chroma] FitBeatEnvironment.[0]Environment.[21]RotatingLasersPair (4)
[DEBUG @ 19:51:36 | Chroma] FitBeatEnvironment.[0]Environment.[21]RotatingLasersPair (4).[0]BaseL
[DEBUG @ 19:51:36 | Chroma] FitBeatEnvironment.[0]Environment.[21]RotatingLasersPair (4).[0]BaseL.[0]Laser
[DEBUG @ 19:51:36 | Chroma] FitBeatEnvironment.[0]Environment.[21]RotatingLasersPair (4).[0]BaseL.[0]Laser.[0]BakedBloom
[DEBUG @ 19:51:36 | Chroma] FitBeatEnvironment.[0]Environment.[21]RotatingLasersPair (4).[0]BaseL.[0]Laser.[1]BoxLight
[DEBUG @ 19:51:36 | Chroma] FitBeatEnvironment.[0]Environment.[21]RotatingLasersPair (4).[1]BaseR
[DEBUG @ 19:51:36 | Chroma] FitBeatEnvironment.[0]Environment.[21]RotatingLasersPair (4).[1]BaseR.[0]Laser
[DEBUG @ 19:51:36 | Chroma] FitBeatEnvironment.[0]Environment.[21]RotatingLasersPair (4).[1]BaseR.[0]Laser.[0]BakedBloom
[DEBUG @ 19:51:36 | Chroma] FitBeatEnvironment.[0]Environment.[21]RotatingLasersPair (4).[1]BaseR.[0]Laser.[1]BoxLight
[DEBUG @ 19:51:36 | Chroma] FitBeatEnvironment.[0]Environment.[22]GradientBackground
[DEBUG @ 19:51:36 | Chroma] FitBeatEnvironment.[0]Environment.[23]RotatingLasersPair (5)
[DEBUG @ 19:51:36 | Chroma] FitBeatEnvironment.[0]Environment.[23]RotatingLasersPair (5).[0]BaseL
[DEBUG @ 19:51:36 | Chroma] FitBeatEnvironment.[0]Environment.[23]RotatingLasersPair (5).[0]BaseL.[0]Laser
[DEBUG @ 19:51:36 | Chroma] FitBeatEnvironment.[0]Environment.[23]RotatingLasersPair (5).[0]BaseL.[0]Laser.[0]BakedBloom
[DEBUG @ 19:51:36 | Chroma] FitBeatEnvironment.[0]Environment.[23]RotatingLasersPair (5).[0]BaseL.[0]Laser.[1]BoxLight
[DEBUG @ 19:51:36 | Chroma] FitBeatEnvironment.[0]Environment.[23]RotatingLasersPair (5).[1]BaseR
[DEBUG @ 19:51:36 | Chroma] FitBeatEnvironment.[0]Environment.[23]RotatingLasersPair (5).[1]BaseR.[0]Laser
[DEBUG @ 19:51:36 | Chroma] FitBeatEnvironment.[0]Environment.[23]RotatingLasersPair (5).[1]BaseR.[0]Laser.[0]BakedBloom
[DEBUG @ 19:51:36 | Chroma] FitBeatEnvironment.[0]Environment.[23]RotatingLasersPair (5).[1]BaseR.[0]Laser.[1]BoxLight
[DEBUG @ 19:51:36 | Chroma] FitBeatEnvironment.[0]Environment.[24]RotatingLasersPair (6)
[DEBUG @ 19:51:36 | Chroma] FitBeatEnvironment.[0]Environment.[24]RotatingLasersPair (6).[0]BaseL
[DEBUG @ 19:51:36 | Chroma] FitBeatEnvironment.[0]Environment.[24]RotatingLasersPair (6).[0]BaseL.[0]Laser
[DEBUG @ 19:51:36 | Chroma] FitBeatEnvironment.[0]Environment.[24]RotatingLasersPair (6).[0]BaseL.[0]Laser.[0]BakedBloom
[DEBUG @ 19:51:36 | Chroma] FitBeatEnvironment.[0]Environment.[24]RotatingLasersPair (6).[0]BaseL.[0]Laser.[1]BoxLight
[DEBUG @ 19:51:36 | Chroma] FitBeatEnvironment.[0]Environment.[24]RotatingLasersPair (6).[1]BaseR
[DEBUG @ 19:51:36 | Chroma] FitBeatEnvironment.[0]Environment.[24]RotatingLasersPair (6).[1]BaseR.[0]Laser
[DEBUG @ 19:51:36 | Chroma] FitBeatEnvironment.[0]Environment.[24]RotatingLasersPair (6).[1]BaseR.[0]Laser.[0]BakedBloom
[DEBUG @ 19:51:36 | Chroma] FitBeatEnvironment.[0]Environment.[24]RotatingLasersPair (6).[1]BaseR.[0]Laser.[1]BoxLight
[DEBUG @ 19:51:36 | Chroma] FitBeatEnvironment.[0]Environment.[25]RotatingLasersPair (7)
[DEBUG @ 19:51:36 | Chroma] FitBeatEnvironment.[0]Environment.[25]RotatingLasersPair (7).[0]BaseL
[DEBUG @ 19:51:36 | Chroma] FitBeatEnvironment.[0]Environment.[25]RotatingLasersPair (7).[0]BaseL.[0]Laser
[DEBUG @ 19:51:36 | Chroma] FitBeatEnvironment.[0]Environment.[25]RotatingLasersPair (7).[0]BaseL.[0]Laser.[0]BakedBloom
[DEBUG @ 19:51:36 | Chroma] FitBeatEnvironment.[0]Environment.[25]RotatingLasersPair (7).[0]BaseL.[0]Laser.[1]BoxLight
[DEBUG @ 19:51:36 | Chroma] FitBeatEnvironment.[0]Environment.[25]RotatingLasersPair (7).[1]BaseR
[DEBUG @ 19:51:36 | Chroma] FitBeatEnvironment.[0]Environment.[25]RotatingLasersPair (7).[1]BaseR.[0]Laser
[DEBUG @ 19:51:36 | Chroma] FitBeatEnvironment.[0]Environment.[25]RotatingLasersPair (7).[1]BaseR.[0]Laser.[0]BakedBloom
[DEBUG @ 19:51:36 | Chroma] FitBeatEnvironment.[0]Environment.[25]RotatingLasersPair (7).[1]BaseR.[0]Laser.[1]BoxLight
[DEBUG @ 19:51:36 | Chroma] FitBeatEnvironment.[0]Environment.[26]BakedReflectionProbe
[DEBUG @ 19:51:36 | Chroma] FitBeatEnvironment.[0]Environment.[27]BSBakedLightingLightWithIds
[DEBUG @ 19:51:36 | Chroma] FitBeatEnvironment.[0]Environment.[28]FakeMirrorSettings
[DEBUG @ 19:51:36 | Chroma] FitBeatEnvironment.[0]Environment.[29]BakedReflectionProbeInstaller
[DEBUG @ 19:51:36 | Chroma] FitBeatEnvironment.[0]Environment.[3]TrackMirror
[DEBUG @ 19:51:36 | Chroma] FitBeatEnvironment.[0]Environment.[3]TrackMirror.[0]TrackMirrorSetDepth
[DEBUG @ 19:51:36 | Chroma] FitBeatEnvironment.[0]Environment.[4]TrackConstruction
[DEBUG @ 19:51:36 | Chroma] FitBeatEnvironment.[0]Environment.[5]====== DYNAMIC ======
[DEBUG @ 19:51:36 | Chroma] FitBeatEnvironment.[0]Environment.[6]NarrowGameHUD
[DEBUG @ 19:51:36 | Chroma] FitBeatEnvironment.[0]Environment.[6]NarrowGameHUD.[0]EnergyPanel
[DEBUG @ 19:51:36 | Chroma] FitBeatEnvironment.[0]Environment.[6]NarrowGameHUD.[0]EnergyPanel.[0]BG
[DEBUG @ 19:51:36 | Chroma] FitBeatEnvironment.[0]Environment.[6]NarrowGameHUD.[0]EnergyPanel.[1]BarBG
[DEBUG @ 19:51:36 | Chroma] FitBeatEnvironment.[0]Environment.[6]NarrowGameHUD.[0]EnergyPanel.[2]EnergyIconEmpty
[DEBUG @ 19:51:36 | Chroma] FitBeatEnvironment.[0]Environment.[6]NarrowGameHUD.[0]EnergyPanel.[3]EnergyIconFull
[DEBUG @ 19:51:36 | Chroma] FitBeatEnvironment.[0]Environment.[6]NarrowGameHUD.[0]EnergyPanel.[4]EnergyBarWrapper
[DEBUG @ 19:51:36 | Chroma] FitBeatEnvironment.[0]Environment.[6]NarrowGameHUD.[0]EnergyPanel.[4]EnergyBarWrapper.[0]EnergyBar
[DEBUG @ 19:51:36 | Chroma] FitBeatEnvironment.[0]Environment.[6]NarrowGameHUD.[0]EnergyPanel.[5]Laser
[DEBUG @ 19:51:36 | Chroma] FitBeatEnvironment.[0]Environment.[6]NarrowGameHUD.[0]EnergyPanel.[5]Laser.[0]BoxLight
[DEBUG @ 19:51:36 | Chroma] FitBeatEnvironment.[0]Environment.[6]NarrowGameHUD.[0]EnergyPanel.[5]Laser.[1]BakedBloom
[DEBUG @ 19:51:36 | Chroma] FitBeatEnvironment.[0]Environment.[6]NarrowGameHUD.[0]EnergyPanel.[6]FailIcon
[DEBUG @ 19:51:36 | Chroma] FitBeatEnvironment.[0]Environment.[6]NarrowGameHUD.[1]LeftPanel
[DEBUG @ 19:51:36 | Chroma] FitBeatEnvironment.[0]Environment.[6]NarrowGameHUD.[1]LeftPanel.[0]ComboPanel
[DEBUG @ 19:51:36 | Chroma] FitBeatEnvironment.[0]Environment.[6]NarrowGameHUD.[1]LeftPanel.[0]ComboPanel.[0]ComboText
[DEBUG @ 19:51:36 | Chroma] FitBeatEnvironment.[0]Environment.[6]NarrowGameHUD.[1]LeftPanel.[0]ComboPanel.[1]ComboCanvas
[DEBUG @ 19:51:36 | Chroma] FitBeatEnvironment.[0]Environment.[6]NarrowGameHUD.[1]LeftPanel.[0]ComboPanel.[1]ComboCanvas.[0]NumText
[DEBUG @ 19:51:36 | Chroma] FitBeatEnvironment.[0]Environment.[6]NarrowGameHUD.[1]LeftPanel.[0]ComboPanel.[2]Line0
[DEBUG @ 19:51:36 | Chroma] FitBeatEnvironment.[0]Environment.[6]NarrowGameHUD.[1]LeftPanel.[0]ComboPanel.[3]Line1
[DEBUG @ 19:51:36 | Chroma] FitBeatEnvironment.[0]Environment.[6]NarrowGameHUD.[1]LeftPanel.[1]ScoreCanvas
[DEBUG @ 19:51:36 | Chroma] FitBeatEnvironment.[0]Environment.[6]NarrowGameHUD.[1]LeftPanel.[1]ScoreCanvas.[0]ScoreText
[DEBUG @ 19:51:36 | Chroma] FitBeatEnvironment.[0]Environment.[6]NarrowGameHUD.[1]LeftPanel.[1]ScoreCanvas.[1]ImmediateRankText
[DEBUG @ 19:51:36 | Chroma] FitBeatEnvironment.[0]Environment.[6]NarrowGameHUD.[1]LeftPanel.[1]ScoreCanvas.[2]RelativeScoreText
[DEBUG @ 19:51:36 | Chroma] FitBeatEnvironment.[0]Environment.[6]NarrowGameHUD.[2]RightPanel
[DEBUG @ 19:51:36 | Chroma] FitBeatEnvironment.[0]Environment.[6]NarrowGameHUD.[2]RightPanel.[0]MultiplierCanvas
[DEBUG @ 19:51:36 | Chroma] FitBeatEnvironment.[0]Environment.[6]NarrowGameHUD.[2]RightPanel.[0]MultiplierCanvas.[0]BGCircle
[DEBUG @ 19:51:36 | Chroma] FitBeatEnvironment.[0]Environment.[6]NarrowGameHUD.[2]RightPanel.[0]MultiplierCanvas.[1]FGCircle
[DEBUG @ 19:51:36 | Chroma] FitBeatEnvironment.[0]Environment.[6]NarrowGameHUD.[2]RightPanel.[0]MultiplierCanvas.[2]AnimationCircle
[DEBUG @ 19:51:36 | Chroma] FitBeatEnvironment.[0]Environment.[6]NarrowGameHUD.[2]RightPanel.[0]MultiplierCanvas.[3]TextOverlayPanelOutline1
[DEBUG @ 19:51:36 | Chroma] FitBeatEnvironment.[0]Environment.[6]NarrowGameHUD.[2]RightPanel.[0]MultiplierCanvas.[3]TextOverlayPanelOutline1.[0]XText
[DEBUG @ 19:51:36 | Chroma] FitBeatEnvironment.[0]Environment.[6]NarrowGameHUD.[2]RightPanel.[0]MultiplierCanvas.[3]TextOverlayPanelOutline1.[1]NumText
[DEBUG @ 19:51:36 | Chroma] FitBeatEnvironment.[0]Environment.[6]NarrowGameHUD.[2]RightPanel.[0]MultiplierCanvas.[4]TextOverlayPanelOutline0
[DEBUG @ 19:51:36 | Chroma] FitBeatEnvironment.[0]Environment.[6]NarrowGameHUD.[2]RightPanel.[0]MultiplierCanvas.[4]TextOverlayPanelOutline0.[0]XText
[DEBUG @ 19:51:36 | Chroma] FitBeatEnvironment.[0]Environment.[6]NarrowGameHUD.[2]RightPanel.[0]MultiplierCanvas.[4]TextOverlayPanelOutline0.[1]NumText
[DEBUG @ 19:51:36 | Chroma] FitBeatEnvironment.[0]Environment.[6]NarrowGameHUD.[2]RightPanel.[0]MultiplierCanvas.[5]TextPanel
[DEBUG @ 19:51:36 | Chroma] FitBeatEnvironment.[0]Environment.[6]NarrowGameHUD.[2]RightPanel.[0]MultiplierCanvas.[5]TextPanel.[0]XText
[DEBUG @ 19:51:36 | Chroma] FitBeatEnvironment.[0]Environment.[6]NarrowGameHUD.[2]RightPanel.[0]MultiplierCanvas.[5]TextPanel.[1]NumText
[DEBUG @ 19:51:36 | Chroma] FitBeatEnvironment.[0]Environment.[6]NarrowGameHUD.[2]RightPanel.[1]SongProgressCanvas
[DEBUG @ 19:51:36 | Chroma] FitBeatEnvironment.[0]Environment.[6]NarrowGameHUD.[2]RightPanel.[1]SongProgressCanvas.[0]Progress
[DEBUG @ 19:51:36 | Chroma] FitBeatEnvironment.[0]Environment.[6]NarrowGameHUD.[2]RightPanel.[1]SongProgressCanvas.[1]Slider
[DEBUG @ 19:51:36 | Chroma] FitBeatEnvironment.[0]Environment.[6]NarrowGameHUD.[2]RightPanel.[1]SongProgressCanvas.[1]Slider.[0]Background
[DEBUG @ 19:51:36 | Chroma] FitBeatEnvironment.[0]Environment.[6]NarrowGameHUD.[2]RightPanel.[1]SongProgressCanvas.[1]Slider.[1]Handle Slide Area
[DEBUG @ 19:51:36 | Chroma] FitBeatEnvironment.[0]Environment.[6]NarrowGameHUD.[2]RightPanel.[1]SongProgressCanvas.[1]Slider.[1]Handle Slide Area.[0]Handle
[DEBUG @ 19:51:36 | Chroma] FitBeatEnvironment.[0]Environment.[6]NarrowGameHUD.[2]RightPanel.[1]SongProgressCanvas.[2]DurationMinutes
[DEBUG @ 19:51:36 | Chroma] FitBeatEnvironment.[0]Environment.[6]NarrowGameHUD.[2]RightPanel.[1]SongProgressCanvas.[3]DurationSeconds
[DEBUG @ 19:51:36 | Chroma] FitBeatEnvironment.[0]Environment.[6]NarrowGameHUD.[2]RightPanel.[1]SongProgressCanvas.[4]ProgressMinutes
[DEBUG @ 19:51:36 | Chroma] FitBeatEnvironment.[0]Environment.[6]NarrowGameHUD.[2]RightPanel.[1]SongProgressCanvas.[5]ProgressSeconds
[DEBUG @ 19:51:36 | Chroma] FitBeatEnvironment.[0]Environment.[6]NarrowGameHUD.[2]RightPanel.[1]SongProgressCanvas.[6]BG
[DEBUG @ 19:51:36 | Chroma] FitBeatEnvironment.[0]Environment.[7]DustPS
[DEBUG @ 19:51:36 | Chroma] FitBeatEnvironment.[0]Environment.[8]====== LIGHTS ======
[DEBUG @ 19:51:36 | Chroma] FitBeatEnvironment.[0]Environment.[9]Spectrograms
[DEBUG @ 19:51:36 | Chroma] FitBeatEnvironment.[0]Environment.[9]Spectrograms.[0]Spectrogram1
[DEBUG @ 19:51:36 | Chroma] FitBeatEnvironment.[0]Environment.[9]Spectrograms.[1]Spectrogram0
[DEBUG @ 19:51:36 | Chroma] FitBeatEnvironment.[0]Environment.[9]Spectrograms.[2]Spectrogram1
[DEBUG @ 19:51:36 | Chroma] FitBeatEnvironment.[0]Environment.[9]Spectrograms.[3]Spectrogram0
[DEBUG @ 19:51:36 | Chroma] GameCore.[1]PanelLightTrackLaneRing(Clone)
[DEBUG @ 19:51:36 | Chroma] GameCore.[1]PanelLightTrackLaneRing(Clone).[0]Ring
[DEBUG @ 19:51:36 | Chroma] GameCore.[1]PanelLightTrackLaneRing(Clone).[1]Neon
[DEBUG @ 19:51:36 | Chroma] GameCore.[1]PanelLightTrackLaneRing(Clone).[1]Neon.[0]BoxLight
[DEBUG @ 19:51:36 | Chroma] GameCore.[1]PanelLightTrackLaneRing(Clone).[1]Neon.[1]BakedBloom
[DEBUG @ 19:51:36 | Chroma] GameCore.[1]PanelLightTrackLaneRing(Clone).[2]Neon (1)
[DEBUG @ 19:51:36 | Chroma] GameCore.[1]PanelLightTrackLaneRing(Clone).[2]Neon (1).[0]BoxLight
[DEBUG @ 19:51:36 | Chroma] GameCore.[1]PanelLightTrackLaneRing(Clone).[2]Neon (1).[1]BakedBloom
[DEBUG @ 19:51:36 | Chroma] GameCore.[10]PanelLightTrackLaneRing(Clone)
[DEBUG @ 19:51:36 | Chroma] GameCore.[10]PanelLightTrackLaneRing(Clone).[0]Ring
[DEBUG @ 19:51:36 | Chroma] GameCore.[10]PanelLightTrackLaneRing(Clone).[1]Neon
[DEBUG @ 19:51:36 | Chroma] GameCore.[10]PanelLightTrackLaneRing(Clone).[1]Neon.[0]BoxLight
[DEBUG @ 19:51:36 | Chroma] GameCore.[10]PanelLightTrackLaneRing(Clone).[1]Neon.[1]BakedBloom
[DEBUG @ 19:51:36 | Chroma] GameCore.[10]PanelLightTrackLaneRing(Clone).[2]Neon (1)
[DEBUG @ 19:51:36 | Chroma] GameCore.[10]PanelLightTrackLaneRing(Clone).[2]Neon (1).[0]BoxLight
[DEBUG @ 19:51:36 | Chroma] GameCore.[10]PanelLightTrackLaneRing(Clone).[2]Neon (1).[1]BakedBloom
[DEBUG @ 19:51:36 | Chroma] GameCore.[11]PanelLightTrackLaneRing(Clone)
[DEBUG @ 19:51:36 | Chroma] GameCore.[11]PanelLightTrackLaneRing(Clone).[0]Ring
[DEBUG @ 19:51:36 | Chroma] GameCore.[11]PanelLightTrackLaneRing(Clone).[1]Neon
[DEBUG @ 19:51:36 | Chroma] GameCore.[11]PanelLightTrackLaneRing(Clone).[1]Neon.[0]BoxLight
[DEBUG @ 19:51:36 | Chroma] GameCore.[11]PanelLightTrackLaneRing(Clone).[1]Neon.[1]BakedBloom
[DEBUG @ 19:51:36 | Chroma] GameCore.[11]PanelLightTrackLaneRing(Clone).[2]Neon (1)
[DEBUG @ 19:51:36 | Chroma] GameCore.[11]PanelLightTrackLaneRing(Clone).[2]Neon (1).[0]BoxLight
[DEBUG @ 19:51:36 | Chroma] GameCore.[11]PanelLightTrackLaneRing(Clone).[2]Neon (1).[1]BakedBloom
[DEBUG @ 19:51:36 | Chroma] GameCore.[12]PanelLightTrackLaneRing(Clone)
[DEBUG @ 19:51:36 | Chroma] GameCore.[12]PanelLightTrackLaneRing(Clone).[0]Ring
[DEBUG @ 19:51:36 | Chroma] GameCore.[12]PanelLightTrackLaneRing(Clone).[1]Neon
[DEBUG @ 19:51:36 | Chroma] GameCore.[12]PanelLightTrackLaneRing(Clone).[1]Neon.[0]BoxLight
[DEBUG @ 19:51:36 | Chroma] GameCore.[12]PanelLightTrackLaneRing(Clone).[1]Neon.[1]BakedBloom
[DEBUG @ 19:51:36 | Chroma] GameCore.[12]PanelLightTrackLaneRing(Clone).[2]Neon (1)
[DEBUG @ 19:51:36 | Chroma] GameCore.[12]PanelLightTrackLaneRing(Clone).[2]Neon (1).[0]BoxLight
[DEBUG @ 19:51:36 | Chroma] GameCore.[12]PanelLightTrackLaneRing(Clone).[2]Neon (1).[1]BakedBloom
[DEBUG @ 19:51:36 | Chroma] GameCore.[13]PanelLightTrackLaneRing(Clone)
[DEBUG @ 19:51:36 | Chroma] GameCore.[13]PanelLightTrackLaneRing(Clone).[0]Ring
[DEBUG @ 19:51:36 | Chroma] GameCore.[13]PanelLightTrackLaneRing(Clone).[1]Neon
[DEBUG @ 19:51:36 | Chroma] GameCore.[13]PanelLightTrackLaneRing(Clone).[1]Neon.[0]BoxLight
[DEBUG @ 19:51:36 | Chroma] GameCore.[13]PanelLightTrackLaneRing(Clone).[1]Neon.[1]BakedBloom
[DEBUG @ 19:51:36 | Chroma] GameCore.[13]PanelLightTrackLaneRing(Clone).[2]Neon (1)
[DEBUG @ 19:51:36 | Chroma] GameCore.[13]PanelLightTrackLaneRing(Clone).[2]Neon (1).[0]BoxLight
[DEBUG @ 19:51:36 | Chroma] GameCore.[13]PanelLightTrackLaneRing(Clone).[2]Neon (1).[1]BakedBloom
[DEBUG @ 19:51:36 | Chroma] GameCore.[14]PanelLightTrackLaneRing(Clone)
[DEBUG @ 19:51:36 | Chroma] GameCore.[14]PanelLightTrackLaneRing(Clone).[0]Ring
[DEBUG @ 19:51:36 | Chroma] GameCore.[14]PanelLightTrackLaneRing(Clone).[1]Neon
[DEBUG @ 19:51:36 | Chroma] GameCore.[14]PanelLightTrackLaneRing(Clone).[1]Neon.[0]BoxLight
[DEBUG @ 19:51:36 | Chroma] GameCore.[14]PanelLightTrackLaneRing(Clone).[1]Neon.[1]BakedBloom
[DEBUG @ 19:51:36 | Chroma] GameCore.[14]PanelLightTrackLaneRing(Clone).[2]Neon (1)
[DEBUG @ 19:51:36 | Chroma] GameCore.[14]PanelLightTrackLaneRing(Clone).[2]Neon (1).[0]BoxLight
[DEBUG @ 19:51:36 | Chroma] GameCore.[14]PanelLightTrackLaneRing(Clone).[2]Neon (1).[1]BakedBloom
[DEBUG @ 19:51:36 | Chroma] GameCore.[15]PanelLightTrackLaneRing(Clone)
[DEBUG @ 19:51:36 | Chroma] GameCore.[15]PanelLightTrackLaneRing(Clone).[0]Ring
[DEBUG @ 19:51:36 | Chroma] GameCore.[15]PanelLightTrackLaneRing(Clone).[1]Neon
[DEBUG @ 19:51:36 | Chroma] GameCore.[15]PanelLightTrackLaneRing(Clone).[1]Neon.[0]BoxLight
[DEBUG @ 19:51:36 | Chroma] GameCore.[15]PanelLightTrackLaneRing(Clone).[1]Neon.[1]BakedBloom
[DEBUG @ 19:51:36 | Chroma] GameCore.[15]PanelLightTrackLaneRing(Clone).[2]Neon (1)
[DEBUG @ 19:51:36 | Chroma] GameCore.[15]PanelLightTrackLaneRing(Clone).[2]Neon (1).[0]BoxLight
[DEBUG @ 19:51:36 | Chroma] GameCore.[15]PanelLightTrackLaneRing(Clone).[2]Neon (1).[1]BakedBloom
[DEBUG @ 19:51:36 | Chroma] GameCore.[16]BigCenterLightTrackLaneRing(Clone)
[DEBUG @ 19:51:36 | Chroma] GameCore.[16]BigCenterLightTrackLaneRing(Clone).[0]Ring
[DEBUG @ 19:51:36 | Chroma] GameCore.[16]BigCenterLightTrackLaneRing(Clone).[1]Neon
[DEBUG @ 19:51:36 | Chroma] GameCore.[16]BigCenterLightTrackLaneRing(Clone).[1]Neon.[0]BoxLight
[DEBUG @ 19:51:36 | Chroma] GameCore.[16]BigCenterLightTrackLaneRing(Clone).[1]Neon.[1]BakedBloom
[DEBUG @ 19:51:36 | Chroma] GameCore.[16]BigCenterLightTrackLaneRing(Clone).[2]Neon (1)
[DEBUG @ 19:51:36 | Chroma] GameCore.[16]BigCenterLightTrackLaneRing(Clone).[2]Neon (1).[0]BoxLight
[DEBUG @ 19:51:36 | Chroma] GameCore.[16]BigCenterLightTrackLaneRing(Clone).[2]Neon (1).[1]BakedBloom
[DEBUG @ 19:51:36 | Chroma] GameCore.[17]BigCenterLightTrackLaneRing(Clone)
[DEBUG @ 19:51:36 | Chroma] GameCore.[17]BigCenterLightTrackLaneRing(Clone).[0]Ring
[DEBUG @ 19:51:36 | Chroma] GameCore.[17]BigCenterLightTrackLaneRing(Clone).[1]Neon
[DEBUG @ 19:51:36 | Chroma] GameCore.[17]BigCenterLightTrackLaneRing(Clone).[1]Neon.[0]BoxLight
[DEBUG @ 19:51:36 | Chroma] GameCore.[17]BigCenterLightTrackLaneRing(Clone).[1]Neon.[1]BakedBloom
[DEBUG @ 19:51:36 | Chroma] GameCore.[17]BigCenterLightTrackLaneRing(Clone).[2]Neon (1)
[DEBUG @ 19:51:36 | Chroma] GameCore.[17]BigCenterLightTrackLaneRing(Clone).[2]Neon (1).[0]BoxLight
[DEBUG @ 19:51:36 | Chroma] GameCore.[17]BigCenterLightTrackLaneRing(Clone).[2]Neon (1).[1]BakedBloom
[DEBUG @ 19:51:36 | Chroma] GameCore.[18]BigCenterLightTrackLaneRing(Clone)
[DEBUG @ 19:51:36 | Chroma] GameCore.[18]BigCenterLightTrackLaneRing(Clone).[0]Ring
[DEBUG @ 19:51:36 | Chroma] GameCore.[18]BigCenterLightTrackLaneRing(Clone).[1]Neon
[DEBUG @ 19:51:36 | Chroma] GameCore.[18]BigCenterLightTrackLaneRing(Clone).[1]Neon.[0]BoxLight
[DEBUG @ 19:51:36 | Chroma] GameCore.[18]BigCenterLightTrackLaneRing(Clone).[1]Neon.[1]BakedBloom
[DEBUG @ 19:51:36 | Chroma] GameCore.[18]BigCenterLightTrackLaneRing(Clone).[2]Neon (1)
[DEBUG @ 19:51:36 | Chroma] GameCore.[18]BigCenterLightTrackLaneRing(Clone).[2]Neon (1).[0]BoxLight
[DEBUG @ 19:51:36 | Chroma] GameCore.[18]BigCenterLightTrackLaneRing(Clone).[2]Neon (1).[1]BakedBloom
[DEBUG @ 19:51:36 | Chroma] GameCore.[19]BigCenterLightTrackLaneRing(Clone)
[DEBUG @ 19:51:36 | Chroma] GameCore.[19]BigCenterLightTrackLaneRing(Clone).[0]Ring
[DEBUG @ 19:51:36 | Chroma] GameCore.[19]BigCenterLightTrackLaneRing(Clone).[1]Neon
[DEBUG @ 19:51:36 | Chroma] GameCore.[19]BigCenterLightTrackLaneRing(Clone).[1]Neon.[0]BoxLight
[DEBUG @ 19:51:36 | Chroma] GameCore.[19]BigCenterLightTrackLaneRing(Clone).[1]Neon.[1]BakedBloom
[DEBUG @ 19:51:36 | Chroma] GameCore.[19]BigCenterLightTrackLaneRing(Clone).[2]Neon (1)
[DEBUG @ 19:51:36 | Chroma] GameCore.[19]BigCenterLightTrackLaneRing(Clone).[2]Neon (1).[0]BoxLight
[DEBUG @ 19:51:36 | Chroma] GameCore.[19]BigCenterLightTrackLaneRing(Clone).[2]Neon (1).[1]BakedBloom
[DEBUG @ 19:51:36 | Chroma] GameCore.[2]PanelLightTrackLaneRing(Clone)
[DEBUG @ 19:51:36 | Chroma] GameCore.[2]PanelLightTrackLaneRing(Clone).[0]Ring
[DEBUG @ 19:51:36 | Chroma] GameCore.[2]PanelLightTrackLaneRing(Clone).[1]Neon
[DEBUG @ 19:51:36 | Chroma] GameCore.[2]PanelLightTrackLaneRing(Clone).[1]Neon.[0]BoxLight
[DEBUG @ 19:51:36 | Chroma] GameCore.[2]PanelLightTrackLaneRing(Clone).[1]Neon.[1]BakedBloom
[DEBUG @ 19:51:36 | Chroma] GameCore.[2]PanelLightTrackLaneRing(Clone).[2]Neon (1)
[DEBUG @ 19:51:36 | Chroma] GameCore.[2]PanelLightTrackLaneRing(Clone).[2]Neon (1).[0]BoxLight
[DEBUG @ 19:51:36 | Chroma] GameCore.[2]PanelLightTrackLaneRing(Clone).[2]Neon (1).[1]BakedBloom
[DEBUG @ 19:51:36 | Chroma] GameCore.[20]BigCenterLightTrackLaneRing(Clone)
[DEBUG @ 19:51:36 | Chroma] GameCore.[20]BigCenterLightTrackLaneRing(Clone).[0]Ring
[DEBUG @ 19:51:36 | Chroma] GameCore.[20]BigCenterLightTrackLaneRing(Clone).[1]Neon
[DEBUG @ 19:51:36 | Chroma] GameCore.[20]BigCenterLightTrackLaneRing(Clone).[1]Neon.[0]BoxLight
[DEBUG @ 19:51:36 | Chroma] GameCore.[20]BigCenterLightTrackLaneRing(Clone).[1]Neon.[1]BakedBloom
[DEBUG @ 19:51:36 | Chroma] GameCore.[20]BigCenterLightTrackLaneRing(Clone).[2]Neon (1)
[DEBUG @ 19:51:36 | Chroma] GameCore.[20]BigCenterLightTrackLaneRing(Clone).[2]Neon (1).[0]BoxLight
[DEBUG @ 19:51:36 | Chroma] GameCore.[20]BigCenterLightTrackLaneRing(Clone).[2]Neon (1).[1]BakedBloom
[DEBUG @ 19:51:36 | Chroma] GameCore.[21]BigCenterLightTrackLaneRing(Clone)
[DEBUG @ 19:51:36 | Chroma] GameCore.[21]BigCenterLightTrackLaneRing(Clone).[0]Ring
[DEBUG @ 19:51:36 | Chroma] GameCore.[21]BigCenterLightTrackLaneRing(Clone).[1]Neon
[DEBUG @ 19:51:36 | Chroma] GameCore.[21]BigCenterLightTrackLaneRing(Clone).[1]Neon.[0]BoxLight
[DEBUG @ 19:51:36 | Chroma] GameCore.[21]BigCenterLightTrackLaneRing(Clone).[1]Neon.[1]BakedBloom
[DEBUG @ 19:51:36 | Chroma] GameCore.[21]BigCenterLightTrackLaneRing(Clone).[2]Neon (1)
[DEBUG @ 19:51:36 | Chroma] GameCore.[21]BigCenterLightTrackLaneRing(Clone).[2]Neon (1).[0]BoxLight
[DEBUG @ 19:51:36 | Chroma] GameCore.[21]BigCenterLightTrackLaneRing(Clone).[2]Neon (1).[1]BakedBloom
[DEBUG @ 19:51:36 | Chroma] GameCore.[22]BigCenterLightTrackLaneRing(Clone)
[DEBUG @ 19:51:36 | Chroma] GameCore.[22]BigCenterLightTrackLaneRing(Clone).[0]Ring
[DEBUG @ 19:51:36 | Chroma] GameCore.[22]BigCenterLightTrackLaneRing(Clone).[1]Neon
[DEBUG @ 19:51:36 | Chroma] GameCore.[22]BigCenterLightTrackLaneRing(Clone).[1]Neon.[0]BoxLight
[DEBUG @ 19:51:36 | Chroma] GameCore.[22]BigCenterLightTrackLaneRing(Clone).[1]Neon.[1]BakedBloom
[DEBUG @ 19:51:36 | Chroma] GameCore.[22]BigCenterLightTrackLaneRing(Clone).[2]Neon (1)
[DEBUG @ 19:51:36 | Chroma] GameCore.[22]BigCenterLightTrackLaneRing(Clone).[2]Neon (1).[0]BoxLight
[DEBUG @ 19:51:36 | Chroma] GameCore.[22]BigCenterLightTrackLaneRing(Clone).[2]Neon (1).[1]BakedBloom
[DEBUG @ 19:51:36 | Chroma] GameCore.[23]BigCenterLightTrackLaneRing(Clone)
[DEBUG @ 19:51:36 | Chroma] GameCore.[23]BigCenterLightTrackLaneRing(Clone).[0]Ring
[DEBUG @ 19:51:36 | Chroma] GameCore.[23]BigCenterLightTrackLaneRing(Clone).[1]Neon
[DEBUG @ 19:51:36 | Chroma] GameCore.[23]BigCenterLightTrackLaneRing(Clone).[1]Neon.[0]BoxLight
[DEBUG @ 19:51:36 | Chroma] GameCore.[23]BigCenterLightTrackLaneRing(Clone).[1]Neon.[1]BakedBloom
[DEBUG @ 19:51:36 | Chroma] GameCore.[23]BigCenterLightTrackLaneRing(Clone).[2]Neon (1)
[DEBUG @ 19:51:36 | Chroma] GameCore.[23]BigCenterLightTrackLaneRing(Clone).[2]Neon (1).[0]BoxLight
[DEBUG @ 19:51:36 | Chroma] GameCore.[23]BigCenterLightTrackLaneRing(Clone).[2]Neon (1).[1]BakedBloom
[DEBUG @ 19:51:36 | Chroma] GameCore.[24]BigCenterLightTrackLaneRing(Clone)
[DEBUG @ 19:51:36 | Chroma] GameCore.[24]BigCenterLightTrackLaneRing(Clone).[0]Ring
[DEBUG @ 19:51:36 | Chroma] GameCore.[24]BigCenterLightTrackLaneRing(Clone).[1]Neon
[DEBUG @ 19:51:36 | Chroma] GameCore.[24]BigCenterLightTrackLaneRing(Clone).[1]Neon.[0]BoxLight
[DEBUG @ 19:51:36 | Chroma] GameCore.[24]BigCenterLightTrackLaneRing(Clone).[1]Neon.[1]BakedBloom
[DEBUG @ 19:51:36 | Chroma] GameCore.[24]BigCenterLightTrackLaneRing(Clone).[2]Neon (1)
[DEBUG @ 19:51:36 | Chroma] GameCore.[24]BigCenterLightTrackLaneRing(Clone).[2]Neon (1).[0]BoxLight
[DEBUG @ 19:51:36 | Chroma] GameCore.[24]BigCenterLightTrackLaneRing(Clone).[2]Neon (1).[1]BakedBloom
[DEBUG @ 19:51:36 | Chroma] GameCore.[25]BigCenterLightTrackLaneRing(Clone)
[DEBUG @ 19:51:36 | Chroma] GameCore.[25]BigCenterLightTrackLaneRing(Clone).[0]Ring
[DEBUG @ 19:51:36 | Chroma] GameCore.[25]BigCenterLightTrackLaneRing(Clone).[1]Neon
[DEBUG @ 19:51:36 | Chroma] GameCore.[25]BigCenterLightTrackLaneRing(Clone).[1]Neon.[0]BoxLight
[DEBUG @ 19:51:36 | Chroma] GameCore.[25]BigCenterLightTrackLaneRing(Clone).[1]Neon.[1]BakedBloom
[DEBUG @ 19:51:36 | Chroma] GameCore.[25]BigCenterLightTrackLaneRing(Clone).[2]Neon (1)
[DEBUG @ 19:51:36 | Chroma] GameCore.[25]BigCenterLightTrackLaneRing(Clone).[2]Neon (1).[0]BoxLight
[DEBUG @ 19:51:36 | Chroma] GameCore.[25]BigCenterLightTrackLaneRing(Clone).[2]Neon (1).[1]BakedBloom
[DEBUG @ 19:51:36 | Chroma] GameCore.[26]BigCenterLightTrackLaneRing(Clone)
[DEBUG @ 19:51:36 | Chroma] GameCore.[26]BigCenterLightTrackLaneRing(Clone).[0]Ring
[DEBUG @ 19:51:36 | Chroma] GameCore.[26]BigCenterLightTrackLaneRing(Clone).[1]Neon
[DEBUG @ 19:51:36 | Chroma] GameCore.[26]BigCenterLightTrackLaneRing(Clone).[1]Neon.[0]BoxLight
[DEBUG @ 19:51:36 | Chroma] GameCore.[26]BigCenterLightTrackLaneRing(Clone).[1]Neon.[1]BakedBloom
[DEBUG @ 19:51:36 | Chroma] GameCore.[26]BigCenterLightTrackLaneRing(Clone).[2]Neon (1)
[DEBUG @ 19:51:36 | Chroma] GameCore.[26]BigCenterLightTrackLaneRing(Clone).[2]Neon (1).[0]BoxLight
[DEBUG @ 19:51:36 | Chroma] GameCore.[26]BigCenterLightTrackLaneRing(Clone).[2]Neon (1).[1]BakedBloom
[DEBUG @ 19:51:36 | Chroma] GameCore.[27]BigCenterLightTrackLaneRing(Clone)
[DEBUG @ 19:51:36 | Chroma] GameCore.[27]BigCenterLightTrackLaneRing(Clone).[0]Ring
[DEBUG @ 19:51:36 | Chroma] GameCore.[27]BigCenterLightTrackLaneRing(Clone).[1]Neon
[DEBUG @ 19:51:36 | Chroma] GameCore.[27]BigCenterLightTrackLaneRing(Clone).[1]Neon.[0]BoxLight
[DEBUG @ 19:51:36 | Chroma] GameCore.[27]BigCenterLightTrackLaneRing(Clone).[1]Neon.[1]BakedBloom
[DEBUG @ 19:51:36 | Chroma] GameCore.[27]BigCenterLightTrackLaneRing(Clone).[2]Neon (1)
[DEBUG @ 19:51:36 | Chroma] GameCore.[27]BigCenterLightTrackLaneRing(Clone).[2]Neon (1).[0]BoxLight
[DEBUG @ 19:51:36 | Chroma] GameCore.[27]BigCenterLightTrackLaneRing(Clone).[2]Neon (1).[1]BakedBloom
[DEBUG @ 19:51:36 | Chroma] GameCore.[28]BigCenterLightTrackLaneRing(Clone)
[DEBUG @ 19:51:36 | Chroma] GameCore.[28]BigCenterLightTrackLaneRing(Clone).[0]Ring
[DEBUG @ 19:51:36 | Chroma] GameCore.[28]BigCenterLightTrackLaneRing(Clone).[1]Neon
[DEBUG @ 19:51:36 | Chroma] GameCore.[28]BigCenterLightTrackLaneRing(Clone).[1]Neon.[0]BoxLight
[DEBUG @ 19:51:36 | Chroma] GameCore.[28]BigCenterLightTrackLaneRing(Clone).[1]Neon.[1]BakedBloom
[DEBUG @ 19:51:36 | Chroma] GameCore.[28]BigCenterLightTrackLaneRing(Clone).[2]Neon (1)
[DEBUG @ 19:51:36 | Chroma] GameCore.[28]BigCenterLightTrackLaneRing(Clone).[2]Neon (1).[0]BoxLight
[DEBUG @ 19:51:36 | Chroma] GameCore.[28]BigCenterLightTrackLaneRing(Clone).[2]Neon (1).[1]BakedBloom
[DEBUG @ 19:51:36 | Chroma] GameCore.[29]BigCenterLightTrackLaneRing(Clone)
[DEBUG @ 19:51:36 | Chroma] GameCore.[29]BigCenterLightTrackLaneRing(Clone).[0]Ring
[DEBUG @ 19:51:36 | Chroma] GameCore.[29]BigCenterLightTrackLaneRing(Clone).[1]Neon
[DEBUG @ 19:51:36 | Chroma] GameCore.[29]BigCenterLightTrackLaneRing(Clone).[1]Neon.[0]BoxLight
[DEBUG @ 19:51:36 | Chroma] GameCore.[29]BigCenterLightTrackLaneRing(Clone).[1]Neon.[1]BakedBloom
[DEBUG @ 19:51:36 | Chroma] GameCore.[29]BigCenterLightTrackLaneRing(Clone).[2]Neon (1)
[DEBUG @ 19:51:36 | Chroma] GameCore.[29]BigCenterLightTrackLaneRing(Clone).[2]Neon (1).[0]BoxLight
[DEBUG @ 19:51:36 | Chroma] GameCore.[29]BigCenterLightTrackLaneRing(Clone).[2]Neon (1).[1]BakedBloom
[DEBUG @ 19:51:36 | Chroma] GameCore.[3]PanelLightTrackLaneRing(Clone)
[DEBUG @ 19:51:36 | Chroma] GameCore.[3]PanelLightTrackLaneRing(Clone).[0]Ring
[DEBUG @ 19:51:36 | Chroma] GameCore.[3]PanelLightTrackLaneRing(Clone).[1]Neon
[DEBUG @ 19:51:36 | Chroma] GameCore.[3]PanelLightTrackLaneRing(Clone).[1]Neon.[0]BoxLight
[DEBUG @ 19:51:36 | Chroma] GameCore.[3]PanelLightTrackLaneRing(Clone).[1]Neon.[1]BakedBloom
[DEBUG @ 19:51:36 | Chroma] GameCore.[3]PanelLightTrackLaneRing(Clone).[2]Neon (1)
[DEBUG @ 19:51:36 | Chroma] GameCore.[3]PanelLightTrackLaneRing(Clone).[2]Neon (1).[0]BoxLight
[DEBUG @ 19:51:36 | Chroma] GameCore.[3]PanelLightTrackLaneRing(Clone).[2]Neon (1).[1]BakedBloom
[DEBUG @ 19:51:36 | Chroma] GameCore.[30]BigCenterLightTrackLaneRing(Clone)
[DEBUG @ 19:51:36 | Chroma] GameCore.[30]BigCenterLightTrackLaneRing(Clone).[0]Ring
[DEBUG @ 19:51:36 | Chroma] GameCore.[30]BigCenterLightTrackLaneRing(Clone).[1]Neon
[DEBUG @ 19:51:36 | Chroma] GameCore.[30]BigCenterLightTrackLaneRing(Clone).[1]Neon.[0]BoxLight
[DEBUG @ 19:51:36 | Chroma] GameCore.[30]BigCenterLightTrackLaneRing(Clone).[1]Neon.[1]BakedBloom
[DEBUG @ 19:51:36 | Chroma] GameCore.[30]BigCenterLightTrackLaneRing(Clone).[2]Neon (1)
[DEBUG @ 19:51:36 | Chroma] GameCore.[30]BigCenterLightTrackLaneRing(Clone).[2]Neon (1).[0]BoxLight
[DEBUG @ 19:51:36 | Chroma] GameCore.[30]BigCenterLightTrackLaneRing(Clone).[2]Neon (1).[1]BakedBloom
[DEBUG @ 19:51:36 | Chroma] GameCore.[4]PanelLightTrackLaneRing(Clone)
[DEBUG @ 19:51:36 | Chroma] GameCore.[4]PanelLightTrackLaneRing(Clone).[0]Ring
[DEBUG @ 19:51:36 | Chroma] GameCore.[4]PanelLightTrackLaneRing(Clone).[1]Neon
[DEBUG @ 19:51:36 | Chroma] GameCore.[4]PanelLightTrackLaneRing(Clone).[1]Neon.[0]BoxLight
[DEBUG @ 19:51:36 | Chroma] GameCore.[4]PanelLightTrackLaneRing(Clone).[1]Neon.[1]BakedBloom
[DEBUG @ 19:51:36 | Chroma] GameCore.[4]PanelLightTrackLaneRing(Clone).[2]Neon (1)
[DEBUG @ 19:51:36 | Chroma] GameCore.[4]PanelLightTrackLaneRing(Clone).[2]Neon (1).[0]BoxLight
[DEBUG @ 19:51:36 | Chroma] GameCore.[4]PanelLightTrackLaneRing(Clone).[2]Neon (1).[1]BakedBloom
[DEBUG @ 19:51:36 | Chroma] GameCore.[5]PanelLightTrackLaneRing(Clone)
[DEBUG @ 19:51:36 | Chroma] GameCore.[5]PanelLightTrackLaneRing(Clone).[0]Ring
[DEBUG @ 19:51:36 | Chroma] GameCore.[5]PanelLightTrackLaneRing(Clone).[1]Neon
[DEBUG @ 19:51:36 | Chroma] GameCore.[5]PanelLightTrackLaneRing(Clone).[1]Neon.[0]BoxLight
[DEBUG @ 19:51:36 | Chroma] GameCore.[5]PanelLightTrackLaneRing(Clone).[1]Neon.[1]BakedBloom
[DEBUG @ 19:51:36 | Chroma] GameCore.[5]PanelLightTrackLaneRing(Clone).[2]Neon (1)
[DEBUG @ 19:51:36 | Chroma] GameCore.[5]PanelLightTrackLaneRing(Clone).[2]Neon (1).[0]BoxLight
[DEBUG @ 19:51:36 | Chroma] GameCore.[5]PanelLightTrackLaneRing(Clone).[2]Neon (1).[1]BakedBloom
[DEBUG @ 19:51:36 | Chroma] GameCore.[6]PanelLightTrackLaneRing(Clone)
[DEBUG @ 19:51:36 | Chroma] GameCore.[6]PanelLightTrackLaneRing(Clone).[0]Ring
[DEBUG @ 19:51:36 | Chroma] GameCore.[6]PanelLightTrackLaneRing(Clone).[1]Neon
[DEBUG @ 19:51:36 | Chroma] GameCore.[6]PanelLightTrackLaneRing(Clone).[1]Neon.[0]BoxLight
[DEBUG @ 19:51:36 | Chroma] GameCore.[6]PanelLightTrackLaneRing(Clone).[1]Neon.[1]BakedBloom
[DEBUG @ 19:51:36 | Chroma] GameCore.[6]PanelLightTrackLaneRing(Clone).[2]Neon (1)
[DEBUG @ 19:51:36 | Chroma] GameCore.[6]PanelLightTrackLaneRing(Clone).[2]Neon (1).[0]BoxLight
[DEBUG @ 19:51:36 | Chroma] GameCore.[6]PanelLightTrackLaneRing(Clone).[2]Neon (1).[1]BakedBloom
[DEBUG @ 19:51:36 | Chroma] GameCore.[7]PanelLightTrackLaneRing(Clone)
[DEBUG @ 19:51:36 | Chroma] GameCore.[7]PanelLightTrackLaneRing(Clone).[0]Ring
[DEBUG @ 19:51:36 | Chroma] GameCore.[7]PanelLightTrackLaneRing(Clone).[1]Neon
[DEBUG @ 19:51:36 | Chroma] GameCore.[7]PanelLightTrackLaneRing(Clone).[1]Neon.[0]BoxLight
[DEBUG @ 19:51:36 | Chroma] GameCore.[7]PanelLightTrackLaneRing(Clone).[1]Neon.[1]BakedBloom
[DEBUG @ 19:51:36 | Chroma] GameCore.[7]PanelLightTrackLaneRing(Clone).[2]Neon (1)
[DEBUG @ 19:51:36 | Chroma] GameCore.[7]PanelLightTrackLaneRing(Clone).[2]Neon (1).[0]BoxLight
[DEBUG @ 19:51:36 | Chroma] GameCore.[7]PanelLightTrackLaneRing(Clone).[2]Neon (1).[1]BakedBloom
[DEBUG @ 19:51:36 | Chroma] GameCore.[8]PanelLightTrackLaneRing(Clone)
[DEBUG @ 19:51:36 | Chroma] GameCore.[8]PanelLightTrackLaneRing(Clone).[0]Ring
[DEBUG @ 19:51:36 | Chroma] GameCore.[8]PanelLightTrackLaneRing(Clone).[1]Neon
[DEBUG @ 19:51:36 | Chroma] GameCore.[8]PanelLightTrackLaneRing(Clone).[1]Neon.[0]BoxLight
[DEBUG @ 19:51:36 | Chroma] GameCore.[8]PanelLightTrackLaneRing(Clone).[1]Neon.[1]BakedBloom
[DEBUG @ 19:51:36 | Chroma] GameCore.[8]PanelLightTrackLaneRing(Clone).[2]Neon (1)
[DEBUG @ 19:51:36 | Chroma] GameCore.[8]PanelLightTrackLaneRing(Clone).[2]Neon (1).[0]BoxLight
[DEBUG @ 19:51:36 | Chroma] GameCore.[8]PanelLightTrackLaneRing(Clone).[2]Neon (1).[1]BakedBloom
[DEBUG @ 19:51:36 | Chroma] GameCore.[9]PanelLightTrackLaneRing(Clone)
[DEBUG @ 19:51:36 | Chroma] GameCore.[9]PanelLightTrackLaneRing(Clone).[0]Ring
[DEBUG @ 19:51:36 | Chroma] GameCore.[9]PanelLightTrackLaneRing(Clone).[1]Neon
[DEBUG @ 19:51:36 | Chroma] GameCore.[9]PanelLightTrackLaneRing(Clone).[1]Neon.[0]BoxLight
[DEBUG @ 19:51:36 | Chroma] GameCore.[9]PanelLightTrackLaneRing(Clone).[1]Neon.[1]BakedBloom
[DEBUG @ 19:51:36 | Chroma] GameCore.[9]PanelLightTrackLaneRing(Clone).[2]Neon (1)
[DEBUG @ 19:51:36 | Chroma] GameCore.[9]PanelLightTrackLaneRing(Clone).[2]Neon (1).[0]BoxLight
[DEBUG @ 19:51:36 | Chroma] GameCore.[9]PanelLightTrackLaneRing(Clone).[2]Neon (1).[1]BakedBloom
