[DEBUG @ 18:52:55 | Chroma] GameCore.[10]LightLinesTrackLaneRing(Clone)
[DEBUG @ 18:52:55 | Chroma] GameCore.[10]LightLinesTrackLaneRing(Clone).[0]GlowLine
[DEBUG @ 18:52:55 | Chroma] GameCore.[10]LightLinesTrackLaneRing(Clone).[0]GlowLine.[0]BoxLight
[DEBUG @ 18:52:55 | Chroma] GameCore.[10]LightLinesTrackLaneRing(Clone).[0]GlowLine.[1]BakedBloom
[DEBUG @ 18:52:55 | Chroma] GameCore.[10]LightLinesTrackLaneRing(Clone).[1]GlowLine (1)
[DEBUG @ 18:52:55 | Chroma] GameCore.[10]LightLinesTrackLaneRing(Clone).[1]GlowLine (1).[0]BoxLight
[DEBUG @ 18:52:55 | Chroma] GameCore.[10]LightLinesTrackLaneRing(Clone).[1]GlowLine (1).[1]BakedBloom
[DEBUG @ 18:52:55 | Chroma] GameCore.[11]LightLinesTrackLaneRing(Clone)
[DEBUG @ 18:52:55 | Chroma] GameCore.[11]LightLinesTrackLaneRing(Clone).[0]GlowLine
[DEBUG @ 18:52:55 | Chroma] GameCore.[11]LightLinesTrackLaneRing(Clone).[0]GlowLine.[0]BoxLight
[DEBUG @ 18:52:55 | Chroma] GameCore.[11]LightLinesTrackLaneRing(Clone).[0]GlowLine.[1]BakedBloom
[DEBUG @ 18:52:55 | Chroma] GameCore.[11]LightLinesTrackLaneRing(Clone).[1]GlowLine (1)
[DEBUG @ 18:52:55 | Chroma] GameCore.[11]LightLinesTrackLaneRing(Clone).[1]GlowLine (1).[0]BoxLight
[DEBUG @ 18:52:55 | Chroma] GameCore.[11]LightLinesTrackLaneRing(Clone).[1]GlowLine (1).[1]BakedBloom
[DEBUG @ 18:52:55 | Chroma] GameCore.[12]LightLinesTrackLaneRing(Clone)
[DEBUG @ 18:52:55 | Chroma] GameCore.[12]LightLinesTrackLaneRing(Clone).[0]GlowLine
[DEBUG @ 18:52:55 | Chroma] GameCore.[12]LightLinesTrackLaneRing(Clone).[0]GlowLine.[0]BoxLight
[DEBUG @ 18:52:55 | Chroma] GameCore.[12]LightLinesTrackLaneRing(Clone).[0]GlowLine.[1]BakedBloom
[DEBUG @ 18:52:55 | Chroma] GameCore.[12]LightLinesTrackLaneRing(Clone).[1]GlowLine (1)
[DEBUG @ 18:52:55 | Chroma] GameCore.[12]LightLinesTrackLaneRing(Clone).[1]GlowLine (1).[0]BoxLight
[DEBUG @ 18:52:55 | Chroma] GameCore.[12]LightLinesTrackLaneRing(Clone).[1]GlowLine (1).[1]BakedBloom
[DEBUG @ 18:52:55 | Chroma] GameCore.[13]LightLinesTrackLaneRing(Clone)
[DEBUG @ 18:52:55 | Chroma] GameCore.[13]LightLinesTrackLaneRing(Clone).[0]GlowLine
[DEBUG @ 18:52:55 | Chroma] GameCore.[13]LightLinesTrackLaneRing(Clone).[0]GlowLine.[0]BoxLight
[DEBUG @ 18:52:55 | Chroma] GameCore.[13]LightLinesTrackLaneRing(Clone).[0]GlowLine.[1]BakedBloom
[DEBUG @ 18:52:55 | Chroma] GameCore.[13]LightLinesTrackLaneRing(Clone).[1]GlowLine (1)
[DEBUG @ 18:52:55 | Chroma] GameCore.[13]LightLinesTrackLaneRing(Clone).[1]GlowLine (1).[0]BoxLight
[DEBUG @ 18:52:55 | Chroma] GameCore.[13]LightLinesTrackLaneRing(Clone).[1]GlowLine (1).[1]BakedBloom
[DEBUG @ 18:52:55 | Chroma] GameCore.[14]LightLinesTrackLaneRing(Clone)
[DEBUG @ 18:52:55 | Chroma] GameCore.[14]LightLinesTrackLaneRing(Clone).[0]GlowLine
[DEBUG @ 18:52:55 | Chroma] GameCore.[14]LightLinesTrackLaneRing(Clone).[0]GlowLine.[0]BoxLight
[DEBUG @ 18:52:55 | Chroma] GameCore.[14]LightLinesTrackLaneRing(Clone).[0]GlowLine.[1]BakedBloom
[DEBUG @ 18:52:55 | Chroma] GameCore.[14]LightLinesTrackLaneRing(Clone).[1]GlowLine (1)
[DEBUG @ 18:52:55 | Chroma] GameCore.[14]LightLinesTrackLaneRing(Clone).[1]GlowLine (1).[0]BoxLight
[DEBUG @ 18:52:55 | Chroma] GameCore.[14]LightLinesTrackLaneRing(Clone).[1]GlowLine (1).[1]BakedBloom
[DEBUG @ 18:52:55 | Chroma] GameCore.[15]LightLinesTrackLaneRing(Clone)
[DEBUG @ 18:52:55 | Chroma] GameCore.[15]LightLinesTrackLaneRing(Clone).[0]GlowLine
[DEBUG @ 18:52:55 | Chroma] GameCore.[15]LightLinesTrackLaneRing(Clone).[0]GlowLine.[0]BoxLight
[DEBUG @ 18:52:55 | Chroma] GameCore.[15]LightLinesTrackLaneRing(Clone).[0]GlowLine.[1]BakedBloom
[DEBUG @ 18:52:55 | Chroma] GameCore.[15]LightLinesTrackLaneRing(Clone).[1]GlowLine (1)
[DEBUG @ 18:52:55 | Chroma] GameCore.[15]LightLinesTrackLaneRing(Clone).[1]GlowLine (1).[0]BoxLight
[DEBUG @ 18:52:55 | Chroma] GameCore.[15]LightLinesTrackLaneRing(Clone).[1]GlowLine (1).[1]BakedBloom
[DEBUG @ 18:52:55 | Chroma] GameCore.[16]LightLinesTrackLaneRing(Clone)
[DEBUG @ 18:52:55 | Chroma] GameCore.[16]LightLinesTrackLaneRing(Clone).[0]GlowLine
[DEBUG @ 18:52:55 | Chroma] GameCore.[16]LightLinesTrackLaneRing(Clone).[0]GlowLine.[0]BoxLight
[DEBUG @ 18:52:55 | Chroma] GameCore.[16]LightLinesTrackLaneRing(Clone).[0]GlowLine.[1]BakedBloom
[DEBUG @ 18:52:55 | Chroma] GameCore.[16]LightLinesTrackLaneRing(Clone).[1]GlowLine (1)
[DEBUG @ 18:52:55 | Chroma] GameCore.[16]LightLinesTrackLaneRing(Clone).[1]GlowLine (1).[0]BoxLight
[DEBUG @ 18:52:55 | Chroma] GameCore.[16]LightLinesTrackLaneRing(Clone).[1]GlowLine (1).[1]BakedBloom
[DEBUG @ 18:52:55 | Chroma] GameCore.[17]LightLinesTrackLaneRing(Clone)
[DEBUG @ 18:52:55 | Chroma] GameCore.[17]LightLinesTrackLaneRing(Clone).[0]GlowLine
[DEBUG @ 18:52:55 | Chroma] GameCore.[17]LightLinesTrackLaneRing(Clone).[0]GlowLine.[0]BoxLight
[DEBUG @ 18:52:55 | Chroma] GameCore.[17]LightLinesTrackLaneRing(Clone).[0]GlowLine.[1]BakedBloom
[DEBUG @ 18:52:55 | Chroma] GameCore.[17]LightLinesTrackLaneRing(Clone).[1]GlowLine (1)
[DEBUG @ 18:52:55 | Chroma] GameCore.[17]LightLinesTrackLaneRing(Clone).[1]GlowLine (1).[0]BoxLight
[DEBUG @ 18:52:55 | Chroma] GameCore.[17]LightLinesTrackLaneRing(Clone).[1]GlowLine (1).[1]BakedBloom
[DEBUG @ 18:52:55 | Chroma] GameCore.[18]LightLinesTrackLaneRing(Clone)
[DEBUG @ 18:52:55 | Chroma] GameCore.[18]LightLinesTrackLaneRing(Clone).[0]GlowLine
[DEBUG @ 18:52:55 | Chroma] GameCore.[18]LightLinesTrackLaneRing(Clone).[0]GlowLine.[0]BoxLight
[DEBUG @ 18:52:55 | Chroma] GameCore.[18]LightLinesTrackLaneRing(Clone).[0]GlowLine.[1]BakedBloom
[DEBUG @ 18:52:55 | Chroma] GameCore.[18]LightLinesTrackLaneRing(Clone).[1]GlowLine (1)
[DEBUG @ 18:52:55 | Chroma] GameCore.[18]LightLinesTrackLaneRing(Clone).[1]GlowLine (1).[0]BoxLight
[DEBUG @ 18:52:55 | Chroma] GameCore.[18]LightLinesTrackLaneRing(Clone).[1]GlowLine (1).[1]BakedBloom
[DEBUG @ 18:52:55 | Chroma] GameCore.[19]LightLinesTrackLaneRing(Clone)
[DEBUG @ 18:52:55 | Chroma] GameCore.[19]LightLinesTrackLaneRing(Clone).[0]GlowLine
[DEBUG @ 18:52:55 | Chroma] GameCore.[19]LightLinesTrackLaneRing(Clone).[0]GlowLine.[0]BoxLight
[DEBUG @ 18:52:55 | Chroma] GameCore.[19]LightLinesTrackLaneRing(Clone).[0]GlowLine.[1]BakedBloom
[DEBUG @ 18:52:55 | Chroma] GameCore.[19]LightLinesTrackLaneRing(Clone).[1]GlowLine (1)
[DEBUG @ 18:52:55 | Chroma] GameCore.[19]LightLinesTrackLaneRing(Clone).[1]GlowLine (1).[0]BoxLight
[DEBUG @ 18:52:55 | Chroma] GameCore.[19]LightLinesTrackLaneRing(Clone).[1]GlowLine (1).[1]BakedBloom
[DEBUG @ 18:52:55 | Chroma] GameCore.[20]LightLinesTrackLaneRing(Clone)
[DEBUG @ 18:52:55 | Chroma] GameCore.[20]LightLinesTrackLaneRing(Clone).[0]GlowLine
[DEBUG @ 18:52:55 | Chroma] GameCore.[20]LightLinesTrackLaneRing(Clone).[0]GlowLine.[0]BoxLight
[DEBUG @ 18:52:55 | Chroma] GameCore.[20]LightLinesTrackLaneRing(Clone).[0]GlowLine.[1]BakedBloom
[DEBUG @ 18:52:55 | Chroma] GameCore.[20]LightLinesTrackLaneRing(Clone).[1]GlowLine (1)
[DEBUG @ 18:52:55 | Chroma] GameCore.[20]LightLinesTrackLaneRing(Clone).[1]GlowLine (1).[0]BoxLight
[DEBUG @ 18:52:55 | Chroma] GameCore.[20]LightLinesTrackLaneRing(Clone).[1]GlowLine (1).[1]BakedBloom
[DEBUG @ 18:52:55 | Chroma] GameCore.[21]LightLinesTrackLaneRing(Clone)
[DEBUG @ 18:52:55 | Chroma] GameCore.[21]LightLinesTrackLaneRing(Clone).[0]GlowLine
[DEBUG @ 18:52:55 | Chroma] GameCore.[21]LightLinesTrackLaneRing(Clone).[0]GlowLine.[0]BoxLight
[DEBUG @ 18:52:55 | Chroma] GameCore.[21]LightLinesTrackLaneRing(Clone).[0]GlowLine.[1]BakedBloom
[DEBUG @ 18:52:55 | Chroma] GameCore.[21]LightLinesTrackLaneRing(Clone).[1]GlowLine (1)
[DEBUG @ 18:52:55 | Chroma] GameCore.[21]LightLinesTrackLaneRing(Clone).[1]GlowLine (1).[0]BoxLight
[DEBUG @ 18:52:55 | Chroma] GameCore.[21]LightLinesTrackLaneRing(Clone).[1]GlowLine (1).[1]BakedBloom
[DEBUG @ 18:52:55 | Chroma] GameCore.[22]LightLinesTrackLaneRing(Clone)
[DEBUG @ 18:52:55 | Chroma] GameCore.[22]LightLinesTrackLaneRing(Clone).[0]GlowLine
[DEBUG @ 18:52:55 | Chroma] GameCore.[22]LightLinesTrackLaneRing(Clone).[0]GlowLine.[0]BoxLight
[DEBUG @ 18:52:55 | Chroma] GameCore.[22]LightLinesTrackLaneRing(Clone).[0]GlowLine.[1]BakedBloom
[DEBUG @ 18:52:55 | Chroma] GameCore.[22]LightLinesTrackLaneRing(Clone).[1]GlowLine (1)
[DEBUG @ 18:52:55 | Chroma] GameCore.[22]LightLinesTrackLaneRing(Clone).[1]GlowLine (1).[0]BoxLight
[DEBUG @ 18:52:55 | Chroma] GameCore.[22]LightLinesTrackLaneRing(Clone).[1]GlowLine (1).[1]BakedBloom
[DEBUG @ 18:52:55 | Chroma] GameCore.[23]LightLinesTrackLaneRing(Clone)
[DEBUG @ 18:52:55 | Chroma] GameCore.[23]LightLinesTrackLaneRing(Clone).[0]GlowLine
[DEBUG @ 18:52:55 | Chroma] GameCore.[23]LightLinesTrackLaneRing(Clone).[0]GlowLine.[0]BoxLight
[DEBUG @ 18:52:55 | Chroma] GameCore.[23]LightLinesTrackLaneRing(Clone).[0]GlowLine.[1]BakedBloom
[DEBUG @ 18:52:55 | Chroma] GameCore.[23]LightLinesTrackLaneRing(Clone).[1]GlowLine (1)
[DEBUG @ 18:52:55 | Chroma] GameCore.[23]LightLinesTrackLaneRing(Clone).[1]GlowLine (1).[0]BoxLight
[DEBUG @ 18:52:55 | Chroma] GameCore.[23]LightLinesTrackLaneRing(Clone).[1]GlowLine (1).[1]BakedBloom
[DEBUG @ 18:52:55 | Chroma] GameCore.[24]LightLinesTrackLaneRing(Clone)
[DEBUG @ 18:52:55 | Chroma] GameCore.[24]LightLinesTrackLaneRing(Clone).[0]GlowLine
[DEBUG @ 18:52:55 | Chroma] GameCore.[24]LightLinesTrackLaneRing(Clone).[0]GlowLine.[0]BoxLight
[DEBUG @ 18:52:55 | Chroma] GameCore.[24]LightLinesTrackLaneRing(Clone).[0]GlowLine.[1]BakedBloom
[DEBUG @ 18:52:55 | Chroma] GameCore.[24]LightLinesTrackLaneRing(Clone).[1]GlowLine (1)
[DEBUG @ 18:52:55 | Chroma] GameCore.[24]LightLinesTrackLaneRing(Clone).[1]GlowLine (1).[0]BoxLight
[DEBUG @ 18:52:55 | Chroma] GameCore.[24]LightLinesTrackLaneRing(Clone).[1]GlowLine (1).[1]BakedBloom
[DEBUG @ 18:52:55 | Chroma] GameCore.[25]LightLinesTrackLaneRing(Clone)
[DEBUG @ 18:52:55 | Chroma] GameCore.[25]LightLinesTrackLaneRing(Clone).[0]GlowLine
[DEBUG @ 18:52:55 | Chroma] GameCore.[25]LightLinesTrackLaneRing(Clone).[0]GlowLine.[0]BoxLight
[DEBUG @ 18:52:55 | Chroma] GameCore.[25]LightLinesTrackLaneRing(Clone).[0]GlowLine.[1]BakedBloom
[DEBUG @ 18:52:55 | Chroma] GameCore.[25]LightLinesTrackLaneRing(Clone).[1]GlowLine (1)
[DEBUG @ 18:52:55 | Chroma] GameCore.[25]LightLinesTrackLaneRing(Clone).[1]GlowLine (1).[0]BoxLight
[DEBUG @ 18:52:55 | Chroma] GameCore.[25]LightLinesTrackLaneRing(Clone).[1]GlowLine (1).[1]BakedBloom
[DEBUG @ 18:52:55 | Chroma] GameCore.[26]LightLinesTrackLaneRing(Clone)
[DEBUG @ 18:52:55 | Chroma] GameCore.[26]LightLinesTrackLaneRing(Clone).[0]GlowLine
[DEBUG @ 18:52:55 | Chroma] GameCore.[26]LightLinesTrackLaneRing(Clone).[0]GlowLine.[0]BoxLight
[DEBUG @ 18:52:55 | Chroma] GameCore.[26]LightLinesTrackLaneRing(Clone).[0]GlowLine.[1]BakedBloom
[DEBUG @ 18:52:55 | Chroma] GameCore.[26]LightLinesTrackLaneRing(Clone).[1]GlowLine (1)
[DEBUG @ 18:52:55 | Chroma] GameCore.[26]LightLinesTrackLaneRing(Clone).[1]GlowLine (1).[0]BoxLight
[DEBUG @ 18:52:55 | Chroma] GameCore.[26]LightLinesTrackLaneRing(Clone).[1]GlowLine (1).[1]BakedBloom
[DEBUG @ 18:52:55 | Chroma] GameCore.[27]LightLinesTrackLaneRing(Clone)
[DEBUG @ 18:52:55 | Chroma] GameCore.[27]LightLinesTrackLaneRing(Clone).[0]GlowLine
[DEBUG @ 18:52:55 | Chroma] GameCore.[27]LightLinesTrackLaneRing(Clone).[0]GlowLine.[0]BoxLight
[DEBUG @ 18:52:55 | Chroma] GameCore.[27]LightLinesTrackLaneRing(Clone).[0]GlowLine.[1]BakedBloom
[DEBUG @ 18:52:55 | Chroma] GameCore.[27]LightLinesTrackLaneRing(Clone).[1]GlowLine (1)
[DEBUG @ 18:52:55 | Chroma] GameCore.[27]LightLinesTrackLaneRing(Clone).[1]GlowLine (1).[0]BoxLight
[DEBUG @ 18:52:55 | Chroma] GameCore.[27]LightLinesTrackLaneRing(Clone).[1]GlowLine (1).[1]BakedBloom
[DEBUG @ 18:52:55 | Chroma] GameCore.[28]LightLinesTrackLaneRing(Clone)
[DEBUG @ 18:52:55 | Chroma] GameCore.[28]LightLinesTrackLaneRing(Clone).[0]GlowLine
[DEBUG @ 18:52:55 | Chroma] GameCore.[28]LightLinesTrackLaneRing(Clone).[0]GlowLine.[0]BoxLight
[DEBUG @ 18:52:55 | Chroma] GameCore.[28]LightLinesTrackLaneRing(Clone).[0]GlowLine.[1]BakedBloom
[DEBUG @ 18:52:55 | Chroma] GameCore.[28]LightLinesTrackLaneRing(Clone).[1]GlowLine (1)
[DEBUG @ 18:52:55 | Chroma] GameCore.[28]LightLinesTrackLaneRing(Clone).[1]GlowLine (1).[0]BoxLight
[DEBUG @ 18:52:55 | Chroma] GameCore.[28]LightLinesTrackLaneRing(Clone).[1]GlowLine (1).[1]BakedBloom
[DEBUG @ 18:52:55 | Chroma] GameCore.[29]LightLinesTrackLaneRing(Clone)
[DEBUG @ 18:52:55 | Chroma] GameCore.[29]LightLinesTrackLaneRing(Clone).[0]GlowLine
[DEBUG @ 18:52:55 | Chroma] GameCore.[29]LightLinesTrackLaneRing(Clone).[0]GlowLine.[0]BoxLight
[DEBUG @ 18:52:55 | Chroma] GameCore.[29]LightLinesTrackLaneRing(Clone).[0]GlowLine.[1]BakedBloom
[DEBUG @ 18:52:55 | Chroma] GameCore.[29]LightLinesTrackLaneRing(Clone).[1]GlowLine (1)
[DEBUG @ 18:52:55 | Chroma] GameCore.[29]LightLinesTrackLaneRing(Clone).[1]GlowLine (1).[0]BoxLight
[DEBUG @ 18:52:55 | Chroma] GameCore.[29]LightLinesTrackLaneRing(Clone).[1]GlowLine (1).[1]BakedBloom
[DEBUG @ 18:52:55 | Chroma] GameCore.[30]LightLinesTrackLaneRing(Clone)
[DEBUG @ 18:52:55 | Chroma] GameCore.[30]LightLinesTrackLaneRing(Clone).[0]GlowLine
[DEBUG @ 18:52:55 | Chroma] GameCore.[30]LightLinesTrackLaneRing(Clone).[0]GlowLine.[0]BoxLight
[DEBUG @ 18:52:55 | Chroma] GameCore.[30]LightLinesTrackLaneRing(Clone).[0]GlowLine.[1]BakedBloom
[DEBUG @ 18:52:55 | Chroma] GameCore.[30]LightLinesTrackLaneRing(Clone).[1]GlowLine (1)
[DEBUG @ 18:52:55 | Chroma] GameCore.[30]LightLinesTrackLaneRing(Clone).[1]GlowLine (1).[0]BoxLight
[DEBUG @ 18:52:55 | Chroma] GameCore.[30]LightLinesTrackLaneRing(Clone).[1]GlowLine (1).[1]BakedBloom
[DEBUG @ 18:52:55 | Chroma] GameCore.[31]LightLinesTrackLaneRing(Clone)
[DEBUG @ 18:52:55 | Chroma] GameCore.[31]LightLinesTrackLaneRing(Clone).[0]GlowLine
[DEBUG @ 18:52:55 | Chroma] GameCore.[31]LightLinesTrackLaneRing(Clone).[0]GlowLine.[0]BoxLight
[DEBUG @ 18:52:55 | Chroma] GameCore.[31]LightLinesTrackLaneRing(Clone).[0]GlowLine.[1]BakedBloom
[DEBUG @ 18:52:55 | Chroma] GameCore.[31]LightLinesTrackLaneRing(Clone).[1]GlowLine (1)
[DEBUG @ 18:52:55 | Chroma] GameCore.[31]LightLinesTrackLaneRing(Clone).[1]GlowLine (1).[0]BoxLight
[DEBUG @ 18:52:55 | Chroma] GameCore.[31]LightLinesTrackLaneRing(Clone).[1]GlowLine (1).[1]BakedBloom
[DEBUG @ 18:52:55 | Chroma] GameCore.[32]LightLinesTrackLaneRing(Clone)
[DEBUG @ 18:52:55 | Chroma] GameCore.[32]LightLinesTrackLaneRing(Clone).[0]GlowLine
[DEBUG @ 18:52:55 | Chroma] GameCore.[32]LightLinesTrackLaneRing(Clone).[0]GlowLine.[0]BoxLight
[DEBUG @ 18:52:55 | Chroma] GameCore.[32]LightLinesTrackLaneRing(Clone).[0]GlowLine.[1]BakedBloom
[DEBUG @ 18:52:55 | Chroma] GameCore.[32]LightLinesTrackLaneRing(Clone).[1]GlowLine (1)
[DEBUG @ 18:52:55 | Chroma] GameCore.[32]LightLinesTrackLaneRing(Clone).[1]GlowLine (1).[0]BoxLight
[DEBUG @ 18:52:55 | Chroma] GameCore.[32]LightLinesTrackLaneRing(Clone).[1]GlowLine (1).[1]BakedBloom
[DEBUG @ 18:52:55 | Chroma] GameCore.[33]LightLinesTrackLaneRing(Clone)
[DEBUG @ 18:52:55 | Chroma] GameCore.[33]LightLinesTrackLaneRing(Clone).[0]GlowLine
[DEBUG @ 18:52:55 | Chroma] GameCore.[33]LightLinesTrackLaneRing(Clone).[0]GlowLine.[0]BoxLight
[DEBUG @ 18:52:55 | Chroma] GameCore.[33]LightLinesTrackLaneRing(Clone).[0]GlowLine.[1]BakedBloom
[DEBUG @ 18:52:55 | Chroma] GameCore.[33]LightLinesTrackLaneRing(Clone).[1]GlowLine (1)
[DEBUG @ 18:52:55 | Chroma] GameCore.[33]LightLinesTrackLaneRing(Clone).[1]GlowLine (1).[0]BoxLight
[DEBUG @ 18:52:55 | Chroma] GameCore.[33]LightLinesTrackLaneRing(Clone).[1]GlowLine (1).[1]BakedBloom
[DEBUG @ 18:52:55 | Chroma] GameCore.[4]LightLinesTrackLaneRing(Clone)
[DEBUG @ 18:52:55 | Chroma] GameCore.[4]LightLinesTrackLaneRing(Clone).[0]GlowLine
[DEBUG @ 18:52:55 | Chroma] GameCore.[4]LightLinesTrackLaneRing(Clone).[0]GlowLine.[0]BoxLight
[DEBUG @ 18:52:55 | Chroma] GameCore.[4]LightLinesTrackLaneRing(Clone).[0]GlowLine.[1]BakedBloom
[DEBUG @ 18:52:55 | Chroma] GameCore.[4]LightLinesTrackLaneRing(Clone).[1]GlowLine (1)
[DEBUG @ 18:52:55 | Chroma] GameCore.[4]LightLinesTrackLaneRing(Clone).[1]GlowLine (1).[0]BoxLight
[DEBUG @ 18:52:55 | Chroma] GameCore.[4]LightLinesTrackLaneRing(Clone).[1]GlowLine (1).[1]BakedBloom
[DEBUG @ 18:52:55 | Chroma] GameCore.[5]LightLinesTrackLaneRing(Clone)
[DEBUG @ 18:52:55 | Chroma] GameCore.[5]LightLinesTrackLaneRing(Clone).[0]GlowLine
[DEBUG @ 18:52:55 | Chroma] GameCore.[5]LightLinesTrackLaneRing(Clone).[0]GlowLine.[0]BoxLight
[DEBUG @ 18:52:55 | Chroma] GameCore.[5]LightLinesTrackLaneRing(Clone).[0]GlowLine.[1]BakedBloom
[DEBUG @ 18:52:55 | Chroma] GameCore.[5]LightLinesTrackLaneRing(Clone).[1]GlowLine (1)
[DEBUG @ 18:52:55 | Chroma] GameCore.[5]LightLinesTrackLaneRing(Clone).[1]GlowLine (1).[0]BoxLight
[DEBUG @ 18:52:55 | Chroma] GameCore.[5]LightLinesTrackLaneRing(Clone).[1]GlowLine (1).[1]BakedBloom
[DEBUG @ 18:52:55 | Chroma] GameCore.[6]LightLinesTrackLaneRing(Clone)
[DEBUG @ 18:52:55 | Chroma] GameCore.[6]LightLinesTrackLaneRing(Clone).[0]GlowLine
[DEBUG @ 18:52:55 | Chroma] GameCore.[6]LightLinesTrackLaneRing(Clone).[0]GlowLine.[0]BoxLight
[DEBUG @ 18:52:55 | Chroma] GameCore.[6]LightLinesTrackLaneRing(Clone).[0]GlowLine.[1]BakedBloom
[DEBUG @ 18:52:55 | Chroma] GameCore.[6]LightLinesTrackLaneRing(Clone).[1]GlowLine (1)
[DEBUG @ 18:52:55 | Chroma] GameCore.[6]LightLinesTrackLaneRing(Clone).[1]GlowLine (1).[0]BoxLight
[DEBUG @ 18:52:55 | Chroma] GameCore.[6]LightLinesTrackLaneRing(Clone).[1]GlowLine (1).[1]BakedBloom
[DEBUG @ 18:52:55 | Chroma] GameCore.[7]LightLinesTrackLaneRing(Clone)
[DEBUG @ 18:52:55 | Chroma] GameCore.[7]LightLinesTrackLaneRing(Clone).[0]GlowLine
[DEBUG @ 18:52:55 | Chroma] GameCore.[7]LightLinesTrackLaneRing(Clone).[0]GlowLine.[0]BoxLight
[DEBUG @ 18:52:55 | Chroma] GameCore.[7]LightLinesTrackLaneRing(Clone).[0]GlowLine.[1]BakedBloom
[DEBUG @ 18:52:55 | Chroma] GameCore.[7]LightLinesTrackLaneRing(Clone).[1]GlowLine (1)
[DEBUG @ 18:52:55 | Chroma] GameCore.[7]LightLinesTrackLaneRing(Clone).[1]GlowLine (1).[0]BoxLight
[DEBUG @ 18:52:55 | Chroma] GameCore.[7]LightLinesTrackLaneRing(Clone).[1]GlowLine (1).[1]BakedBloom
[DEBUG @ 18:52:55 | Chroma] GameCore.[8]LightLinesTrackLaneRing(Clone)
[DEBUG @ 18:52:55 | Chroma] GameCore.[8]LightLinesTrackLaneRing(Clone).[0]GlowLine
[DEBUG @ 18:52:55 | Chroma] GameCore.[8]LightLinesTrackLaneRing(Clone).[0]GlowLine.[0]BoxLight
[DEBUG @ 18:52:55 | Chroma] GameCore.[8]LightLinesTrackLaneRing(Clone).[0]GlowLine.[1]BakedBloom
[DEBUG @ 18:52:55 | Chroma] GameCore.[8]LightLinesTrackLaneRing(Clone).[1]GlowLine (1)
[DEBUG @ 18:52:55 | Chroma] GameCore.[8]LightLinesTrackLaneRing(Clone).[1]GlowLine (1).[0]BoxLight
[DEBUG @ 18:52:55 | Chroma] GameCore.[8]LightLinesTrackLaneRing(Clone).[1]GlowLine (1).[1]BakedBloom
[DEBUG @ 18:52:55 | Chroma] GameCore.[9]LightLinesTrackLaneRing(Clone)
[DEBUG @ 18:52:55 | Chroma] GameCore.[9]LightLinesTrackLaneRing(Clone).[0]GlowLine
[DEBUG @ 18:52:55 | Chroma] GameCore.[9]LightLinesTrackLaneRing(Clone).[0]GlowLine.[0]BoxLight
[DEBUG @ 18:52:55 | Chroma] GameCore.[9]LightLinesTrackLaneRing(Clone).[0]GlowLine.[1]BakedBloom
[DEBUG @ 18:52:55 | Chroma] GameCore.[9]LightLinesTrackLaneRing(Clone).[1]GlowLine (1)
[DEBUG @ 18:52:55 | Chroma] GameCore.[9]LightLinesTrackLaneRing(Clone).[1]GlowLine (1).[0]BoxLight
[DEBUG @ 18:52:55 | Chroma] GameCore.[9]LightLinesTrackLaneRing(Clone).[1]GlowLine (1).[1]BakedBloom
[DEBUG @ 18:52:55 | Chroma] GreenDayEnvironment.[0]Environment
[DEBUG @ 18:52:55 | Chroma] GreenDayEnvironment.[0]Environment.[0]DecoratorContext
[DEBUG @ 18:52:55 | Chroma] GreenDayEnvironment.[0]Environment.[1]SceneSetup
[DEBUG @ 18:52:55 | Chroma] GreenDayEnvironment.[0]Environment.[10]LightLinesTrackLaneRings
[DEBUG @ 18:52:55 | Chroma] GreenDayEnvironment.[0]Environment.[11]DustPS
[DEBUG @ 18:52:55 | Chroma] GreenDayEnvironment.[0]Environment.[12]====== LIGHTS ======
[DEBUG @ 18:52:55 | Chroma] GreenDayEnvironment.[0]Environment.[13]CoreLighting
[DEBUG @ 18:52:55 | Chroma] GreenDayEnvironment.[0]Environment.[13]CoreLighting.[0]LightManager
[DEBUG @ 18:52:55 | Chroma] GreenDayEnvironment.[0]Environment.[13]CoreLighting.[1]LightWrapper0
[DEBUG @ 18:52:55 | Chroma] GreenDayEnvironment.[0]Environment.[13]CoreLighting.[1]LightWrapper0.[0]DirectionalLight
[DEBUG @ 18:52:55 | Chroma] GreenDayEnvironment.[0]Environment.[13]CoreLighting.[2]LightWrapper1
[DEBUG @ 18:52:55 | Chroma] GreenDayEnvironment.[0]Environment.[13]CoreLighting.[2]LightWrapper1.[0]DirectionalLight
[DEBUG @ 18:52:55 | Chroma] GreenDayEnvironment.[0]Environment.[13]CoreLighting.[3]DirectionalLight
[DEBUG @ 18:52:55 | Chroma] GreenDayEnvironment.[0]Environment.[13]CoreLighting.[4]DirectionalLight
[DEBUG @ 18:52:55 | Chroma] GreenDayEnvironment.[0]Environment.[13]CoreLighting.[5]DirectionalLight
[DEBUG @ 18:52:55 | Chroma] GreenDayEnvironment.[0]Environment.[14]LightWithIdManager
[DEBUG @ 18:52:55 | Chroma] GreenDayEnvironment.[0]Environment.[15]LightEffects
[DEBUG @ 18:52:55 | Chroma] GreenDayEnvironment.[0]Environment.[16]FrontLight
[DEBUG @ 18:52:55 | Chroma] GreenDayEnvironment.[0]Environment.[16]FrontLight.[0]BakedBloom
[DEBUG @ 18:52:55 | Chroma] GreenDayEnvironment.[0]Environment.[16]FrontLight.[1]BoxLight
[DEBUG @ 18:52:55 | Chroma] GreenDayEnvironment.[0]Environment.[17]GlowLineR
[DEBUG @ 18:52:55 | Chroma] GreenDayEnvironment.[0]Environment.[17]GlowLineR.[0]BakedBloom
[DEBUG @ 18:52:55 | Chroma] GreenDayEnvironment.[0]Environment.[17]GlowLineR.[1]BoxLight
[DEBUG @ 18:52:55 | Chroma] GreenDayEnvironment.[0]Environment.[18]GlowLineL
[DEBUG @ 18:52:55 | Chroma] GreenDayEnvironment.[0]Environment.[18]GlowLineL.[0]BakedBloom
[DEBUG @ 18:52:55 | Chroma] GreenDayEnvironment.[0]Environment.[18]GlowLineL.[1]BoxLight
[DEBUG @ 18:52:55 | Chroma] GreenDayEnvironment.[0]Environment.[19]GlowLineL (2)
[DEBUG @ 18:52:55 | Chroma] GreenDayEnvironment.[0]Environment.[19]GlowLineL (2).[0]BakedBloom
[DEBUG @ 18:52:55 | Chroma] GreenDayEnvironment.[0]Environment.[19]GlowLineL (2).[1]BoxLight
[DEBUG @ 18:52:55 | Chroma] GreenDayEnvironment.[0]Environment.[2]====== STATIC ======
[DEBUG @ 18:52:55 | Chroma] GreenDayEnvironment.[0]Environment.[20]GlowLineL (4)
[DEBUG @ 18:52:55 | Chroma] GreenDayEnvironment.[0]Environment.[20]GlowLineL (4).[0]BakedBloom
[DEBUG @ 18:52:55 | Chroma] GreenDayEnvironment.[0]Environment.[20]GlowLineL (4).[1]BoxLight
[DEBUG @ 18:52:55 | Chroma] GreenDayEnvironment.[0]Environment.[21]GlowLineL (13)
[DEBUG @ 18:52:55 | Chroma] GreenDayEnvironment.[0]Environment.[21]GlowLineL (13).[0]BakedBloom
[DEBUG @ 18:52:55 | Chroma] GreenDayEnvironment.[0]Environment.[21]GlowLineL (13).[1]BoxLight
[DEBUG @ 18:52:55 | Chroma] GreenDayEnvironment.[0]Environment.[22]GlowLineL (14)
[DEBUG @ 18:52:55 | Chroma] GreenDayEnvironment.[0]Environment.[22]GlowLineL (14).[0]BakedBloom
[DEBUG @ 18:52:55 | Chroma] GreenDayEnvironment.[0]Environment.[22]GlowLineL (14).[1]BoxLight
[DEBUG @ 18:52:55 | Chroma] GreenDayEnvironment.[0]Environment.[23]GlowLineL (7)
[DEBUG @ 18:52:55 | Chroma] GreenDayEnvironment.[0]Environment.[23]GlowLineL (7).[0]BakedBloom
[DEBUG @ 18:52:55 | Chroma] GreenDayEnvironment.[0]Environment.[23]GlowLineL (7).[1]BoxLight
[DEBUG @ 18:52:55 | Chroma] GreenDayEnvironment.[0]Environment.[24]GlowLineL (8)
[DEBUG @ 18:52:55 | Chroma] GreenDayEnvironment.[0]Environment.[24]GlowLineL (8).[0]BakedBloom
[DEBUG @ 18:52:55 | Chroma] GreenDayEnvironment.[0]Environment.[24]GlowLineL (8).[1]BoxLight
[DEBUG @ 18:52:55 | Chroma] GreenDayEnvironment.[0]Environment.[25]GlowLineL (15)
[DEBUG @ 18:52:55 | Chroma] GreenDayEnvironment.[0]Environment.[25]GlowLineL (15).[0]BakedBloom
[DEBUG @ 18:52:55 | Chroma] GreenDayEnvironment.[0]Environment.[25]GlowLineL (15).[1]BoxLight
[DEBUG @ 18:52:55 | Chroma] GreenDayEnvironment.[0]Environment.[26]GlowLineL (16)
[DEBUG @ 18:52:55 | Chroma] GreenDayEnvironment.[0]Environment.[26]GlowLineL (16).[0]BakedBloom
[DEBUG @ 18:52:55 | Chroma] GreenDayEnvironment.[0]Environment.[26]GlowLineL (16).[1]BoxLight
[DEBUG @ 18:52:55 | Chroma] GreenDayEnvironment.[0]Environment.[27]GlowLineL (17)
[DEBUG @ 18:52:55 | Chroma] GreenDayEnvironment.[0]Environment.[27]GlowLineL (17).[0]BakedBloom
[DEBUG @ 18:52:55 | Chroma] GreenDayEnvironment.[0]Environment.[27]GlowLineL (17).[1]BoxLight
[DEBUG @ 18:52:55 | Chroma] GreenDayEnvironment.[0]Environment.[28]GlowLineL (18)
[DEBUG @ 18:52:55 | Chroma] GreenDayEnvironment.[0]Environment.[28]GlowLineL (18).[0]BakedBloom
[DEBUG @ 18:52:55 | Chroma] GreenDayEnvironment.[0]Environment.[28]GlowLineL (18).[1]BoxLight
[DEBUG @ 18:52:55 | Chroma] GreenDayEnvironment.[0]Environment.[29]GlowLineL (19)
[DEBUG @ 18:52:55 | Chroma] GreenDayEnvironment.[0]Environment.[29]GlowLineL (19).[0]BakedBloom
[DEBUG @ 18:52:55 | Chroma] GreenDayEnvironment.[0]Environment.[29]GlowLineL (19).[1]BoxLight
[DEBUG @ 18:52:55 | Chroma] GreenDayEnvironment.[0]Environment.[3]PlayersPlace
[DEBUG @ 18:52:55 | Chroma] GreenDayEnvironment.[0]Environment.[3]PlayersPlace.[0]Mirror
[DEBUG @ 18:52:55 | Chroma] GreenDayEnvironment.[0]Environment.[3]PlayersPlace.[1]Feet
[DEBUG @ 18:52:55 | Chroma] GreenDayEnvironment.[0]Environment.[3]PlayersPlace.[2]Construction
[DEBUG @ 18:52:55 | Chroma] GreenDayEnvironment.[0]Environment.[3]PlayersPlace.[3]RectangleFakeGlow
[DEBUG @ 18:52:55 | Chroma] GreenDayEnvironment.[0]Environment.[3]PlayersPlace.[4]Frame
[DEBUG @ 18:52:55 | Chroma] GreenDayEnvironment.[0]Environment.[3]PlayersPlace.[5]SaberBurnMarksParticles
[DEBUG @ 18:52:55 | Chroma] GreenDayEnvironment.[0]Environment.[3]PlayersPlace.[5]SaberBurnMarksParticles.[0]SaberBurnMarkSparklePS
[DEBUG @ 18:52:55 | Chroma] GreenDayEnvironment.[0]Environment.[3]PlayersPlace.[6]SaberBurnMarksArea
[DEBUG @ 18:52:55 | Chroma] GreenDayEnvironment.[0]Environment.[3]PlayersPlace.[7]Collider
[DEBUG @ 18:52:55 | Chroma] GreenDayEnvironment.[0]Environment.[30]GlowLineL (20)
[DEBUG @ 18:52:55 | Chroma] GreenDayEnvironment.[0]Environment.[30]GlowLineL (20).[0]BakedBloom
[DEBUG @ 18:52:55 | Chroma] GreenDayEnvironment.[0]Environment.[30]GlowLineL (20).[1]BoxLight
[DEBUG @ 18:52:55 | Chroma] GreenDayEnvironment.[0]Environment.[31]GlowLineL (21)
[DEBUG @ 18:52:55 | Chroma] GreenDayEnvironment.[0]Environment.[31]GlowLineL (21).[0]BakedBloom
[DEBUG @ 18:52:55 | Chroma] GreenDayEnvironment.[0]Environment.[31]GlowLineL (21).[1]BoxLight
[DEBUG @ 18:52:55 | Chroma] GreenDayEnvironment.[0]Environment.[32]GlowLineL (22)
[DEBUG @ 18:52:55 | Chroma] GreenDayEnvironment.[0]Environment.[32]GlowLineL (22).[0]BakedBloom
[DEBUG @ 18:52:55 | Chroma] GreenDayEnvironment.[0]Environment.[32]GlowLineL (22).[1]BoxLight
[DEBUG @ 18:52:55 | Chroma] GreenDayEnvironment.[0]Environment.[33]GlowLineL (23)
[DEBUG @ 18:52:55 | Chroma] GreenDayEnvironment.[0]Environment.[33]GlowLineL (23).[0]BakedBloom
[DEBUG @ 18:52:55 | Chroma] GreenDayEnvironment.[0]Environment.[33]GlowLineL (23).[1]BoxLight
[DEBUG @ 18:52:55 | Chroma] GreenDayEnvironment.[0]Environment.[34]GlowLineL (24)
[DEBUG @ 18:52:55 | Chroma] GreenDayEnvironment.[0]Environment.[34]GlowLineL (24).[0]BakedBloom
[DEBUG @ 18:52:55 | Chroma] GreenDayEnvironment.[0]Environment.[34]GlowLineL (24).[1]BoxLight
[DEBUG @ 18:52:55 | Chroma] GreenDayEnvironment.[0]Environment.[35]RotatingLasersPair
[DEBUG @ 18:52:55 | Chroma] GreenDayEnvironment.[0]Environment.[35]RotatingLasersPair.[0]BaseL
[DEBUG @ 18:52:55 | Chroma] GreenDayEnvironment.[0]Environment.[35]RotatingLasersPair.[0]BaseL.[0]Laser
[DEBUG @ 18:52:55 | Chroma] GreenDayEnvironment.[0]Environment.[35]RotatingLasersPair.[0]BaseL.[0]Laser.[0]BakedBloom
[DEBUG @ 18:52:55 | Chroma] GreenDayEnvironment.[0]Environment.[35]RotatingLasersPair.[0]BaseL.[0]Laser.[1]BoxLight
[DEBUG @ 18:52:55 | Chroma] GreenDayEnvironment.[0]Environment.[35]RotatingLasersPair.[1]BaseR
[DEBUG @ 18:52:55 | Chroma] GreenDayEnvironment.[0]Environment.[35]RotatingLasersPair.[1]BaseR.[0]Laser
[DEBUG @ 18:52:55 | Chroma] GreenDayEnvironment.[0]Environment.[35]RotatingLasersPair.[1]BaseR.[0]Laser.[0]BakedBloom
[DEBUG @ 18:52:55 | Chroma] GreenDayEnvironment.[0]Environment.[35]RotatingLasersPair.[1]BaseR.[0]Laser.[1]BoxLight
[DEBUG @ 18:52:55 | Chroma] GreenDayEnvironment.[0]Environment.[36]RotatingLasersPair (1)
[DEBUG @ 18:52:55 | Chroma] GreenDayEnvironment.[0]Environment.[36]RotatingLasersPair (1).[0]BaseL
[DEBUG @ 18:52:55 | Chroma] GreenDayEnvironment.[0]Environment.[36]RotatingLasersPair (1).[0]BaseL.[0]Laser
[DEBUG @ 18:52:55 | Chroma] GreenDayEnvironment.[0]Environment.[36]RotatingLasersPair (1).[0]BaseL.[0]Laser.[0]BakedBloom
[DEBUG @ 18:52:55 | Chroma] GreenDayEnvironment.[0]Environment.[36]RotatingLasersPair (1).[0]BaseL.[0]Laser.[1]BoxLight
[DEBUG @ 18:52:55 | Chroma] GreenDayEnvironment.[0]Environment.[36]RotatingLasersPair (1).[1]BaseR
[DEBUG @ 18:52:55 | Chroma] GreenDayEnvironment.[0]Environment.[36]RotatingLasersPair (1).[1]BaseR.[0]Laser
[DEBUG @ 18:52:55 | Chroma] GreenDayEnvironment.[0]Environment.[36]RotatingLasersPair (1).[1]BaseR.[0]Laser.[0]BakedBloom
[DEBUG @ 18:52:55 | Chroma] GreenDayEnvironment.[0]Environment.[36]RotatingLasersPair (1).[1]BaseR.[0]Laser.[1]BoxLight
[DEBUG @ 18:52:55 | Chroma] GreenDayEnvironment.[0]Environment.[37]RotatingLasersPair (2)
[DEBUG @ 18:52:55 | Chroma] GreenDayEnvironment.[0]Environment.[37]RotatingLasersPair (2).[0]BaseL
[DEBUG @ 18:52:55 | Chroma] GreenDayEnvironment.[0]Environment.[37]RotatingLasersPair (2).[0]BaseL.[0]Laser
[DEBUG @ 18:52:55 | Chroma] GreenDayEnvironment.[0]Environment.[37]RotatingLasersPair (2).[0]BaseL.[0]Laser.[0]BakedBloom
[DEBUG @ 18:52:55 | Chroma] GreenDayEnvironment.[0]Environment.[37]RotatingLasersPair (2).[0]BaseL.[0]Laser.[1]BoxLight
[DEBUG @ 18:52:55 | Chroma] GreenDayEnvironment.[0]Environment.[37]RotatingLasersPair (2).[1]BaseR
[DEBUG @ 18:52:55 | Chroma] GreenDayEnvironment.[0]Environment.[37]RotatingLasersPair (2).[1]BaseR.[0]Laser
[DEBUG @ 18:52:55 | Chroma] GreenDayEnvironment.[0]Environment.[37]RotatingLasersPair (2).[1]BaseR.[0]Laser.[0]BakedBloom
[DEBUG @ 18:52:55 | Chroma] GreenDayEnvironment.[0]Environment.[37]RotatingLasersPair (2).[1]BaseR.[0]Laser.[1]BoxLight
[DEBUG @ 18:52:55 | Chroma] GreenDayEnvironment.[0]Environment.[38]RotatingLasersPair (3)
[DEBUG @ 18:52:55 | Chroma] GreenDayEnvironment.[0]Environment.[38]RotatingLasersPair (3).[0]BaseL
[DEBUG @ 18:52:55 | Chroma] GreenDayEnvironment.[0]Environment.[38]RotatingLasersPair (3).[0]BaseL.[0]Laser
[DEBUG @ 18:52:55 | Chroma] GreenDayEnvironment.[0]Environment.[38]RotatingLasersPair (3).[0]BaseL.[0]Laser.[0]BakedBloom
[DEBUG @ 18:52:55 | Chroma] GreenDayEnvironment.[0]Environment.[38]RotatingLasersPair (3).[0]BaseL.[0]Laser.[1]BoxLight
[DEBUG @ 18:52:55 | Chroma] GreenDayEnvironment.[0]Environment.[38]RotatingLasersPair (3).[1]BaseR
[DEBUG @ 18:52:55 | Chroma] GreenDayEnvironment.[0]Environment.[38]RotatingLasersPair (3).[1]BaseR.[0]Laser
[DEBUG @ 18:52:55 | Chroma] GreenDayEnvironment.[0]Environment.[38]RotatingLasersPair (3).[1]BaseR.[0]Laser.[0]BakedBloom
[DEBUG @ 18:52:55 | Chroma] GreenDayEnvironment.[0]Environment.[38]RotatingLasersPair (3).[1]BaseR.[0]Laser.[1]BoxLight
[DEBUG @ 18:52:55 | Chroma] GreenDayEnvironment.[0]Environment.[39]RotatingLasersPair (4)
[DEBUG @ 18:52:55 | Chroma] GreenDayEnvironment.[0]Environment.[39]RotatingLasersPair (4).[0]BaseL
[DEBUG @ 18:52:55 | Chroma] GreenDayEnvironment.[0]Environment.[39]RotatingLasersPair (4).[0]BaseL.[0]Laser
[DEBUG @ 18:52:55 | Chroma] GreenDayEnvironment.[0]Environment.[39]RotatingLasersPair (4).[0]BaseL.[0]Laser.[0]BakedBloom
[DEBUG @ 18:52:55 | Chroma] GreenDayEnvironment.[0]Environment.[39]RotatingLasersPair (4).[0]BaseL.[0]Laser.[1]BoxLight
[DEBUG @ 18:52:55 | Chroma] GreenDayEnvironment.[0]Environment.[39]RotatingLasersPair (4).[1]BaseR
[DEBUG @ 18:52:55 | Chroma] GreenDayEnvironment.[0]Environment.[39]RotatingLasersPair (4).[1]BaseR.[0]Laser
[DEBUG @ 18:52:55 | Chroma] GreenDayEnvironment.[0]Environment.[39]RotatingLasersPair (4).[1]BaseR.[0]Laser.[0]BakedBloom
[DEBUG @ 18:52:55 | Chroma] GreenDayEnvironment.[0]Environment.[39]RotatingLasersPair (4).[1]BaseR.[0]Laser.[1]BoxLight
[DEBUG @ 18:52:55 | Chroma] GreenDayEnvironment.[0]Environment.[4]TrackMirror
[DEBUG @ 18:52:55 | Chroma] GreenDayEnvironment.[0]Environment.[4]TrackMirror.[0]TrackMirrorSetDepth
[DEBUG @ 18:52:55 | Chroma] GreenDayEnvironment.[0]Environment.[40]RotatingLasersPair (5)
[DEBUG @ 18:52:55 | Chroma] GreenDayEnvironment.[0]Environment.[40]RotatingLasersPair (5).[0]BaseL
[DEBUG @ 18:52:55 | Chroma] GreenDayEnvironment.[0]Environment.[40]RotatingLasersPair (5).[0]BaseL.[0]Laser
[DEBUG @ 18:52:55 | Chroma] GreenDayEnvironment.[0]Environment.[40]RotatingLasersPair (5).[0]BaseL.[0]Laser.[0]BakedBloom
[DEBUG @ 18:52:55 | Chroma] GreenDayEnvironment.[0]Environment.[40]RotatingLasersPair (5).[0]BaseL.[0]Laser.[1]BoxLight
[DEBUG @ 18:52:55 | Chroma] GreenDayEnvironment.[0]Environment.[40]RotatingLasersPair (5).[1]BaseR
[DEBUG @ 18:52:55 | Chroma] GreenDayEnvironment.[0]Environment.[40]RotatingLasersPair (5).[1]BaseR.[0]Laser
[DEBUG @ 18:52:55 | Chroma] GreenDayEnvironment.[0]Environment.[40]RotatingLasersPair (5).[1]BaseR.[0]Laser.[0]BakedBloom
[DEBUG @ 18:52:55 | Chroma] GreenDayEnvironment.[0]Environment.[40]RotatingLasersPair (5).[1]BaseR.[0]Laser.[1]BoxLight
[DEBUG @ 18:52:55 | Chroma] GreenDayEnvironment.[0]Environment.[41]GradientBackground
[DEBUG @ 18:52:55 | Chroma] GreenDayEnvironment.[0]Environment.[42]GreenDayCity
[DEBUG @ 18:52:55 | Chroma] GreenDayEnvironment.[0]Environment.[42]GreenDayCity.[0]ArmHeartBase
[DEBUG @ 18:52:55 | Chroma] GreenDayEnvironment.[0]Environment.[42]GreenDayCity.[1]ArmHeartBloodLighting
[DEBUG @ 18:52:55 | Chroma] GreenDayEnvironment.[0]Environment.[42]GreenDayCity.[2]ArmHeartLighting
[DEBUG @ 18:52:55 | Chroma] GreenDayEnvironment.[0]Environment.[42]GreenDayCity.[3]BackgroundBuildings
[DEBUG @ 18:52:55 | Chroma] GreenDayEnvironment.[0]Environment.[42]GreenDayCity.[4]SpeakersLeft
[DEBUG @ 18:52:55 | Chroma] GreenDayEnvironment.[0]Environment.[42]GreenDayCity.[5]SpeakersRight
[DEBUG @ 18:52:55 | Chroma] GreenDayEnvironment.[0]Environment.[43]BakedReflectionProbe
[DEBUG @ 18:52:55 | Chroma] GreenDayEnvironment.[0]Environment.[44]BSBakedLightingLightWithIds
[DEBUG @ 18:52:55 | Chroma] GreenDayEnvironment.[0]Environment.[45]FakeMirrorSettings
[DEBUG @ 18:52:55 | Chroma] GreenDayEnvironment.[0]Environment.[46]BakedReflectionProbeInstaller
[DEBUG @ 18:52:55 | Chroma] GreenDayEnvironment.[0]Environment.[5]TrackConstruction
[DEBUG @ 18:52:55 | Chroma] GreenDayEnvironment.[0]Environment.[6]====== DYNAMIC ======
[DEBUG @ 18:52:55 | Chroma] GreenDayEnvironment.[0]Environment.[7]NarrowGameHUD
[DEBUG @ 18:52:55 | Chroma] GreenDayEnvironment.[0]Environment.[7]NarrowGameHUD.[0]EnergyPanel
[DEBUG @ 18:52:55 | Chroma] GreenDayEnvironment.[0]Environment.[7]NarrowGameHUD.[0]EnergyPanel.[0]BG
[DEBUG @ 18:52:55 | Chroma] GreenDayEnvironment.[0]Environment.[7]NarrowGameHUD.[0]EnergyPanel.[1]BarBG
[DEBUG @ 18:52:55 | Chroma] GreenDayEnvironment.[0]Environment.[7]NarrowGameHUD.[0]EnergyPanel.[2]EnergyIconEmpty
[DEBUG @ 18:52:55 | Chroma] GreenDayEnvironment.[0]Environment.[7]NarrowGameHUD.[0]EnergyPanel.[3]EnergyIconFull
[DEBUG @ 18:52:55 | Chroma] GreenDayEnvironment.[0]Environment.[7]NarrowGameHUD.[0]EnergyPanel.[4]EnergyBarWrapper
[DEBUG @ 18:52:55 | Chroma] GreenDayEnvironment.[0]Environment.[7]NarrowGameHUD.[0]EnergyPanel.[4]EnergyBarWrapper.[0]EnergyBar
[DEBUG @ 18:52:55 | Chroma] GreenDayEnvironment.[0]Environment.[7]NarrowGameHUD.[0]EnergyPanel.[5]Laser
[DEBUG @ 18:52:55 | Chroma] GreenDayEnvironment.[0]Environment.[7]NarrowGameHUD.[0]EnergyPanel.[5]Laser.[0]BoxLight
[DEBUG @ 18:52:55 | Chroma] GreenDayEnvironment.[0]Environment.[7]NarrowGameHUD.[0]EnergyPanel.[5]Laser.[1]BakedBloom
[DEBUG @ 18:52:55 | Chroma] GreenDayEnvironment.[0]Environment.[7]NarrowGameHUD.[0]EnergyPanel.[6]FailIcon
[DEBUG @ 18:52:55 | Chroma] GreenDayEnvironment.[0]Environment.[7]NarrowGameHUD.[0]EnergyPanel.[7]Colorer
[DEBUG @ 18:52:55 | Chroma] GreenDayEnvironment.[0]Environment.[7]NarrowGameHUD.[1]LeftPanel
[DEBUG @ 18:52:55 | Chroma] GreenDayEnvironment.[0]Environment.[7]NarrowGameHUD.[1]LeftPanel.[0]ComboPanel
[DEBUG @ 18:52:55 | Chroma] GreenDayEnvironment.[0]Environment.[7]NarrowGameHUD.[1]LeftPanel.[0]ComboPanel.[0]ComboText
[DEBUG @ 18:52:55 | Chroma] GreenDayEnvironment.[0]Environment.[7]NarrowGameHUD.[1]LeftPanel.[0]ComboPanel.[1]ComboCanvas
[DEBUG @ 18:52:55 | Chroma] GreenDayEnvironment.[0]Environment.[7]NarrowGameHUD.[1]LeftPanel.[0]ComboPanel.[1]ComboCanvas.[0]NumText
[DEBUG @ 18:52:55 | Chroma] GreenDayEnvironment.[0]Environment.[7]NarrowGameHUD.[1]LeftPanel.[0]ComboPanel.[2]Line0
[DEBUG @ 18:52:55 | Chroma] GreenDayEnvironment.[0]Environment.[7]NarrowGameHUD.[1]LeftPanel.[0]ComboPanel.[3]Line1
[DEBUG @ 18:52:55 | Chroma] GreenDayEnvironment.[0]Environment.[7]NarrowGameHUD.[1]LeftPanel.[0]ComboPanel.[4]Colorer
[DEBUG @ 18:52:55 | Chroma] GreenDayEnvironment.[0]Environment.[7]NarrowGameHUD.[1]LeftPanel.[1]ScoreCanvas
[DEBUG @ 18:52:55 | Chroma] GreenDayEnvironment.[0]Environment.[7]NarrowGameHUD.[1]LeftPanel.[1]ScoreCanvas.[0]ScoreText
[DEBUG @ 18:52:55 | Chroma] GreenDayEnvironment.[0]Environment.[7]NarrowGameHUD.[1]LeftPanel.[1]ScoreCanvas.[1]ImmediateRankText
[DEBUG @ 18:52:55 | Chroma] GreenDayEnvironment.[0]Environment.[7]NarrowGameHUD.[1]LeftPanel.[1]ScoreCanvas.[2]RelativeScoreText
[DEBUG @ 18:52:55 | Chroma] GreenDayEnvironment.[0]Environment.[7]NarrowGameHUD.[2]RightPanel
[DEBUG @ 18:52:55 | Chroma] GreenDayEnvironment.[0]Environment.[7]NarrowGameHUD.[2]RightPanel.[0]MultiplierCanvas
[DEBUG @ 18:52:55 | Chroma] GreenDayEnvironment.[0]Environment.[7]NarrowGameHUD.[2]RightPanel.[0]MultiplierCanvas.[0]BGCircle
[DEBUG @ 18:52:55 | Chroma] GreenDayEnvironment.[0]Environment.[7]NarrowGameHUD.[2]RightPanel.[0]MultiplierCanvas.[1]FGCircle
[DEBUG @ 18:52:55 | Chroma] GreenDayEnvironment.[0]Environment.[7]NarrowGameHUD.[2]RightPanel.[0]MultiplierCanvas.[2]AnimationCircle
[DEBUG @ 18:52:55 | Chroma] GreenDayEnvironment.[0]Environment.[7]NarrowGameHUD.[2]RightPanel.[0]MultiplierCanvas.[3]TextOverlayPanelOutline1
[DEBUG @ 18:52:55 | Chroma] GreenDayEnvironment.[0]Environment.[7]NarrowGameHUD.[2]RightPanel.[0]MultiplierCanvas.[3]TextOverlayPanelOutline1.[0]XText
[DEBUG @ 18:52:55 | Chroma] GreenDayEnvironment.[0]Environment.[7]NarrowGameHUD.[2]RightPanel.[0]MultiplierCanvas.[3]TextOverlayPanelOutline1.[1]NumText
[DEBUG @ 18:52:55 | Chroma] GreenDayEnvironment.[0]Environment.[7]NarrowGameHUD.[2]RightPanel.[0]MultiplierCanvas.[4]TextOverlayPanelOutline0
[DEBUG @ 18:52:55 | Chroma] GreenDayEnvironment.[0]Environment.[7]NarrowGameHUD.[2]RightPanel.[0]MultiplierCanvas.[4]TextOverlayPanelOutline0.[0]XText
[DEBUG @ 18:52:55 | Chroma] GreenDayEnvironment.[0]Environment.[7]NarrowGameHUD.[2]RightPanel.[0]MultiplierCanvas.[4]TextOverlayPanelOutline0.[1]NumText
[DEBUG @ 18:52:55 | Chroma] GreenDayEnvironment.[0]Environment.[7]NarrowGameHUD.[2]RightPanel.[0]MultiplierCanvas.[5]TextPanel
[DEBUG @ 18:52:55 | Chroma] GreenDayEnvironment.[0]Environment.[7]NarrowGameHUD.[2]RightPanel.[0]MultiplierCanvas.[5]TextPanel.[0]XText
[DEBUG @ 18:52:55 | Chroma] GreenDayEnvironment.[0]Environment.[7]NarrowGameHUD.[2]RightPanel.[0]MultiplierCanvas.[5]TextPanel.[1]NumText
[DEBUG @ 18:52:55 | Chroma] GreenDayEnvironment.[0]Environment.[7]NarrowGameHUD.[2]RightPanel.[0]MultiplierCanvas.[6]Colorer
[DEBUG @ 18:52:55 | Chroma] GreenDayEnvironment.[0]Environment.[7]NarrowGameHUD.[2]RightPanel.[1]SongProgressCanvas
[DEBUG @ 18:52:55 | Chroma] GreenDayEnvironment.[0]Environment.[7]NarrowGameHUD.[2]RightPanel.[1]SongProgressCanvas.[0]Progress
[DEBUG @ 18:52:55 | Chroma] GreenDayEnvironment.[0]Environment.[7]NarrowGameHUD.[2]RightPanel.[1]SongProgressCanvas.[1]Slider
[DEBUG @ 18:52:55 | Chroma] GreenDayEnvironment.[0]Environment.[7]NarrowGameHUD.[2]RightPanel.[1]SongProgressCanvas.[1]Slider.[0]Background
[DEBUG @ 18:52:55 | Chroma] GreenDayEnvironment.[0]Environment.[7]NarrowGameHUD.[2]RightPanel.[1]SongProgressCanvas.[1]Slider.[1]Handle Slide Area
[DEBUG @ 18:52:55 | Chroma] GreenDayEnvironment.[0]Environment.[7]NarrowGameHUD.[2]RightPanel.[1]SongProgressCanvas.[1]Slider.[1]Handle Slide Area.[0]Handle
[DEBUG @ 18:52:55 | Chroma] GreenDayEnvironment.[0]Environment.[7]NarrowGameHUD.[2]RightPanel.[1]SongProgressCanvas.[2]DurationMinutes
[DEBUG @ 18:52:55 | Chroma] GreenDayEnvironment.[0]Environment.[7]NarrowGameHUD.[2]RightPanel.[1]SongProgressCanvas.[3]DurationSeconds
[DEBUG @ 18:52:55 | Chroma] GreenDayEnvironment.[0]Environment.[7]NarrowGameHUD.[2]RightPanel.[1]SongProgressCanvas.[4]ProgressMinutes
[DEBUG @ 18:52:55 | Chroma] GreenDayEnvironment.[0]Environment.[7]NarrowGameHUD.[2]RightPanel.[1]SongProgressCanvas.[5]ProgressSeconds
[DEBUG @ 18:52:55 | Chroma] GreenDayEnvironment.[0]Environment.[7]NarrowGameHUD.[2]RightPanel.[1]SongProgressCanvas.[6]BG
[DEBUG @ 18:52:55 | Chroma] GreenDayEnvironment.[0]Environment.[7]NarrowGameHUD.[2]RightPanel.[1]SongProgressCanvas.[7]Colorer
[DEBUG @ 18:52:55 | Chroma] GreenDayEnvironment.[0]Environment.[8]Logo
[DEBUG @ 18:52:55 | Chroma] GreenDayEnvironment.[0]Environment.[9]BigSmokePS