[DEBUG @ 18:56:07 | Chroma] InterscopeEnvironment.[0]Environment
[DEBUG @ 18:56:07 | Chroma] InterscopeEnvironment.[0]Environment.[0]DecoratorContext
[DEBUG @ 18:56:07 | Chroma] InterscopeEnvironment.[0]Environment.[1]SceneSetup
[DEBUG @ 18:56:07 | Chroma] InterscopeEnvironment.[0]Environment.[10]BakedReflectionProbe
[DEBUG @ 18:56:07 | Chroma] InterscopeEnvironment.[0]Environment.[11]Logo
[DEBUG @ 18:56:07 | Chroma] InterscopeEnvironment.[0]Environment.[12]PlayersPlace
[DEBUG @ 18:56:07 | Chroma] InterscopeEnvironment.[0]Environment.[12]PlayersPlace.[0]Mirror
[DEBUG @ 18:56:07 | Chroma] InterscopeEnvironment.[0]Environment.[12]PlayersPlace.[1]Feet
[DEBUG @ 18:56:07 | Chroma] InterscopeEnvironment.[0]Environment.[12]PlayersPlace.[2]Construction
[DEBUG @ 18:56:07 | Chroma] InterscopeEnvironment.[0]Environment.[12]PlayersPlace.[3]RectangleFakeGlow
[DEBUG @ 18:56:07 | Chroma] InterscopeEnvironment.[0]Environment.[12]PlayersPlace.[4]Frame
[DEBUG @ 18:56:07 | Chroma] InterscopeEnvironment.[0]Environment.[12]PlayersPlace.[5]SaberBurnMarksParticles
[DEBUG @ 18:56:07 | Chroma] InterscopeEnvironment.[0]Environment.[12]PlayersPlace.[5]SaberBurnMarksParticles.[0]SaberBurnMarkSparklePS
[DEBUG @ 18:56:07 | Chroma] InterscopeEnvironment.[0]Environment.[12]PlayersPlace.[6]SaberBurnMarksArea
[DEBUG @ 18:56:07 | Chroma] InterscopeEnvironment.[0]Environment.[12]PlayersPlace.[7]Collider
[DEBUG @ 18:56:07 | Chroma] InterscopeEnvironment.[0]Environment.[13]Floor
[DEBUG @ 18:56:07 | Chroma] InterscopeEnvironment.[0]Environment.[13]Floor.[0]FloorDepthWrite
[DEBUG @ 18:56:07 | Chroma] InterscopeEnvironment.[0]Environment.[14]RearPillar
[DEBUG @ 18:56:07 | Chroma] InterscopeEnvironment.[0]Environment.[15]RearPillar (2)
[DEBUG @ 18:56:07 | Chroma] InterscopeEnvironment.[0]Environment.[16]Pillar (4)
[DEBUG @ 18:56:07 | Chroma] InterscopeEnvironment.[0]Environment.[16]Pillar (4).[0]PillarL
[DEBUG @ 18:56:07 | Chroma] InterscopeEnvironment.[0]Environment.[16]Pillar (4).[1]PillarR
[DEBUG @ 18:56:07 | Chroma] InterscopeEnvironment.[0]Environment.[16]Pillar (4).[2]NeonLightL
[DEBUG @ 18:56:07 | Chroma] InterscopeEnvironment.[0]Environment.[16]Pillar (4).[2]NeonLightL.[0]BoxLight
[DEBUG @ 18:56:07 | Chroma] InterscopeEnvironment.[0]Environment.[16]Pillar (4).[2]NeonLightL.[1]BakedBloom
[DEBUG @ 18:56:07 | Chroma] InterscopeEnvironment.[0]Environment.[16]Pillar (4).[3]NeonLightR
[DEBUG @ 18:56:07 | Chroma] InterscopeEnvironment.[0]Environment.[16]Pillar (4).[3]NeonLightR.[0]BoxLight
[DEBUG @ 18:56:07 | Chroma] InterscopeEnvironment.[0]Environment.[16]Pillar (4).[3]NeonLightR.[1]BakedBloom
[DEBUG @ 18:56:07 | Chroma] InterscopeEnvironment.[0]Environment.[17]Pillar (3)
[DEBUG @ 18:56:07 | Chroma] InterscopeEnvironment.[0]Environment.[17]Pillar (3).[0]PillarL
[DEBUG @ 18:56:07 | Chroma] InterscopeEnvironment.[0]Environment.[17]Pillar (3).[1]PillarR
[DEBUG @ 18:56:07 | Chroma] InterscopeEnvironment.[0]Environment.[17]Pillar (3).[2]NeonLightL
[DEBUG @ 18:56:07 | Chroma] InterscopeEnvironment.[0]Environment.[17]Pillar (3).[2]NeonLightL.[0]BoxLight
[DEBUG @ 18:56:07 | Chroma] InterscopeEnvironment.[0]Environment.[17]Pillar (3).[2]NeonLightL.[1]BakedBloom
[DEBUG @ 18:56:07 | Chroma] InterscopeEnvironment.[0]Environment.[17]Pillar (3).[3]NeonLightR
[DEBUG @ 18:56:07 | Chroma] InterscopeEnvironment.[0]Environment.[17]Pillar (3).[3]NeonLightR.[0]BoxLight
[DEBUG @ 18:56:07 | Chroma] InterscopeEnvironment.[0]Environment.[17]Pillar (3).[3]NeonLightR.[1]BakedBloom
[DEBUG @ 18:56:07 | Chroma] InterscopeEnvironment.[0]Environment.[18]Pillar (2)
[DEBUG @ 18:56:07 | Chroma] InterscopeEnvironment.[0]Environment.[18]Pillar (2).[0]PillarL
[DEBUG @ 18:56:07 | Chroma] InterscopeEnvironment.[0]Environment.[18]Pillar (2).[1]PillarR
[DEBUG @ 18:56:07 | Chroma] InterscopeEnvironment.[0]Environment.[18]Pillar (2).[2]NeonLightL
[DEBUG @ 18:56:07 | Chroma] InterscopeEnvironment.[0]Environment.[18]Pillar (2).[2]NeonLightL.[0]BoxLight
[DEBUG @ 18:56:07 | Chroma] InterscopeEnvironment.[0]Environment.[18]Pillar (2).[2]NeonLightL.[1]BakedBloom
[DEBUG @ 18:56:07 | Chroma] InterscopeEnvironment.[0]Environment.[18]Pillar (2).[3]NeonLightR
[DEBUG @ 18:56:07 | Chroma] InterscopeEnvironment.[0]Environment.[18]Pillar (2).[3]NeonLightR.[0]BoxLight
[DEBUG @ 18:56:07 | Chroma] InterscopeEnvironment.[0]Environment.[18]Pillar (2).[3]NeonLightR.[1]BakedBloom
[DEBUG @ 18:56:07 | Chroma] InterscopeEnvironment.[0]Environment.[19]Pillar (1)
[DEBUG @ 18:56:07 | Chroma] InterscopeEnvironment.[0]Environment.[19]Pillar (1).[0]PillarL
[DEBUG @ 18:56:07 | Chroma] InterscopeEnvironment.[0]Environment.[19]Pillar (1).[1]PillarR
[DEBUG @ 18:56:07 | Chroma] InterscopeEnvironment.[0]Environment.[19]Pillar (1).[2]NeonLightL
[DEBUG @ 18:56:07 | Chroma] InterscopeEnvironment.[0]Environment.[19]Pillar (1).[2]NeonLightL.[0]BoxLight
[DEBUG @ 18:56:07 | Chroma] InterscopeEnvironment.[0]Environment.[19]Pillar (1).[2]NeonLightL.[1]BakedBloom
[DEBUG @ 18:56:07 | Chroma] InterscopeEnvironment.[0]Environment.[19]Pillar (1).[3]NeonLightR
[DEBUG @ 18:56:07 | Chroma] InterscopeEnvironment.[0]Environment.[19]Pillar (1).[3]NeonLightR.[0]BoxLight
[DEBUG @ 18:56:07 | Chroma] InterscopeEnvironment.[0]Environment.[19]Pillar (1).[3]NeonLightR.[1]BakedBloom
[DEBUG @ 18:56:07 | Chroma] InterscopeEnvironment.[0]Environment.[2]BakedReflectionProbeInstaller
[DEBUG @ 18:56:07 | Chroma] InterscopeEnvironment.[0]Environment.[20]Pillar
[DEBUG @ 18:56:07 | Chroma] InterscopeEnvironment.[0]Environment.[20]Pillar.[0]PillarL
[DEBUG @ 18:56:07 | Chroma] InterscopeEnvironment.[0]Environment.[20]Pillar.[1]PillarR
[DEBUG @ 18:56:07 | Chroma] InterscopeEnvironment.[0]Environment.[20]Pillar.[2]NeonLightL
[DEBUG @ 18:56:07 | Chroma] InterscopeEnvironment.[0]Environment.[20]Pillar.[2]NeonLightL.[0]BoxLight
[DEBUG @ 18:56:07 | Chroma] InterscopeEnvironment.[0]Environment.[20]Pillar.[2]NeonLightL.[1]BakedBloom
[DEBUG @ 18:56:07 | Chroma] InterscopeEnvironment.[0]Environment.[20]Pillar.[3]NeonLightR
[DEBUG @ 18:56:07 | Chroma] InterscopeEnvironment.[0]Environment.[20]Pillar.[3]NeonLightR.[0]BoxLight
[DEBUG @ 18:56:07 | Chroma] InterscopeEnvironment.[0]Environment.[20]Pillar.[3]NeonLightR.[1]BakedBloom
[DEBUG @ 18:56:07 | Chroma] InterscopeEnvironment.[0]Environment.[21]Plane (3)
[DEBUG @ 18:56:07 | Chroma] InterscopeEnvironment.[0]Environment.[22]Plane (2)
[DEBUG @ 18:56:07 | Chroma] InterscopeEnvironment.[0]Environment.[23]Plane (1)
[DEBUG @ 18:56:07 | Chroma] InterscopeEnvironment.[0]Environment.[24]Plane (4)
[DEBUG @ 18:56:07 | Chroma] InterscopeEnvironment.[0]Environment.[25]Plane (5)
[DEBUG @ 18:56:07 | Chroma] InterscopeEnvironment.[0]Environment.[26]Plane (6)
[DEBUG @ 18:56:07 | Chroma] InterscopeEnvironment.[0]Environment.[27]RearPillar (1)
[DEBUG @ 18:56:07 | Chroma] InterscopeEnvironment.[0]Environment.[28]RearPillar (3)
[DEBUG @ 18:56:07 | Chroma] InterscopeEnvironment.[0]Environment.[29]RearPillar (4)
[DEBUG @ 18:56:07 | Chroma] InterscopeEnvironment.[0]Environment.[3]FakeMirrorSettings
[DEBUG @ 18:56:07 | Chroma] InterscopeEnvironment.[0]Environment.[30]RearPillar (5)
[DEBUG @ 18:56:07 | Chroma] InterscopeEnvironment.[0]Environment.[31]====== DYNAMIC ======
[DEBUG @ 18:56:07 | Chroma] InterscopeEnvironment.[0]Environment.[32]Spectrograms
[DEBUG @ 18:56:07 | Chroma] InterscopeEnvironment.[0]Environment.[32]Spectrograms.[0]Spectrogram
[DEBUG @ 18:56:07 | Chroma] InterscopeEnvironment.[0]Environment.[32]Spectrograms.[1]Spectrogram (1)
[DEBUG @ 18:56:07 | Chroma] InterscopeEnvironment.[0]Environment.[33]BigSmokePS
[DEBUG @ 18:56:07 | Chroma] InterscopeEnvironment.[0]Environment.[34]====== LIGHTS ======
[DEBUG @ 18:56:07 | Chroma] InterscopeEnvironment.[0]Environment.[35]DustPS
[DEBUG @ 18:56:07 | Chroma] InterscopeEnvironment.[0]Environment.[36]FrontLight
[DEBUG @ 18:56:07 | Chroma] InterscopeEnvironment.[0]Environment.[37]NarrowGameHUD
[DEBUG @ 18:56:07 | Chroma] InterscopeEnvironment.[0]Environment.[37]NarrowGameHUD.[0]EnergyPanel
[DEBUG @ 18:56:07 | Chroma] InterscopeEnvironment.[0]Environment.[37]NarrowGameHUD.[0]EnergyPanel.[0]BG
[DEBUG @ 18:56:07 | Chroma] InterscopeEnvironment.[0]Environment.[37]NarrowGameHUD.[0]EnergyPanel.[1]BarBG
[DEBUG @ 18:56:07 | Chroma] InterscopeEnvironment.[0]Environment.[37]NarrowGameHUD.[0]EnergyPanel.[2]EnergyIconEmpty
[DEBUG @ 18:56:07 | Chroma] InterscopeEnvironment.[0]Environment.[37]NarrowGameHUD.[0]EnergyPanel.[3]EnergyIconFull
[DEBUG @ 18:56:07 | Chroma] InterscopeEnvironment.[0]Environment.[37]NarrowGameHUD.[0]EnergyPanel.[4]EnergyBarWrapper
[DEBUG @ 18:56:07 | Chroma] InterscopeEnvironment.[0]Environment.[37]NarrowGameHUD.[0]EnergyPanel.[4]EnergyBarWrapper.[0]EnergyBar
[DEBUG @ 18:56:07 | Chroma] InterscopeEnvironment.[0]Environment.[37]NarrowGameHUD.[0]EnergyPanel.[5]Laser
[DEBUG @ 18:56:07 | Chroma] InterscopeEnvironment.[0]Environment.[37]NarrowGameHUD.[0]EnergyPanel.[5]Laser.[0]BoxLight
[DEBUG @ 18:56:07 | Chroma] InterscopeEnvironment.[0]Environment.[37]NarrowGameHUD.[0]EnergyPanel.[5]Laser.[1]BakedBloom
[DEBUG @ 18:56:07 | Chroma] InterscopeEnvironment.[0]Environment.[37]NarrowGameHUD.[0]EnergyPanel.[6]FailIcon
[DEBUG @ 18:56:07 | Chroma] InterscopeEnvironment.[0]Environment.[37]NarrowGameHUD.[0]EnergyPanel.[7]Colorer
[DEBUG @ 18:56:07 | Chroma] InterscopeEnvironment.[0]Environment.[37]NarrowGameHUD.[1]LeftPanel
[DEBUG @ 18:56:07 | Chroma] InterscopeEnvironment.[0]Environment.[37]NarrowGameHUD.[1]LeftPanel.[0]ComboPanel
[DEBUG @ 18:56:07 | Chroma] InterscopeEnvironment.[0]Environment.[37]NarrowGameHUD.[1]LeftPanel.[0]ComboPanel.[0]ComboText
[DEBUG @ 18:56:07 | Chroma] InterscopeEnvironment.[0]Environment.[37]NarrowGameHUD.[1]LeftPanel.[0]ComboPanel.[1]ComboCanvas
[DEBUG @ 18:56:07 | Chroma] InterscopeEnvironment.[0]Environment.[37]NarrowGameHUD.[1]LeftPanel.[0]ComboPanel.[1]ComboCanvas.[0]NumText
[DEBUG @ 18:56:07 | Chroma] InterscopeEnvironment.[0]Environment.[37]NarrowGameHUD.[1]LeftPanel.[0]ComboPanel.[2]Line0
[DEBUG @ 18:56:07 | Chroma] InterscopeEnvironment.[0]Environment.[37]NarrowGameHUD.[1]LeftPanel.[0]ComboPanel.[3]Line1
[DEBUG @ 18:56:07 | Chroma] InterscopeEnvironment.[0]Environment.[37]NarrowGameHUD.[1]LeftPanel.[0]ComboPanel.[4]Colorer
[DEBUG @ 18:56:07 | Chroma] InterscopeEnvironment.[0]Environment.[37]NarrowGameHUD.[1]LeftPanel.[1]ScoreCanvas
[DEBUG @ 18:56:07 | Chroma] InterscopeEnvironment.[0]Environment.[37]NarrowGameHUD.[1]LeftPanel.[1]ScoreCanvas.[0]ScoreText
[DEBUG @ 18:56:07 | Chroma] InterscopeEnvironment.[0]Environment.[37]NarrowGameHUD.[1]LeftPanel.[1]ScoreCanvas.[1]ImmediateRankText
[DEBUG @ 18:56:07 | Chroma] InterscopeEnvironment.[0]Environment.[37]NarrowGameHUD.[1]LeftPanel.[1]ScoreCanvas.[2]RelativeScoreText
[DEBUG @ 18:56:07 | Chroma] InterscopeEnvironment.[0]Environment.[37]NarrowGameHUD.[2]RightPanel
[DEBUG @ 18:56:07 | Chroma] InterscopeEnvironment.[0]Environment.[37]NarrowGameHUD.[2]RightPanel.[0]MultiplierCanvas
[DEBUG @ 18:56:07 | Chroma] InterscopeEnvironment.[0]Environment.[37]NarrowGameHUD.[2]RightPanel.[0]MultiplierCanvas.[0]BGCircle
[DEBUG @ 18:56:07 | Chroma] InterscopeEnvironment.[0]Environment.[37]NarrowGameHUD.[2]RightPanel.[0]MultiplierCanvas.[1]FGCircle
[DEBUG @ 18:56:07 | Chroma] InterscopeEnvironment.[0]Environment.[37]NarrowGameHUD.[2]RightPanel.[0]MultiplierCanvas.[2]AnimationCircle
[DEBUG @ 18:56:07 | Chroma] InterscopeEnvironment.[0]Environment.[37]NarrowGameHUD.[2]RightPanel.[0]MultiplierCanvas.[3]TextOverlayPanelOutline1
[DEBUG @ 18:56:07 | Chroma] InterscopeEnvironment.[0]Environment.[37]NarrowGameHUD.[2]RightPanel.[0]MultiplierCanvas.[3]TextOverlayPanelOutline1.[0]XText
[DEBUG @ 18:56:07 | Chroma] InterscopeEnvironment.[0]Environment.[37]NarrowGameHUD.[2]RightPanel.[0]MultiplierCanvas.[3]TextOverlayPanelOutline1.[1]NumText
[DEBUG @ 18:56:07 | Chroma] InterscopeEnvironment.[0]Environment.[37]NarrowGameHUD.[2]RightPanel.[0]MultiplierCanvas.[4]TextOverlayPanelOutline0
[DEBUG @ 18:56:07 | Chroma] InterscopeEnvironment.[0]Environment.[37]NarrowGameHUD.[2]RightPanel.[0]MultiplierCanvas.[4]TextOverlayPanelOutline0.[0]XText
[DEBUG @ 18:56:07 | Chroma] InterscopeEnvironment.[0]Environment.[37]NarrowGameHUD.[2]RightPanel.[0]MultiplierCanvas.[4]TextOverlayPanelOutline0.[1]NumText
[DEBUG @ 18:56:07 | Chroma] InterscopeEnvironment.[0]Environment.[37]NarrowGameHUD.[2]RightPanel.[0]MultiplierCanvas.[5]TextPanel
[DEBUG @ 18:56:07 | Chroma] InterscopeEnvironment.[0]Environment.[37]NarrowGameHUD.[2]RightPanel.[0]MultiplierCanvas.[5]TextPanel.[0]XText
[DEBUG @ 18:56:07 | Chroma] InterscopeEnvironment.[0]Environment.[37]NarrowGameHUD.[2]RightPanel.[0]MultiplierCanvas.[5]TextPanel.[1]NumText
[DEBUG @ 18:56:07 | Chroma] InterscopeEnvironment.[0]Environment.[37]NarrowGameHUD.[2]RightPanel.[0]MultiplierCanvas.[6]Colorer
[DEBUG @ 18:56:07 | Chroma] InterscopeEnvironment.[0]Environment.[37]NarrowGameHUD.[2]RightPanel.[1]SongProgressCanvas
[DEBUG @ 18:56:07 | Chroma] InterscopeEnvironment.[0]Environment.[37]NarrowGameHUD.[2]RightPanel.[1]SongProgressCanvas.[0]Progress
[DEBUG @ 18:56:07 | Chroma] InterscopeEnvironment.[0]Environment.[37]NarrowGameHUD.[2]RightPanel.[1]SongProgressCanvas.[1]Slider
[DEBUG @ 18:56:07 | Chroma] InterscopeEnvironment.[0]Environment.[37]NarrowGameHUD.[2]RightPanel.[1]SongProgressCanvas.[1]Slider.[0]Background
[DEBUG @ 18:56:07 | Chroma] InterscopeEnvironment.[0]Environment.[37]NarrowGameHUD.[2]RightPanel.[1]SongProgressCanvas.[1]Slider.[1]Handle Slide Area
[DEBUG @ 18:56:07 | Chroma] InterscopeEnvironment.[0]Environment.[37]NarrowGameHUD.[2]RightPanel.[1]SongProgressCanvas.[1]Slider.[1]Handle Slide Area.[0]Handle
[DEBUG @ 18:56:07 | Chroma] InterscopeEnvironment.[0]Environment.[37]NarrowGameHUD.[2]RightPanel.[1]SongProgressCanvas.[2]DurationMinutes
[DEBUG @ 18:56:07 | Chroma] InterscopeEnvironment.[0]Environment.[37]NarrowGameHUD.[2]RightPanel.[1]SongProgressCanvas.[3]DurationSeconds
[DEBUG @ 18:56:07 | Chroma] InterscopeEnvironment.[0]Environment.[37]NarrowGameHUD.[2]RightPanel.[1]SongProgressCanvas.[4]ProgressMinutes
[DEBUG @ 18:56:07 | Chroma] InterscopeEnvironment.[0]Environment.[37]NarrowGameHUD.[2]RightPanel.[1]SongProgressCanvas.[5]ProgressSeconds
[DEBUG @ 18:56:07 | Chroma] InterscopeEnvironment.[0]Environment.[37]NarrowGameHUD.[2]RightPanel.[1]SongProgressCanvas.[6]BG
[DEBUG @ 18:56:07 | Chroma] InterscopeEnvironment.[0]Environment.[37]NarrowGameHUD.[2]RightPanel.[1]SongProgressCanvas.[7]Colorer
[DEBUG @ 18:56:07 | Chroma] InterscopeEnvironment.[0]Environment.[38]Car1
[DEBUG @ 18:56:07 | Chroma] InterscopeEnvironment.[0]Environment.[38]Car1.[0]FloorCollider
[DEBUG @ 18:56:07 | Chroma] InterscopeEnvironment.[0]Environment.[38]Car1.[1]RearWheels
[DEBUG @ 18:56:07 | Chroma] InterscopeEnvironment.[0]Environment.[38]Car1.[1]RearWheels.[0]RearWheels
[DEBUG @ 18:56:07 | Chroma] InterscopeEnvironment.[0]Environment.[38]Car1.[2]FrontWheels
[DEBUG @ 18:56:07 | Chroma] InterscopeEnvironment.[0]Environment.[38]Car1.[2]FrontWheels.[0]FrontWheels
[DEBUG @ 18:56:07 | Chroma] InterscopeEnvironment.[0]Environment.[38]Car1.[3]Body
[DEBUG @ 18:56:07 | Chroma] InterscopeEnvironment.[0]Environment.[38]Car1.[3]Body.[0]Body
[DEBUG @ 18:56:07 | Chroma] InterscopeEnvironment.[0]Environment.[39]Car2
[DEBUG @ 18:56:07 | Chroma] InterscopeEnvironment.[0]Environment.[39]Car2.[0]FloorCollider
[DEBUG @ 18:56:07 | Chroma] InterscopeEnvironment.[0]Environment.[39]Car2.[1]RearWheels
[DEBUG @ 18:56:07 | Chroma] InterscopeEnvironment.[0]Environment.[39]Car2.[1]RearWheels.[0]RearWheels
[DEBUG @ 18:56:07 | Chroma] InterscopeEnvironment.[0]Environment.[39]Car2.[2]FrontWheels
[DEBUG @ 18:56:07 | Chroma] InterscopeEnvironment.[0]Environment.[39]Car2.[2]FrontWheels.[0]FrontWheels
[DEBUG @ 18:56:07 | Chroma] InterscopeEnvironment.[0]Environment.[39]Car2.[3]Body
[DEBUG @ 18:56:07 | Chroma] InterscopeEnvironment.[0]Environment.[39]Car2.[3]Body.[0]Body
[DEBUG @ 18:56:07 | Chroma] InterscopeEnvironment.[0]Environment.[4]CoreLighting
[DEBUG @ 18:56:07 | Chroma] InterscopeEnvironment.[0]Environment.[4]CoreLighting.[0]LightManager
[DEBUG @ 18:56:07 | Chroma] InterscopeEnvironment.[0]Environment.[40]Car3
[DEBUG @ 18:56:07 | Chroma] InterscopeEnvironment.[0]Environment.[40]Car3.[0]FloorCollider
[DEBUG @ 18:56:07 | Chroma] InterscopeEnvironment.[0]Environment.[40]Car3.[1]RearWheels
[DEBUG @ 18:56:07 | Chroma] InterscopeEnvironment.[0]Environment.[40]Car3.[2]FrontWheels
[DEBUG @ 18:56:07 | Chroma] InterscopeEnvironment.[0]Environment.[40]Car3.[2]FrontWheels.[0]FrontWheels
[DEBUG @ 18:56:07 | Chroma] InterscopeEnvironment.[0]Environment.[40]Car3.[3]Body
[DEBUG @ 18:56:07 | Chroma] InterscopeEnvironment.[0]Environment.[40]Car3.[3]Body.[0]Body
[DEBUG @ 18:56:07 | Chroma] InterscopeEnvironment.[0]Environment.[41]Car4
[DEBUG @ 18:56:07 | Chroma] InterscopeEnvironment.[0]Environment.[41]Car4.[0]FloorCollider
[DEBUG @ 18:56:07 | Chroma] InterscopeEnvironment.[0]Environment.[41]Car4.[1]RearWheels
[DEBUG @ 18:56:07 | Chroma] InterscopeEnvironment.[0]Environment.[41]Car4.[1]RearWheels.[0]RearWheels
[DEBUG @ 18:56:07 | Chroma] InterscopeEnvironment.[0]Environment.[41]Car4.[2]FrontWheels
[DEBUG @ 18:56:07 | Chroma] InterscopeEnvironment.[0]Environment.[41]Car4.[2]FrontWheels.[0]FrontWheels
[DEBUG @ 18:56:07 | Chroma] InterscopeEnvironment.[0]Environment.[41]Car4.[3]Body
[DEBUG @ 18:56:07 | Chroma] InterscopeEnvironment.[0]Environment.[41]Car4.[3]Body.[0]Body
[DEBUG @ 18:56:07 | Chroma] InterscopeEnvironment.[0]Environment.[42]FarCar1
[DEBUG @ 18:56:07 | Chroma] InterscopeEnvironment.[0]Environment.[42]FarCar1.[0]FloorCollider
[DEBUG @ 18:56:07 | Chroma] InterscopeEnvironment.[0]Environment.[42]FarCar1.[1]RearWheels
[DEBUG @ 18:56:07 | Chroma] InterscopeEnvironment.[0]Environment.[42]FarCar1.[2]FrontWheels
[DEBUG @ 18:56:07 | Chroma] InterscopeEnvironment.[0]Environment.[42]FarCar1.[2]FrontWheels.[0]FrontWheels
[DEBUG @ 18:56:07 | Chroma] InterscopeEnvironment.[0]Environment.[42]FarCar1.[3]Body
[DEBUG @ 18:56:07 | Chroma] InterscopeEnvironment.[0]Environment.[42]FarCar1.[3]Body.[0]Body
[DEBUG @ 18:56:07 | Chroma] InterscopeEnvironment.[0]Environment.[43]FarCar2
[DEBUG @ 18:56:07 | Chroma] InterscopeEnvironment.[0]Environment.[43]FarCar2.[0]FloorCollider
[DEBUG @ 18:56:07 | Chroma] InterscopeEnvironment.[0]Environment.[43]FarCar2.[1]RearWheels
[DEBUG @ 18:56:07 | Chroma] InterscopeEnvironment.[0]Environment.[43]FarCar2.[2]FrontWheels
[DEBUG @ 18:56:07 | Chroma] InterscopeEnvironment.[0]Environment.[43]FarCar2.[2]FrontWheels.[0]FrontWheels
[DEBUG @ 18:56:07 | Chroma] InterscopeEnvironment.[0]Environment.[43]FarCar2.[3]Body
[DEBUG @ 18:56:07 | Chroma] InterscopeEnvironment.[0]Environment.[43]FarCar2.[3]Body.[0]Body
[DEBUG @ 18:56:07 | Chroma] InterscopeEnvironment.[0]Environment.[44]FarCar3
[DEBUG @ 18:56:07 | Chroma] InterscopeEnvironment.[0]Environment.[44]FarCar3.[0]FloorCollider
[DEBUG @ 18:56:07 | Chroma] InterscopeEnvironment.[0]Environment.[44]FarCar3.[1]RearWheels
[DEBUG @ 18:56:07 | Chroma] InterscopeEnvironment.[0]Environment.[44]FarCar3.[2]FrontWheels
[DEBUG @ 18:56:07 | Chroma] InterscopeEnvironment.[0]Environment.[44]FarCar3.[2]FrontWheels.[0]FrontWheels
[DEBUG @ 18:56:07 | Chroma] InterscopeEnvironment.[0]Environment.[44]FarCar3.[3]Body
[DEBUG @ 18:56:07 | Chroma] InterscopeEnvironment.[0]Environment.[44]FarCar3.[3]Body.[0]Body
[DEBUG @ 18:56:07 | Chroma] InterscopeEnvironment.[0]Environment.[45]FarCar4
[DEBUG @ 18:56:07 | Chroma] InterscopeEnvironment.[0]Environment.[45]FarCar4.[0]FloorCollider
[DEBUG @ 18:56:07 | Chroma] InterscopeEnvironment.[0]Environment.[45]FarCar4.[1]RearWheels
[DEBUG @ 18:56:07 | Chroma] InterscopeEnvironment.[0]Environment.[45]FarCar4.[2]FrontWheels
[DEBUG @ 18:56:07 | Chroma] InterscopeEnvironment.[0]Environment.[45]FarCar4.[2]FrontWheels.[0]FrontWheels
[DEBUG @ 18:56:07 | Chroma] InterscopeEnvironment.[0]Environment.[45]FarCar4.[3]Body
[DEBUG @ 18:56:07 | Chroma] InterscopeEnvironment.[0]Environment.[45]FarCar4.[3]Body.[0]Body
[DEBUG @ 18:56:07 | Chroma] InterscopeEnvironment.[0]Environment.[46]NeonTop
[DEBUG @ 18:56:07 | Chroma] InterscopeEnvironment.[0]Environment.[46]NeonTop.[0]BoxLight
[DEBUG @ 18:56:07 | Chroma] InterscopeEnvironment.[0]Environment.[46]NeonTop.[1]BakedBloom
[DEBUG @ 18:56:07 | Chroma] InterscopeEnvironment.[0]Environment.[47]NeonTop (1)
[DEBUG @ 18:56:07 | Chroma] InterscopeEnvironment.[0]Environment.[47]NeonTop (1).[0]BoxLight
[DEBUG @ 18:56:07 | Chroma] InterscopeEnvironment.[0]Environment.[47]NeonTop (1).[1]BakedBloom
[DEBUG @ 18:56:07 | Chroma] InterscopeEnvironment.[0]Environment.[48]NeonTop (2)
[DEBUG @ 18:56:07 | Chroma] InterscopeEnvironment.[0]Environment.[48]NeonTop (2).[0]BoxLight
[DEBUG @ 18:56:07 | Chroma] InterscopeEnvironment.[0]Environment.[48]NeonTop (2).[1]BakedBloom
[DEBUG @ 18:56:07 | Chroma] InterscopeEnvironment.[0]Environment.[49]NeonTop (3)
[DEBUG @ 18:56:07 | Chroma] InterscopeEnvironment.[0]Environment.[49]NeonTop (3).[0]BoxLight
[DEBUG @ 18:56:07 | Chroma] InterscopeEnvironment.[0]Environment.[49]NeonTop (3).[1]BakedBloom
[DEBUG @ 18:56:07 | Chroma] InterscopeEnvironment.[0]Environment.[5]LightEffects
[DEBUG @ 18:56:07 | Chroma] InterscopeEnvironment.[0]Environment.[50]NeonTop (4)
[DEBUG @ 18:56:07 | Chroma] InterscopeEnvironment.[0]Environment.[50]NeonTop (4).[0]BoxLight
[DEBUG @ 18:56:07 | Chroma] InterscopeEnvironment.[0]Environment.[50]NeonTop (4).[1]BakedBloom
[DEBUG @ 18:56:07 | Chroma] InterscopeEnvironment.[0]Environment.[51]SinMoveLasersPair
[DEBUG @ 18:56:07 | Chroma] InterscopeEnvironment.[0]Environment.[51]SinMoveLasersPair.[0]LaserL
[DEBUG @ 18:56:07 | Chroma] InterscopeEnvironment.[0]Environment.[51]SinMoveLasersPair.[0]LaserL.[0]BoxLight
[DEBUG @ 18:56:07 | Chroma] InterscopeEnvironment.[0]Environment.[51]SinMoveLasersPair.[0]LaserL.[1]BakedBloom
[DEBUG @ 18:56:07 | Chroma] InterscopeEnvironment.[0]Environment.[51]SinMoveLasersPair.[1]LaserR
[DEBUG @ 18:56:07 | Chroma] InterscopeEnvironment.[0]Environment.[51]SinMoveLasersPair.[1]LaserR.[0]BoxLight
[DEBUG @ 18:56:07 | Chroma] InterscopeEnvironment.[0]Environment.[51]SinMoveLasersPair.[1]LaserR.[1]BakedBloom
[DEBUG @ 18:56:07 | Chroma] InterscopeEnvironment.[0]Environment.[52]SinMoveLasersPair (1)
[DEBUG @ 18:56:07 | Chroma] InterscopeEnvironment.[0]Environment.[52]SinMoveLasersPair (1).[0]LaserL
[DEBUG @ 18:56:07 | Chroma] InterscopeEnvironment.[0]Environment.[52]SinMoveLasersPair (1).[0]LaserL.[0]BoxLight
[DEBUG @ 18:56:07 | Chroma] InterscopeEnvironment.[0]Environment.[52]SinMoveLasersPair (1).[0]LaserL.[1]BakedBloom
[DEBUG @ 18:56:07 | Chroma] InterscopeEnvironment.[0]Environment.[52]SinMoveLasersPair (1).[1]LaserR
[DEBUG @ 18:56:07 | Chroma] InterscopeEnvironment.[0]Environment.[52]SinMoveLasersPair (1).[1]LaserR.[0]BoxLight
[DEBUG @ 18:56:07 | Chroma] InterscopeEnvironment.[0]Environment.[52]SinMoveLasersPair (1).[1]LaserR.[1]BakedBloom
[DEBUG @ 18:56:07 | Chroma] InterscopeEnvironment.[0]Environment.[53]SinMoveLasersPair (2)
[DEBUG @ 18:56:07 | Chroma] InterscopeEnvironment.[0]Environment.[53]SinMoveLasersPair (2).[0]LaserL
[DEBUG @ 18:56:07 | Chroma] InterscopeEnvironment.[0]Environment.[53]SinMoveLasersPair (2).[0]LaserL.[0]BoxLight
[DEBUG @ 18:56:07 | Chroma] InterscopeEnvironment.[0]Environment.[53]SinMoveLasersPair (2).[0]LaserL.[1]BakedBloom
[DEBUG @ 18:56:07 | Chroma] InterscopeEnvironment.[0]Environment.[53]SinMoveLasersPair (2).[1]LaserR
[DEBUG @ 18:56:07 | Chroma] InterscopeEnvironment.[0]Environment.[53]SinMoveLasersPair (2).[1]LaserR.[0]BoxLight
[DEBUG @ 18:56:07 | Chroma] InterscopeEnvironment.[0]Environment.[53]SinMoveLasersPair (2).[1]LaserR.[1]BakedBloom
[DEBUG @ 18:56:07 | Chroma] InterscopeEnvironment.[0]Environment.[54]SinMoveLasersPair (3)
[DEBUG @ 18:56:07 | Chroma] InterscopeEnvironment.[0]Environment.[54]SinMoveLasersPair (3).[0]LaserL
[DEBUG @ 18:56:07 | Chroma] InterscopeEnvironment.[0]Environment.[54]SinMoveLasersPair (3).[0]LaserL.[0]BoxLight
[DEBUG @ 18:56:07 | Chroma] InterscopeEnvironment.[0]Environment.[54]SinMoveLasersPair (3).[0]LaserL.[1]BakedBloom
[DEBUG @ 18:56:07 | Chroma] InterscopeEnvironment.[0]Environment.[54]SinMoveLasersPair (3).[1]LaserR
[DEBUG @ 18:56:07 | Chroma] InterscopeEnvironment.[0]Environment.[54]SinMoveLasersPair (3).[1]LaserR.[0]BoxLight
[DEBUG @ 18:56:07 | Chroma] InterscopeEnvironment.[0]Environment.[54]SinMoveLasersPair (3).[1]LaserR.[1]BakedBloom
[DEBUG @ 18:56:07 | Chroma] InterscopeEnvironment.[0]Environment.[55]SinMoveLasersPair (4)
[DEBUG @ 18:56:07 | Chroma] InterscopeEnvironment.[0]Environment.[55]SinMoveLasersPair (4).[0]LaserL
[DEBUG @ 18:56:07 | Chroma] InterscopeEnvironment.[0]Environment.[55]SinMoveLasersPair (4).[0]LaserL.[0]BoxLight
[DEBUG @ 18:56:07 | Chroma] InterscopeEnvironment.[0]Environment.[55]SinMoveLasersPair (4).[0]LaserL.[1]BakedBloom
[DEBUG @ 18:56:07 | Chroma] InterscopeEnvironment.[0]Environment.[55]SinMoveLasersPair (4).[1]LaserR
[DEBUG @ 18:56:07 | Chroma] InterscopeEnvironment.[0]Environment.[55]SinMoveLasersPair (4).[1]LaserR.[0]BoxLight
[DEBUG @ 18:56:07 | Chroma] InterscopeEnvironment.[0]Environment.[55]SinMoveLasersPair (4).[1]LaserR.[1]BakedBloom
[DEBUG @ 18:56:07 | Chroma] InterscopeEnvironment.[0]Environment.[56]SinMoveLasersPair (5)
[DEBUG @ 18:56:07 | Chroma] InterscopeEnvironment.[0]Environment.[56]SinMoveLasersPair (5).[0]LaserL
[DEBUG @ 18:56:07 | Chroma] InterscopeEnvironment.[0]Environment.[56]SinMoveLasersPair (5).[0]LaserL.[0]BoxLight
[DEBUG @ 18:56:07 | Chroma] InterscopeEnvironment.[0]Environment.[56]SinMoveLasersPair (5).[0]LaserL.[1]BakedBloom
[DEBUG @ 18:56:07 | Chroma] InterscopeEnvironment.[0]Environment.[56]SinMoveLasersPair (5).[1]LaserR
[DEBUG @ 18:56:07 | Chroma] InterscopeEnvironment.[0]Environment.[56]SinMoveLasersPair (5).[1]LaserR.[0]BoxLight
[DEBUG @ 18:56:07 | Chroma] InterscopeEnvironment.[0]Environment.[56]SinMoveLasersPair (5).[1]LaserR.[1]BakedBloom
[DEBUG @ 18:56:07 | Chroma] InterscopeEnvironment.[0]Environment.[57]SinMoveLasersPair (6)
[DEBUG @ 18:56:07 | Chroma] InterscopeEnvironment.[0]Environment.[57]SinMoveLasersPair (6).[0]LaserL
[DEBUG @ 18:56:07 | Chroma] InterscopeEnvironment.[0]Environment.[57]SinMoveLasersPair (6).[0]LaserL.[0]BoxLight
[DEBUG @ 18:56:07 | Chroma] InterscopeEnvironment.[0]Environment.[57]SinMoveLasersPair (6).[0]LaserL.[1]BakedBloom
[DEBUG @ 18:56:07 | Chroma] InterscopeEnvironment.[0]Environment.[57]SinMoveLasersPair (6).[1]LaserR
[DEBUG @ 18:56:07 | Chroma] InterscopeEnvironment.[0]Environment.[57]SinMoveLasersPair (6).[1]LaserR.[0]BoxLight
[DEBUG @ 18:56:07 | Chroma] InterscopeEnvironment.[0]Environment.[57]SinMoveLasersPair (6).[1]LaserR.[1]BakedBloom
[DEBUG @ 18:56:07 | Chroma] InterscopeEnvironment.[0]Environment.[6]LightWithIdManager
[DEBUG @ 18:56:07 | Chroma] InterscopeEnvironment.[0]Environment.[7]BSRealtimeLightmapping
[DEBUG @ 18:56:07 | Chroma] InterscopeEnvironment.[0]Environment.[8]====== STATIC ======
[DEBUG @ 18:56:07 | Chroma] InterscopeEnvironment.[0]Environment.[9]LightmapLightsWithIds
[DEBUG @ 18:56:07 | Chroma] InterscopeEnvironment.[0]Environment.[9]LightmapLightsWithIds.[0]1
[DEBUG @ 18:56:07 | Chroma] InterscopeEnvironment.[0]Environment.[9]LightmapLightsWithIds.[1]2
[DEBUG @ 18:56:07 | Chroma] InterscopeEnvironment.[0]Environment.[9]LightmapLightsWithIds.[2]3
[DEBUG @ 18:56:07 | Chroma] InterscopeEnvironment.[0]Environment.[9]LightmapLightsWithIds.[3]4
[DEBUG @ 18:56:07 | Chroma] InterscopeEnvironment.[0]Environment.[9]LightmapLightsWithIds.[4]5