[DEBUG @ 18:50:07 | Chroma] KDAEnvironment.[0]Environment
[DEBUG @ 18:50:07 | Chroma] KDAEnvironment.[0]Environment.[0]DecoratorContext
[DEBUG @ 18:50:07 | Chroma] KDAEnvironment.[0]Environment.[1]====== STATIC ======
[DEBUG @ 18:50:07 | Chroma] KDAEnvironment.[0]Environment.[10]DustPS
[DEBUG @ 18:50:07 | Chroma] KDAEnvironment.[0]Environment.[100]GlowLine (32)
[DEBUG @ 18:50:07 | Chroma] KDAEnvironment.[0]Environment.[100]GlowLine (32).[0]BakedBloom
[DEBUG @ 18:50:07 | Chroma] KDAEnvironment.[0]Environment.[100]GlowLine (32).[1]BoxLight
[DEBUG @ 18:50:07 | Chroma] KDAEnvironment.[0]Environment.[101]GlowLine (30)
[DEBUG @ 18:50:07 | Chroma] KDAEnvironment.[0]Environment.[101]GlowLine (30).[0]BakedBloom
[DEBUG @ 18:50:07 | Chroma] KDAEnvironment.[0]Environment.[101]GlowLine (30).[1]BoxLight
[DEBUG @ 18:50:07 | Chroma] KDAEnvironment.[0]Environment.[102]GlowLine (57)
[DEBUG @ 18:50:07 | Chroma] KDAEnvironment.[0]Environment.[102]GlowLine (57).[0]BakedBloom
[DEBUG @ 18:50:07 | Chroma] KDAEnvironment.[0]Environment.[102]GlowLine (57).[1]BoxLight
[DEBUG @ 18:50:07 | Chroma] KDAEnvironment.[0]Environment.[103]GlowLine (38)
[DEBUG @ 18:50:07 | Chroma] KDAEnvironment.[0]Environment.[103]GlowLine (38).[0]BakedBloom
[DEBUG @ 18:50:07 | Chroma] KDAEnvironment.[0]Environment.[103]GlowLine (38).[1]BoxLight
[DEBUG @ 18:50:07 | Chroma] KDAEnvironment.[0]Environment.[104]GlowLine (20)
[DEBUG @ 18:50:07 | Chroma] KDAEnvironment.[0]Environment.[104]GlowLine (20).[0]BakedBloom
[DEBUG @ 18:50:07 | Chroma] KDAEnvironment.[0]Environment.[104]GlowLine (20).[1]BoxLight
[DEBUG @ 18:50:07 | Chroma] KDAEnvironment.[0]Environment.[105]GlowLine
[DEBUG @ 18:50:07 | Chroma] KDAEnvironment.[0]Environment.[105]GlowLine.[0]BakedBloom
[DEBUG @ 18:50:07 | Chroma] KDAEnvironment.[0]Environment.[105]GlowLine.[1]BoxLight
[DEBUG @ 18:50:07 | Chroma] KDAEnvironment.[0]Environment.[106]GlowLine (56)
[DEBUG @ 18:50:07 | Chroma] KDAEnvironment.[0]Environment.[106]GlowLine (56).[0]BakedBloom
[DEBUG @ 18:50:07 | Chroma] KDAEnvironment.[0]Environment.[106]GlowLine (56).[1]BoxLight
[DEBUG @ 18:50:07 | Chroma] KDAEnvironment.[0]Environment.[107]RotatingLasersPair
[DEBUG @ 18:50:07 | Chroma] KDAEnvironment.[0]Environment.[107]RotatingLasersPair.[0]BaseL
[DEBUG @ 18:50:07 | Chroma] KDAEnvironment.[0]Environment.[107]RotatingLasersPair.[0]BaseL.[0]Laser
[DEBUG @ 18:50:07 | Chroma] KDAEnvironment.[0]Environment.[107]RotatingLasersPair.[0]BaseL.[0]Laser.[0]BakedBloom
[DEBUG @ 18:50:07 | Chroma] KDAEnvironment.[0]Environment.[107]RotatingLasersPair.[0]BaseL.[0]Laser.[1]BoxLight
[DEBUG @ 18:50:07 | Chroma] KDAEnvironment.[0]Environment.[107]RotatingLasersPair.[1]BaseR
[DEBUG @ 18:50:07 | Chroma] KDAEnvironment.[0]Environment.[107]RotatingLasersPair.[1]BaseR.[0]Laser
[DEBUG @ 18:50:07 | Chroma] KDAEnvironment.[0]Environment.[107]RotatingLasersPair.[1]BaseR.[0]Laser.[0]BakedBloom
[DEBUG @ 18:50:07 | Chroma] KDAEnvironment.[0]Environment.[107]RotatingLasersPair.[1]BaseR.[0]Laser.[1]BoxLight
[DEBUG @ 18:50:07 | Chroma] KDAEnvironment.[0]Environment.[108]RotatingLasersPair (1)
[DEBUG @ 18:50:07 | Chroma] KDAEnvironment.[0]Environment.[108]RotatingLasersPair (1).[0]BaseL
[DEBUG @ 18:50:07 | Chroma] KDAEnvironment.[0]Environment.[108]RotatingLasersPair (1).[0]BaseL.[0]Laser
[DEBUG @ 18:50:07 | Chroma] KDAEnvironment.[0]Environment.[108]RotatingLasersPair (1).[0]BaseL.[0]Laser.[0]BakedBloom
[DEBUG @ 18:50:07 | Chroma] KDAEnvironment.[0]Environment.[108]RotatingLasersPair (1).[0]BaseL.[0]Laser.[1]BoxLight
[DEBUG @ 18:50:07 | Chroma] KDAEnvironment.[0]Environment.[108]RotatingLasersPair (1).[1]BaseR
[DEBUG @ 18:50:07 | Chroma] KDAEnvironment.[0]Environment.[108]RotatingLasersPair (1).[1]BaseR.[0]Laser
[DEBUG @ 18:50:07 | Chroma] KDAEnvironment.[0]Environment.[108]RotatingLasersPair (1).[1]BaseR.[0]Laser.[0]BakedBloom
[DEBUG @ 18:50:07 | Chroma] KDAEnvironment.[0]Environment.[108]RotatingLasersPair (1).[1]BaseR.[0]Laser.[1]BoxLight
[DEBUG @ 18:50:07 | Chroma] KDAEnvironment.[0]Environment.[109]RotatingLasersPair (2)
[DEBUG @ 18:50:07 | Chroma] KDAEnvironment.[0]Environment.[109]RotatingLasersPair (2).[0]BaseL
[DEBUG @ 18:50:07 | Chroma] KDAEnvironment.[0]Environment.[109]RotatingLasersPair (2).[0]BaseL.[0]Laser
[DEBUG @ 18:50:07 | Chroma] KDAEnvironment.[0]Environment.[109]RotatingLasersPair (2).[0]BaseL.[0]Laser.[0]BakedBloom
[DEBUG @ 18:50:07 | Chroma] KDAEnvironment.[0]Environment.[109]RotatingLasersPair (2).[0]BaseL.[0]Laser.[1]BoxLight
[DEBUG @ 18:50:07 | Chroma] KDAEnvironment.[0]Environment.[109]RotatingLasersPair (2).[1]BaseR
[DEBUG @ 18:50:07 | Chroma] KDAEnvironment.[0]Environment.[109]RotatingLasersPair (2).[1]BaseR.[0]Laser
[DEBUG @ 18:50:07 | Chroma] KDAEnvironment.[0]Environment.[109]RotatingLasersPair (2).[1]BaseR.[0]Laser.[0]BakedBloom
[DEBUG @ 18:50:07 | Chroma] KDAEnvironment.[0]Environment.[109]RotatingLasersPair (2).[1]BaseR.[0]Laser.[1]BoxLight
[DEBUG @ 18:50:07 | Chroma] KDAEnvironment.[0]Environment.[11]====== LIGHTS ======
[DEBUG @ 18:50:07 | Chroma] KDAEnvironment.[0]Environment.[110]RotatingLasersPair (3)
[DEBUG @ 18:50:07 | Chroma] KDAEnvironment.[0]Environment.[110]RotatingLasersPair (3).[0]BaseL
[DEBUG @ 18:50:07 | Chroma] KDAEnvironment.[0]Environment.[110]RotatingLasersPair (3).[0]BaseL.[0]Laser
[DEBUG @ 18:50:07 | Chroma] KDAEnvironment.[0]Environment.[110]RotatingLasersPair (3).[0]BaseL.[0]Laser.[0]BakedBloom
[DEBUG @ 18:50:07 | Chroma] KDAEnvironment.[0]Environment.[110]RotatingLasersPair (3).[0]BaseL.[0]Laser.[1]BoxLight
[DEBUG @ 18:50:07 | Chroma] KDAEnvironment.[0]Environment.[110]RotatingLasersPair (3).[1]BaseR
[DEBUG @ 18:50:07 | Chroma] KDAEnvironment.[0]Environment.[110]RotatingLasersPair (3).[1]BaseR.[0]Laser
[DEBUG @ 18:50:07 | Chroma] KDAEnvironment.[0]Environment.[110]RotatingLasersPair (3).[1]BaseR.[0]Laser.[0]BakedBloom
[DEBUG @ 18:50:07 | Chroma] KDAEnvironment.[0]Environment.[110]RotatingLasersPair (3).[1]BaseR.[0]Laser.[1]BoxLight
[DEBUG @ 18:50:07 | Chroma] KDAEnvironment.[0]Environment.[111]RotatingLasersPair (4)
[DEBUG @ 18:50:07 | Chroma] KDAEnvironment.[0]Environment.[111]RotatingLasersPair (4).[0]BaseL
[DEBUG @ 18:50:07 | Chroma] KDAEnvironment.[0]Environment.[111]RotatingLasersPair (4).[0]BaseL.[0]Laser
[DEBUG @ 18:50:07 | Chroma] KDAEnvironment.[0]Environment.[111]RotatingLasersPair (4).[0]BaseL.[0]Laser.[0]BakedBloom
[DEBUG @ 18:50:07 | Chroma] KDAEnvironment.[0]Environment.[111]RotatingLasersPair (4).[0]BaseL.[0]Laser.[1]BoxLight
[DEBUG @ 18:50:07 | Chroma] KDAEnvironment.[0]Environment.[111]RotatingLasersPair (4).[1]BaseR
[DEBUG @ 18:50:07 | Chroma] KDAEnvironment.[0]Environment.[111]RotatingLasersPair (4).[1]BaseR.[0]Laser
[DEBUG @ 18:50:07 | Chroma] KDAEnvironment.[0]Environment.[111]RotatingLasersPair (4).[1]BaseR.[0]Laser.[0]BakedBloom
[DEBUG @ 18:50:07 | Chroma] KDAEnvironment.[0]Environment.[111]RotatingLasersPair (4).[1]BaseR.[0]Laser.[1]BoxLight
[DEBUG @ 18:50:07 | Chroma] KDAEnvironment.[0]Environment.[112]RotatingLasersPair (5)
[DEBUG @ 18:50:07 | Chroma] KDAEnvironment.[0]Environment.[112]RotatingLasersPair (5).[0]BaseL
[DEBUG @ 18:50:07 | Chroma] KDAEnvironment.[0]Environment.[112]RotatingLasersPair (5).[0]BaseL.[0]Laser
[DEBUG @ 18:50:07 | Chroma] KDAEnvironment.[0]Environment.[112]RotatingLasersPair (5).[0]BaseL.[0]Laser.[0]BakedBloom
[DEBUG @ 18:50:07 | Chroma] KDAEnvironment.[0]Environment.[112]RotatingLasersPair (5).[0]BaseL.[0]Laser.[1]BoxLight
[DEBUG @ 18:50:07 | Chroma] KDAEnvironment.[0]Environment.[112]RotatingLasersPair (5).[1]BaseR
[DEBUG @ 18:50:07 | Chroma] KDAEnvironment.[0]Environment.[112]RotatingLasersPair (5).[1]BaseR.[0]Laser
[DEBUG @ 18:50:07 | Chroma] KDAEnvironment.[0]Environment.[112]RotatingLasersPair (5).[1]BaseR.[0]Laser.[0]BakedBloom
[DEBUG @ 18:50:07 | Chroma] KDAEnvironment.[0]Environment.[112]RotatingLasersPair (5).[1]BaseR.[0]Laser.[1]BoxLight
[DEBUG @ 18:50:07 | Chroma] KDAEnvironment.[0]Environment.[113]RotatingLasersPair (6)
[DEBUG @ 18:50:07 | Chroma] KDAEnvironment.[0]Environment.[113]RotatingLasersPair (6).[0]BaseL
[DEBUG @ 18:50:07 | Chroma] KDAEnvironment.[0]Environment.[113]RotatingLasersPair (6).[0]BaseL.[0]Laser
[DEBUG @ 18:50:07 | Chroma] KDAEnvironment.[0]Environment.[113]RotatingLasersPair (6).[0]BaseL.[0]Laser.[0]BakedBloom
[DEBUG @ 18:50:07 | Chroma] KDAEnvironment.[0]Environment.[113]RotatingLasersPair (6).[0]BaseL.[0]Laser.[1]BoxLight
[DEBUG @ 18:50:07 | Chroma] KDAEnvironment.[0]Environment.[113]RotatingLasersPair (6).[1]BaseR
[DEBUG @ 18:50:07 | Chroma] KDAEnvironment.[0]Environment.[113]RotatingLasersPair (6).[1]BaseR.[0]Laser
[DEBUG @ 18:50:07 | Chroma] KDAEnvironment.[0]Environment.[113]RotatingLasersPair (6).[1]BaseR.[0]Laser.[0]BakedBloom
[DEBUG @ 18:50:07 | Chroma] KDAEnvironment.[0]Environment.[113]RotatingLasersPair (6).[1]BaseR.[0]Laser.[1]BoxLight
[DEBUG @ 18:50:07 | Chroma] KDAEnvironment.[0]Environment.[114]BakedReflectionProbe
[DEBUG @ 18:50:07 | Chroma] KDAEnvironment.[0]Environment.[115]BSBakedLightingLightWithIds
[DEBUG @ 18:50:07 | Chroma] KDAEnvironment.[0]Environment.[116]FakeMirrorSettings
[DEBUG @ 18:50:07 | Chroma] KDAEnvironment.[0]Environment.[117]BakedReflectionProbeInstaller
[DEBUG @ 18:50:07 | Chroma] KDAEnvironment.[0]Environment.[12]LightWithIdManager
[DEBUG @ 18:50:07 | Chroma] KDAEnvironment.[0]Environment.[13]LightEffects
[DEBUG @ 18:50:07 | Chroma] KDAEnvironment.[0]Environment.[14]CoreLighting
[DEBUG @ 18:50:07 | Chroma] KDAEnvironment.[0]Environment.[14]CoreLighting.[0]LightManager
[DEBUG @ 18:50:07 | Chroma] KDAEnvironment.[0]Environment.[14]CoreLighting.[1]DirectionalLight
[DEBUG @ 18:50:07 | Chroma] KDAEnvironment.[0]Environment.[14]CoreLighting.[2]DirectionalLight
[DEBUG @ 18:50:07 | Chroma] KDAEnvironment.[0]Environment.[14]CoreLighting.[3]DirectionalLight
[DEBUG @ 18:50:07 | Chroma] KDAEnvironment.[0]Environment.[14]CoreLighting.[4]DirectionalLight
[DEBUG @ 18:50:07 | Chroma] KDAEnvironment.[0]Environment.[14]CoreLighting.[5]DirectionalLight
[DEBUG @ 18:50:07 | Chroma] KDAEnvironment.[0]Environment.[15]FrontLights
[DEBUG @ 18:50:07 | Chroma] KDAEnvironment.[0]Environment.[15]FrontLights.[0]NeonTube
[DEBUG @ 18:50:07 | Chroma] KDAEnvironment.[0]Environment.[15]FrontLights.[0]NeonTube.[0]BakedBloom
[DEBUG @ 18:50:07 | Chroma] KDAEnvironment.[0]Environment.[15]FrontLights.[0]NeonTube.[1]BoxLight
[DEBUG @ 18:50:07 | Chroma] KDAEnvironment.[0]Environment.[15]FrontLights.[1]NeonTube (1)
[DEBUG @ 18:50:07 | Chroma] KDAEnvironment.[0]Environment.[15]FrontLights.[1]NeonTube (1).[0]BakedBloom
[DEBUG @ 18:50:07 | Chroma] KDAEnvironment.[0]Environment.[15]FrontLights.[1]NeonTube (1).[1]BoxLight
[DEBUG @ 18:50:07 | Chroma] KDAEnvironment.[0]Environment.[16]GlowLineLVisible
[DEBUG @ 18:50:07 | Chroma] KDAEnvironment.[0]Environment.[16]GlowLineLVisible.[0]BakedBloom
[DEBUG @ 18:50:07 | Chroma] KDAEnvironment.[0]Environment.[16]GlowLineLVisible.[1]BoxLight
[DEBUG @ 18:50:07 | Chroma] KDAEnvironment.[0]Environment.[17]GlowLineRVisible
[DEBUG @ 18:50:07 | Chroma] KDAEnvironment.[0]Environment.[17]GlowLineRVisible.[0]BakedBloom
[DEBUG @ 18:50:07 | Chroma] KDAEnvironment.[0]Environment.[17]GlowLineRVisible.[1]BoxLight
[DEBUG @ 18:50:07 | Chroma] KDAEnvironment.[0]Environment.[18]GlowTopLine
[DEBUG @ 18:50:07 | Chroma] KDAEnvironment.[0]Environment.[18]GlowTopLine.[0]BakedBloom
[DEBUG @ 18:50:07 | Chroma] KDAEnvironment.[0]Environment.[18]GlowTopLine.[1]BoxLight
[DEBUG @ 18:50:07 | Chroma] KDAEnvironment.[0]Environment.[19]GlowTopLine (1)
[DEBUG @ 18:50:07 | Chroma] KDAEnvironment.[0]Environment.[19]GlowTopLine (1).[0]BakedBloom
[DEBUG @ 18:50:07 | Chroma] KDAEnvironment.[0]Environment.[19]GlowTopLine (1).[1]BoxLight
[DEBUG @ 18:50:07 | Chroma] KDAEnvironment.[0]Environment.[2]TentacleLeft
[DEBUG @ 18:50:07 | Chroma] KDAEnvironment.[0]Environment.[2]TentacleLeft.[0]Crystal
[DEBUG @ 18:50:07 | Chroma] KDAEnvironment.[0]Environment.[2]TentacleLeft.[0]Crystal.[0]Glow
[DEBUG @ 18:50:07 | Chroma] KDAEnvironment.[0]Environment.[2]TentacleLeft.[1]Spear
[DEBUG @ 18:50:07 | Chroma] KDAEnvironment.[0]Environment.[2]TentacleLeft.[2]Trail
[DEBUG @ 18:50:07 | Chroma] KDAEnvironment.[0]Environment.[20]GlowTopLine (2)
[DEBUG @ 18:50:07 | Chroma] KDAEnvironment.[0]Environment.[20]GlowTopLine (2).[0]BakedBloom
[DEBUG @ 18:50:07 | Chroma] KDAEnvironment.[0]Environment.[20]GlowTopLine (2).[1]BoxLight
[DEBUG @ 18:50:07 | Chroma] KDAEnvironment.[0]Environment.[21]GlowTopLine (3)
[DEBUG @ 18:50:07 | Chroma] KDAEnvironment.[0]Environment.[21]GlowTopLine (3).[0]BakedBloom
[DEBUG @ 18:50:07 | Chroma] KDAEnvironment.[0]Environment.[21]GlowTopLine (3).[1]BoxLight
[DEBUG @ 18:50:07 | Chroma] KDAEnvironment.[0]Environment.[22]GlowTopLine (4)
[DEBUG @ 18:50:07 | Chroma] KDAEnvironment.[0]Environment.[22]GlowTopLine (4).[0]BakedBloom
[DEBUG @ 18:50:07 | Chroma] KDAEnvironment.[0]Environment.[22]GlowTopLine (4).[1]BoxLight
[DEBUG @ 18:50:07 | Chroma] KDAEnvironment.[0]Environment.[23]GlowLineFarL
[DEBUG @ 18:50:07 | Chroma] KDAEnvironment.[0]Environment.[24]GlowLineFarR
[DEBUG @ 18:50:07 | Chroma] KDAEnvironment.[0]Environment.[25]Laser (2)
[DEBUG @ 18:50:07 | Chroma] KDAEnvironment.[0]Environment.[25]Laser (2).[0]BakedBloom
[DEBUG @ 18:50:07 | Chroma] KDAEnvironment.[0]Environment.[25]Laser (2).[1]BoxLight
[DEBUG @ 18:50:07 | Chroma] KDAEnvironment.[0]Environment.[26]Laser (3)
[DEBUG @ 18:50:07 | Chroma] KDAEnvironment.[0]Environment.[26]Laser (3).[0]BakedBloom
[DEBUG @ 18:50:07 | Chroma] KDAEnvironment.[0]Environment.[26]Laser (3).[1]BoxLight
[DEBUG @ 18:50:07 | Chroma] KDAEnvironment.[0]Environment.[27]Laser (4)
[DEBUG @ 18:50:07 | Chroma] KDAEnvironment.[0]Environment.[27]Laser (4).[0]BakedBloom
[DEBUG @ 18:50:07 | Chroma] KDAEnvironment.[0]Environment.[27]Laser (4).[1]BoxLight
[DEBUG @ 18:50:07 | Chroma] KDAEnvironment.[0]Environment.[28]Laser (7)
[DEBUG @ 18:50:07 | Chroma] KDAEnvironment.[0]Environment.[28]Laser (7).[0]BakedBloom
[DEBUG @ 18:50:07 | Chroma] KDAEnvironment.[0]Environment.[28]Laser (7).[1]BoxLight
[DEBUG @ 18:50:07 | Chroma] KDAEnvironment.[0]Environment.[29]Laser (8)
[DEBUG @ 18:50:07 | Chroma] KDAEnvironment.[0]Environment.[29]Laser (8).[0]BakedBloom
[DEBUG @ 18:50:07 | Chroma] KDAEnvironment.[0]Environment.[29]Laser (8).[1]BoxLight
[DEBUG @ 18:50:07 | Chroma] KDAEnvironment.[0]Environment.[3]TentacleRight
[DEBUG @ 18:50:07 | Chroma] KDAEnvironment.[0]Environment.[3]TentacleRight.[0]Crystal
[DEBUG @ 18:50:07 | Chroma] KDAEnvironment.[0]Environment.[3]TentacleRight.[0]Crystal.[0]Glow
[DEBUG @ 18:50:07 | Chroma] KDAEnvironment.[0]Environment.[3]TentacleRight.[1]Spear
[DEBUG @ 18:50:07 | Chroma] KDAEnvironment.[0]Environment.[3]TentacleRight.[2]Trail
[DEBUG @ 18:50:07 | Chroma] KDAEnvironment.[0]Environment.[30]Laser (9)
[DEBUG @ 18:50:07 | Chroma] KDAEnvironment.[0]Environment.[30]Laser (9).[0]BakedBloom
[DEBUG @ 18:50:07 | Chroma] KDAEnvironment.[0]Environment.[30]Laser (9).[1]BoxLight
[DEBUG @ 18:50:07 | Chroma] KDAEnvironment.[0]Environment.[31]GlowLine (2)
[DEBUG @ 18:50:07 | Chroma] KDAEnvironment.[0]Environment.[31]GlowLine (2).[0]BakedBloom
[DEBUG @ 18:50:07 | Chroma] KDAEnvironment.[0]Environment.[31]GlowLine (2).[1]BoxLight
[DEBUG @ 18:50:07 | Chroma] KDAEnvironment.[0]Environment.[32]GlowLine (34)
[DEBUG @ 18:50:07 | Chroma] KDAEnvironment.[0]Environment.[32]GlowLine (34).[0]BakedBloom
[DEBUG @ 18:50:07 | Chroma] KDAEnvironment.[0]Environment.[32]GlowLine (34).[1]BoxLight
[DEBUG @ 18:50:07 | Chroma] KDAEnvironment.[0]Environment.[33]GlowLine (36)
[DEBUG @ 18:50:07 | Chroma] KDAEnvironment.[0]Environment.[33]GlowLine (36).[0]BakedBloom
[DEBUG @ 18:50:07 | Chroma] KDAEnvironment.[0]Environment.[33]GlowLine (36).[1]BoxLight
[DEBUG @ 18:50:07 | Chroma] KDAEnvironment.[0]Environment.[34]GlowLine (48)
[DEBUG @ 18:50:07 | Chroma] KDAEnvironment.[0]Environment.[34]GlowLine (48).[0]BakedBloom
[DEBUG @ 18:50:07 | Chroma] KDAEnvironment.[0]Environment.[34]GlowLine (48).[1]BoxLight
[DEBUG @ 18:50:07 | Chroma] KDAEnvironment.[0]Environment.[35]GlowLine (68)
[DEBUG @ 18:50:07 | Chroma] KDAEnvironment.[0]Environment.[35]GlowLine (68).[0]BakedBloom
[DEBUG @ 18:50:07 | Chroma] KDAEnvironment.[0]Environment.[35]GlowLine (68).[1]BoxLight
[DEBUG @ 18:50:07 | Chroma] KDAEnvironment.[0]Environment.[36]GlowLine (27)
[DEBUG @ 18:50:07 | Chroma] KDAEnvironment.[0]Environment.[36]GlowLine (27).[0]BakedBloom
[DEBUG @ 18:50:07 | Chroma] KDAEnvironment.[0]Environment.[36]GlowLine (27).[1]BoxLight
[DEBUG @ 18:50:07 | Chroma] KDAEnvironment.[0]Environment.[37]GlowLine (53)
[DEBUG @ 18:50:07 | Chroma] KDAEnvironment.[0]Environment.[37]GlowLine (53).[0]BakedBloom
[DEBUG @ 18:50:07 | Chroma] KDAEnvironment.[0]Environment.[37]GlowLine (53).[1]BoxLight
[DEBUG @ 18:50:07 | Chroma] KDAEnvironment.[0]Environment.[38]GlowLine (62)
[DEBUG @ 18:50:07 | Chroma] KDAEnvironment.[0]Environment.[38]GlowLine (62).[0]BakedBloom
[DEBUG @ 18:50:07 | Chroma] KDAEnvironment.[0]Environment.[38]GlowLine (62).[1]BoxLight
[DEBUG @ 18:50:07 | Chroma] KDAEnvironment.[0]Environment.[39]GlowLine (65)
[DEBUG @ 18:50:07 | Chroma] KDAEnvironment.[0]Environment.[39]GlowLine (65).[0]BakedBloom
[DEBUG @ 18:50:07 | Chroma] KDAEnvironment.[0]Environment.[39]GlowLine (65).[1]BoxLight
[DEBUG @ 18:50:07 | Chroma] KDAEnvironment.[0]Environment.[4]Construction
[DEBUG @ 18:50:07 | Chroma] KDAEnvironment.[0]Environment.[40]GlowLine (71)
[DEBUG @ 18:50:07 | Chroma] KDAEnvironment.[0]Environment.[40]GlowLine (71).[0]BakedBloom
[DEBUG @ 18:50:07 | Chroma] KDAEnvironment.[0]Environment.[40]GlowLine (71).[1]BoxLight
[DEBUG @ 18:50:07 | Chroma] KDAEnvironment.[0]Environment.[41]GlowLine (72)
[DEBUG @ 18:50:07 | Chroma] KDAEnvironment.[0]Environment.[41]GlowLine (72).[0]BakedBloom
[DEBUG @ 18:50:07 | Chroma] KDAEnvironment.[0]Environment.[41]GlowLine (72).[1]BoxLight
[DEBUG @ 18:50:07 | Chroma] KDAEnvironment.[0]Environment.[42]GlowLine (42)
[DEBUG @ 18:50:07 | Chroma] KDAEnvironment.[0]Environment.[42]GlowLine (42).[0]BakedBloom
[DEBUG @ 18:50:07 | Chroma] KDAEnvironment.[0]Environment.[42]GlowLine (42).[1]BoxLight
[DEBUG @ 18:50:07 | Chroma] KDAEnvironment.[0]Environment.[43]GlowLine (51)
[DEBUG @ 18:50:07 | Chroma] KDAEnvironment.[0]Environment.[43]GlowLine (51).[0]BakedBloom
[DEBUG @ 18:50:07 | Chroma] KDAEnvironment.[0]Environment.[43]GlowLine (51).[1]BoxLight
[DEBUG @ 18:50:07 | Chroma] KDAEnvironment.[0]Environment.[44]GlowLine (8)
[DEBUG @ 18:50:07 | Chroma] KDAEnvironment.[0]Environment.[44]GlowLine (8).[0]BakedBloom
[DEBUG @ 18:50:07 | Chroma] KDAEnvironment.[0]Environment.[44]GlowLine (8).[1]BoxLight
[DEBUG @ 18:50:07 | Chroma] KDAEnvironment.[0]Environment.[45]GlowLine (24)
[DEBUG @ 18:50:07 | Chroma] KDAEnvironment.[0]Environment.[45]GlowLine (24).[0]BakedBloom
[DEBUG @ 18:50:07 | Chroma] KDAEnvironment.[0]Environment.[45]GlowLine (24).[1]BoxLight
[DEBUG @ 18:50:07 | Chroma] KDAEnvironment.[0]Environment.[46]GlowLine (10)
[DEBUG @ 18:50:07 | Chroma] KDAEnvironment.[0]Environment.[46]GlowLine (10).[0]BakedBloom
[DEBUG @ 18:50:07 | Chroma] KDAEnvironment.[0]Environment.[46]GlowLine (10).[1]BoxLight
[DEBUG @ 18:50:07 | Chroma] KDAEnvironment.[0]Environment.[47]GlowLine (60)
[DEBUG @ 18:50:07 | Chroma] KDAEnvironment.[0]Environment.[47]GlowLine (60).[0]BakedBloom
[DEBUG @ 18:50:07 | Chroma] KDAEnvironment.[0]Environment.[47]GlowLine (60).[1]BoxLight
[DEBUG @ 18:50:07 | Chroma] KDAEnvironment.[0]Environment.[48]GlowLine (76)
[DEBUG @ 18:50:07 | Chroma] KDAEnvironment.[0]Environment.[48]GlowLine (76).[0]BakedBloom
[DEBUG @ 18:50:07 | Chroma] KDAEnvironment.[0]Environment.[48]GlowLine (76).[1]BoxLight
[DEBUG @ 18:50:07 | Chroma] KDAEnvironment.[0]Environment.[49]GlowLine (50)
[DEBUG @ 18:50:07 | Chroma] KDAEnvironment.[0]Environment.[49]GlowLine (50).[0]BakedBloom
[DEBUG @ 18:50:07 | Chroma] KDAEnvironment.[0]Environment.[49]GlowLine (50).[1]BoxLight
[DEBUG @ 18:50:07 | Chroma] KDAEnvironment.[0]Environment.[5]FloorMirror
[DEBUG @ 18:50:07 | Chroma] KDAEnvironment.[0]Environment.[5]FloorMirror.[0]FloorMirrorSetDepth
[DEBUG @ 18:50:07 | Chroma] KDAEnvironment.[0]Environment.[50]GlowLine (21)
[DEBUG @ 18:50:07 | Chroma] KDAEnvironment.[0]Environment.[50]GlowLine (21).[0]BakedBloom
[DEBUG @ 18:50:07 | Chroma] KDAEnvironment.[0]Environment.[50]GlowLine (21).[1]BoxLight
[DEBUG @ 18:50:07 | Chroma] KDAEnvironment.[0]Environment.[51]GlowLine (58)
[DEBUG @ 18:50:07 | Chroma] KDAEnvironment.[0]Environment.[51]GlowLine (58).[0]BakedBloom
[DEBUG @ 18:50:07 | Chroma] KDAEnvironment.[0]Environment.[51]GlowLine (58).[1]BoxLight
[DEBUG @ 18:50:07 | Chroma] KDAEnvironment.[0]Environment.[52]GlowLine (66)
[DEBUG @ 18:50:07 | Chroma] KDAEnvironment.[0]Environment.[52]GlowLine (66).[0]BakedBloom
[DEBUG @ 18:50:07 | Chroma] KDAEnvironment.[0]Environment.[52]GlowLine (66).[1]BoxLight
[DEBUG @ 18:50:07 | Chroma] KDAEnvironment.[0]Environment.[53]GlowLine (9)
[DEBUG @ 18:50:07 | Chroma] KDAEnvironment.[0]Environment.[53]GlowLine (9).[0]BakedBloom
[DEBUG @ 18:50:07 | Chroma] KDAEnvironment.[0]Environment.[53]GlowLine (9).[1]BoxLight
[DEBUG @ 18:50:07 | Chroma] KDAEnvironment.[0]Environment.[54]GlowLine (7)
[DEBUG @ 18:50:07 | Chroma] KDAEnvironment.[0]Environment.[54]GlowLine (7).[0]BakedBloom
[DEBUG @ 18:50:07 | Chroma] KDAEnvironment.[0]Environment.[54]GlowLine (7).[1]BoxLight
[DEBUG @ 18:50:07 | Chroma] KDAEnvironment.[0]Environment.[55]GlowLine (29)
[DEBUG @ 18:50:07 | Chroma] KDAEnvironment.[0]Environment.[55]GlowLine (29).[0]BakedBloom
[DEBUG @ 18:50:07 | Chroma] KDAEnvironment.[0]Environment.[55]GlowLine (29).[1]BoxLight
[DEBUG @ 18:50:07 | Chroma] KDAEnvironment.[0]Environment.[56]GlowLine (5)
[DEBUG @ 18:50:07 | Chroma] KDAEnvironment.[0]Environment.[56]GlowLine (5).[0]BakedBloom
[DEBUG @ 18:50:07 | Chroma] KDAEnvironment.[0]Environment.[56]GlowLine (5).[1]BoxLight
[DEBUG @ 18:50:07 | Chroma] KDAEnvironment.[0]Environment.[57]GlowLine (44)
[DEBUG @ 18:50:07 | Chroma] KDAEnvironment.[0]Environment.[57]GlowLine (44).[0]BakedBloom
[DEBUG @ 18:50:07 | Chroma] KDAEnvironment.[0]Environment.[57]GlowLine (44).[1]BoxLight
[DEBUG @ 18:50:07 | Chroma] KDAEnvironment.[0]Environment.[58]GlowLine (33)
[DEBUG @ 18:50:07 | Chroma] KDAEnvironment.[0]Environment.[58]GlowLine (33).[0]BakedBloom
[DEBUG @ 18:50:07 | Chroma] KDAEnvironment.[0]Environment.[58]GlowLine (33).[1]BoxLight
[DEBUG @ 18:50:07 | Chroma] KDAEnvironment.[0]Environment.[59]GlowLine (55)
[DEBUG @ 18:50:07 | Chroma] KDAEnvironment.[0]Environment.[59]GlowLine (55).[0]BakedBloom
[DEBUG @ 18:50:07 | Chroma] KDAEnvironment.[0]Environment.[59]GlowLine (55).[1]BoxLight
[DEBUG @ 18:50:07 | Chroma] KDAEnvironment.[0]Environment.[6]PlayersPlace
[DEBUG @ 18:50:07 | Chroma] KDAEnvironment.[0]Environment.[6]PlayersPlace.[0]Mirror
[DEBUG @ 18:50:07 | Chroma] KDAEnvironment.[0]Environment.[6]PlayersPlace.[1]Feet
[DEBUG @ 18:50:07 | Chroma] KDAEnvironment.[0]Environment.[6]PlayersPlace.[2]Construction
[DEBUG @ 18:50:07 | Chroma] KDAEnvironment.[0]Environment.[6]PlayersPlace.[3]RectangleFakeGlow
[DEBUG @ 18:50:07 | Chroma] KDAEnvironment.[0]Environment.[6]PlayersPlace.[4]Frame
[DEBUG @ 18:50:07 | Chroma] KDAEnvironment.[0]Environment.[6]PlayersPlace.[5]SaberBurnMarksParticles
[DEBUG @ 18:50:07 | Chroma] KDAEnvironment.[0]Environment.[6]PlayersPlace.[5]SaberBurnMarksParticles.[0]SaberBurnMarkSparklePS
[DEBUG @ 18:50:07 | Chroma] KDAEnvironment.[0]Environment.[6]PlayersPlace.[6]SaberBurnMarksArea
[DEBUG @ 18:50:07 | Chroma] KDAEnvironment.[0]Environment.[6]PlayersPlace.[7]Collider
[DEBUG @ 18:50:07 | Chroma] KDAEnvironment.[0]Environment.[60]GlowLine (16)
[DEBUG @ 18:50:07 | Chroma] KDAEnvironment.[0]Environment.[60]GlowLine (16).[0]BakedBloom
[DEBUG @ 18:50:07 | Chroma] KDAEnvironment.[0]Environment.[60]GlowLine (16).[1]BoxLight
[DEBUG @ 18:50:07 | Chroma] KDAEnvironment.[0]Environment.[61]GlowLine (3)
[DEBUG @ 18:50:07 | Chroma] KDAEnvironment.[0]Environment.[61]GlowLine (3).[0]BakedBloom
[DEBUG @ 18:50:07 | Chroma] KDAEnvironment.[0]Environment.[61]GlowLine (3).[1]BoxLight
[DEBUG @ 18:50:07 | Chroma] KDAEnvironment.[0]Environment.[62]GlowLine (47)
[DEBUG @ 18:50:07 | Chroma] KDAEnvironment.[0]Environment.[62]GlowLine (47).[0]BakedBloom
[DEBUG @ 18:50:07 | Chroma] KDAEnvironment.[0]Environment.[62]GlowLine (47).[1]BoxLight
[DEBUG @ 18:50:07 | Chroma] KDAEnvironment.[0]Environment.[63]GlowLine (35)
[DEBUG @ 18:50:07 | Chroma] KDAEnvironment.[0]Environment.[63]GlowLine (35).[0]BakedBloom
[DEBUG @ 18:50:07 | Chroma] KDAEnvironment.[0]Environment.[63]GlowLine (35).[1]BoxLight
[DEBUG @ 18:50:07 | Chroma] KDAEnvironment.[0]Environment.[64]GlowLine (46)
[DEBUG @ 18:50:07 | Chroma] KDAEnvironment.[0]Environment.[64]GlowLine (46).[0]BakedBloom
[DEBUG @ 18:50:07 | Chroma] KDAEnvironment.[0]Environment.[64]GlowLine (46).[1]BoxLight
[DEBUG @ 18:50:07 | Chroma] KDAEnvironment.[0]Environment.[65]GlowLine (59)
[DEBUG @ 18:50:07 | Chroma] KDAEnvironment.[0]Environment.[65]GlowLine (59).[0]BakedBloom
[DEBUG @ 18:50:07 | Chroma] KDAEnvironment.[0]Environment.[65]GlowLine (59).[1]BoxLight
[DEBUG @ 18:50:07 | Chroma] KDAEnvironment.[0]Environment.[66]GlowLine (64)
[DEBUG @ 18:50:07 | Chroma] KDAEnvironment.[0]Environment.[66]GlowLine (64).[0]BakedBloom
[DEBUG @ 18:50:07 | Chroma] KDAEnvironment.[0]Environment.[66]GlowLine (64).[1]BoxLight
[DEBUG @ 18:50:07 | Chroma] KDAEnvironment.[0]Environment.[67]GlowLine (39)
[DEBUG @ 18:50:07 | Chroma] KDAEnvironment.[0]Environment.[67]GlowLine (39).[0]BakedBloom
[DEBUG @ 18:50:07 | Chroma] KDAEnvironment.[0]Environment.[67]GlowLine (39).[1]BoxLight
[DEBUG @ 18:50:07 | Chroma] KDAEnvironment.[0]Environment.[68]GlowLine (73)
[DEBUG @ 18:50:07 | Chroma] KDAEnvironment.[0]Environment.[68]GlowLine (73).[0]BakedBloom
[DEBUG @ 18:50:07 | Chroma] KDAEnvironment.[0]Environment.[68]GlowLine (73).[1]BoxLight
[DEBUG @ 18:50:07 | Chroma] KDAEnvironment.[0]Environment.[69]GlowLine (54)
[DEBUG @ 18:50:07 | Chroma] KDAEnvironment.[0]Environment.[69]GlowLine (54).[0]BakedBloom
[DEBUG @ 18:50:07 | Chroma] KDAEnvironment.[0]Environment.[69]GlowLine (54).[1]BoxLight
[DEBUG @ 18:50:07 | Chroma] KDAEnvironment.[0]Environment.[7]====== DYNAMIC ======
[DEBUG @ 18:50:07 | Chroma] KDAEnvironment.[0]Environment.[70]GlowLine (25)
[DEBUG @ 18:50:07 | Chroma] KDAEnvironment.[0]Environment.[70]GlowLine (25).[0]BakedBloom
[DEBUG @ 18:50:07 | Chroma] KDAEnvironment.[0]Environment.[70]GlowLine (25).[1]BoxLight
[DEBUG @ 18:50:07 | Chroma] KDAEnvironment.[0]Environment.[71]GlowLine (15)
[DEBUG @ 18:50:07 | Chroma] KDAEnvironment.[0]Environment.[71]GlowLine (15).[0]BakedBloom
[DEBUG @ 18:50:07 | Chroma] KDAEnvironment.[0]Environment.[71]GlowLine (15).[1]BoxLight
[DEBUG @ 18:50:07 | Chroma] KDAEnvironment.[0]Environment.[72]GlowLine (14)
[DEBUG @ 18:50:07 | Chroma] KDAEnvironment.[0]Environment.[72]GlowLine (14).[0]BakedBloom
[DEBUG @ 18:50:07 | Chroma] KDAEnvironment.[0]Environment.[72]GlowLine (14).[1]BoxLight
[DEBUG @ 18:50:07 | Chroma] KDAEnvironment.[0]Environment.[73]GlowLine (23)
[DEBUG @ 18:50:07 | Chroma] KDAEnvironment.[0]Environment.[73]GlowLine (23).[0]BakedBloom
[DEBUG @ 18:50:07 | Chroma] KDAEnvironment.[0]Environment.[73]GlowLine (23).[1]BoxLight
[DEBUG @ 18:50:07 | Chroma] KDAEnvironment.[0]Environment.[74]GlowLine (49)
[DEBUG @ 18:50:07 | Chroma] KDAEnvironment.[0]Environment.[74]GlowLine (49).[0]BakedBloom
[DEBUG @ 18:50:07 | Chroma] KDAEnvironment.[0]Environment.[74]GlowLine (49).[1]BoxLight
[DEBUG @ 18:50:07 | Chroma] KDAEnvironment.[0]Environment.[75]GlowLine (19)
[DEBUG @ 18:50:07 | Chroma] KDAEnvironment.[0]Environment.[75]GlowLine (19).[0]BakedBloom
[DEBUG @ 18:50:07 | Chroma] KDAEnvironment.[0]Environment.[75]GlowLine (19).[1]BoxLight
[DEBUG @ 18:50:07 | Chroma] KDAEnvironment.[0]Environment.[76]GlowLine (63)
[DEBUG @ 18:50:07 | Chroma] KDAEnvironment.[0]Environment.[76]GlowLine (63).[0]BakedBloom
[DEBUG @ 18:50:07 | Chroma] KDAEnvironment.[0]Environment.[76]GlowLine (63).[1]BoxLight
[DEBUG @ 18:50:07 | Chroma] KDAEnvironment.[0]Environment.[77]GlowLine (41)
[DEBUG @ 18:50:07 | Chroma] KDAEnvironment.[0]Environment.[77]GlowLine (41).[0]BakedBloom
[DEBUG @ 18:50:07 | Chroma] KDAEnvironment.[0]Environment.[77]GlowLine (41).[1]BoxLight
[DEBUG @ 18:50:07 | Chroma] KDAEnvironment.[0]Environment.[78]GlowLine (67)
[DEBUG @ 18:50:07 | Chroma] KDAEnvironment.[0]Environment.[78]GlowLine (67).[0]BakedBloom
[DEBUG @ 18:50:07 | Chroma] KDAEnvironment.[0]Environment.[78]GlowLine (67).[1]BoxLight
[DEBUG @ 18:50:07 | Chroma] KDAEnvironment.[0]Environment.[79]GlowLine (37)
[DEBUG @ 18:50:07 | Chroma] KDAEnvironment.[0]Environment.[79]GlowLine (37).[0]BakedBloom
[DEBUG @ 18:50:07 | Chroma] KDAEnvironment.[0]Environment.[79]GlowLine (37).[1]BoxLight
[DEBUG @ 18:50:07 | Chroma] KDAEnvironment.[0]Environment.[8]BasicGameHUD
[DEBUG @ 18:50:07 | Chroma] KDAEnvironment.[0]Environment.[8]BasicGameHUD.[0]EnergyPanel
[DEBUG @ 18:50:07 | Chroma] KDAEnvironment.[0]Environment.[8]BasicGameHUD.[0]EnergyPanel.[0]BG
[DEBUG @ 18:50:07 | Chroma] KDAEnvironment.[0]Environment.[8]BasicGameHUD.[0]EnergyPanel.[1]BarBG
[DEBUG @ 18:50:07 | Chroma] KDAEnvironment.[0]Environment.[8]BasicGameHUD.[0]EnergyPanel.[2]EnergyIconEmpty
[DEBUG @ 18:50:07 | Chroma] KDAEnvironment.[0]Environment.[8]BasicGameHUD.[0]EnergyPanel.[3]EnergyIconFull
[DEBUG @ 18:50:07 | Chroma] KDAEnvironment.[0]Environment.[8]BasicGameHUD.[0]EnergyPanel.[4]EnergyBarWrapper
[DEBUG @ 18:50:07 | Chroma] KDAEnvironment.[0]Environment.[8]BasicGameHUD.[0]EnergyPanel.[4]EnergyBarWrapper.[0]EnergyBar
[DEBUG @ 18:50:07 | Chroma] KDAEnvironment.[0]Environment.[8]BasicGameHUD.[0]EnergyPanel.[5]Laser
[DEBUG @ 18:50:07 | Chroma] KDAEnvironment.[0]Environment.[8]BasicGameHUD.[0]EnergyPanel.[5]Laser.[0]BoxLight
[DEBUG @ 18:50:07 | Chroma] KDAEnvironment.[0]Environment.[8]BasicGameHUD.[0]EnergyPanel.[5]Laser.[1]BakedBloom
[DEBUG @ 18:50:07 | Chroma] KDAEnvironment.[0]Environment.[8]BasicGameHUD.[0]EnergyPanel.[6]FailIcon
[DEBUG @ 18:50:07 | Chroma] KDAEnvironment.[0]Environment.[8]BasicGameHUD.[0]EnergyPanel.[7]Colorer
[DEBUG @ 18:50:07 | Chroma] KDAEnvironment.[0]Environment.[8]BasicGameHUD.[1]LeftPanel
[DEBUG @ 18:50:07 | Chroma] KDAEnvironment.[0]Environment.[8]BasicGameHUD.[1]LeftPanel.[0]BG
[DEBUG @ 18:50:07 | Chroma] KDAEnvironment.[0]Environment.[8]BasicGameHUD.[1]LeftPanel.[1]Top
[DEBUG @ 18:50:07 | Chroma] KDAEnvironment.[0]Environment.[8]BasicGameHUD.[1]LeftPanel.[2]ComboPanel
[DEBUG @ 18:50:07 | Chroma] KDAEnvironment.[0]Environment.[8]BasicGameHUD.[1]LeftPanel.[2]ComboPanel.[0]ComboText
[DEBUG @ 18:50:07 | Chroma] KDAEnvironment.[0]Environment.[8]BasicGameHUD.[1]LeftPanel.[2]ComboPanel.[1]ComboCanvas
[DEBUG @ 18:50:07 | Chroma] KDAEnvironment.[0]Environment.[8]BasicGameHUD.[1]LeftPanel.[2]ComboPanel.[1]ComboCanvas.[0]NumText
[DEBUG @ 18:50:07 | Chroma] KDAEnvironment.[0]Environment.[8]BasicGameHUD.[1]LeftPanel.[2]ComboPanel.[2]Line0
[DEBUG @ 18:50:07 | Chroma] KDAEnvironment.[0]Environment.[8]BasicGameHUD.[1]LeftPanel.[2]ComboPanel.[3]Line1
[DEBUG @ 18:50:07 | Chroma] KDAEnvironment.[0]Environment.[8]BasicGameHUD.[1]LeftPanel.[2]ComboPanel.[4]Colorer
[DEBUG @ 18:50:07 | Chroma] KDAEnvironment.[0]Environment.[8]BasicGameHUD.[1]LeftPanel.[3]ScoreCanvas
[DEBUG @ 18:50:07 | Chroma] KDAEnvironment.[0]Environment.[8]BasicGameHUD.[1]LeftPanel.[3]ScoreCanvas.[0]ScoreText
[DEBUG @ 18:50:07 | Chroma] KDAEnvironment.[0]Environment.[8]BasicGameHUD.[1]LeftPanel.[3]ScoreCanvas.[1]ImmediateRankText
[DEBUG @ 18:50:07 | Chroma] KDAEnvironment.[0]Environment.[8]BasicGameHUD.[1]LeftPanel.[3]ScoreCanvas.[2]RelativeScoreText
[DEBUG @ 18:50:07 | Chroma] KDAEnvironment.[0]Environment.[8]BasicGameHUD.[2]RightPanel
[DEBUG @ 18:50:07 | Chroma] KDAEnvironment.[0]Environment.[8]BasicGameHUD.[2]RightPanel.[0]BG
[DEBUG @ 18:50:07 | Chroma] KDAEnvironment.[0]Environment.[8]BasicGameHUD.[2]RightPanel.[1]Top
[DEBUG @ 18:50:07 | Chroma] KDAEnvironment.[0]Environment.[8]BasicGameHUD.[2]RightPanel.[2]MultiplierCanvas
[DEBUG @ 18:50:07 | Chroma] KDAEnvironment.[0]Environment.[8]BasicGameHUD.[2]RightPanel.[2]MultiplierCanvas.[0]BGCircle
[DEBUG @ 18:50:07 | Chroma] KDAEnvironment.[0]Environment.[8]BasicGameHUD.[2]RightPanel.[2]MultiplierCanvas.[1]FGCircle
[DEBUG @ 18:50:07 | Chroma] KDAEnvironment.[0]Environment.[8]BasicGameHUD.[2]RightPanel.[2]MultiplierCanvas.[2]AnimationCircle
[DEBUG @ 18:50:07 | Chroma] KDAEnvironment.[0]Environment.[8]BasicGameHUD.[2]RightPanel.[2]MultiplierCanvas.[3]TextOverlayPanelOutline1
[DEBUG @ 18:50:07 | Chroma] KDAEnvironment.[0]Environment.[8]BasicGameHUD.[2]RightPanel.[2]MultiplierCanvas.[3]TextOverlayPanelOutline1.[0]XText
[DEBUG @ 18:50:07 | Chroma] KDAEnvironment.[0]Environment.[8]BasicGameHUD.[2]RightPanel.[2]MultiplierCanvas.[3]TextOverlayPanelOutline1.[1]NumText
[DEBUG @ 18:50:07 | Chroma] KDAEnvironment.[0]Environment.[8]BasicGameHUD.[2]RightPanel.[2]MultiplierCanvas.[4]TextOverlayPanelOutline0
[DEBUG @ 18:50:07 | Chroma] KDAEnvironment.[0]Environment.[8]BasicGameHUD.[2]RightPanel.[2]MultiplierCanvas.[4]TextOverlayPanelOutline0.[0]XText
[DEBUG @ 18:50:07 | Chroma] KDAEnvironment.[0]Environment.[8]BasicGameHUD.[2]RightPanel.[2]MultiplierCanvas.[4]TextOverlayPanelOutline0.[1]NumText
[DEBUG @ 18:50:07 | Chroma] KDAEnvironment.[0]Environment.[8]BasicGameHUD.[2]RightPanel.[2]MultiplierCanvas.[5]TextPanel
[DEBUG @ 18:50:07 | Chroma] KDAEnvironment.[0]Environment.[8]BasicGameHUD.[2]RightPanel.[2]MultiplierCanvas.[5]TextPanel.[0]XText
[DEBUG @ 18:50:07 | Chroma] KDAEnvironment.[0]Environment.[8]BasicGameHUD.[2]RightPanel.[2]MultiplierCanvas.[5]TextPanel.[1]NumText
[DEBUG @ 18:50:07 | Chroma] KDAEnvironment.[0]Environment.[8]BasicGameHUD.[2]RightPanel.[2]MultiplierCanvas.[6]Colorer
[DEBUG @ 18:50:07 | Chroma] KDAEnvironment.[0]Environment.[8]BasicGameHUD.[2]RightPanel.[3]SongProgressCanvas
[DEBUG @ 18:50:07 | Chroma] KDAEnvironment.[0]Environment.[8]BasicGameHUD.[2]RightPanel.[3]SongProgressCanvas.[0]Progress
[DEBUG @ 18:50:07 | Chroma] KDAEnvironment.[0]Environment.[8]BasicGameHUD.[2]RightPanel.[3]SongProgressCanvas.[1]Slider
[DEBUG @ 18:50:07 | Chroma] KDAEnvironment.[0]Environment.[8]BasicGameHUD.[2]RightPanel.[3]SongProgressCanvas.[1]Slider.[0]Background
[DEBUG @ 18:50:07 | Chroma] KDAEnvironment.[0]Environment.[8]BasicGameHUD.[2]RightPanel.[3]SongProgressCanvas.[1]Slider.[1]Handle Slide Area
[DEBUG @ 18:50:07 | Chroma] KDAEnvironment.[0]Environment.[8]BasicGameHUD.[2]RightPanel.[3]SongProgressCanvas.[1]Slider.[1]Handle Slide Area.[0]Handle
[DEBUG @ 18:50:07 | Chroma] KDAEnvironment.[0]Environment.[8]BasicGameHUD.[2]RightPanel.[3]SongProgressCanvas.[2]DurationMinutes
[DEBUG @ 18:50:07 | Chroma] KDAEnvironment.[0]Environment.[8]BasicGameHUD.[2]RightPanel.[3]SongProgressCanvas.[3]DurationSeconds
[DEBUG @ 18:50:07 | Chroma] KDAEnvironment.[0]Environment.[8]BasicGameHUD.[2]RightPanel.[3]SongProgressCanvas.[4]ProgressMinutes
[DEBUG @ 18:50:07 | Chroma] KDAEnvironment.[0]Environment.[8]BasicGameHUD.[2]RightPanel.[3]SongProgressCanvas.[5]ProgressSeconds
[DEBUG @ 18:50:07 | Chroma] KDAEnvironment.[0]Environment.[8]BasicGameHUD.[2]RightPanel.[3]SongProgressCanvas.[6]BG
[DEBUG @ 18:50:07 | Chroma] KDAEnvironment.[0]Environment.[8]BasicGameHUD.[2]RightPanel.[3]SongProgressCanvas.[7]Colorer
[DEBUG @ 18:50:07 | Chroma] KDAEnvironment.[0]Environment.[80]GlowLine (17)
[DEBUG @ 18:50:07 | Chroma] KDAEnvironment.[0]Environment.[80]GlowLine (17).[0]BakedBloom
[DEBUG @ 18:50:07 | Chroma] KDAEnvironment.[0]Environment.[80]GlowLine (17).[1]BoxLight
[DEBUG @ 18:50:07 | Chroma] KDAEnvironment.[0]Environment.[81]GlowLine (69)
[DEBUG @ 18:50:07 | Chroma] KDAEnvironment.[0]Environment.[81]GlowLine (69).[0]BakedBloom
[DEBUG @ 18:50:07 | Chroma] KDAEnvironment.[0]Environment.[81]GlowLine (69).[1]BoxLight
[DEBUG @ 18:50:07 | Chroma] KDAEnvironment.[0]Environment.[82]GlowLine (11)
[DEBUG @ 18:50:07 | Chroma] KDAEnvironment.[0]Environment.[82]GlowLine (11).[0]BakedBloom
[DEBUG @ 18:50:07 | Chroma] KDAEnvironment.[0]Environment.[82]GlowLine (11).[1]BoxLight
[DEBUG @ 18:50:07 | Chroma] KDAEnvironment.[0]Environment.[83]GlowLine (52)
[DEBUG @ 18:50:07 | Chroma] KDAEnvironment.[0]Environment.[83]GlowLine (52).[0]BakedBloom
[DEBUG @ 18:50:07 | Chroma] KDAEnvironment.[0]Environment.[83]GlowLine (52).[1]BoxLight
[DEBUG @ 18:50:07 | Chroma] KDAEnvironment.[0]Environment.[84]GlowLine (6)
[DEBUG @ 18:50:07 | Chroma] KDAEnvironment.[0]Environment.[84]GlowLine (6).[0]BakedBloom
[DEBUG @ 18:50:07 | Chroma] KDAEnvironment.[0]Environment.[84]GlowLine (6).[1]BoxLight
[DEBUG @ 18:50:07 | Chroma] KDAEnvironment.[0]Environment.[85]GlowLine (45)
[DEBUG @ 18:50:07 | Chroma] KDAEnvironment.[0]Environment.[85]GlowLine (45).[0]BakedBloom
[DEBUG @ 18:50:07 | Chroma] KDAEnvironment.[0]Environment.[85]GlowLine (45).[1]BoxLight
[DEBUG @ 18:50:07 | Chroma] KDAEnvironment.[0]Environment.[86]GlowLine (22)
[DEBUG @ 18:50:07 | Chroma] KDAEnvironment.[0]Environment.[86]GlowLine (22).[0]BakedBloom
[DEBUG @ 18:50:07 | Chroma] KDAEnvironment.[0]Environment.[86]GlowLine (22).[1]BoxLight
[DEBUG @ 18:50:07 | Chroma] KDAEnvironment.[0]Environment.[87]GlowLine (28)
[DEBUG @ 18:50:07 | Chroma] KDAEnvironment.[0]Environment.[87]GlowLine (28).[0]BakedBloom
[DEBUG @ 18:50:07 | Chroma] KDAEnvironment.[0]Environment.[87]GlowLine (28).[1]BoxLight
[DEBUG @ 18:50:07 | Chroma] KDAEnvironment.[0]Environment.[88]GlowLine (43)
[DEBUG @ 18:50:07 | Chroma] KDAEnvironment.[0]Environment.[88]GlowLine (43).[0]BakedBloom
[DEBUG @ 18:50:07 | Chroma] KDAEnvironment.[0]Environment.[88]GlowLine (43).[1]BoxLight
[DEBUG @ 18:50:07 | Chroma] KDAEnvironment.[0]Environment.[89]GlowLine (74)
[DEBUG @ 18:50:07 | Chroma] KDAEnvironment.[0]Environment.[89]GlowLine (74).[0]BakedBloom
[DEBUG @ 18:50:07 | Chroma] KDAEnvironment.[0]Environment.[89]GlowLine (74).[1]BoxLight
[DEBUG @ 18:50:07 | Chroma] KDAEnvironment.[0]Environment.[9]BigSmokePS
[DEBUG @ 18:50:07 | Chroma] KDAEnvironment.[0]Environment.[90]GlowLine (4)
[DEBUG @ 18:50:07 | Chroma] KDAEnvironment.[0]Environment.[90]GlowLine (4).[0]BakedBloom
[DEBUG @ 18:50:07 | Chroma] KDAEnvironment.[0]Environment.[90]GlowLine (4).[1]BoxLight
[DEBUG @ 18:50:07 | Chroma] KDAEnvironment.[0]Environment.[91]GlowLine (31)
[DEBUG @ 18:50:07 | Chroma] KDAEnvironment.[0]Environment.[91]GlowLine (31).[0]BakedBloom
[DEBUG @ 18:50:07 | Chroma] KDAEnvironment.[0]Environment.[91]GlowLine (31).[1]BoxLight
[DEBUG @ 18:50:07 | Chroma] KDAEnvironment.[0]Environment.[92]GlowLine (18)
[DEBUG @ 18:50:07 | Chroma] KDAEnvironment.[0]Environment.[92]GlowLine (18).[0]BakedBloom
[DEBUG @ 18:50:07 | Chroma] KDAEnvironment.[0]Environment.[92]GlowLine (18).[1]BoxLight
[DEBUG @ 18:50:07 | Chroma] KDAEnvironment.[0]Environment.[93]GlowLine (1)
[DEBUG @ 18:50:07 | Chroma] KDAEnvironment.[0]Environment.[93]GlowLine (1).[0]BakedBloom
[DEBUG @ 18:50:07 | Chroma] KDAEnvironment.[0]Environment.[93]GlowLine (1).[1]BoxLight
[DEBUG @ 18:50:07 | Chroma] KDAEnvironment.[0]Environment.[94]GlowLine (40)
[DEBUG @ 18:50:07 | Chroma] KDAEnvironment.[0]Environment.[94]GlowLine (40).[0]BakedBloom
[DEBUG @ 18:50:07 | Chroma] KDAEnvironment.[0]Environment.[94]GlowLine (40).[1]BoxLight
[DEBUG @ 18:50:07 | Chroma] KDAEnvironment.[0]Environment.[95]GlowLine (12)
[DEBUG @ 18:50:07 | Chroma] KDAEnvironment.[0]Environment.[95]GlowLine (12).[0]BakedBloom
[DEBUG @ 18:50:07 | Chroma] KDAEnvironment.[0]Environment.[95]GlowLine (12).[1]BoxLight
[DEBUG @ 18:50:07 | Chroma] KDAEnvironment.[0]Environment.[96]GlowLine (70)
[DEBUG @ 18:50:07 | Chroma] KDAEnvironment.[0]Environment.[96]GlowLine (70).[0]BakedBloom
[DEBUG @ 18:50:07 | Chroma] KDAEnvironment.[0]Environment.[96]GlowLine (70).[1]BoxLight
[DEBUG @ 18:50:07 | Chroma] KDAEnvironment.[0]Environment.[97]GlowLine (13)
[DEBUG @ 18:50:07 | Chroma] KDAEnvironment.[0]Environment.[97]GlowLine (13).[0]BakedBloom
[DEBUG @ 18:50:07 | Chroma] KDAEnvironment.[0]Environment.[97]GlowLine (13).[1]BoxLight
[DEBUG @ 18:50:07 | Chroma] KDAEnvironment.[0]Environment.[98]GlowLine (61)
[DEBUG @ 18:50:07 | Chroma] KDAEnvironment.[0]Environment.[98]GlowLine (61).[0]BakedBloom
[DEBUG @ 18:50:07 | Chroma] KDAEnvironment.[0]Environment.[98]GlowLine (61).[1]BoxLight
[DEBUG @ 18:50:07 | Chroma] KDAEnvironment.[0]Environment.[99]GlowLine (75)
[DEBUG @ 18:50:07 | Chroma] KDAEnvironment.[0]Environment.[99]GlowLine (75).[0]BakedBloom
[DEBUG @ 18:50:07 | Chroma] KDAEnvironment.[0]Environment.[99]GlowLine (75).[1]BoxLight