[DEBUG @ 18:54:39 | Chroma] LinkinParkEnvironment.[0]Environment
[DEBUG @ 18:54:39 | Chroma] LinkinParkEnvironment.[0]Environment.[0]DecoratorContext
[DEBUG @ 18:54:39 | Chroma] LinkinParkEnvironment.[0]Environment.[1]SceneSetup
[DEBUG @ 18:54:39 | Chroma] LinkinParkEnvironment.[0]Environment.[10]TunnelRings
[DEBUG @ 18:54:39 | Chroma] LinkinParkEnvironment.[0]Environment.[11]PlayersPlace
[DEBUG @ 18:54:39 | Chroma] LinkinParkEnvironment.[0]Environment.[11]PlayersPlace.[0]Mirror
[DEBUG @ 18:54:39 | Chroma] LinkinParkEnvironment.[0]Environment.[11]PlayersPlace.[1]Feet
[DEBUG @ 18:54:39 | Chroma] LinkinParkEnvironment.[0]Environment.[11]PlayersPlace.[2]Construction
[DEBUG @ 18:54:39 | Chroma] LinkinParkEnvironment.[0]Environment.[11]PlayersPlace.[3]RectangleFakeGlow
[DEBUG @ 18:54:39 | Chroma] LinkinParkEnvironment.[0]Environment.[11]PlayersPlace.[4]Frame
[DEBUG @ 18:54:39 | Chroma] LinkinParkEnvironment.[0]Environment.[11]PlayersPlace.[5]SaberBurnMarksParticles
[DEBUG @ 18:54:39 | Chroma] LinkinParkEnvironment.[0]Environment.[11]PlayersPlace.[5]SaberBurnMarksParticles.[0]SaberBurnMarkSparklePS
[DEBUG @ 18:54:39 | Chroma] LinkinParkEnvironment.[0]Environment.[11]PlayersPlace.[6]SaberBurnMarksArea
[DEBUG @ 18:54:39 | Chroma] LinkinParkEnvironment.[0]Environment.[11]PlayersPlace.[7]Collider
[DEBUG @ 18:54:39 | Chroma] LinkinParkEnvironment.[0]Environment.[12]TrackMirror
[DEBUG @ 18:54:39 | Chroma] LinkinParkEnvironment.[0]Environment.[12]TrackMirror.[0]TrackMirrorSetDepth
[DEBUG @ 18:54:39 | Chroma] LinkinParkEnvironment.[0]Environment.[13]TrackConstruction
[DEBUG @ 18:54:39 | Chroma] LinkinParkEnvironment.[0]Environment.[14]LinkinParkSoldier
[DEBUG @ 18:54:39 | Chroma] LinkinParkEnvironment.[0]Environment.[15]LinkinParkTextLogoR
[DEBUG @ 18:54:39 | Chroma] LinkinParkEnvironment.[0]Environment.[16]LinkinParkTextLogoL
[DEBUG @ 18:54:39 | Chroma] LinkinParkEnvironment.[0]Environment.[17]Tunnel
[DEBUG @ 18:54:39 | Chroma] LinkinParkEnvironment.[0]Environment.[17]Tunnel.[0]Floor
[DEBUG @ 18:54:39 | Chroma] LinkinParkEnvironment.[0]Environment.[17]Tunnel.[1]Top
[DEBUG @ 18:54:39 | Chroma] LinkinParkEnvironment.[0]Environment.[18]Tunnel (1)
[DEBUG @ 18:54:39 | Chroma] LinkinParkEnvironment.[0]Environment.[18]Tunnel (1).[0]Floor
[DEBUG @ 18:54:39 | Chroma] LinkinParkEnvironment.[0]Environment.[18]Tunnel (1).[1]Top
[DEBUG @ 18:54:39 | Chroma] LinkinParkEnvironment.[0]Environment.[19]Tunnel (2)
[DEBUG @ 18:54:39 | Chroma] LinkinParkEnvironment.[0]Environment.[19]Tunnel (2).[0]Floor
[DEBUG @ 18:54:39 | Chroma] LinkinParkEnvironment.[0]Environment.[19]Tunnel (2).[1]Top
[DEBUG @ 18:54:39 | Chroma] LinkinParkEnvironment.[0]Environment.[2]BakedReflectionProbeInstaller
[DEBUG @ 18:54:39 | Chroma] LinkinParkEnvironment.[0]Environment.[20]Tunnel (3)
[DEBUG @ 18:54:39 | Chroma] LinkinParkEnvironment.[0]Environment.[20]Tunnel (3).[0]Floor
[DEBUG @ 18:54:39 | Chroma] LinkinParkEnvironment.[0]Environment.[20]Tunnel (3).[1]Top
[DEBUG @ 18:54:39 | Chroma] LinkinParkEnvironment.[0]Environment.[21]Tunnel (4)
[DEBUG @ 18:54:39 | Chroma] LinkinParkEnvironment.[0]Environment.[21]Tunnel (4).[0]Floor
[DEBUG @ 18:54:39 | Chroma] LinkinParkEnvironment.[0]Environment.[21]Tunnel (4).[1]Top
[DEBUG @ 18:54:39 | Chroma] LinkinParkEnvironment.[0]Environment.[22]Tunnel (5)
[DEBUG @ 18:54:39 | Chroma] LinkinParkEnvironment.[0]Environment.[22]Tunnel (5).[0]Floor
[DEBUG @ 18:54:39 | Chroma] LinkinParkEnvironment.[0]Environment.[22]Tunnel (5).[1]Top
[DEBUG @ 18:54:39 | Chroma] LinkinParkEnvironment.[0]Environment.[23]Tunnel (6)
[DEBUG @ 18:54:39 | Chroma] LinkinParkEnvironment.[0]Environment.[23]Tunnel (6).[0]Floor
[DEBUG @ 18:54:39 | Chroma] LinkinParkEnvironment.[0]Environment.[23]Tunnel (6).[1]Top
[DEBUG @ 18:54:39 | Chroma] LinkinParkEnvironment.[0]Environment.[24]Tunnel (7)
[DEBUG @ 18:54:39 | Chroma] LinkinParkEnvironment.[0]Environment.[24]Tunnel (7).[0]Floor
[DEBUG @ 18:54:39 | Chroma] LinkinParkEnvironment.[0]Environment.[24]Tunnel (7).[1]Top
[DEBUG @ 18:54:39 | Chroma] LinkinParkEnvironment.[0]Environment.[25]Tunnel (8)
[DEBUG @ 18:54:39 | Chroma] LinkinParkEnvironment.[0]Environment.[25]Tunnel (8).[0]Floor
[DEBUG @ 18:54:39 | Chroma] LinkinParkEnvironment.[0]Environment.[25]Tunnel (8).[1]Top
[DEBUG @ 18:54:39 | Chroma] LinkinParkEnvironment.[0]Environment.[26]Tunnel (9)
[DEBUG @ 18:54:39 | Chroma] LinkinParkEnvironment.[0]Environment.[26]Tunnel (9).[0]Floor
[DEBUG @ 18:54:39 | Chroma] LinkinParkEnvironment.[0]Environment.[26]Tunnel (9).[1]Top
[DEBUG @ 18:54:39 | Chroma] LinkinParkEnvironment.[0]Environment.[27]Tunnel (10)
[DEBUG @ 18:54:39 | Chroma] LinkinParkEnvironment.[0]Environment.[27]Tunnel (10).[0]Floor
[DEBUG @ 18:54:39 | Chroma] LinkinParkEnvironment.[0]Environment.[27]Tunnel (10).[1]Top
[DEBUG @ 18:54:39 | Chroma] LinkinParkEnvironment.[0]Environment.[28]====== DYNAMIC ======
[DEBUG @ 18:54:39 | Chroma] LinkinParkEnvironment.[0]Environment.[29]NarrowGameHUD
[DEBUG @ 18:54:39 | Chroma] LinkinParkEnvironment.[0]Environment.[29]NarrowGameHUD.[0]EnergyPanel
[DEBUG @ 18:54:39 | Chroma] LinkinParkEnvironment.[0]Environment.[29]NarrowGameHUD.[0]EnergyPanel.[0]BG
[DEBUG @ 18:54:39 | Chroma] LinkinParkEnvironment.[0]Environment.[29]NarrowGameHUD.[0]EnergyPanel.[1]BarBG
[DEBUG @ 18:54:39 | Chroma] LinkinParkEnvironment.[0]Environment.[29]NarrowGameHUD.[0]EnergyPanel.[2]EnergyIconEmpty
[DEBUG @ 18:54:39 | Chroma] LinkinParkEnvironment.[0]Environment.[29]NarrowGameHUD.[0]EnergyPanel.[3]EnergyIconFull
[DEBUG @ 18:54:39 | Chroma] LinkinParkEnvironment.[0]Environment.[29]NarrowGameHUD.[0]EnergyPanel.[4]EnergyBarWrapper
[DEBUG @ 18:54:39 | Chroma] LinkinParkEnvironment.[0]Environment.[29]NarrowGameHUD.[0]EnergyPanel.[4]EnergyBarWrapper.[0]EnergyBar
[DEBUG @ 18:54:39 | Chroma] LinkinParkEnvironment.[0]Environment.[29]NarrowGameHUD.[0]EnergyPanel.[5]Laser
[DEBUG @ 18:54:39 | Chroma] LinkinParkEnvironment.[0]Environment.[29]NarrowGameHUD.[0]EnergyPanel.[5]Laser.[0]BoxLight
[DEBUG @ 18:54:39 | Chroma] LinkinParkEnvironment.[0]Environment.[29]NarrowGameHUD.[0]EnergyPanel.[5]Laser.[1]BakedBloom
[DEBUG @ 18:54:39 | Chroma] LinkinParkEnvironment.[0]Environment.[29]NarrowGameHUD.[0]EnergyPanel.[6]FailIcon
[DEBUG @ 18:54:39 | Chroma] LinkinParkEnvironment.[0]Environment.[29]NarrowGameHUD.[0]EnergyPanel.[7]Colorer
[DEBUG @ 18:54:39 | Chroma] LinkinParkEnvironment.[0]Environment.[29]NarrowGameHUD.[1]LeftPanel
[DEBUG @ 18:54:39 | Chroma] LinkinParkEnvironment.[0]Environment.[29]NarrowGameHUD.[1]LeftPanel.[0]ComboPanel
[DEBUG @ 18:54:39 | Chroma] LinkinParkEnvironment.[0]Environment.[29]NarrowGameHUD.[1]LeftPanel.[0]ComboPanel.[0]ComboText
[DEBUG @ 18:54:39 | Chroma] LinkinParkEnvironment.[0]Environment.[29]NarrowGameHUD.[1]LeftPanel.[0]ComboPanel.[1]ComboCanvas
[DEBUG @ 18:54:39 | Chroma] LinkinParkEnvironment.[0]Environment.[29]NarrowGameHUD.[1]LeftPanel.[0]ComboPanel.[1]ComboCanvas.[0]NumText
[DEBUG @ 18:54:39 | Chroma] LinkinParkEnvironment.[0]Environment.[29]NarrowGameHUD.[1]LeftPanel.[0]ComboPanel.[2]Line0
[DEBUG @ 18:54:39 | Chroma] LinkinParkEnvironment.[0]Environment.[29]NarrowGameHUD.[1]LeftPanel.[0]ComboPanel.[3]Line1
[DEBUG @ 18:54:39 | Chroma] LinkinParkEnvironment.[0]Environment.[29]NarrowGameHUD.[1]LeftPanel.[0]ComboPanel.[4]Colorer
[DEBUG @ 18:54:39 | Chroma] LinkinParkEnvironment.[0]Environment.[29]NarrowGameHUD.[1]LeftPanel.[1]ScoreCanvas
[DEBUG @ 18:54:39 | Chroma] LinkinParkEnvironment.[0]Environment.[29]NarrowGameHUD.[1]LeftPanel.[1]ScoreCanvas.[0]ScoreText
[DEBUG @ 18:54:39 | Chroma] LinkinParkEnvironment.[0]Environment.[29]NarrowGameHUD.[1]LeftPanel.[1]ScoreCanvas.[1]ImmediateRankText
[DEBUG @ 18:54:39 | Chroma] LinkinParkEnvironment.[0]Environment.[29]NarrowGameHUD.[1]LeftPanel.[1]ScoreCanvas.[2]RelativeScoreText
[DEBUG @ 18:54:39 | Chroma] LinkinParkEnvironment.[0]Environment.[29]NarrowGameHUD.[2]RightPanel
[DEBUG @ 18:54:39 | Chroma] LinkinParkEnvironment.[0]Environment.[29]NarrowGameHUD.[2]RightPanel.[0]MultiplierCanvas
[DEBUG @ 18:54:39 | Chroma] LinkinParkEnvironment.[0]Environment.[29]NarrowGameHUD.[2]RightPanel.[0]MultiplierCanvas.[0]BGCircle
[DEBUG @ 18:54:39 | Chroma] LinkinParkEnvironment.[0]Environment.[29]NarrowGameHUD.[2]RightPanel.[0]MultiplierCanvas.[1]FGCircle
[DEBUG @ 18:54:39 | Chroma] LinkinParkEnvironment.[0]Environment.[29]NarrowGameHUD.[2]RightPanel.[0]MultiplierCanvas.[2]AnimationCircle
[DEBUG @ 18:54:39 | Chroma] LinkinParkEnvironment.[0]Environment.[29]NarrowGameHUD.[2]RightPanel.[0]MultiplierCanvas.[3]TextOverlayPanelOutline1
[DEBUG @ 18:54:39 | Chroma] LinkinParkEnvironment.[0]Environment.[29]NarrowGameHUD.[2]RightPanel.[0]MultiplierCanvas.[3]TextOverlayPanelOutline1.[0]XText
[DEBUG @ 18:54:39 | Chroma] LinkinParkEnvironment.[0]Environment.[29]NarrowGameHUD.[2]RightPanel.[0]MultiplierCanvas.[3]TextOverlayPanelOutline1.[1]NumText
[DEBUG @ 18:54:39 | Chroma] LinkinParkEnvironment.[0]Environment.[29]NarrowGameHUD.[2]RightPanel.[0]MultiplierCanvas.[4]TextOverlayPanelOutline0
[DEBUG @ 18:54:39 | Chroma] LinkinParkEnvironment.[0]Environment.[29]NarrowGameHUD.[2]RightPanel.[0]MultiplierCanvas.[4]TextOverlayPanelOutline0.[0]XText
[DEBUG @ 18:54:39 | Chroma] LinkinParkEnvironment.[0]Environment.[29]NarrowGameHUD.[2]RightPanel.[0]MultiplierCanvas.[4]TextOverlayPanelOutline0.[1]NumText
[DEBUG @ 18:54:39 | Chroma] LinkinParkEnvironment.[0]Environment.[29]NarrowGameHUD.[2]RightPanel.[0]MultiplierCanvas.[5]TextPanel
[DEBUG @ 18:54:39 | Chroma] LinkinParkEnvironment.[0]Environment.[29]NarrowGameHUD.[2]RightPanel.[0]MultiplierCanvas.[5]TextPanel.[0]XText
[DEBUG @ 18:54:39 | Chroma] LinkinParkEnvironment.[0]Environment.[29]NarrowGameHUD.[2]RightPanel.[0]MultiplierCanvas.[5]TextPanel.[1]NumText
[DEBUG @ 18:54:39 | Chroma] LinkinParkEnvironment.[0]Environment.[29]NarrowGameHUD.[2]RightPanel.[0]MultiplierCanvas.[6]Colorer
[DEBUG @ 18:54:39 | Chroma] LinkinParkEnvironment.[0]Environment.[29]NarrowGameHUD.[2]RightPanel.[1]SongProgressCanvas
[DEBUG @ 18:54:39 | Chroma] LinkinParkEnvironment.[0]Environment.[29]NarrowGameHUD.[2]RightPanel.[1]SongProgressCanvas.[0]Progress
[DEBUG @ 18:54:39 | Chroma] LinkinParkEnvironment.[0]Environment.[29]NarrowGameHUD.[2]RightPanel.[1]SongProgressCanvas.[1]Slider
[DEBUG @ 18:54:39 | Chroma] LinkinParkEnvironment.[0]Environment.[29]NarrowGameHUD.[2]RightPanel.[1]SongProgressCanvas.[1]Slider.[0]Background
[DEBUG @ 18:54:39 | Chroma] LinkinParkEnvironment.[0]Environment.[29]NarrowGameHUD.[2]RightPanel.[1]SongProgressCanvas.[1]Slider.[1]Handle Slide Area
[DEBUG @ 18:54:39 | Chroma] LinkinParkEnvironment.[0]Environment.[29]NarrowGameHUD.[2]RightPanel.[1]SongProgressCanvas.[1]Slider.[1]Handle Slide Area.[0]Handle
[DEBUG @ 18:54:39 | Chroma] LinkinParkEnvironment.[0]Environment.[29]NarrowGameHUD.[2]RightPanel.[1]SongProgressCanvas.[2]DurationMinutes
[DEBUG @ 18:54:39 | Chroma] LinkinParkEnvironment.[0]Environment.[29]NarrowGameHUD.[2]RightPanel.[1]SongProgressCanvas.[3]DurationSeconds
[DEBUG @ 18:54:39 | Chroma] LinkinParkEnvironment.[0]Environment.[29]NarrowGameHUD.[2]RightPanel.[1]SongProgressCanvas.[4]ProgressMinutes
[DEBUG @ 18:54:39 | Chroma] LinkinParkEnvironment.[0]Environment.[29]NarrowGameHUD.[2]RightPanel.[1]SongProgressCanvas.[5]ProgressSeconds
[DEBUG @ 18:54:39 | Chroma] LinkinParkEnvironment.[0]Environment.[29]NarrowGameHUD.[2]RightPanel.[1]SongProgressCanvas.[6]BG
[DEBUG @ 18:54:39 | Chroma] LinkinParkEnvironment.[0]Environment.[29]NarrowGameHUD.[2]RightPanel.[1]SongProgressCanvas.[7]Colorer
[DEBUG @ 18:54:39 | Chroma] LinkinParkEnvironment.[0]Environment.[3]FakeMirrorSettings
[DEBUG @ 18:54:39 | Chroma] LinkinParkEnvironment.[0]Environment.[30]Spectrograms
[DEBUG @ 18:54:39 | Chroma] LinkinParkEnvironment.[0]Environment.[30]Spectrograms.[0]TunnelSpectrogram
[DEBUG @ 18:54:39 | Chroma] LinkinParkEnvironment.[0]Environment.[30]Spectrograms.[1]TunnelSpectrogram
[DEBUG @ 18:54:39 | Chroma] LinkinParkEnvironment.[0]Environment.[31]DustPS
[DEBUG @ 18:54:39 | Chroma] LinkinParkEnvironment.[0]Environment.[32]BigSmokePS
[DEBUG @ 18:54:39 | Chroma] LinkinParkEnvironment.[0]Environment.[33]====== LIGHTS ======
[DEBUG @ 18:54:39 | Chroma] LinkinParkEnvironment.[0]Environment.[34]CoreLighting
[DEBUG @ 18:54:39 | Chroma] LinkinParkEnvironment.[0]Environment.[34]CoreLighting.[0]LightManager
[DEBUG @ 18:54:39 | Chroma] LinkinParkEnvironment.[0]Environment.[34]CoreLighting.[1]DirectionalLight
[DEBUG @ 18:54:39 | Chroma] LinkinParkEnvironment.[0]Environment.[34]CoreLighting.[2]DirectionalLight
[DEBUG @ 18:54:39 | Chroma] LinkinParkEnvironment.[0]Environment.[34]CoreLighting.[3]DirectionalLight
[DEBUG @ 18:54:39 | Chroma] LinkinParkEnvironment.[0]Environment.[34]CoreLighting.[4]DirectionalLight
[DEBUG @ 18:54:39 | Chroma] LinkinParkEnvironment.[0]Environment.[34]CoreLighting.[5]DirectionalLight
[DEBUG @ 18:54:39 | Chroma] LinkinParkEnvironment.[0]Environment.[35]LogoLight
[DEBUG @ 18:54:39 | Chroma] LinkinParkEnvironment.[0]Environment.[36]Logo
[DEBUG @ 18:54:39 | Chroma] LinkinParkEnvironment.[0]Environment.[37]LaserL
[DEBUG @ 18:54:39 | Chroma] LinkinParkEnvironment.[0]Environment.[37]LaserL.[0]BoxLight
[DEBUG @ 18:54:39 | Chroma] LinkinParkEnvironment.[0]Environment.[37]LaserL.[1]BakedBloom
[DEBUG @ 18:54:39 | Chroma] LinkinParkEnvironment.[0]Environment.[38]LaserL (2)
[DEBUG @ 18:54:39 | Chroma] LinkinParkEnvironment.[0]Environment.[38]LaserL (2).[0]BoxLight
[DEBUG @ 18:54:39 | Chroma] LinkinParkEnvironment.[0]Environment.[38]LaserL (2).[1]BakedBloom
[DEBUG @ 18:54:39 | Chroma] LinkinParkEnvironment.[0]Environment.[39]LarerR
[DEBUG @ 18:54:39 | Chroma] LinkinParkEnvironment.[0]Environment.[39]LarerR.[0]BoxLight
[DEBUG @ 18:54:39 | Chroma] LinkinParkEnvironment.[0]Environment.[39]LarerR.[1]BakedBloom
[DEBUG @ 18:54:39 | Chroma] LinkinParkEnvironment.[0]Environment.[4]LightEffects
[DEBUG @ 18:54:39 | Chroma] LinkinParkEnvironment.[0]Environment.[40]LarerR (2)
[DEBUG @ 18:54:39 | Chroma] LinkinParkEnvironment.[0]Environment.[40]LarerR (2).[0]BoxLight
[DEBUG @ 18:54:39 | Chroma] LinkinParkEnvironment.[0]Environment.[40]LarerR (2).[1]BakedBloom
[DEBUG @ 18:54:39 | Chroma] LinkinParkEnvironment.[0]Environment.[41]LaserFloor (2)
[DEBUG @ 18:54:39 | Chroma] LinkinParkEnvironment.[0]Environment.[41]LaserFloor (2).[0]BoxLight
[DEBUG @ 18:54:39 | Chroma] LinkinParkEnvironment.[0]Environment.[41]LaserFloor (2).[1]BakedBloom
[DEBUG @ 18:54:39 | Chroma] LinkinParkEnvironment.[0]Environment.[42]LaserFloor (3)
[DEBUG @ 18:54:39 | Chroma] LinkinParkEnvironment.[0]Environment.[42]LaserFloor (3).[0]BoxLight
[DEBUG @ 18:54:39 | Chroma] LinkinParkEnvironment.[0]Environment.[42]LaserFloor (3).[1]BakedBloom
[DEBUG @ 18:54:39 | Chroma] LinkinParkEnvironment.[0]Environment.[43]LaserFloor (4)
[DEBUG @ 18:54:39 | Chroma] LinkinParkEnvironment.[0]Environment.[43]LaserFloor (4).[0]BoxLight
[DEBUG @ 18:54:39 | Chroma] LinkinParkEnvironment.[0]Environment.[43]LaserFloor (4).[1]BakedBloom
[DEBUG @ 18:54:39 | Chroma] LinkinParkEnvironment.[0]Environment.[44]TunnelRotatingLasersPair
[DEBUG @ 18:54:39 | Chroma] LinkinParkEnvironment.[0]Environment.[44]TunnelRotatingLasersPair.[0]BaseL
[DEBUG @ 18:54:39 | Chroma] LinkinParkEnvironment.[0]Environment.[44]TunnelRotatingLasersPair.[0]BaseL.[0]Laser
[DEBUG @ 18:54:39 | Chroma] LinkinParkEnvironment.[0]Environment.[44]TunnelRotatingLasersPair.[0]BaseL.[0]Laser.[0]BoxLight
[DEBUG @ 18:54:39 | Chroma] LinkinParkEnvironment.[0]Environment.[44]TunnelRotatingLasersPair.[0]BaseL.[0]Laser.[1]BakedBloom
[DEBUG @ 18:54:39 | Chroma] LinkinParkEnvironment.[0]Environment.[44]TunnelRotatingLasersPair.[1]BaseR
[DEBUG @ 18:54:39 | Chroma] LinkinParkEnvironment.[0]Environment.[44]TunnelRotatingLasersPair.[1]BaseR.[0]Laser
[DEBUG @ 18:54:39 | Chroma] LinkinParkEnvironment.[0]Environment.[44]TunnelRotatingLasersPair.[1]BaseR.[0]Laser.[0]BoxLight
[DEBUG @ 18:54:39 | Chroma] LinkinParkEnvironment.[0]Environment.[44]TunnelRotatingLasersPair.[1]BaseR.[0]Laser.[1]BakedBloom
[DEBUG @ 18:54:39 | Chroma] LinkinParkEnvironment.[0]Environment.[45]TunnelRotatingLasersPair (1)
[DEBUG @ 18:54:39 | Chroma] LinkinParkEnvironment.[0]Environment.[45]TunnelRotatingLasersPair (1).[0]BaseL
[DEBUG @ 18:54:39 | Chroma] LinkinParkEnvironment.[0]Environment.[45]TunnelRotatingLasersPair (1).[0]BaseL.[0]Laser
[DEBUG @ 18:54:39 | Chroma] LinkinParkEnvironment.[0]Environment.[45]TunnelRotatingLasersPair (1).[0]BaseL.[0]Laser.[0]BoxLight
[DEBUG @ 18:54:39 | Chroma] LinkinParkEnvironment.[0]Environment.[45]TunnelRotatingLasersPair (1).[0]BaseL.[0]Laser.[1]BakedBloom
[DEBUG @ 18:54:39 | Chroma] LinkinParkEnvironment.[0]Environment.[45]TunnelRotatingLasersPair (1).[1]BaseR
[DEBUG @ 18:54:39 | Chroma] LinkinParkEnvironment.[0]Environment.[45]TunnelRotatingLasersPair (1).[1]BaseR.[0]Laser
[DEBUG @ 18:54:39 | Chroma] LinkinParkEnvironment.[0]Environment.[45]TunnelRotatingLasersPair (1).[1]BaseR.[0]Laser.[0]BoxLight
[DEBUG @ 18:54:39 | Chroma] LinkinParkEnvironment.[0]Environment.[45]TunnelRotatingLasersPair (1).[1]BaseR.[0]Laser.[1]BakedBloom
[DEBUG @ 18:54:39 | Chroma] LinkinParkEnvironment.[0]Environment.[46]TunnelRotatingLasersPair (2)
[DEBUG @ 18:54:39 | Chroma] LinkinParkEnvironment.[0]Environment.[46]TunnelRotatingLasersPair (2).[0]BaseL
[DEBUG @ 18:54:39 | Chroma] LinkinParkEnvironment.[0]Environment.[46]TunnelRotatingLasersPair (2).[0]BaseL.[0]Laser
[DEBUG @ 18:54:39 | Chroma] LinkinParkEnvironment.[0]Environment.[46]TunnelRotatingLasersPair (2).[0]BaseL.[0]Laser.[0]BoxLight
[DEBUG @ 18:54:39 | Chroma] LinkinParkEnvironment.[0]Environment.[46]TunnelRotatingLasersPair (2).[0]BaseL.[0]Laser.[1]BakedBloom
[DEBUG @ 18:54:39 | Chroma] LinkinParkEnvironment.[0]Environment.[46]TunnelRotatingLasersPair (2).[1]BaseR
[DEBUG @ 18:54:39 | Chroma] LinkinParkEnvironment.[0]Environment.[46]TunnelRotatingLasersPair (2).[1]BaseR.[0]Laser
[DEBUG @ 18:54:39 | Chroma] LinkinParkEnvironment.[0]Environment.[46]TunnelRotatingLasersPair (2).[1]BaseR.[0]Laser.[0]BoxLight
[DEBUG @ 18:54:39 | Chroma] LinkinParkEnvironment.[0]Environment.[46]TunnelRotatingLasersPair (2).[1]BaseR.[0]Laser.[1]BakedBloom
[DEBUG @ 18:54:39 | Chroma] LinkinParkEnvironment.[0]Environment.[47]TunnelRotatingLasersPair (3)
[DEBUG @ 18:54:39 | Chroma] LinkinParkEnvironment.[0]Environment.[47]TunnelRotatingLasersPair (3).[0]BaseL
[DEBUG @ 18:54:39 | Chroma] LinkinParkEnvironment.[0]Environment.[47]TunnelRotatingLasersPair (3).[0]BaseL.[0]Laser
[DEBUG @ 18:54:39 | Chroma] LinkinParkEnvironment.[0]Environment.[47]TunnelRotatingLasersPair (3).[0]BaseL.[0]Laser.[0]BoxLight
[DEBUG @ 18:54:39 | Chroma] LinkinParkEnvironment.[0]Environment.[47]TunnelRotatingLasersPair (3).[0]BaseL.[0]Laser.[1]BakedBloom
[DEBUG @ 18:54:39 | Chroma] LinkinParkEnvironment.[0]Environment.[47]TunnelRotatingLasersPair (3).[1]BaseR
[DEBUG @ 18:54:39 | Chroma] LinkinParkEnvironment.[0]Environment.[47]TunnelRotatingLasersPair (3).[1]BaseR.[0]Laser
[DEBUG @ 18:54:39 | Chroma] LinkinParkEnvironment.[0]Environment.[47]TunnelRotatingLasersPair (3).[1]BaseR.[0]Laser.[0]BoxLight
[DEBUG @ 18:54:39 | Chroma] LinkinParkEnvironment.[0]Environment.[47]TunnelRotatingLasersPair (3).[1]BaseR.[0]Laser.[1]BakedBloom
[DEBUG @ 18:54:39 | Chroma] LinkinParkEnvironment.[0]Environment.[48]TunnelRotatingLasersPair (4)
[DEBUG @ 18:54:39 | Chroma] LinkinParkEnvironment.[0]Environment.[48]TunnelRotatingLasersPair (4).[0]BaseL
[DEBUG @ 18:54:39 | Chroma] LinkinParkEnvironment.[0]Environment.[48]TunnelRotatingLasersPair (4).[0]BaseL.[0]Laser
[DEBUG @ 18:54:39 | Chroma] LinkinParkEnvironment.[0]Environment.[48]TunnelRotatingLasersPair (4).[0]BaseL.[0]Laser.[0]BoxLight
[DEBUG @ 18:54:39 | Chroma] LinkinParkEnvironment.[0]Environment.[48]TunnelRotatingLasersPair (4).[0]BaseL.[0]Laser.[1]BakedBloom
[DEBUG @ 18:54:39 | Chroma] LinkinParkEnvironment.[0]Environment.[48]TunnelRotatingLasersPair (4).[1]BaseR
[DEBUG @ 18:54:39 | Chroma] LinkinParkEnvironment.[0]Environment.[48]TunnelRotatingLasersPair (4).[1]BaseR.[0]Laser
[DEBUG @ 18:54:39 | Chroma] LinkinParkEnvironment.[0]Environment.[48]TunnelRotatingLasersPair (4).[1]BaseR.[0]Laser.[0]BoxLight
[DEBUG @ 18:54:39 | Chroma] LinkinParkEnvironment.[0]Environment.[48]TunnelRotatingLasersPair (4).[1]BaseR.[0]Laser.[1]BakedBloom
[DEBUG @ 18:54:39 | Chroma] LinkinParkEnvironment.[0]Environment.[49]TunnelRotatingLasersPair (5)
[DEBUG @ 18:54:39 | Chroma] LinkinParkEnvironment.[0]Environment.[49]TunnelRotatingLasersPair (5).[0]BaseL
[DEBUG @ 18:54:39 | Chroma] LinkinParkEnvironment.[0]Environment.[49]TunnelRotatingLasersPair (5).[0]BaseL.[0]Laser
[DEBUG @ 18:54:39 | Chroma] LinkinParkEnvironment.[0]Environment.[49]TunnelRotatingLasersPair (5).[0]BaseL.[0]Laser.[0]BoxLight
[DEBUG @ 18:54:39 | Chroma] LinkinParkEnvironment.[0]Environment.[49]TunnelRotatingLasersPair (5).[0]BaseL.[0]Laser.[1]BakedBloom
[DEBUG @ 18:54:39 | Chroma] LinkinParkEnvironment.[0]Environment.[49]TunnelRotatingLasersPair (5).[1]BaseR
[DEBUG @ 18:54:39 | Chroma] LinkinParkEnvironment.[0]Environment.[49]TunnelRotatingLasersPair (5).[1]BaseR.[0]Laser
[DEBUG @ 18:54:39 | Chroma] LinkinParkEnvironment.[0]Environment.[49]TunnelRotatingLasersPair (5).[1]BaseR.[0]Laser.[0]BoxLight
[DEBUG @ 18:54:39 | Chroma] LinkinParkEnvironment.[0]Environment.[49]TunnelRotatingLasersPair (5).[1]BaseR.[0]Laser.[1]BakedBloom
[DEBUG @ 18:54:39 | Chroma] LinkinParkEnvironment.[0]Environment.[5]LightWithIdManager
[DEBUG @ 18:54:39 | Chroma] LinkinParkEnvironment.[0]Environment.[50]TunnelRotatingLasersPair (6)
[DEBUG @ 18:54:39 | Chroma] LinkinParkEnvironment.[0]Environment.[50]TunnelRotatingLasersPair (6).[0]BaseL
[DEBUG @ 18:54:39 | Chroma] LinkinParkEnvironment.[0]Environment.[50]TunnelRotatingLasersPair (6).[0]BaseL.[0]Laser
[DEBUG @ 18:54:39 | Chroma] LinkinParkEnvironment.[0]Environment.[50]TunnelRotatingLasersPair (6).[0]BaseL.[0]Laser.[0]BoxLight
[DEBUG @ 18:54:39 | Chroma] LinkinParkEnvironment.[0]Environment.[50]TunnelRotatingLasersPair (6).[0]BaseL.[0]Laser.[1]BakedBloom
[DEBUG @ 18:54:39 | Chroma] LinkinParkEnvironment.[0]Environment.[50]TunnelRotatingLasersPair (6).[1]BaseR
[DEBUG @ 18:54:39 | Chroma] LinkinParkEnvironment.[0]Environment.[50]TunnelRotatingLasersPair (6).[1]BaseR.[0]Laser
[DEBUG @ 18:54:39 | Chroma] LinkinParkEnvironment.[0]Environment.[50]TunnelRotatingLasersPair (6).[1]BaseR.[0]Laser.[0]BoxLight
[DEBUG @ 18:54:39 | Chroma] LinkinParkEnvironment.[0]Environment.[50]TunnelRotatingLasersPair (6).[1]BaseR.[0]Laser.[1]BakedBloom
[DEBUG @ 18:54:39 | Chroma] LinkinParkEnvironment.[0]Environment.[51]TunnelRotatingLasersPair (7)
[DEBUG @ 18:54:39 | Chroma] LinkinParkEnvironment.[0]Environment.[51]TunnelRotatingLasersPair (7).[0]BaseL
[DEBUG @ 18:54:39 | Chroma] LinkinParkEnvironment.[0]Environment.[51]TunnelRotatingLasersPair (7).[0]BaseL.[0]Laser
[DEBUG @ 18:54:39 | Chroma] LinkinParkEnvironment.[0]Environment.[51]TunnelRotatingLasersPair (7).[0]BaseL.[0]Laser.[0]BoxLight
[DEBUG @ 18:54:39 | Chroma] LinkinParkEnvironment.[0]Environment.[51]TunnelRotatingLasersPair (7).[0]BaseL.[0]Laser.[1]BakedBloom
[DEBUG @ 18:54:39 | Chroma] LinkinParkEnvironment.[0]Environment.[51]TunnelRotatingLasersPair (7).[1]BaseR
[DEBUG @ 18:54:39 | Chroma] LinkinParkEnvironment.[0]Environment.[51]TunnelRotatingLasersPair (7).[1]BaseR.[0]Laser
[DEBUG @ 18:54:39 | Chroma] LinkinParkEnvironment.[0]Environment.[51]TunnelRotatingLasersPair (7).[1]BaseR.[0]Laser.[0]BoxLight
[DEBUG @ 18:54:39 | Chroma] LinkinParkEnvironment.[0]Environment.[51]TunnelRotatingLasersPair (7).[1]BaseR.[0]Laser.[1]BakedBloom
[DEBUG @ 18:54:39 | Chroma] LinkinParkEnvironment.[0]Environment.[52]TunnelRotatingLasersPair (8)
[DEBUG @ 18:54:39 | Chroma] LinkinParkEnvironment.[0]Environment.[52]TunnelRotatingLasersPair (8).[0]BaseL
[DEBUG @ 18:54:39 | Chroma] LinkinParkEnvironment.[0]Environment.[52]TunnelRotatingLasersPair (8).[0]BaseL.[0]Laser
[DEBUG @ 18:54:39 | Chroma] LinkinParkEnvironment.[0]Environment.[52]TunnelRotatingLasersPair (8).[0]BaseL.[0]Laser.[0]BoxLight
[DEBUG @ 18:54:39 | Chroma] LinkinParkEnvironment.[0]Environment.[52]TunnelRotatingLasersPair (8).[0]BaseL.[0]Laser.[1]BakedBloom
[DEBUG @ 18:54:39 | Chroma] LinkinParkEnvironment.[0]Environment.[52]TunnelRotatingLasersPair (8).[1]BaseR
[DEBUG @ 18:54:39 | Chroma] LinkinParkEnvironment.[0]Environment.[52]TunnelRotatingLasersPair (8).[1]BaseR.[0]Laser
[DEBUG @ 18:54:39 | Chroma] LinkinParkEnvironment.[0]Environment.[52]TunnelRotatingLasersPair (8).[1]BaseR.[0]Laser.[0]BoxLight
[DEBUG @ 18:54:39 | Chroma] LinkinParkEnvironment.[0]Environment.[52]TunnelRotatingLasersPair (8).[1]BaseR.[0]Laser.[1]BakedBloom
[DEBUG @ 18:54:39 | Chroma] LinkinParkEnvironment.[0]Environment.[53]TunnelRotatingLasersPair (9)
[DEBUG @ 18:54:39 | Chroma] LinkinParkEnvironment.[0]Environment.[53]TunnelRotatingLasersPair (9).[0]BaseL
[DEBUG @ 18:54:39 | Chroma] LinkinParkEnvironment.[0]Environment.[53]TunnelRotatingLasersPair (9).[0]BaseL.[0]Laser
[DEBUG @ 18:54:39 | Chroma] LinkinParkEnvironment.[0]Environment.[53]TunnelRotatingLasersPair (9).[0]BaseL.[0]Laser.[0]BoxLight
[DEBUG @ 18:54:39 | Chroma] LinkinParkEnvironment.[0]Environment.[53]TunnelRotatingLasersPair (9).[0]BaseL.[0]Laser.[1]BakedBloom
[DEBUG @ 18:54:39 | Chroma] LinkinParkEnvironment.[0]Environment.[53]TunnelRotatingLasersPair (9).[1]BaseR
[DEBUG @ 18:54:39 | Chroma] LinkinParkEnvironment.[0]Environment.[53]TunnelRotatingLasersPair (9).[1]BaseR.[0]Laser
[DEBUG @ 18:54:39 | Chroma] LinkinParkEnvironment.[0]Environment.[53]TunnelRotatingLasersPair (9).[1]BaseR.[0]Laser.[0]BoxLight
[DEBUG @ 18:54:39 | Chroma] LinkinParkEnvironment.[0]Environment.[53]TunnelRotatingLasersPair (9).[1]BaseR.[0]Laser.[1]BakedBloom
[DEBUG @ 18:54:39 | Chroma] LinkinParkEnvironment.[0]Environment.[54]TunnelRotatingLasersPair (10)
[DEBUG @ 18:54:39 | Chroma] LinkinParkEnvironment.[0]Environment.[54]TunnelRotatingLasersPair (10).[0]BaseL
[DEBUG @ 18:54:39 | Chroma] LinkinParkEnvironment.[0]Environment.[54]TunnelRotatingLasersPair (10).[0]BaseL.[0]Laser
[DEBUG @ 18:54:39 | Chroma] LinkinParkEnvironment.[0]Environment.[54]TunnelRotatingLasersPair (10).[0]BaseL.[0]Laser.[0]BoxLight
[DEBUG @ 18:54:39 | Chroma] LinkinParkEnvironment.[0]Environment.[54]TunnelRotatingLasersPair (10).[0]BaseL.[0]Laser.[1]BakedBloom
[DEBUG @ 18:54:39 | Chroma] LinkinParkEnvironment.[0]Environment.[54]TunnelRotatingLasersPair (10).[1]BaseR
[DEBUG @ 18:54:39 | Chroma] LinkinParkEnvironment.[0]Environment.[54]TunnelRotatingLasersPair (10).[1]BaseR.[0]Laser
[DEBUG @ 18:54:39 | Chroma] LinkinParkEnvironment.[0]Environment.[54]TunnelRotatingLasersPair (10).[1]BaseR.[0]Laser.[0]BoxLight
[DEBUG @ 18:54:39 | Chroma] LinkinParkEnvironment.[0]Environment.[54]TunnelRotatingLasersPair (10).[1]BaseR.[0]Laser.[1]BakedBloom
[DEBUG @ 18:54:39 | Chroma] LinkinParkEnvironment.[0]Environment.[55]TunnelRotatingLasersPair (11)
[DEBUG @ 18:54:39 | Chroma] LinkinParkEnvironment.[0]Environment.[55]TunnelRotatingLasersPair (11).[0]BaseL
[DEBUG @ 18:54:39 | Chroma] LinkinParkEnvironment.[0]Environment.[55]TunnelRotatingLasersPair (11).[0]BaseL.[0]Laser
[DEBUG @ 18:54:39 | Chroma] LinkinParkEnvironment.[0]Environment.[55]TunnelRotatingLasersPair (11).[0]BaseL.[0]Laser.[0]BoxLight
[DEBUG @ 18:54:39 | Chroma] LinkinParkEnvironment.[0]Environment.[55]TunnelRotatingLasersPair (11).[0]BaseL.[0]Laser.[1]BakedBloom
[DEBUG @ 18:54:39 | Chroma] LinkinParkEnvironment.[0]Environment.[55]TunnelRotatingLasersPair (11).[1]BaseR
[DEBUG @ 18:54:39 | Chroma] LinkinParkEnvironment.[0]Environment.[55]TunnelRotatingLasersPair (11).[1]BaseR.[0]Laser
[DEBUG @ 18:54:39 | Chroma] LinkinParkEnvironment.[0]Environment.[55]TunnelRotatingLasersPair (11).[1]BaseR.[0]Laser.[0]BoxLight
[DEBUG @ 18:54:39 | Chroma] LinkinParkEnvironment.[0]Environment.[55]TunnelRotatingLasersPair (11).[1]BaseR.[0]Laser.[1]BakedBloom
[DEBUG @ 18:54:39 | Chroma] LinkinParkEnvironment.[0]Environment.[56]TunnelRotatingLasersPair (12)
[DEBUG @ 18:54:39 | Chroma] LinkinParkEnvironment.[0]Environment.[56]TunnelRotatingLasersPair (12).[0]BaseL
[DEBUG @ 18:54:39 | Chroma] LinkinParkEnvironment.[0]Environment.[56]TunnelRotatingLasersPair (12).[0]BaseL.[0]Laser
[DEBUG @ 18:54:39 | Chroma] LinkinParkEnvironment.[0]Environment.[56]TunnelRotatingLasersPair (12).[0]BaseL.[0]Laser.[0]BoxLight
[DEBUG @ 18:54:39 | Chroma] LinkinParkEnvironment.[0]Environment.[56]TunnelRotatingLasersPair (12).[0]BaseL.[0]Laser.[1]BakedBloom
[DEBUG @ 18:54:39 | Chroma] LinkinParkEnvironment.[0]Environment.[56]TunnelRotatingLasersPair (12).[1]BaseR
[DEBUG @ 18:54:39 | Chroma] LinkinParkEnvironment.[0]Environment.[56]TunnelRotatingLasersPair (12).[1]BaseR.[0]Laser
[DEBUG @ 18:54:39 | Chroma] LinkinParkEnvironment.[0]Environment.[56]TunnelRotatingLasersPair (12).[1]BaseR.[0]Laser.[0]BoxLight
[DEBUG @ 18:54:39 | Chroma] LinkinParkEnvironment.[0]Environment.[56]TunnelRotatingLasersPair (12).[1]BaseR.[0]Laser.[1]BakedBloom
[DEBUG @ 18:54:39 | Chroma] LinkinParkEnvironment.[0]Environment.[57]TunnelRotatingLasersPair (13)
[DEBUG @ 18:54:39 | Chroma] LinkinParkEnvironment.[0]Environment.[57]TunnelRotatingLasersPair (13).[0]BaseL
[DEBUG @ 18:54:39 | Chroma] LinkinParkEnvironment.[0]Environment.[57]TunnelRotatingLasersPair (13).[0]BaseL.[0]Laser
[DEBUG @ 18:54:39 | Chroma] LinkinParkEnvironment.[0]Environment.[57]TunnelRotatingLasersPair (13).[0]BaseL.[0]Laser.[0]BoxLight
[DEBUG @ 18:54:39 | Chroma] LinkinParkEnvironment.[0]Environment.[57]TunnelRotatingLasersPair (13).[0]BaseL.[0]Laser.[1]BakedBloom
[DEBUG @ 18:54:39 | Chroma] LinkinParkEnvironment.[0]Environment.[57]TunnelRotatingLasersPair (13).[1]BaseR
[DEBUG @ 18:54:39 | Chroma] LinkinParkEnvironment.[0]Environment.[57]TunnelRotatingLasersPair (13).[1]BaseR.[0]Laser
[DEBUG @ 18:54:39 | Chroma] LinkinParkEnvironment.[0]Environment.[57]TunnelRotatingLasersPair (13).[1]BaseR.[0]Laser.[0]BoxLight
[DEBUG @ 18:54:39 | Chroma] LinkinParkEnvironment.[0]Environment.[57]TunnelRotatingLasersPair (13).[1]BaseR.[0]Laser.[1]BakedBloom
[DEBUG @ 18:54:39 | Chroma] LinkinParkEnvironment.[0]Environment.[58]TunnelRotatingLasersPair (14)
[DEBUG @ 18:54:39 | Chroma] LinkinParkEnvironment.[0]Environment.[58]TunnelRotatingLasersPair (14).[0]BaseL
[DEBUG @ 18:54:39 | Chroma] LinkinParkEnvironment.[0]Environment.[58]TunnelRotatingLasersPair (14).[0]BaseL.[0]Laser
[DEBUG @ 18:54:39 | Chroma] LinkinParkEnvironment.[0]Environment.[58]TunnelRotatingLasersPair (14).[0]BaseL.[0]Laser.[0]BoxLight
[DEBUG @ 18:54:39 | Chroma] LinkinParkEnvironment.[0]Environment.[58]TunnelRotatingLasersPair (14).[0]BaseL.[0]Laser.[1]BakedBloom
[DEBUG @ 18:54:39 | Chroma] LinkinParkEnvironment.[0]Environment.[58]TunnelRotatingLasersPair (14).[1]BaseR
[DEBUG @ 18:54:39 | Chroma] LinkinParkEnvironment.[0]Environment.[58]TunnelRotatingLasersPair (14).[1]BaseR.[0]Laser
[DEBUG @ 18:54:39 | Chroma] LinkinParkEnvironment.[0]Environment.[58]TunnelRotatingLasersPair (14).[1]BaseR.[0]Laser.[0]BoxLight
[DEBUG @ 18:54:39 | Chroma] LinkinParkEnvironment.[0]Environment.[58]TunnelRotatingLasersPair (14).[1]BaseR.[0]Laser.[1]BakedBloom
[DEBUG @ 18:54:39 | Chroma] LinkinParkEnvironment.[0]Environment.[59]TunnelRotatingLasersPair (15)
[DEBUG @ 18:54:39 | Chroma] LinkinParkEnvironment.[0]Environment.[59]TunnelRotatingLasersPair (15).[0]BaseL
[DEBUG @ 18:54:39 | Chroma] LinkinParkEnvironment.[0]Environment.[59]TunnelRotatingLasersPair (15).[0]BaseL.[0]Laser
[DEBUG @ 18:54:39 | Chroma] LinkinParkEnvironment.[0]Environment.[59]TunnelRotatingLasersPair (15).[0]BaseL.[0]Laser.[0]BoxLight
[DEBUG @ 18:54:39 | Chroma] LinkinParkEnvironment.[0]Environment.[59]TunnelRotatingLasersPair (15).[0]BaseL.[0]Laser.[1]BakedBloom
[DEBUG @ 18:54:39 | Chroma] LinkinParkEnvironment.[0]Environment.[59]TunnelRotatingLasersPair (15).[1]BaseR
[DEBUG @ 18:54:39 | Chroma] LinkinParkEnvironment.[0]Environment.[59]TunnelRotatingLasersPair (15).[1]BaseR.[0]Laser
[DEBUG @ 18:54:39 | Chroma] LinkinParkEnvironment.[0]Environment.[59]TunnelRotatingLasersPair (15).[1]BaseR.[0]Laser.[0]BoxLight
[DEBUG @ 18:54:39 | Chroma] LinkinParkEnvironment.[0]Environment.[59]TunnelRotatingLasersPair (15).[1]BaseR.[0]Laser.[1]BakedBloom
[DEBUG @ 18:54:39 | Chroma] LinkinParkEnvironment.[0]Environment.[6]BSRealtimeLightmapping
[DEBUG @ 18:54:39 | Chroma] LinkinParkEnvironment.[0]Environment.[60]TunnelRotatingLasersPair (16)
[DEBUG @ 18:54:39 | Chroma] LinkinParkEnvironment.[0]Environment.[60]TunnelRotatingLasersPair (16).[0]BaseL
[DEBUG @ 18:54:39 | Chroma] LinkinParkEnvironment.[0]Environment.[60]TunnelRotatingLasersPair (16).[0]BaseL.[0]Laser
[DEBUG @ 18:54:39 | Chroma] LinkinParkEnvironment.[0]Environment.[60]TunnelRotatingLasersPair (16).[0]BaseL.[0]Laser.[0]BoxLight
[DEBUG @ 18:54:39 | Chroma] LinkinParkEnvironment.[0]Environment.[60]TunnelRotatingLasersPair (16).[0]BaseL.[0]Laser.[1]BakedBloom
[DEBUG @ 18:54:39 | Chroma] LinkinParkEnvironment.[0]Environment.[60]TunnelRotatingLasersPair (16).[1]BaseR
[DEBUG @ 18:54:39 | Chroma] LinkinParkEnvironment.[0]Environment.[60]TunnelRotatingLasersPair (16).[1]BaseR.[0]Laser
[DEBUG @ 18:54:39 | Chroma] LinkinParkEnvironment.[0]Environment.[60]TunnelRotatingLasersPair (16).[1]BaseR.[0]Laser.[0]BoxLight
[DEBUG @ 18:54:39 | Chroma] LinkinParkEnvironment.[0]Environment.[60]TunnelRotatingLasersPair (16).[1]BaseR.[0]Laser.[1]BakedBloom
[DEBUG @ 18:54:39 | Chroma] LinkinParkEnvironment.[0]Environment.[61]TunnelRotatingLasersPair (17)
[DEBUG @ 18:54:39 | Chroma] LinkinParkEnvironment.[0]Environment.[61]TunnelRotatingLasersPair (17).[0]BaseL
[DEBUG @ 18:54:39 | Chroma] LinkinParkEnvironment.[0]Environment.[61]TunnelRotatingLasersPair (17).[0]BaseL.[0]Laser
[DEBUG @ 18:54:39 | Chroma] LinkinParkEnvironment.[0]Environment.[61]TunnelRotatingLasersPair (17).[0]BaseL.[0]Laser.[0]BoxLight
[DEBUG @ 18:54:39 | Chroma] LinkinParkEnvironment.[0]Environment.[61]TunnelRotatingLasersPair (17).[0]BaseL.[0]Laser.[1]BakedBloom
[DEBUG @ 18:54:39 | Chroma] LinkinParkEnvironment.[0]Environment.[61]TunnelRotatingLasersPair (17).[1]BaseR
[DEBUG @ 18:54:39 | Chroma] LinkinParkEnvironment.[0]Environment.[61]TunnelRotatingLasersPair (17).[1]BaseR.[0]Laser
[DEBUG @ 18:54:39 | Chroma] LinkinParkEnvironment.[0]Environment.[61]TunnelRotatingLasersPair (17).[1]BaseR.[0]Laser.[0]BoxLight
[DEBUG @ 18:54:39 | Chroma] LinkinParkEnvironment.[0]Environment.[61]TunnelRotatingLasersPair (17).[1]BaseR.[0]Laser.[1]BakedBloom
[DEBUG @ 18:54:39 | Chroma] LinkinParkEnvironment.[0]Environment.[62]LaserTop
[DEBUG @ 18:54:39 | Chroma] LinkinParkEnvironment.[0]Environment.[62]LaserTop.[0]BoxLight
[DEBUG @ 18:54:39 | Chroma] LinkinParkEnvironment.[0]Environment.[62]LaserTop.[1]BakedBloom
[DEBUG @ 18:54:39 | Chroma] LinkinParkEnvironment.[0]Environment.[63]LaserTop (1)
[DEBUG @ 18:54:39 | Chroma] LinkinParkEnvironment.[0]Environment.[63]LaserTop (1).[0]BoxLight
[DEBUG @ 18:54:39 | Chroma] LinkinParkEnvironment.[0]Environment.[63]LaserTop (1).[1]BakedBloom
[DEBUG @ 18:54:39 | Chroma] LinkinParkEnvironment.[0]Environment.[64]LaserTop (2)
[DEBUG @ 18:54:39 | Chroma] LinkinParkEnvironment.[0]Environment.[64]LaserTop (2).[0]BoxLight
[DEBUG @ 18:54:39 | Chroma] LinkinParkEnvironment.[0]Environment.[64]LaserTop (2).[1]BakedBloom
[DEBUG @ 18:54:39 | Chroma] LinkinParkEnvironment.[0]Environment.[65]LaserTop (3)
[DEBUG @ 18:54:39 | Chroma] LinkinParkEnvironment.[0]Environment.[65]LaserTop (3).[0]BoxLight
[DEBUG @ 18:54:39 | Chroma] LinkinParkEnvironment.[0]Environment.[65]LaserTop (3).[1]BakedBloom
[DEBUG @ 18:54:39 | Chroma] LinkinParkEnvironment.[0]Environment.[66]LaserTop (4)
[DEBUG @ 18:54:39 | Chroma] LinkinParkEnvironment.[0]Environment.[66]LaserTop (4).[0]BoxLight
[DEBUG @ 18:54:39 | Chroma] LinkinParkEnvironment.[0]Environment.[66]LaserTop (4).[1]BakedBloom
[DEBUG @ 18:54:39 | Chroma] LinkinParkEnvironment.[0]Environment.[67]LaserTop (5)
[DEBUG @ 18:54:39 | Chroma] LinkinParkEnvironment.[0]Environment.[67]LaserTop (5).[0]BoxLight
[DEBUG @ 18:54:39 | Chroma] LinkinParkEnvironment.[0]Environment.[67]LaserTop (5).[1]BakedBloom
[DEBUG @ 18:54:39 | Chroma] LinkinParkEnvironment.[0]Environment.[68]LaserTop (6)
[DEBUG @ 18:54:39 | Chroma] LinkinParkEnvironment.[0]Environment.[68]LaserTop (6).[0]BoxLight
[DEBUG @ 18:54:39 | Chroma] LinkinParkEnvironment.[0]Environment.[68]LaserTop (6).[1]BakedBloom
[DEBUG @ 18:54:39 | Chroma] LinkinParkEnvironment.[0]Environment.[69]LaserTop (7)
[DEBUG @ 18:54:39 | Chroma] LinkinParkEnvironment.[0]Environment.[69]LaserTop (7).[0]BoxLight
[DEBUG @ 18:54:39 | Chroma] LinkinParkEnvironment.[0]Environment.[69]LaserTop (7).[1]BakedBloom
[DEBUG @ 18:54:39 | Chroma] LinkinParkEnvironment.[0]Environment.[7]BSBakedLightingLightWithIds
[DEBUG @ 18:54:39 | Chroma] LinkinParkEnvironment.[0]Environment.[8]BakedReflectionProbe
[DEBUG @ 18:54:39 | Chroma] LinkinParkEnvironment.[0]Environment.[9]====== STATIC ======