[DEBUG @ 18:47:55 | Chroma] GameCore.[10]SmallTrackLaneRing(Clone)
[DEBUG @ 18:47:55 | Chroma] GameCore.[10]SmallTrackLaneRing(Clone).[0]Ring
[DEBUG @ 18:47:55 | Chroma] GameCore.[11]SmallTrackLaneRing(Clone)
[DEBUG @ 18:47:55 | Chroma] GameCore.[11]SmallTrackLaneRing(Clone).[0]Ring
[DEBUG @ 18:47:55 | Chroma] GameCore.[12]SmallTrackLaneRing(Clone)
[DEBUG @ 18:47:55 | Chroma] GameCore.[12]SmallTrackLaneRing(Clone).[0]Ring
[DEBUG @ 18:47:55 | Chroma] GameCore.[13]SmallTrackLaneRing(Clone)
[DEBUG @ 18:47:55 | Chroma] GameCore.[13]SmallTrackLaneRing(Clone).[0]Ring
[DEBUG @ 18:47:55 | Chroma] GameCore.[14]SmallTrackLaneRing(Clone)
[DEBUG @ 18:47:55 | Chroma] GameCore.[14]SmallTrackLaneRing(Clone).[0]Ring
[DEBUG @ 18:47:55 | Chroma] GameCore.[15]SmallTrackLaneRing(Clone)
[DEBUG @ 18:47:55 | Chroma] GameCore.[15]SmallTrackLaneRing(Clone).[0]Ring
[DEBUG @ 18:47:55 | Chroma] GameCore.[16]SmallTrackLaneRing(Clone)
[DEBUG @ 18:47:55 | Chroma] GameCore.[16]SmallTrackLaneRing(Clone).[0]Ring
[DEBUG @ 18:47:55 | Chroma] GameCore.[17]SmallTrackLaneRing(Clone)
[DEBUG @ 18:47:55 | Chroma] GameCore.[17]SmallTrackLaneRing(Clone).[0]Ring
[DEBUG @ 18:47:55 | Chroma] GameCore.[18]SmallTrackLaneRing(Clone)
[DEBUG @ 18:47:55 | Chroma] GameCore.[18]SmallTrackLaneRing(Clone).[0]Ring
[DEBUG @ 18:47:55 | Chroma] GameCore.[19]SmallTrackLaneRing(Clone)
[DEBUG @ 18:47:55 | Chroma] GameCore.[19]SmallTrackLaneRing(Clone).[0]Ring
[DEBUG @ 18:47:55 | Chroma] GameCore.[20]SmallTrackLaneRing(Clone)
[DEBUG @ 18:47:55 | Chroma] GameCore.[20]SmallTrackLaneRing(Clone).[0]Ring
[DEBUG @ 18:47:55 | Chroma] GameCore.[21]SmallTrackLaneRing(Clone)
[DEBUG @ 18:47:55 | Chroma] GameCore.[21]SmallTrackLaneRing(Clone).[0]Ring
[DEBUG @ 18:47:55 | Chroma] GameCore.[22]SmallTrackLaneRing(Clone)
[DEBUG @ 18:47:55 | Chroma] GameCore.[22]SmallTrackLaneRing(Clone).[0]Ring
[DEBUG @ 18:47:55 | Chroma] GameCore.[23]SmallTrackLaneRing(Clone)
[DEBUG @ 18:47:55 | Chroma] GameCore.[23]SmallTrackLaneRing(Clone).[0]Ring
[DEBUG @ 18:47:55 | Chroma] GameCore.[24]SmallTrackLaneRing(Clone)
[DEBUG @ 18:47:55 | Chroma] GameCore.[24]SmallTrackLaneRing(Clone).[0]Ring
[DEBUG @ 18:47:55 | Chroma] GameCore.[25]SmallTrackLaneRing(Clone)
[DEBUG @ 18:47:55 | Chroma] GameCore.[25]SmallTrackLaneRing(Clone).[0]Ring
[DEBUG @ 18:47:55 | Chroma] GameCore.[26]SmallTrackLaneRing(Clone)
[DEBUG @ 18:47:55 | Chroma] GameCore.[26]SmallTrackLaneRing(Clone).[0]Ring
[DEBUG @ 18:47:55 | Chroma] GameCore.[27]SmallTrackLaneRing(Clone)
[DEBUG @ 18:47:55 | Chroma] GameCore.[27]SmallTrackLaneRing(Clone).[0]Ring
[DEBUG @ 18:47:55 | Chroma] GameCore.[28]SmallTrackLaneRing(Clone)
[DEBUG @ 18:47:55 | Chroma] GameCore.[28]SmallTrackLaneRing(Clone).[0]Ring
[DEBUG @ 18:47:55 | Chroma] GameCore.[29]SmallTrackLaneRing(Clone)
[DEBUG @ 18:47:55 | Chroma] GameCore.[29]SmallTrackLaneRing(Clone).[0]Ring
[DEBUG @ 18:47:55 | Chroma] GameCore.[30]SmallTrackLaneRing(Clone)
[DEBUG @ 18:47:55 | Chroma] GameCore.[30]SmallTrackLaneRing(Clone).[0]Ring
[DEBUG @ 18:47:55 | Chroma] GameCore.[31]SmallTrackLaneRing(Clone)
[DEBUG @ 18:47:55 | Chroma] GameCore.[31]SmallTrackLaneRing(Clone).[0]Ring
[DEBUG @ 18:47:55 | Chroma] GameCore.[32]SmallTrackLaneRing(Clone)
[DEBUG @ 18:47:55 | Chroma] GameCore.[32]SmallTrackLaneRing(Clone).[0]Ring
[DEBUG @ 18:47:55 | Chroma] GameCore.[33]SmallTrackLaneRing(Clone)
[DEBUG @ 18:47:55 | Chroma] GameCore.[33]SmallTrackLaneRing(Clone).[0]Ring
[DEBUG @ 18:47:55 | Chroma] GameCore.[34]BigTrackLaneRing(Clone)
[DEBUG @ 18:47:55 | Chroma] GameCore.[34]BigTrackLaneRing(Clone).[0]Ring
[DEBUG @ 18:47:55 | Chroma] GameCore.[34]BigTrackLaneRing(Clone).[1]NeonTubeBothSidesDirectional
[DEBUG @ 18:47:55 | Chroma] GameCore.[34]BigTrackLaneRing(Clone).[1]NeonTubeBothSidesDirectional.[0]BakedBloom
[DEBUG @ 18:47:55 | Chroma] GameCore.[34]BigTrackLaneRing(Clone).[1]NeonTubeBothSidesDirectional.[1]BoxLight
[DEBUG @ 18:47:55 | Chroma] GameCore.[34]BigTrackLaneRing(Clone).[2]NeonTubeBothSidesDirectional (1)
[DEBUG @ 18:47:55 | Chroma] GameCore.[34]BigTrackLaneRing(Clone).[2]NeonTubeBothSidesDirectional (1).[0]BakedBloom
[DEBUG @ 18:47:55 | Chroma] GameCore.[34]BigTrackLaneRing(Clone).[2]NeonTubeBothSidesDirectional (1).[1]BoxLight
[DEBUG @ 18:47:55 | Chroma] GameCore.[34]BigTrackLaneRing(Clone).[3]NeonTubeBothSidesDirectional (2)
[DEBUG @ 18:47:55 | Chroma] GameCore.[34]BigTrackLaneRing(Clone).[3]NeonTubeBothSidesDirectional (2).[0]BakedBloom
[DEBUG @ 18:47:55 | Chroma] GameCore.[34]BigTrackLaneRing(Clone).[3]NeonTubeBothSidesDirectional (2).[1]BoxLight
[DEBUG @ 18:47:55 | Chroma] GameCore.[34]BigTrackLaneRing(Clone).[4]NeonTubeBothSidesDirectional (3)
[DEBUG @ 18:47:55 | Chroma] GameCore.[34]BigTrackLaneRing(Clone).[4]NeonTubeBothSidesDirectional (3).[0]BakedBloom
[DEBUG @ 18:47:55 | Chroma] GameCore.[34]BigTrackLaneRing(Clone).[4]NeonTubeBothSidesDirectional (3).[1]BoxLight
[DEBUG @ 18:47:55 | Chroma] GameCore.[35]BigTrackLaneRing(Clone)
[DEBUG @ 18:47:55 | Chroma] GameCore.[35]BigTrackLaneRing(Clone).[0]Ring
[DEBUG @ 18:47:55 | Chroma] GameCore.[35]BigTrackLaneRing(Clone).[1]NeonTubeBothSidesDirectional
[DEBUG @ 18:47:55 | Chroma] GameCore.[35]BigTrackLaneRing(Clone).[1]NeonTubeBothSidesDirectional.[0]BakedBloom
[DEBUG @ 18:47:55 | Chroma] GameCore.[35]BigTrackLaneRing(Clone).[1]NeonTubeBothSidesDirectional.[1]BoxLight
[DEBUG @ 18:47:55 | Chroma] GameCore.[35]BigTrackLaneRing(Clone).[2]NeonTubeBothSidesDirectional (1)
[DEBUG @ 18:47:55 | Chroma] GameCore.[35]BigTrackLaneRing(Clone).[2]NeonTubeBothSidesDirectional (1).[0]BakedBloom
[DEBUG @ 18:47:55 | Chroma] GameCore.[35]BigTrackLaneRing(Clone).[2]NeonTubeBothSidesDirectional (1).[1]BoxLight
[DEBUG @ 18:47:55 | Chroma] GameCore.[35]BigTrackLaneRing(Clone).[3]NeonTubeBothSidesDirectional (2)
[DEBUG @ 18:47:55 | Chroma] GameCore.[35]BigTrackLaneRing(Clone).[3]NeonTubeBothSidesDirectional (2).[0]BakedBloom
[DEBUG @ 18:47:55 | Chroma] GameCore.[35]BigTrackLaneRing(Clone).[3]NeonTubeBothSidesDirectional (2).[1]BoxLight
[DEBUG @ 18:47:55 | Chroma] GameCore.[35]BigTrackLaneRing(Clone).[4]NeonTubeBothSidesDirectional (3)
[DEBUG @ 18:47:55 | Chroma] GameCore.[35]BigTrackLaneRing(Clone).[4]NeonTubeBothSidesDirectional (3).[0]BakedBloom
[DEBUG @ 18:47:55 | Chroma] GameCore.[35]BigTrackLaneRing(Clone).[4]NeonTubeBothSidesDirectional (3).[1]BoxLight
[DEBUG @ 18:47:55 | Chroma] GameCore.[36]BigTrackLaneRing(Clone)
[DEBUG @ 18:47:55 | Chroma] GameCore.[36]BigTrackLaneRing(Clone).[0]Ring
[DEBUG @ 18:47:55 | Chroma] GameCore.[36]BigTrackLaneRing(Clone).[1]NeonTubeBothSidesDirectional
[DEBUG @ 18:47:55 | Chroma] GameCore.[36]BigTrackLaneRing(Clone).[1]NeonTubeBothSidesDirectional.[0]BakedBloom
[DEBUG @ 18:47:55 | Chroma] GameCore.[36]BigTrackLaneRing(Clone).[1]NeonTubeBothSidesDirectional.[1]BoxLight
[DEBUG @ 18:47:55 | Chroma] GameCore.[36]BigTrackLaneRing(Clone).[2]NeonTubeBothSidesDirectional (1)
[DEBUG @ 18:47:55 | Chroma] GameCore.[36]BigTrackLaneRing(Clone).[2]NeonTubeBothSidesDirectional (1).[0]BakedBloom
[DEBUG @ 18:47:55 | Chroma] GameCore.[36]BigTrackLaneRing(Clone).[2]NeonTubeBothSidesDirectional (1).[1]BoxLight
[DEBUG @ 18:47:55 | Chroma] GameCore.[36]BigTrackLaneRing(Clone).[3]NeonTubeBothSidesDirectional (2)
[DEBUG @ 18:47:55 | Chroma] GameCore.[36]BigTrackLaneRing(Clone).[3]NeonTubeBothSidesDirectional (2).[0]BakedBloom
[DEBUG @ 18:47:55 | Chroma] GameCore.[36]BigTrackLaneRing(Clone).[3]NeonTubeBothSidesDirectional (2).[1]BoxLight
[DEBUG @ 18:47:55 | Chroma] GameCore.[36]BigTrackLaneRing(Clone).[4]NeonTubeBothSidesDirectional (3)
[DEBUG @ 18:47:55 | Chroma] GameCore.[36]BigTrackLaneRing(Clone).[4]NeonTubeBothSidesDirectional (3).[0]BakedBloom
[DEBUG @ 18:47:55 | Chroma] GameCore.[36]BigTrackLaneRing(Clone).[4]NeonTubeBothSidesDirectional (3).[1]BoxLight
[DEBUG @ 18:47:55 | Chroma] GameCore.[37]BigTrackLaneRing(Clone)
[DEBUG @ 18:47:55 | Chroma] GameCore.[37]BigTrackLaneRing(Clone).[0]Ring
[DEBUG @ 18:47:55 | Chroma] GameCore.[37]BigTrackLaneRing(Clone).[1]NeonTubeBothSidesDirectional
[DEBUG @ 18:47:55 | Chroma] GameCore.[37]BigTrackLaneRing(Clone).[1]NeonTubeBothSidesDirectional.[0]BakedBloom
[DEBUG @ 18:47:55 | Chroma] GameCore.[37]BigTrackLaneRing(Clone).[1]NeonTubeBothSidesDirectional.[1]BoxLight
[DEBUG @ 18:47:55 | Chroma] GameCore.[37]BigTrackLaneRing(Clone).[2]NeonTubeBothSidesDirectional (1)
[DEBUG @ 18:47:55 | Chroma] GameCore.[37]BigTrackLaneRing(Clone).[2]NeonTubeBothSidesDirectional (1).[0]BakedBloom
[DEBUG @ 18:47:55 | Chroma] GameCore.[37]BigTrackLaneRing(Clone).[2]NeonTubeBothSidesDirectional (1).[1]BoxLight
[DEBUG @ 18:47:55 | Chroma] GameCore.[37]BigTrackLaneRing(Clone).[3]NeonTubeBothSidesDirectional (2)
[DEBUG @ 18:47:55 | Chroma] GameCore.[37]BigTrackLaneRing(Clone).[3]NeonTubeBothSidesDirectional (2).[0]BakedBloom
[DEBUG @ 18:47:55 | Chroma] GameCore.[37]BigTrackLaneRing(Clone).[3]NeonTubeBothSidesDirectional (2).[1]BoxLight
[DEBUG @ 18:47:55 | Chroma] GameCore.[37]BigTrackLaneRing(Clone).[4]NeonTubeBothSidesDirectional (3)
[DEBUG @ 18:47:55 | Chroma] GameCore.[37]BigTrackLaneRing(Clone).[4]NeonTubeBothSidesDirectional (3).[0]BakedBloom
[DEBUG @ 18:47:55 | Chroma] GameCore.[37]BigTrackLaneRing(Clone).[4]NeonTubeBothSidesDirectional (3).[1]BoxLight
[DEBUG @ 18:47:55 | Chroma] GameCore.[38]BigTrackLaneRing(Clone)
[DEBUG @ 18:47:55 | Chroma] GameCore.[38]BigTrackLaneRing(Clone).[0]Ring
[DEBUG @ 18:47:55 | Chroma] GameCore.[38]BigTrackLaneRing(Clone).[1]NeonTubeBothSidesDirectional
[DEBUG @ 18:47:55 | Chroma] GameCore.[38]BigTrackLaneRing(Clone).[1]NeonTubeBothSidesDirectional.[0]BakedBloom
[DEBUG @ 18:47:55 | Chroma] GameCore.[38]BigTrackLaneRing(Clone).[1]NeonTubeBothSidesDirectional.[1]BoxLight
[DEBUG @ 18:47:55 | Chroma] GameCore.[38]BigTrackLaneRing(Clone).[2]NeonTubeBothSidesDirectional (1)
[DEBUG @ 18:47:55 | Chroma] GameCore.[38]BigTrackLaneRing(Clone).[2]NeonTubeBothSidesDirectional (1).[0]BakedBloom
[DEBUG @ 18:47:55 | Chroma] GameCore.[38]BigTrackLaneRing(Clone).[2]NeonTubeBothSidesDirectional (1).[1]BoxLight
[DEBUG @ 18:47:55 | Chroma] GameCore.[38]BigTrackLaneRing(Clone).[3]NeonTubeBothSidesDirectional (2)
[DEBUG @ 18:47:55 | Chroma] GameCore.[38]BigTrackLaneRing(Clone).[3]NeonTubeBothSidesDirectional (2).[0]BakedBloom
[DEBUG @ 18:47:55 | Chroma] GameCore.[38]BigTrackLaneRing(Clone).[3]NeonTubeBothSidesDirectional (2).[1]BoxLight
[DEBUG @ 18:47:55 | Chroma] GameCore.[38]BigTrackLaneRing(Clone).[4]NeonTubeBothSidesDirectional (3)
[DEBUG @ 18:47:55 | Chroma] GameCore.[38]BigTrackLaneRing(Clone).[4]NeonTubeBothSidesDirectional (3).[0]BakedBloom
[DEBUG @ 18:47:55 | Chroma] GameCore.[38]BigTrackLaneRing(Clone).[4]NeonTubeBothSidesDirectional (3).[1]BoxLight
[DEBUG @ 18:47:55 | Chroma] GameCore.[39]BigTrackLaneRing(Clone)
[DEBUG @ 18:47:55 | Chroma] GameCore.[39]BigTrackLaneRing(Clone).[0]Ring
[DEBUG @ 18:47:55 | Chroma] GameCore.[39]BigTrackLaneRing(Clone).[1]NeonTubeBothSidesDirectional
[DEBUG @ 18:47:55 | Chroma] GameCore.[39]BigTrackLaneRing(Clone).[1]NeonTubeBothSidesDirectional.[0]BakedBloom
[DEBUG @ 18:47:55 | Chroma] GameCore.[39]BigTrackLaneRing(Clone).[1]NeonTubeBothSidesDirectional.[1]BoxLight
[DEBUG @ 18:47:55 | Chroma] GameCore.[39]BigTrackLaneRing(Clone).[2]NeonTubeBothSidesDirectional (1)
[DEBUG @ 18:47:55 | Chroma] GameCore.[39]BigTrackLaneRing(Clone).[2]NeonTubeBothSidesDirectional (1).[0]BakedBloom
[DEBUG @ 18:47:55 | Chroma] GameCore.[39]BigTrackLaneRing(Clone).[2]NeonTubeBothSidesDirectional (1).[1]BoxLight
[DEBUG @ 18:47:55 | Chroma] GameCore.[39]BigTrackLaneRing(Clone).[3]NeonTubeBothSidesDirectional (2)
[DEBUG @ 18:47:55 | Chroma] GameCore.[39]BigTrackLaneRing(Clone).[3]NeonTubeBothSidesDirectional (2).[0]BakedBloom
[DEBUG @ 18:47:55 | Chroma] GameCore.[39]BigTrackLaneRing(Clone).[3]NeonTubeBothSidesDirectional (2).[1]BoxLight
[DEBUG @ 18:47:55 | Chroma] GameCore.[39]BigTrackLaneRing(Clone).[4]NeonTubeBothSidesDirectional (3)
[DEBUG @ 18:47:55 | Chroma] GameCore.[39]BigTrackLaneRing(Clone).[4]NeonTubeBothSidesDirectional (3).[0]BakedBloom
[DEBUG @ 18:47:55 | Chroma] GameCore.[39]BigTrackLaneRing(Clone).[4]NeonTubeBothSidesDirectional (3).[1]BoxLight
[DEBUG @ 18:47:55 | Chroma] GameCore.[4]SmallTrackLaneRing(Clone)
[DEBUG @ 18:47:55 | Chroma] GameCore.[4]SmallTrackLaneRing(Clone).[0]Ring
[DEBUG @ 18:47:55 | Chroma] GameCore.[40]BigTrackLaneRing(Clone)
[DEBUG @ 18:47:55 | Chroma] GameCore.[40]BigTrackLaneRing(Clone).[0]Ring
[DEBUG @ 18:47:55 | Chroma] GameCore.[40]BigTrackLaneRing(Clone).[1]NeonTubeBothSidesDirectional
[DEBUG @ 18:47:55 | Chroma] GameCore.[40]BigTrackLaneRing(Clone).[1]NeonTubeBothSidesDirectional.[0]BakedBloom
[DEBUG @ 18:47:55 | Chroma] GameCore.[40]BigTrackLaneRing(Clone).[1]NeonTubeBothSidesDirectional.[1]BoxLight
[DEBUG @ 18:47:55 | Chroma] GameCore.[40]BigTrackLaneRing(Clone).[2]NeonTubeBothSidesDirectional (1)
[DEBUG @ 18:47:55 | Chroma] GameCore.[40]BigTrackLaneRing(Clone).[2]NeonTubeBothSidesDirectional (1).[0]BakedBloom
[DEBUG @ 18:47:55 | Chroma] GameCore.[40]BigTrackLaneRing(Clone).[2]NeonTubeBothSidesDirectional (1).[1]BoxLight
[DEBUG @ 18:47:55 | Chroma] GameCore.[40]BigTrackLaneRing(Clone).[3]NeonTubeBothSidesDirectional (2)
[DEBUG @ 18:47:55 | Chroma] GameCore.[40]BigTrackLaneRing(Clone).[3]NeonTubeBothSidesDirectional (2).[0]BakedBloom
[DEBUG @ 18:47:55 | Chroma] GameCore.[40]BigTrackLaneRing(Clone).[3]NeonTubeBothSidesDirectional (2).[1]BoxLight
[DEBUG @ 18:47:55 | Chroma] GameCore.[40]BigTrackLaneRing(Clone).[4]NeonTubeBothSidesDirectional (3)
[DEBUG @ 18:47:55 | Chroma] GameCore.[40]BigTrackLaneRing(Clone).[4]NeonTubeBothSidesDirectional (3).[0]BakedBloom
[DEBUG @ 18:47:55 | Chroma] GameCore.[40]BigTrackLaneRing(Clone).[4]NeonTubeBothSidesDirectional (3).[1]BoxLight
[DEBUG @ 18:47:55 | Chroma] GameCore.[41]BigTrackLaneRing(Clone)
[DEBUG @ 18:47:55 | Chroma] GameCore.[41]BigTrackLaneRing(Clone).[0]Ring
[DEBUG @ 18:47:55 | Chroma] GameCore.[41]BigTrackLaneRing(Clone).[1]NeonTubeBothSidesDirectional
[DEBUG @ 18:47:55 | Chroma] GameCore.[41]BigTrackLaneRing(Clone).[1]NeonTubeBothSidesDirectional.[0]BakedBloom
[DEBUG @ 18:47:55 | Chroma] GameCore.[41]BigTrackLaneRing(Clone).[1]NeonTubeBothSidesDirectional.[1]BoxLight
[DEBUG @ 18:47:55 | Chroma] GameCore.[41]BigTrackLaneRing(Clone).[2]NeonTubeBothSidesDirectional (1)
[DEBUG @ 18:47:55 | Chroma] GameCore.[41]BigTrackLaneRing(Clone).[2]NeonTubeBothSidesDirectional (1).[0]BakedBloom
[DEBUG @ 18:47:55 | Chroma] GameCore.[41]BigTrackLaneRing(Clone).[2]NeonTubeBothSidesDirectional (1).[1]BoxLight
[DEBUG @ 18:47:55 | Chroma] GameCore.[41]BigTrackLaneRing(Clone).[3]NeonTubeBothSidesDirectional (2)
[DEBUG @ 18:47:55 | Chroma] GameCore.[41]BigTrackLaneRing(Clone).[3]NeonTubeBothSidesDirectional (2).[0]BakedBloom
[DEBUG @ 18:47:55 | Chroma] GameCore.[41]BigTrackLaneRing(Clone).[3]NeonTubeBothSidesDirectional (2).[1]BoxLight
[DEBUG @ 18:47:55 | Chroma] GameCore.[41]BigTrackLaneRing(Clone).[4]NeonTubeBothSidesDirectional (3)
[DEBUG @ 18:47:55 | Chroma] GameCore.[41]BigTrackLaneRing(Clone).[4]NeonTubeBothSidesDirectional (3).[0]BakedBloom
[DEBUG @ 18:47:55 | Chroma] GameCore.[41]BigTrackLaneRing(Clone).[4]NeonTubeBothSidesDirectional (3).[1]BoxLight
[DEBUG @ 18:47:55 | Chroma] GameCore.[42]BigTrackLaneRing(Clone)
[DEBUG @ 18:47:55 | Chroma] GameCore.[42]BigTrackLaneRing(Clone).[0]Ring
[DEBUG @ 18:47:55 | Chroma] GameCore.[42]BigTrackLaneRing(Clone).[1]NeonTubeBothSidesDirectional
[DEBUG @ 18:47:55 | Chroma] GameCore.[42]BigTrackLaneRing(Clone).[1]NeonTubeBothSidesDirectional.[0]BakedBloom
[DEBUG @ 18:47:55 | Chroma] GameCore.[42]BigTrackLaneRing(Clone).[1]NeonTubeBothSidesDirectional.[1]BoxLight
[DEBUG @ 18:47:55 | Chroma] GameCore.[42]BigTrackLaneRing(Clone).[2]NeonTubeBothSidesDirectional (1)
[DEBUG @ 18:47:55 | Chroma] GameCore.[42]BigTrackLaneRing(Clone).[2]NeonTubeBothSidesDirectional (1).[0]BakedBloom
[DEBUG @ 18:47:55 | Chroma] GameCore.[42]BigTrackLaneRing(Clone).[2]NeonTubeBothSidesDirectional (1).[1]BoxLight
[DEBUG @ 18:47:55 | Chroma] GameCore.[42]BigTrackLaneRing(Clone).[3]NeonTubeBothSidesDirectional (2)
[DEBUG @ 18:47:55 | Chroma] GameCore.[42]BigTrackLaneRing(Clone).[3]NeonTubeBothSidesDirectional (2).[0]BakedBloom
[DEBUG @ 18:47:55 | Chroma] GameCore.[42]BigTrackLaneRing(Clone).[3]NeonTubeBothSidesDirectional (2).[1]BoxLight
[DEBUG @ 18:47:55 | Chroma] GameCore.[42]BigTrackLaneRing(Clone).[4]NeonTubeBothSidesDirectional (3)
[DEBUG @ 18:47:55 | Chroma] GameCore.[42]BigTrackLaneRing(Clone).[4]NeonTubeBothSidesDirectional (3).[0]BakedBloom
[DEBUG @ 18:47:55 | Chroma] GameCore.[42]BigTrackLaneRing(Clone).[4]NeonTubeBothSidesDirectional (3).[1]BoxLight
[DEBUG @ 18:47:55 | Chroma] GameCore.[43]BigTrackLaneRing(Clone)
[DEBUG @ 18:47:55 | Chroma] GameCore.[43]BigTrackLaneRing(Clone).[0]Ring
[DEBUG @ 18:47:55 | Chroma] GameCore.[43]BigTrackLaneRing(Clone).[1]NeonTubeBothSidesDirectional
[DEBUG @ 18:47:55 | Chroma] GameCore.[43]BigTrackLaneRing(Clone).[1]NeonTubeBothSidesDirectional.[0]BakedBloom
[DEBUG @ 18:47:55 | Chroma] GameCore.[43]BigTrackLaneRing(Clone).[1]NeonTubeBothSidesDirectional.[1]BoxLight
[DEBUG @ 18:47:55 | Chroma] GameCore.[43]BigTrackLaneRing(Clone).[2]NeonTubeBothSidesDirectional (1)
[DEBUG @ 18:47:55 | Chroma] GameCore.[43]BigTrackLaneRing(Clone).[2]NeonTubeBothSidesDirectional (1).[0]BakedBloom
[DEBUG @ 18:47:55 | Chroma] GameCore.[43]BigTrackLaneRing(Clone).[2]NeonTubeBothSidesDirectional (1).[1]BoxLight
[DEBUG @ 18:47:55 | Chroma] GameCore.[43]BigTrackLaneRing(Clone).[3]NeonTubeBothSidesDirectional (2)
[DEBUG @ 18:47:55 | Chroma] GameCore.[43]BigTrackLaneRing(Clone).[3]NeonTubeBothSidesDirectional (2).[0]BakedBloom
[DEBUG @ 18:47:55 | Chroma] GameCore.[43]BigTrackLaneRing(Clone).[3]NeonTubeBothSidesDirectional (2).[1]BoxLight
[DEBUG @ 18:47:55 | Chroma] GameCore.[43]BigTrackLaneRing(Clone).[4]NeonTubeBothSidesDirectional (3)
[DEBUG @ 18:47:55 | Chroma] GameCore.[43]BigTrackLaneRing(Clone).[4]NeonTubeBothSidesDirectional (3).[0]BakedBloom
[DEBUG @ 18:47:55 | Chroma] GameCore.[43]BigTrackLaneRing(Clone).[4]NeonTubeBothSidesDirectional (3).[1]BoxLight
[DEBUG @ 18:47:55 | Chroma] GameCore.[5]SmallTrackLaneRing(Clone)
[DEBUG @ 18:47:55 | Chroma] GameCore.[5]SmallTrackLaneRing(Clone).[0]Ring
[DEBUG @ 18:47:55 | Chroma] GameCore.[6]SmallTrackLaneRing(Clone)
[DEBUG @ 18:47:55 | Chroma] GameCore.[6]SmallTrackLaneRing(Clone).[0]Ring
[DEBUG @ 18:47:55 | Chroma] GameCore.[7]SmallTrackLaneRing(Clone)
[DEBUG @ 18:47:55 | Chroma] GameCore.[7]SmallTrackLaneRing(Clone).[0]Ring
[DEBUG @ 18:47:55 | Chroma] GameCore.[8]SmallTrackLaneRing(Clone)
[DEBUG @ 18:47:55 | Chroma] GameCore.[8]SmallTrackLaneRing(Clone).[0]Ring
[DEBUG @ 18:47:55 | Chroma] GameCore.[9]SmallTrackLaneRing(Clone)
[DEBUG @ 18:47:55 | Chroma] GameCore.[9]SmallTrackLaneRing(Clone).[0]Ring
[DEBUG @ 18:47:55 | Chroma] NiceEnvironment.[0]Environment
[DEBUG @ 18:47:55 | Chroma] NiceEnvironment.[0]Environment.[0]DecoratorContext
[DEBUG @ 18:47:55 | Chroma] NiceEnvironment.[0]Environment.[1]====== STATIC ======
[DEBUG @ 18:47:55 | Chroma] NiceEnvironment.[0]Environment.[10]SmallTrackLaneRings
[DEBUG @ 18:47:55 | Chroma] NiceEnvironment.[0]Environment.[11]BigTrackLaneRings
[DEBUG @ 18:47:55 | Chroma] NiceEnvironment.[0]Environment.[12]BigSmokePS
[DEBUG @ 18:47:55 | Chroma] NiceEnvironment.[0]Environment.[13]BasicGameHUD
[DEBUG @ 18:47:55 | Chroma] NiceEnvironment.[0]Environment.[13]BasicGameHUD.[0]EnergyPanel
[DEBUG @ 18:47:55 | Chroma] NiceEnvironment.[0]Environment.[13]BasicGameHUD.[0]EnergyPanel.[0]BG
[DEBUG @ 18:47:55 | Chroma] NiceEnvironment.[0]Environment.[13]BasicGameHUD.[0]EnergyPanel.[1]BarBG
[DEBUG @ 18:47:55 | Chroma] NiceEnvironment.[0]Environment.[13]BasicGameHUD.[0]EnergyPanel.[2]EnergyIconEmpty
[DEBUG @ 18:47:55 | Chroma] NiceEnvironment.[0]Environment.[13]BasicGameHUD.[0]EnergyPanel.[3]EnergyIconFull
[DEBUG @ 18:47:55 | Chroma] NiceEnvironment.[0]Environment.[13]BasicGameHUD.[0]EnergyPanel.[4]EnergyBarWrapper
[DEBUG @ 18:47:55 | Chroma] NiceEnvironment.[0]Environment.[13]BasicGameHUD.[0]EnergyPanel.[4]EnergyBarWrapper.[0]EnergyBar
[DEBUG @ 18:47:55 | Chroma] NiceEnvironment.[0]Environment.[13]BasicGameHUD.[0]EnergyPanel.[5]Laser
[DEBUG @ 18:47:55 | Chroma] NiceEnvironment.[0]Environment.[13]BasicGameHUD.[0]EnergyPanel.[5]Laser.[0]BoxLight
[DEBUG @ 18:47:55 | Chroma] NiceEnvironment.[0]Environment.[13]BasicGameHUD.[0]EnergyPanel.[5]Laser.[1]BakedBloom
[DEBUG @ 18:47:55 | Chroma] NiceEnvironment.[0]Environment.[13]BasicGameHUD.[0]EnergyPanel.[6]FailIcon
[DEBUG @ 18:47:55 | Chroma] NiceEnvironment.[0]Environment.[13]BasicGameHUD.[0]EnergyPanel.[7]Colorer
[DEBUG @ 18:47:55 | Chroma] NiceEnvironment.[0]Environment.[13]BasicGameHUD.[1]LeftPanel
[DEBUG @ 18:47:55 | Chroma] NiceEnvironment.[0]Environment.[13]BasicGameHUD.[1]LeftPanel.[0]BG
[DEBUG @ 18:47:55 | Chroma] NiceEnvironment.[0]Environment.[13]BasicGameHUD.[1]LeftPanel.[1]Top
[DEBUG @ 18:47:55 | Chroma] NiceEnvironment.[0]Environment.[13]BasicGameHUD.[1]LeftPanel.[2]ComboPanel
[DEBUG @ 18:47:55 | Chroma] NiceEnvironment.[0]Environment.[13]BasicGameHUD.[1]LeftPanel.[2]ComboPanel.[0]ComboText
[DEBUG @ 18:47:55 | Chroma] NiceEnvironment.[0]Environment.[13]BasicGameHUD.[1]LeftPanel.[2]ComboPanel.[1]ComboCanvas
[DEBUG @ 18:47:55 | Chroma] NiceEnvironment.[0]Environment.[13]BasicGameHUD.[1]LeftPanel.[2]ComboPanel.[1]ComboCanvas.[0]NumText
[DEBUG @ 18:47:55 | Chroma] NiceEnvironment.[0]Environment.[13]BasicGameHUD.[1]LeftPanel.[2]ComboPanel.[2]Line0
[DEBUG @ 18:47:55 | Chroma] NiceEnvironment.[0]Environment.[13]BasicGameHUD.[1]LeftPanel.[2]ComboPanel.[3]Line1
[DEBUG @ 18:47:55 | Chroma] NiceEnvironment.[0]Environment.[13]BasicGameHUD.[1]LeftPanel.[2]ComboPanel.[4]Colorer
[DEBUG @ 18:47:55 | Chroma] NiceEnvironment.[0]Environment.[13]BasicGameHUD.[1]LeftPanel.[3]ScoreCanvas
[DEBUG @ 18:47:55 | Chroma] NiceEnvironment.[0]Environment.[13]BasicGameHUD.[1]LeftPanel.[3]ScoreCanvas.[0]ScoreText
[DEBUG @ 18:47:55 | Chroma] NiceEnvironment.[0]Environment.[13]BasicGameHUD.[1]LeftPanel.[3]ScoreCanvas.[1]ImmediateRankText
[DEBUG @ 18:47:55 | Chroma] NiceEnvironment.[0]Environment.[13]BasicGameHUD.[1]LeftPanel.[3]ScoreCanvas.[2]RelativeScoreText
[DEBUG @ 18:47:55 | Chroma] NiceEnvironment.[0]Environment.[13]BasicGameHUD.[2]RightPanel
[DEBUG @ 18:47:55 | Chroma] NiceEnvironment.[0]Environment.[13]BasicGameHUD.[2]RightPanel.[0]BG
[DEBUG @ 18:47:55 | Chroma] NiceEnvironment.[0]Environment.[13]BasicGameHUD.[2]RightPanel.[1]Top
[DEBUG @ 18:47:55 | Chroma] NiceEnvironment.[0]Environment.[13]BasicGameHUD.[2]RightPanel.[2]MultiplierCanvas
[DEBUG @ 18:47:55 | Chroma] NiceEnvironment.[0]Environment.[13]BasicGameHUD.[2]RightPanel.[2]MultiplierCanvas.[0]BGCircle
[DEBUG @ 18:47:55 | Chroma] NiceEnvironment.[0]Environment.[13]BasicGameHUD.[2]RightPanel.[2]MultiplierCanvas.[1]FGCircle
[DEBUG @ 18:47:55 | Chroma] NiceEnvironment.[0]Environment.[13]BasicGameHUD.[2]RightPanel.[2]MultiplierCanvas.[2]AnimationCircle
[DEBUG @ 18:47:55 | Chroma] NiceEnvironment.[0]Environment.[13]BasicGameHUD.[2]RightPanel.[2]MultiplierCanvas.[3]TextOverlayPanelOutline1
[DEBUG @ 18:47:55 | Chroma] NiceEnvironment.[0]Environment.[13]BasicGameHUD.[2]RightPanel.[2]MultiplierCanvas.[3]TextOverlayPanelOutline1.[0]XText
[DEBUG @ 18:47:55 | Chroma] NiceEnvironment.[0]Environment.[13]BasicGameHUD.[2]RightPanel.[2]MultiplierCanvas.[3]TextOverlayPanelOutline1.[1]NumText
[DEBUG @ 18:47:55 | Chroma] NiceEnvironment.[0]Environment.[13]BasicGameHUD.[2]RightPanel.[2]MultiplierCanvas.[4]TextOverlayPanelOutline0
[DEBUG @ 18:47:55 | Chroma] NiceEnvironment.[0]Environment.[13]BasicGameHUD.[2]RightPanel.[2]MultiplierCanvas.[4]TextOverlayPanelOutline0.[0]XText
[DEBUG @ 18:47:55 | Chroma] NiceEnvironment.[0]Environment.[13]BasicGameHUD.[2]RightPanel.[2]MultiplierCanvas.[4]TextOverlayPanelOutline0.[1]NumText
[DEBUG @ 18:47:55 | Chroma] NiceEnvironment.[0]Environment.[13]BasicGameHUD.[2]RightPanel.[2]MultiplierCanvas.[5]TextPanel
[DEBUG @ 18:47:55 | Chroma] NiceEnvironment.[0]Environment.[13]BasicGameHUD.[2]RightPanel.[2]MultiplierCanvas.[5]TextPanel.[0]XText
[DEBUG @ 18:47:55 | Chroma] NiceEnvironment.[0]Environment.[13]BasicGameHUD.[2]RightPanel.[2]MultiplierCanvas.[5]TextPanel.[1]NumText
[DEBUG @ 18:47:55 | Chroma] NiceEnvironment.[0]Environment.[13]BasicGameHUD.[2]RightPanel.[2]MultiplierCanvas.[6]Colorer
[DEBUG @ 18:47:55 | Chroma] NiceEnvironment.[0]Environment.[13]BasicGameHUD.[2]RightPanel.[3]SongProgressCanvas
[DEBUG @ 18:47:55 | Chroma] NiceEnvironment.[0]Environment.[13]BasicGameHUD.[2]RightPanel.[3]SongProgressCanvas.[0]Progress
[DEBUG @ 18:47:55 | Chroma] NiceEnvironment.[0]Environment.[13]BasicGameHUD.[2]RightPanel.[3]SongProgressCanvas.[1]Slider
[DEBUG @ 18:47:55 | Chroma] NiceEnvironment.[0]Environment.[13]BasicGameHUD.[2]RightPanel.[3]SongProgressCanvas.[1]Slider.[0]Background
[DEBUG @ 18:47:55 | Chroma] NiceEnvironment.[0]Environment.[13]BasicGameHUD.[2]RightPanel.[3]SongProgressCanvas.[1]Slider.[1]Handle Slide Area
[DEBUG @ 18:47:55 | Chroma] NiceEnvironment.[0]Environment.[13]BasicGameHUD.[2]RightPanel.[3]SongProgressCanvas.[1]Slider.[1]Handle Slide Area.[0]Handle
[DEBUG @ 18:47:55 | Chroma] NiceEnvironment.[0]Environment.[13]BasicGameHUD.[2]RightPanel.[3]SongProgressCanvas.[2]DurationMinutes
[DEBUG @ 18:47:55 | Chroma] NiceEnvironment.[0]Environment.[13]BasicGameHUD.[2]RightPanel.[3]SongProgressCanvas.[3]DurationSeconds
[DEBUG @ 18:47:55 | Chroma] NiceEnvironment.[0]Environment.[13]BasicGameHUD.[2]RightPanel.[3]SongProgressCanvas.[4]ProgressMinutes
[DEBUG @ 18:47:55 | Chroma] NiceEnvironment.[0]Environment.[13]BasicGameHUD.[2]RightPanel.[3]SongProgressCanvas.[5]ProgressSeconds
[DEBUG @ 18:47:55 | Chroma] NiceEnvironment.[0]Environment.[13]BasicGameHUD.[2]RightPanel.[3]SongProgressCanvas.[6]BG
[DEBUG @ 18:47:55 | Chroma] NiceEnvironment.[0]Environment.[13]BasicGameHUD.[2]RightPanel.[3]SongProgressCanvas.[7]Colorer
[DEBUG @ 18:47:55 | Chroma] NiceEnvironment.[0]Environment.[14]Spectrograms
[DEBUG @ 18:47:55 | Chroma] NiceEnvironment.[0]Environment.[14]Spectrograms.[0]Spectrogram
[DEBUG @ 18:47:55 | Chroma] NiceEnvironment.[0]Environment.[14]Spectrograms.[0]Spectrogram.[0]Spectrogram0
[DEBUG @ 18:47:55 | Chroma] NiceEnvironment.[0]Environment.[14]Spectrograms.[0]Spectrogram.[1]Spectrogram1
[DEBUG @ 18:47:55 | Chroma] NiceEnvironment.[0]Environment.[14]Spectrograms.[1]Spectrogram
[DEBUG @ 18:47:55 | Chroma] NiceEnvironment.[0]Environment.[14]Spectrograms.[1]Spectrogram.[0]Spectrogram0
[DEBUG @ 18:47:55 | Chroma] NiceEnvironment.[0]Environment.[14]Spectrograms.[1]Spectrogram.[1]Spectrogram1
[DEBUG @ 18:47:55 | Chroma] NiceEnvironment.[0]Environment.[15]DustPS
[DEBUG @ 18:47:55 | Chroma] NiceEnvironment.[0]Environment.[16]====== LIGHTS ======
[DEBUG @ 18:47:55 | Chroma] NiceEnvironment.[0]Environment.[17]LightWithIdManager
[DEBUG @ 18:47:55 | Chroma] NiceEnvironment.[0]Environment.[18]CoreLighting
[DEBUG @ 18:47:55 | Chroma] NiceEnvironment.[0]Environment.[18]CoreLighting.[0]LightManager
[DEBUG @ 18:47:55 | Chroma] NiceEnvironment.[0]Environment.[18]CoreLighting.[1]LightWrapper0
[DEBUG @ 18:47:55 | Chroma] NiceEnvironment.[0]Environment.[18]CoreLighting.[1]LightWrapper0.[0]DirectionalLight
[DEBUG @ 18:47:55 | Chroma] NiceEnvironment.[0]Environment.[18]CoreLighting.[2]LightWrapper1
[DEBUG @ 18:47:55 | Chroma] NiceEnvironment.[0]Environment.[18]CoreLighting.[2]LightWrapper1.[0]DirectionalLight
[DEBUG @ 18:47:55 | Chroma] NiceEnvironment.[0]Environment.[18]CoreLighting.[3]DirectionalLight
[DEBUG @ 18:47:55 | Chroma] NiceEnvironment.[0]Environment.[18]CoreLighting.[4]DirectionalLight
[DEBUG @ 18:47:55 | Chroma] NiceEnvironment.[0]Environment.[18]CoreLighting.[5]DirectionalLight
[DEBUG @ 18:47:55 | Chroma] NiceEnvironment.[0]Environment.[19]LightEffects
[DEBUG @ 18:47:55 | Chroma] NiceEnvironment.[0]Environment.[2]Floor
[DEBUG @ 18:47:55 | Chroma] NiceEnvironment.[0]Environment.[20]FrontLights
[DEBUG @ 18:47:55 | Chroma] NiceEnvironment.[0]Environment.[20]FrontLights.[0]NeonTube
[DEBUG @ 18:47:55 | Chroma] NiceEnvironment.[0]Environment.[20]FrontLights.[0]NeonTube.[0]BakedBloom
[DEBUG @ 18:47:55 | Chroma] NiceEnvironment.[0]Environment.[20]FrontLights.[0]NeonTube.[1]BoxLight
[DEBUG @ 18:47:55 | Chroma] NiceEnvironment.[0]Environment.[20]FrontLights.[1]NeonTube (1)
[DEBUG @ 18:47:55 | Chroma] NiceEnvironment.[0]Environment.[20]FrontLights.[1]NeonTube (1).[0]BakedBloom
[DEBUG @ 18:47:55 | Chroma] NiceEnvironment.[0]Environment.[20]FrontLights.[1]NeonTube (1).[1]BoxLight
[DEBUG @ 18:47:55 | Chroma] NiceEnvironment.[0]Environment.[21]GlowLineL
[DEBUG @ 18:47:55 | Chroma] NiceEnvironment.[0]Environment.[21]GlowLineL.[0]BakedBloom
[DEBUG @ 18:47:55 | Chroma] NiceEnvironment.[0]Environment.[21]GlowLineL.[1]BoxLight
[DEBUG @ 18:47:55 | Chroma] NiceEnvironment.[0]Environment.[22]GlowLineR
[DEBUG @ 18:47:55 | Chroma] NiceEnvironment.[0]Environment.[22]GlowLineR.[0]BakedBloom
[DEBUG @ 18:47:55 | Chroma] NiceEnvironment.[0]Environment.[22]GlowLineR.[1]BoxLight
[DEBUG @ 18:47:55 | Chroma] NiceEnvironment.[0]Environment.[23]GlowLineFarL
[DEBUG @ 18:47:55 | Chroma] NiceEnvironment.[0]Environment.[23]GlowLineFarL.[0]BakedBloom
[DEBUG @ 18:47:55 | Chroma] NiceEnvironment.[0]Environment.[23]GlowLineFarL.[1]BoxLight
[DEBUG @ 18:47:55 | Chroma] NiceEnvironment.[0]Environment.[24]GlowLineFarR
[DEBUG @ 18:47:55 | Chroma] NiceEnvironment.[0]Environment.[24]GlowLineFarR.[0]BakedBloom
[DEBUG @ 18:47:55 | Chroma] NiceEnvironment.[0]Environment.[24]GlowLineFarR.[1]BoxLight
[DEBUG @ 18:47:55 | Chroma] NiceEnvironment.[0]Environment.[25]RotatingLaserLeft
[DEBUG @ 18:47:55 | Chroma] NiceEnvironment.[0]Environment.[25]RotatingLaserLeft.[0]BoxLight
[DEBUG @ 18:47:55 | Chroma] NiceEnvironment.[0]Environment.[25]RotatingLaserLeft.[1]BakedBloom
[DEBUG @ 18:47:55 | Chroma] NiceEnvironment.[0]Environment.[26]RotatingLaserRight
[DEBUG @ 18:47:55 | Chroma] NiceEnvironment.[0]Environment.[26]RotatingLaserRight.[0]BoxLight
[DEBUG @ 18:47:55 | Chroma] NiceEnvironment.[0]Environment.[26]RotatingLaserRight.[1]BakedBloom
[DEBUG @ 18:47:55 | Chroma] NiceEnvironment.[0]Environment.[27]RotatingLaserLeft (1)
[DEBUG @ 18:47:55 | Chroma] NiceEnvironment.[0]Environment.[27]RotatingLaserLeft (1).[0]BoxLight
[DEBUG @ 18:47:55 | Chroma] NiceEnvironment.[0]Environment.[27]RotatingLaserLeft (1).[1]BakedBloom
[DEBUG @ 18:47:55 | Chroma] NiceEnvironment.[0]Environment.[28]RotatingLaserRight (1)
[DEBUG @ 18:47:55 | Chroma] NiceEnvironment.[0]Environment.[28]RotatingLaserRight (1).[0]BoxLight
[DEBUG @ 18:47:55 | Chroma] NiceEnvironment.[0]Environment.[28]RotatingLaserRight (1).[1]BakedBloom
[DEBUG @ 18:47:55 | Chroma] NiceEnvironment.[0]Environment.[29]RotatingLaserLeft (2)
[DEBUG @ 18:47:55 | Chroma] NiceEnvironment.[0]Environment.[29]RotatingLaserLeft (2).[0]BoxLight
[DEBUG @ 18:47:55 | Chroma] NiceEnvironment.[0]Environment.[29]RotatingLaserLeft (2).[1]BakedBloom
[DEBUG @ 18:47:55 | Chroma] NiceEnvironment.[0]Environment.[3]BackColumns
[DEBUG @ 18:47:55 | Chroma] NiceEnvironment.[0]Environment.[3]BackColumns.[0]BackColumnNeon
[DEBUG @ 18:47:55 | Chroma] NiceEnvironment.[0]Environment.[3]BackColumns.[0]BackColumnNeon.[0]BoxLight
[DEBUG @ 18:47:55 | Chroma] NiceEnvironment.[0]Environment.[3]BackColumns.[0]BackColumnNeon.[1]BakedBloom
[DEBUG @ 18:47:55 | Chroma] NiceEnvironment.[0]Environment.[3]BackColumns.[1]BackColumnNeon
[DEBUG @ 18:47:55 | Chroma] NiceEnvironment.[0]Environment.[3]BackColumns.[1]BackColumnNeon.[0]BoxLight
[DEBUG @ 18:47:55 | Chroma] NiceEnvironment.[0]Environment.[3]BackColumns.[1]BackColumnNeon.[1]BakedBloom
[DEBUG @ 18:47:55 | Chroma] NiceEnvironment.[0]Environment.[30]RotatingLaserRight (2)
[DEBUG @ 18:47:55 | Chroma] NiceEnvironment.[0]Environment.[30]RotatingLaserRight (2).[0]BoxLight
[DEBUG @ 18:47:55 | Chroma] NiceEnvironment.[0]Environment.[30]RotatingLaserRight (2).[1]BakedBloom
[DEBUG @ 18:47:55 | Chroma] NiceEnvironment.[0]Environment.[31]RotatingLaserLeft (3)
[DEBUG @ 18:47:55 | Chroma] NiceEnvironment.[0]Environment.[31]RotatingLaserLeft (3).[0]BoxLight
[DEBUG @ 18:47:55 | Chroma] NiceEnvironment.[0]Environment.[31]RotatingLaserLeft (3).[1]BakedBloom
[DEBUG @ 18:47:55 | Chroma] NiceEnvironment.[0]Environment.[32]RotatingLaserRight (3)
[DEBUG @ 18:47:55 | Chroma] NiceEnvironment.[0]Environment.[32]RotatingLaserRight (3).[0]BoxLight
[DEBUG @ 18:47:55 | Chroma] NiceEnvironment.[0]Environment.[32]RotatingLaserRight (3).[1]BakedBloom
[DEBUG @ 18:47:55 | Chroma] NiceEnvironment.[0]Environment.[33]DoubleColorLaser
[DEBUG @ 18:47:55 | Chroma] NiceEnvironment.[0]Environment.[33]DoubleColorLaser.[0]TopBoxLight
[DEBUG @ 18:47:55 | Chroma] NiceEnvironment.[0]Environment.[33]DoubleColorLaser.[1]TopBakedBloom
[DEBUG @ 18:47:55 | Chroma] NiceEnvironment.[0]Environment.[33]DoubleColorLaser.[2]BottomBoxLight
[DEBUG @ 18:47:55 | Chroma] NiceEnvironment.[0]Environment.[33]DoubleColorLaser.[3]BottomBakedBloom
[DEBUG @ 18:47:55 | Chroma] NiceEnvironment.[0]Environment.[34]DoubleColorLaser (1)
[DEBUG @ 18:47:55 | Chroma] NiceEnvironment.[0]Environment.[34]DoubleColorLaser (1).[0]TopBoxLight
[DEBUG @ 18:47:55 | Chroma] NiceEnvironment.[0]Environment.[34]DoubleColorLaser (1).[1]TopBakedBloom
[DEBUG @ 18:47:55 | Chroma] NiceEnvironment.[0]Environment.[34]DoubleColorLaser (1).[2]BottomBoxLight
[DEBUG @ 18:47:55 | Chroma] NiceEnvironment.[0]Environment.[34]DoubleColorLaser (1).[3]BottomBakedBloom
[DEBUG @ 18:47:55 | Chroma] NiceEnvironment.[0]Environment.[35]DoubleColorLaser (2)
[DEBUG @ 18:47:55 | Chroma] NiceEnvironment.[0]Environment.[35]DoubleColorLaser (2).[0]TopBoxLight
[DEBUG @ 18:47:55 | Chroma] NiceEnvironment.[0]Environment.[35]DoubleColorLaser (2).[1]TopBakedBloom
[DEBUG @ 18:47:55 | Chroma] NiceEnvironment.[0]Environment.[35]DoubleColorLaser (2).[2]BottomBoxLight
[DEBUG @ 18:47:55 | Chroma] NiceEnvironment.[0]Environment.[35]DoubleColorLaser (2).[3]BottomBakedBloom
[DEBUG @ 18:47:55 | Chroma] NiceEnvironment.[0]Environment.[36]DoubleColorLaser (3)
[DEBUG @ 18:47:55 | Chroma] NiceEnvironment.[0]Environment.[36]DoubleColorLaser (3).[0]TopBoxLight
[DEBUG @ 18:47:55 | Chroma] NiceEnvironment.[0]Environment.[36]DoubleColorLaser (3).[1]TopBakedBloom
[DEBUG @ 18:47:55 | Chroma] NiceEnvironment.[0]Environment.[36]DoubleColorLaser (3).[2]BottomBoxLight
[DEBUG @ 18:47:55 | Chroma] NiceEnvironment.[0]Environment.[36]DoubleColorLaser (3).[3]BottomBakedBloom
[DEBUG @ 18:47:55 | Chroma] NiceEnvironment.[0]Environment.[37]DoubleColorLaser (4)
[DEBUG @ 18:47:55 | Chroma] NiceEnvironment.[0]Environment.[37]DoubleColorLaser (4).[0]TopBoxLight
[DEBUG @ 18:47:55 | Chroma] NiceEnvironment.[0]Environment.[37]DoubleColorLaser (4).[1]TopBakedBloom
[DEBUG @ 18:47:55 | Chroma] NiceEnvironment.[0]Environment.[37]DoubleColorLaser (4).[2]BottomBoxLight
[DEBUG @ 18:47:55 | Chroma] NiceEnvironment.[0]Environment.[37]DoubleColorLaser (4).[3]BottomBakedBloom
[DEBUG @ 18:47:55 | Chroma] NiceEnvironment.[0]Environment.[38]DoubleColorLaser (5)
[DEBUG @ 18:47:55 | Chroma] NiceEnvironment.[0]Environment.[38]DoubleColorLaser (5).[0]TopBoxLight
[DEBUG @ 18:47:55 | Chroma] NiceEnvironment.[0]Environment.[38]DoubleColorLaser (5).[1]TopBakedBloom
[DEBUG @ 18:47:55 | Chroma] NiceEnvironment.[0]Environment.[38]DoubleColorLaser (5).[2]BottomBoxLight
[DEBUG @ 18:47:55 | Chroma] NiceEnvironment.[0]Environment.[38]DoubleColorLaser (5).[3]BottomBakedBloom
[DEBUG @ 18:47:55 | Chroma] NiceEnvironment.[0]Environment.[39]DoubleColorLaser (6)
[DEBUG @ 18:47:55 | Chroma] NiceEnvironment.[0]Environment.[39]DoubleColorLaser (6).[0]TopBoxLight
[DEBUG @ 18:47:55 | Chroma] NiceEnvironment.[0]Environment.[39]DoubleColorLaser (6).[1]TopBakedBloom
[DEBUG @ 18:47:55 | Chroma] NiceEnvironment.[0]Environment.[39]DoubleColorLaser (6).[2]BottomBoxLight
[DEBUG @ 18:47:55 | Chroma] NiceEnvironment.[0]Environment.[39]DoubleColorLaser (6).[3]BottomBakedBloom
[DEBUG @ 18:47:55 | Chroma] NiceEnvironment.[0]Environment.[4]PlayersPlace
[DEBUG @ 18:47:55 | Chroma] NiceEnvironment.[0]Environment.[4]PlayersPlace.[0]Mirror
[DEBUG @ 18:47:55 | Chroma] NiceEnvironment.[0]Environment.[4]PlayersPlace.[1]Feet
[DEBUG @ 18:47:55 | Chroma] NiceEnvironment.[0]Environment.[4]PlayersPlace.[2]Construction
[DEBUG @ 18:47:55 | Chroma] NiceEnvironment.[0]Environment.[4]PlayersPlace.[3]RectangleFakeGlow
[DEBUG @ 18:47:55 | Chroma] NiceEnvironment.[0]Environment.[4]PlayersPlace.[4]Frame
[DEBUG @ 18:47:55 | Chroma] NiceEnvironment.[0]Environment.[4]PlayersPlace.[5]SaberBurnMarksParticles
[DEBUG @ 18:47:55 | Chroma] NiceEnvironment.[0]Environment.[4]PlayersPlace.[5]SaberBurnMarksParticles.[0]SaberBurnMarkSparklePS
[DEBUG @ 18:47:55 | Chroma] NiceEnvironment.[0]Environment.[4]PlayersPlace.[6]SaberBurnMarksArea
[DEBUG @ 18:47:55 | Chroma] NiceEnvironment.[0]Environment.[4]PlayersPlace.[7]Collider
[DEBUG @ 18:47:55 | Chroma] NiceEnvironment.[0]Environment.[40]DoubleColorLaser (7)
[DEBUG @ 18:47:55 | Chroma] NiceEnvironment.[0]Environment.[40]DoubleColorLaser (7).[0]TopBoxLight
[DEBUG @ 18:47:55 | Chroma] NiceEnvironment.[0]Environment.[40]DoubleColorLaser (7).[1]TopBakedBloom
[DEBUG @ 18:47:55 | Chroma] NiceEnvironment.[0]Environment.[40]DoubleColorLaser (7).[2]BottomBoxLight
[DEBUG @ 18:47:55 | Chroma] NiceEnvironment.[0]Environment.[40]DoubleColorLaser (7).[3]BottomBakedBloom
[DEBUG @ 18:47:55 | Chroma] NiceEnvironment.[0]Environment.[41]GradientBackground
[DEBUG @ 18:47:55 | Chroma] NiceEnvironment.[0]Environment.[5]NearBuildingRight (1)
[DEBUG @ 18:47:55 | Chroma] NiceEnvironment.[0]Environment.[5]NearBuildingRight (1).[0]Mesh
[DEBUG @ 18:47:55 | Chroma] NiceEnvironment.[0]Environment.[5]NearBuildingRight (1).[1]NeonTubeDirectional
[DEBUG @ 18:47:55 | Chroma] NiceEnvironment.[0]Environment.[5]NearBuildingRight (1).[1]NeonTubeDirectional.[0]BakedBloom
[DEBUG @ 18:47:55 | Chroma] NiceEnvironment.[0]Environment.[5]NearBuildingRight (1).[1]NeonTubeDirectional.[1]BoxLight
[DEBUG @ 18:47:55 | Chroma] NiceEnvironment.[0]Environment.[5]NearBuildingRight (1).[2]NeonTubeDirectional (1)
[DEBUG @ 18:47:55 | Chroma] NiceEnvironment.[0]Environment.[5]NearBuildingRight (1).[2]NeonTubeDirectional (1).[0]BakedBloom
[DEBUG @ 18:47:55 | Chroma] NiceEnvironment.[0]Environment.[5]NearBuildingRight (1).[2]NeonTubeDirectional (1).[1]BoxLight
[DEBUG @ 18:47:55 | Chroma] NiceEnvironment.[0]Environment.[5]NearBuildingRight (1).[3]NeonTube (2)
[DEBUG @ 18:47:55 | Chroma] NiceEnvironment.[0]Environment.[5]NearBuildingRight (1).[3]NeonTube (2).[0]BakedBloom
[DEBUG @ 18:47:55 | Chroma] NiceEnvironment.[0]Environment.[5]NearBuildingRight (1).[3]NeonTube (2).[1]BoxLight
[DEBUG @ 18:47:55 | Chroma] NiceEnvironment.[0]Environment.[6]NearBuildingLeft (1)
[DEBUG @ 18:47:55 | Chroma] NiceEnvironment.[0]Environment.[6]NearBuildingLeft (1).[0]Mesh
[DEBUG @ 18:47:55 | Chroma] NiceEnvironment.[0]Environment.[6]NearBuildingLeft (1).[1]NeonTubeDirectional
[DEBUG @ 18:47:55 | Chroma] NiceEnvironment.[0]Environment.[6]NearBuildingLeft (1).[1]NeonTubeDirectional.[0]BakedBloom
[DEBUG @ 18:47:55 | Chroma] NiceEnvironment.[0]Environment.[6]NearBuildingLeft (1).[1]NeonTubeDirectional.[1]BoxLight
[DEBUG @ 18:47:55 | Chroma] NiceEnvironment.[0]Environment.[6]NearBuildingLeft (1).[2]NeonTubeDirectional (1)
[DEBUG @ 18:47:55 | Chroma] NiceEnvironment.[0]Environment.[6]NearBuildingLeft (1).[2]NeonTubeDirectional (1).[0]BakedBloom
[DEBUG @ 18:47:55 | Chroma] NiceEnvironment.[0]Environment.[6]NearBuildingLeft (1).[2]NeonTubeDirectional (1).[1]BoxLight
[DEBUG @ 18:47:55 | Chroma] NiceEnvironment.[0]Environment.[6]NearBuildingLeft (1).[3]NeonTube (2)
[DEBUG @ 18:47:55 | Chroma] NiceEnvironment.[0]Environment.[6]NearBuildingLeft (1).[3]NeonTube (2).[0]BakedBloom
[DEBUG @ 18:47:55 | Chroma] NiceEnvironment.[0]Environment.[6]NearBuildingLeft (1).[3]NeonTube (2).[1]BoxLight
[DEBUG @ 18:47:55 | Chroma] NiceEnvironment.[0]Environment.[7]NearBuildingLeft (2)
[DEBUG @ 18:47:55 | Chroma] NiceEnvironment.[0]Environment.[7]NearBuildingLeft (2).[0]Mesh
[DEBUG @ 18:47:55 | Chroma] NiceEnvironment.[0]Environment.[7]NearBuildingLeft (2).[1]NeonTubeDirectional
[DEBUG @ 18:47:55 | Chroma] NiceEnvironment.[0]Environment.[7]NearBuildingLeft (2).[1]NeonTubeDirectional.[0]BakedBloom
[DEBUG @ 18:47:55 | Chroma] NiceEnvironment.[0]Environment.[7]NearBuildingLeft (2).[1]NeonTubeDirectional.[1]BoxLight
[DEBUG @ 18:47:55 | Chroma] NiceEnvironment.[0]Environment.[7]NearBuildingLeft (2).[2]NeonTubeDirectional (1)
[DEBUG @ 18:47:55 | Chroma] NiceEnvironment.[0]Environment.[7]NearBuildingLeft (2).[2]NeonTubeDirectional (1).[0]BakedBloom
[DEBUG @ 18:47:55 | Chroma] NiceEnvironment.[0]Environment.[7]NearBuildingLeft (2).[2]NeonTubeDirectional (1).[1]BoxLight
[DEBUG @ 18:47:55 | Chroma] NiceEnvironment.[0]Environment.[7]NearBuildingLeft (2).[3]NeonTube (2)
[DEBUG @ 18:47:55 | Chroma] NiceEnvironment.[0]Environment.[7]NearBuildingLeft (2).[3]NeonTube (2).[0]BakedBloom
[DEBUG @ 18:47:55 | Chroma] NiceEnvironment.[0]Environment.[7]NearBuildingLeft (2).[3]NeonTube (2).[1]BoxLight
[DEBUG @ 18:47:55 | Chroma] NiceEnvironment.[0]Environment.[8]NearBuildingRight (2)
[DEBUG @ 18:47:55 | Chroma] NiceEnvironment.[0]Environment.[8]NearBuildingRight (2).[0]Mesh
[DEBUG @ 18:47:55 | Chroma] NiceEnvironment.[0]Environment.[8]NearBuildingRight (2).[1]NeonTubeDirectional
[DEBUG @ 18:47:55 | Chroma] NiceEnvironment.[0]Environment.[8]NearBuildingRight (2).[1]NeonTubeDirectional.[0]BakedBloom
[DEBUG @ 18:47:55 | Chroma] NiceEnvironment.[0]Environment.[8]NearBuildingRight (2).[1]NeonTubeDirectional.[1]BoxLight
[DEBUG @ 18:47:55 | Chroma] NiceEnvironment.[0]Environment.[8]NearBuildingRight (2).[2]NeonTubeDirectional (1)
[DEBUG @ 18:47:55 | Chroma] NiceEnvironment.[0]Environment.[8]NearBuildingRight (2).[2]NeonTubeDirectional (1).[0]BakedBloom
[DEBUG @ 18:47:55 | Chroma] NiceEnvironment.[0]Environment.[8]NearBuildingRight (2).[2]NeonTubeDirectional (1).[1]BoxLight
[DEBUG @ 18:47:55 | Chroma] NiceEnvironment.[0]Environment.[8]NearBuildingRight (2).[3]NeonTube (2)
[DEBUG @ 18:47:55 | Chroma] NiceEnvironment.[0]Environment.[8]NearBuildingRight (2).[3]NeonTube (2).[0]BakedBloom
[DEBUG @ 18:47:55 | Chroma] NiceEnvironment.[0]Environment.[8]NearBuildingRight (2).[3]NeonTube (2).[1]BoxLight
[DEBUG @ 18:47:55 | Chroma] NiceEnvironment.[0]Environment.[9]====== DYNAMIC ======