[DEBUG @ 20:46:07 | Chroma] GameCore.[1]Panels4TrackLaneRing(Clone)
[DEBUG @ 20:46:07 | Chroma] GameCore.[1]Panels4TrackLaneRing(Clone).[0]Ring
[DEBUG @ 20:46:07 | Chroma] GameCore.[1]Panels4TrackLaneRing(Clone).[1]GlowLine
[DEBUG @ 20:46:07 | Chroma] GameCore.[1]Panels4TrackLaneRing(Clone).[1]GlowLine.[0]BoxLight
[DEBUG @ 20:46:07 | Chroma] GameCore.[1]Panels4TrackLaneRing(Clone).[1]GlowLine.[1]BakedBloom
[DEBUG @ 20:46:07 | Chroma] GameCore.[1]Panels4TrackLaneRing(Clone).[2]GlowLine
[DEBUG @ 20:46:07 | Chroma] GameCore.[1]Panels4TrackLaneRing(Clone).[2]GlowLine.[0]BoxLight
[DEBUG @ 20:46:07 | Chroma] GameCore.[1]Panels4TrackLaneRing(Clone).[2]GlowLine.[1]BakedBloom
[DEBUG @ 20:46:07 | Chroma] GameCore.[10]Panels4TrackLaneRing(Clone)
[DEBUG @ 20:46:07 | Chroma] GameCore.[10]Panels4TrackLaneRing(Clone).[0]Ring
[DEBUG @ 20:46:07 | Chroma] GameCore.[10]Panels4TrackLaneRing(Clone).[1]GlowLine
[DEBUG @ 20:46:07 | Chroma] GameCore.[10]Panels4TrackLaneRing(Clone).[1]GlowLine.[0]BoxLight
[DEBUG @ 20:46:07 | Chroma] GameCore.[10]Panels4TrackLaneRing(Clone).[1]GlowLine.[1]BakedBloom
[DEBUG @ 20:46:07 | Chroma] GameCore.[10]Panels4TrackLaneRing(Clone).[2]GlowLine
[DEBUG @ 20:46:07 | Chroma] GameCore.[10]Panels4TrackLaneRing(Clone).[2]GlowLine.[0]BoxLight
[DEBUG @ 20:46:07 | Chroma] GameCore.[10]Panels4TrackLaneRing(Clone).[2]GlowLine.[1]BakedBloom
[DEBUG @ 20:46:07 | Chroma] GameCore.[11]Panels4TrackLaneRing(Clone)
[DEBUG @ 20:46:07 | Chroma] GameCore.[11]Panels4TrackLaneRing(Clone).[0]Ring
[DEBUG @ 20:46:07 | Chroma] GameCore.[11]Panels4TrackLaneRing(Clone).[1]GlowLine
[DEBUG @ 20:46:07 | Chroma] GameCore.[11]Panels4TrackLaneRing(Clone).[1]GlowLine.[0]BoxLight
[DEBUG @ 20:46:07 | Chroma] GameCore.[11]Panels4TrackLaneRing(Clone).[1]GlowLine.[1]BakedBloom
[DEBUG @ 20:46:07 | Chroma] GameCore.[11]Panels4TrackLaneRing(Clone).[2]GlowLine
[DEBUG @ 20:46:07 | Chroma] GameCore.[11]Panels4TrackLaneRing(Clone).[2]GlowLine.[0]BoxLight
[DEBUG @ 20:46:07 | Chroma] GameCore.[11]Panels4TrackLaneRing(Clone).[2]GlowLine.[1]BakedBloom
[DEBUG @ 20:46:07 | Chroma] GameCore.[12]Panels4TrackLaneRing(Clone)
[DEBUG @ 20:46:07 | Chroma] GameCore.[12]Panels4TrackLaneRing(Clone).[0]Ring
[DEBUG @ 20:46:07 | Chroma] GameCore.[12]Panels4TrackLaneRing(Clone).[1]GlowLine
[DEBUG @ 20:46:07 | Chroma] GameCore.[12]Panels4TrackLaneRing(Clone).[1]GlowLine.[0]BoxLight
[DEBUG @ 20:46:07 | Chroma] GameCore.[12]Panels4TrackLaneRing(Clone).[1]GlowLine.[1]BakedBloom
[DEBUG @ 20:46:07 | Chroma] GameCore.[12]Panels4TrackLaneRing(Clone).[2]GlowLine
[DEBUG @ 20:46:07 | Chroma] GameCore.[12]Panels4TrackLaneRing(Clone).[2]GlowLine.[0]BoxLight
[DEBUG @ 20:46:07 | Chroma] GameCore.[12]Panels4TrackLaneRing(Clone).[2]GlowLine.[1]BakedBloom
[DEBUG @ 20:46:07 | Chroma] GameCore.[13]Panels4TrackLaneRing(Clone)
[DEBUG @ 20:46:07 | Chroma] GameCore.[13]Panels4TrackLaneRing(Clone).[0]Ring
[DEBUG @ 20:46:07 | Chroma] GameCore.[13]Panels4TrackLaneRing(Clone).[1]GlowLine
[DEBUG @ 20:46:07 | Chroma] GameCore.[13]Panels4TrackLaneRing(Clone).[1]GlowLine.[0]BoxLight
[DEBUG @ 20:46:07 | Chroma] GameCore.[13]Panels4TrackLaneRing(Clone).[1]GlowLine.[1]BakedBloom
[DEBUG @ 20:46:07 | Chroma] GameCore.[13]Panels4TrackLaneRing(Clone).[2]GlowLine
[DEBUG @ 20:46:07 | Chroma] GameCore.[13]Panels4TrackLaneRing(Clone).[2]GlowLine.[0]BoxLight
[DEBUG @ 20:46:07 | Chroma] GameCore.[13]Panels4TrackLaneRing(Clone).[2]GlowLine.[1]BakedBloom
[DEBUG @ 20:46:07 | Chroma] GameCore.[14]Panels4TrackLaneRing(Clone)
[DEBUG @ 20:46:07 | Chroma] GameCore.[14]Panels4TrackLaneRing(Clone).[0]Ring
[DEBUG @ 20:46:07 | Chroma] GameCore.[14]Panels4TrackLaneRing(Clone).[1]GlowLine
[DEBUG @ 20:46:07 | Chroma] GameCore.[14]Panels4TrackLaneRing(Clone).[1]GlowLine.[0]BoxLight
[DEBUG @ 20:46:07 | Chroma] GameCore.[14]Panels4TrackLaneRing(Clone).[1]GlowLine.[1]BakedBloom
[DEBUG @ 20:46:07 | Chroma] GameCore.[14]Panels4TrackLaneRing(Clone).[2]GlowLine
[DEBUG @ 20:46:07 | Chroma] GameCore.[14]Panels4TrackLaneRing(Clone).[2]GlowLine.[0]BoxLight
[DEBUG @ 20:46:07 | Chroma] GameCore.[14]Panels4TrackLaneRing(Clone).[2]GlowLine.[1]BakedBloom
[DEBUG @ 20:46:07 | Chroma] GameCore.[15]Panels4TrackLaneRing(Clone)
[DEBUG @ 20:46:07 | Chroma] GameCore.[15]Panels4TrackLaneRing(Clone).[0]Ring
[DEBUG @ 20:46:07 | Chroma] GameCore.[15]Panels4TrackLaneRing(Clone).[1]GlowLine
[DEBUG @ 20:46:07 | Chroma] GameCore.[15]Panels4TrackLaneRing(Clone).[1]GlowLine.[0]BoxLight
[DEBUG @ 20:46:07 | Chroma] GameCore.[15]Panels4TrackLaneRing(Clone).[1]GlowLine.[1]BakedBloom
[DEBUG @ 20:46:07 | Chroma] GameCore.[15]Panels4TrackLaneRing(Clone).[2]GlowLine
[DEBUG @ 20:46:07 | Chroma] GameCore.[15]Panels4TrackLaneRing(Clone).[2]GlowLine.[0]BoxLight
[DEBUG @ 20:46:07 | Chroma] GameCore.[15]Panels4TrackLaneRing(Clone).[2]GlowLine.[1]BakedBloom
[DEBUG @ 20:46:07 | Chroma] GameCore.[16]Panels4TrackLaneRing(Clone)
[DEBUG @ 20:46:07 | Chroma] GameCore.[16]Panels4TrackLaneRing(Clone).[0]Ring
[DEBUG @ 20:46:07 | Chroma] GameCore.[16]Panels4TrackLaneRing(Clone).[1]GlowLine
[DEBUG @ 20:46:07 | Chroma] GameCore.[16]Panels4TrackLaneRing(Clone).[1]GlowLine.[0]BoxLight
[DEBUG @ 20:46:07 | Chroma] GameCore.[16]Panels4TrackLaneRing(Clone).[1]GlowLine.[1]BakedBloom
[DEBUG @ 20:46:07 | Chroma] GameCore.[16]Panels4TrackLaneRing(Clone).[2]GlowLine
[DEBUG @ 20:46:07 | Chroma] GameCore.[16]Panels4TrackLaneRing(Clone).[2]GlowLine.[0]BoxLight
[DEBUG @ 20:46:07 | Chroma] GameCore.[16]Panels4TrackLaneRing(Clone).[2]GlowLine.[1]BakedBloom
[DEBUG @ 20:46:07 | Chroma] GameCore.[17]Panels4TrackLaneRing(Clone)
[DEBUG @ 20:46:07 | Chroma] GameCore.[17]Panels4TrackLaneRing(Clone).[0]Ring
[DEBUG @ 20:46:07 | Chroma] GameCore.[17]Panels4TrackLaneRing(Clone).[1]GlowLine
[DEBUG @ 20:46:07 | Chroma] GameCore.[17]Panels4TrackLaneRing(Clone).[1]GlowLine.[0]BoxLight
[DEBUG @ 20:46:07 | Chroma] GameCore.[17]Panels4TrackLaneRing(Clone).[1]GlowLine.[1]BakedBloom
[DEBUG @ 20:46:07 | Chroma] GameCore.[17]Panels4TrackLaneRing(Clone).[2]GlowLine
[DEBUG @ 20:46:07 | Chroma] GameCore.[17]Panels4TrackLaneRing(Clone).[2]GlowLine.[0]BoxLight
[DEBUG @ 20:46:07 | Chroma] GameCore.[17]Panels4TrackLaneRing(Clone).[2]GlowLine.[1]BakedBloom
[DEBUG @ 20:46:07 | Chroma] GameCore.[18]Panels4TrackLaneRing(Clone)
[DEBUG @ 20:46:07 | Chroma] GameCore.[18]Panels4TrackLaneRing(Clone).[0]Ring
[DEBUG @ 20:46:07 | Chroma] GameCore.[18]Panels4TrackLaneRing(Clone).[1]GlowLine
[DEBUG @ 20:46:07 | Chroma] GameCore.[18]Panels4TrackLaneRing(Clone).[1]GlowLine.[0]BoxLight
[DEBUG @ 20:46:07 | Chroma] GameCore.[18]Panels4TrackLaneRing(Clone).[1]GlowLine.[1]BakedBloom
[DEBUG @ 20:46:07 | Chroma] GameCore.[18]Panels4TrackLaneRing(Clone).[2]GlowLine
[DEBUG @ 20:46:07 | Chroma] GameCore.[18]Panels4TrackLaneRing(Clone).[2]GlowLine.[0]BoxLight
[DEBUG @ 20:46:07 | Chroma] GameCore.[18]Panels4TrackLaneRing(Clone).[2]GlowLine.[1]BakedBloom
[DEBUG @ 20:46:07 | Chroma] GameCore.[19]Panels4TrackLaneRing(Clone)
[DEBUG @ 20:46:07 | Chroma] GameCore.[19]Panels4TrackLaneRing(Clone).[0]Ring
[DEBUG @ 20:46:07 | Chroma] GameCore.[19]Panels4TrackLaneRing(Clone).[1]GlowLine
[DEBUG @ 20:46:07 | Chroma] GameCore.[19]Panels4TrackLaneRing(Clone).[1]GlowLine.[0]BoxLight
[DEBUG @ 20:46:07 | Chroma] GameCore.[19]Panels4TrackLaneRing(Clone).[1]GlowLine.[1]BakedBloom
[DEBUG @ 20:46:07 | Chroma] GameCore.[19]Panels4TrackLaneRing(Clone).[2]GlowLine
[DEBUG @ 20:46:07 | Chroma] GameCore.[19]Panels4TrackLaneRing(Clone).[2]GlowLine.[0]BoxLight
[DEBUG @ 20:46:07 | Chroma] GameCore.[19]Panels4TrackLaneRing(Clone).[2]GlowLine.[1]BakedBloom
[DEBUG @ 20:46:07 | Chroma] GameCore.[2]Panels4TrackLaneRing(Clone)
[DEBUG @ 20:46:07 | Chroma] GameCore.[2]Panels4TrackLaneRing(Clone).[0]Ring
[DEBUG @ 20:46:07 | Chroma] GameCore.[2]Panels4TrackLaneRing(Clone).[1]GlowLine
[DEBUG @ 20:46:07 | Chroma] GameCore.[2]Panels4TrackLaneRing(Clone).[1]GlowLine.[0]BoxLight
[DEBUG @ 20:46:07 | Chroma] GameCore.[2]Panels4TrackLaneRing(Clone).[1]GlowLine.[1]BakedBloom
[DEBUG @ 20:46:07 | Chroma] GameCore.[2]Panels4TrackLaneRing(Clone).[2]GlowLine
[DEBUG @ 20:46:07 | Chroma] GameCore.[2]Panels4TrackLaneRing(Clone).[2]GlowLine.[0]BoxLight
[DEBUG @ 20:46:07 | Chroma] GameCore.[2]Panels4TrackLaneRing(Clone).[2]GlowLine.[1]BakedBloom
[DEBUG @ 20:46:07 | Chroma] GameCore.[20]Panels4TrackLaneRing(Clone)
[DEBUG @ 20:46:07 | Chroma] GameCore.[20]Panels4TrackLaneRing(Clone).[0]Ring
[DEBUG @ 20:46:07 | Chroma] GameCore.[20]Panels4TrackLaneRing(Clone).[1]GlowLine
[DEBUG @ 20:46:07 | Chroma] GameCore.[20]Panels4TrackLaneRing(Clone).[1]GlowLine.[0]BoxLight
[DEBUG @ 20:46:07 | Chroma] GameCore.[20]Panels4TrackLaneRing(Clone).[1]GlowLine.[1]BakedBloom
[DEBUG @ 20:46:07 | Chroma] GameCore.[20]Panels4TrackLaneRing(Clone).[2]GlowLine
[DEBUG @ 20:46:07 | Chroma] GameCore.[20]Panels4TrackLaneRing(Clone).[2]GlowLine.[0]BoxLight
[DEBUG @ 20:46:07 | Chroma] GameCore.[20]Panels4TrackLaneRing(Clone).[2]GlowLine.[1]BakedBloom
[DEBUG @ 20:46:07 | Chroma] GameCore.[21]Panels4TrackLaneRing(Clone)
[DEBUG @ 20:46:07 | Chroma] GameCore.[21]Panels4TrackLaneRing(Clone).[0]Ring
[DEBUG @ 20:46:07 | Chroma] GameCore.[21]Panels4TrackLaneRing(Clone).[1]GlowLine
[DEBUG @ 20:46:07 | Chroma] GameCore.[21]Panels4TrackLaneRing(Clone).[1]GlowLine.[0]BoxLight
[DEBUG @ 20:46:07 | Chroma] GameCore.[21]Panels4TrackLaneRing(Clone).[1]GlowLine.[1]BakedBloom
[DEBUG @ 20:46:07 | Chroma] GameCore.[21]Panels4TrackLaneRing(Clone).[2]GlowLine
[DEBUG @ 20:46:07 | Chroma] GameCore.[21]Panels4TrackLaneRing(Clone).[2]GlowLine.[0]BoxLight
[DEBUG @ 20:46:07 | Chroma] GameCore.[21]Panels4TrackLaneRing(Clone).[2]GlowLine.[1]BakedBloom
[DEBUG @ 20:46:07 | Chroma] GameCore.[22]Panels4TrackLaneRing(Clone)
[DEBUG @ 20:46:07 | Chroma] GameCore.[22]Panels4TrackLaneRing(Clone).[0]Ring
[DEBUG @ 20:46:07 | Chroma] GameCore.[22]Panels4TrackLaneRing(Clone).[1]GlowLine
[DEBUG @ 20:46:07 | Chroma] GameCore.[22]Panels4TrackLaneRing(Clone).[1]GlowLine.[0]BoxLight
[DEBUG @ 20:46:07 | Chroma] GameCore.[22]Panels4TrackLaneRing(Clone).[1]GlowLine.[1]BakedBloom
[DEBUG @ 20:46:07 | Chroma] GameCore.[22]Panels4TrackLaneRing(Clone).[2]GlowLine
[DEBUG @ 20:46:07 | Chroma] GameCore.[22]Panels4TrackLaneRing(Clone).[2]GlowLine.[0]BoxLight
[DEBUG @ 20:46:07 | Chroma] GameCore.[22]Panels4TrackLaneRing(Clone).[2]GlowLine.[1]BakedBloom
[DEBUG @ 20:46:07 | Chroma] GameCore.[23]Panels4TrackLaneRing(Clone)
[DEBUG @ 20:46:07 | Chroma] GameCore.[23]Panels4TrackLaneRing(Clone).[0]Ring
[DEBUG @ 20:46:07 | Chroma] GameCore.[23]Panels4TrackLaneRing(Clone).[1]GlowLine
[DEBUG @ 20:46:07 | Chroma] GameCore.[23]Panels4TrackLaneRing(Clone).[1]GlowLine.[0]BoxLight
[DEBUG @ 20:46:07 | Chroma] GameCore.[23]Panels4TrackLaneRing(Clone).[1]GlowLine.[1]BakedBloom
[DEBUG @ 20:46:07 | Chroma] GameCore.[23]Panels4TrackLaneRing(Clone).[2]GlowLine
[DEBUG @ 20:46:07 | Chroma] GameCore.[23]Panels4TrackLaneRing(Clone).[2]GlowLine.[0]BoxLight
[DEBUG @ 20:46:07 | Chroma] GameCore.[23]Panels4TrackLaneRing(Clone).[2]GlowLine.[1]BakedBloom
[DEBUG @ 20:46:07 | Chroma] GameCore.[24]Panels4TrackLaneRing(Clone)
[DEBUG @ 20:46:07 | Chroma] GameCore.[24]Panels4TrackLaneRing(Clone).[0]Ring
[DEBUG @ 20:46:07 | Chroma] GameCore.[24]Panels4TrackLaneRing(Clone).[1]GlowLine
[DEBUG @ 20:46:07 | Chroma] GameCore.[24]Panels4TrackLaneRing(Clone).[1]GlowLine.[0]BoxLight
[DEBUG @ 20:46:07 | Chroma] GameCore.[24]Panels4TrackLaneRing(Clone).[1]GlowLine.[1]BakedBloom
[DEBUG @ 20:46:07 | Chroma] GameCore.[24]Panels4TrackLaneRing(Clone).[2]GlowLine
[DEBUG @ 20:46:07 | Chroma] GameCore.[24]Panels4TrackLaneRing(Clone).[2]GlowLine.[0]BoxLight
[DEBUG @ 20:46:07 | Chroma] GameCore.[24]Panels4TrackLaneRing(Clone).[2]GlowLine.[1]BakedBloom
[DEBUG @ 20:46:07 | Chroma] GameCore.[25]Panels4TrackLaneRing(Clone)
[DEBUG @ 20:46:07 | Chroma] GameCore.[25]Panels4TrackLaneRing(Clone).[0]Ring
[DEBUG @ 20:46:07 | Chroma] GameCore.[25]Panels4TrackLaneRing(Clone).[1]GlowLine
[DEBUG @ 20:46:07 | Chroma] GameCore.[25]Panels4TrackLaneRing(Clone).[1]GlowLine.[0]BoxLight
[DEBUG @ 20:46:07 | Chroma] GameCore.[25]Panels4TrackLaneRing(Clone).[1]GlowLine.[1]BakedBloom
[DEBUG @ 20:46:07 | Chroma] GameCore.[25]Panels4TrackLaneRing(Clone).[2]GlowLine
[DEBUG @ 20:46:07 | Chroma] GameCore.[25]Panels4TrackLaneRing(Clone).[2]GlowLine.[0]BoxLight
[DEBUG @ 20:46:07 | Chroma] GameCore.[25]Panels4TrackLaneRing(Clone).[2]GlowLine.[1]BakedBloom
[DEBUG @ 20:46:07 | Chroma] GameCore.[26]Panels4TrackLaneRing(Clone)
[DEBUG @ 20:46:07 | Chroma] GameCore.[26]Panels4TrackLaneRing(Clone).[0]Ring
[DEBUG @ 20:46:07 | Chroma] GameCore.[26]Panels4TrackLaneRing(Clone).[1]GlowLine
[DEBUG @ 20:46:07 | Chroma] GameCore.[26]Panels4TrackLaneRing(Clone).[1]GlowLine.[0]BoxLight
[DEBUG @ 20:46:07 | Chroma] GameCore.[26]Panels4TrackLaneRing(Clone).[1]GlowLine.[1]BakedBloom
[DEBUG @ 20:46:07 | Chroma] GameCore.[26]Panels4TrackLaneRing(Clone).[2]GlowLine
[DEBUG @ 20:46:07 | Chroma] GameCore.[26]Panels4TrackLaneRing(Clone).[2]GlowLine.[0]BoxLight
[DEBUG @ 20:46:07 | Chroma] GameCore.[26]Panels4TrackLaneRing(Clone).[2]GlowLine.[1]BakedBloom
[DEBUG @ 20:46:07 | Chroma] GameCore.[27]Panels4TrackLaneRing(Clone)
[DEBUG @ 20:46:07 | Chroma] GameCore.[27]Panels4TrackLaneRing(Clone).[0]Ring
[DEBUG @ 20:46:07 | Chroma] GameCore.[27]Panels4TrackLaneRing(Clone).[1]GlowLine
[DEBUG @ 20:46:07 | Chroma] GameCore.[27]Panels4TrackLaneRing(Clone).[1]GlowLine.[0]BoxLight
[DEBUG @ 20:46:07 | Chroma] GameCore.[27]Panels4TrackLaneRing(Clone).[1]GlowLine.[1]BakedBloom
[DEBUG @ 20:46:07 | Chroma] GameCore.[27]Panels4TrackLaneRing(Clone).[2]GlowLine
[DEBUG @ 20:46:07 | Chroma] GameCore.[27]Panels4TrackLaneRing(Clone).[2]GlowLine.[0]BoxLight
[DEBUG @ 20:46:07 | Chroma] GameCore.[27]Panels4TrackLaneRing(Clone).[2]GlowLine.[1]BakedBloom
[DEBUG @ 20:46:07 | Chroma] GameCore.[28]Panels4TrackLaneRing(Clone)
[DEBUG @ 20:46:07 | Chroma] GameCore.[28]Panels4TrackLaneRing(Clone).[0]Ring
[DEBUG @ 20:46:07 | Chroma] GameCore.[28]Panels4TrackLaneRing(Clone).[1]GlowLine
[DEBUG @ 20:46:07 | Chroma] GameCore.[28]Panels4TrackLaneRing(Clone).[1]GlowLine.[0]BoxLight
[DEBUG @ 20:46:07 | Chroma] GameCore.[28]Panels4TrackLaneRing(Clone).[1]GlowLine.[1]BakedBloom
[DEBUG @ 20:46:07 | Chroma] GameCore.[28]Panels4TrackLaneRing(Clone).[2]GlowLine
[DEBUG @ 20:46:07 | Chroma] GameCore.[28]Panels4TrackLaneRing(Clone).[2]GlowLine.[0]BoxLight
[DEBUG @ 20:46:07 | Chroma] GameCore.[28]Panels4TrackLaneRing(Clone).[2]GlowLine.[1]BakedBloom
[DEBUG @ 20:46:07 | Chroma] GameCore.[29]Panels4TrackLaneRing(Clone)
[DEBUG @ 20:46:07 | Chroma] GameCore.[29]Panels4TrackLaneRing(Clone).[0]Ring
[DEBUG @ 20:46:07 | Chroma] GameCore.[29]Panels4TrackLaneRing(Clone).[1]GlowLine
[DEBUG @ 20:46:07 | Chroma] GameCore.[29]Panels4TrackLaneRing(Clone).[1]GlowLine.[0]BoxLight
[DEBUG @ 20:46:07 | Chroma] GameCore.[29]Panels4TrackLaneRing(Clone).[1]GlowLine.[1]BakedBloom
[DEBUG @ 20:46:07 | Chroma] GameCore.[29]Panels4TrackLaneRing(Clone).[2]GlowLine
[DEBUG @ 20:46:07 | Chroma] GameCore.[29]Panels4TrackLaneRing(Clone).[2]GlowLine.[0]BoxLight
[DEBUG @ 20:46:07 | Chroma] GameCore.[29]Panels4TrackLaneRing(Clone).[2]GlowLine.[1]BakedBloom
[DEBUG @ 20:46:07 | Chroma] GameCore.[3]Panels4TrackLaneRing(Clone)
[DEBUG @ 20:46:07 | Chroma] GameCore.[3]Panels4TrackLaneRing(Clone).[0]Ring
[DEBUG @ 20:46:07 | Chroma] GameCore.[3]Panels4TrackLaneRing(Clone).[1]GlowLine
[DEBUG @ 20:46:07 | Chroma] GameCore.[3]Panels4TrackLaneRing(Clone).[1]GlowLine.[0]BoxLight
[DEBUG @ 20:46:07 | Chroma] GameCore.[3]Panels4TrackLaneRing(Clone).[1]GlowLine.[1]BakedBloom
[DEBUG @ 20:46:07 | Chroma] GameCore.[3]Panels4TrackLaneRing(Clone).[2]GlowLine
[DEBUG @ 20:46:07 | Chroma] GameCore.[3]Panels4TrackLaneRing(Clone).[2]GlowLine.[0]BoxLight
[DEBUG @ 20:46:07 | Chroma] GameCore.[3]Panels4TrackLaneRing(Clone).[2]GlowLine.[1]BakedBloom
[DEBUG @ 20:46:07 | Chroma] GameCore.[30]Panels4TrackLaneRing(Clone)
[DEBUG @ 20:46:07 | Chroma] GameCore.[30]Panels4TrackLaneRing(Clone).[0]Ring
[DEBUG @ 20:46:07 | Chroma] GameCore.[30]Panels4TrackLaneRing(Clone).[1]GlowLine
[DEBUG @ 20:46:07 | Chroma] GameCore.[30]Panels4TrackLaneRing(Clone).[1]GlowLine.[0]BoxLight
[DEBUG @ 20:46:07 | Chroma] GameCore.[30]Panels4TrackLaneRing(Clone).[1]GlowLine.[1]BakedBloom
[DEBUG @ 20:46:07 | Chroma] GameCore.[30]Panels4TrackLaneRing(Clone).[2]GlowLine
[DEBUG @ 20:46:07 | Chroma] GameCore.[30]Panels4TrackLaneRing(Clone).[2]GlowLine.[0]BoxLight
[DEBUG @ 20:46:07 | Chroma] GameCore.[30]Panels4TrackLaneRing(Clone).[2]GlowLine.[1]BakedBloom
[DEBUG @ 20:46:07 | Chroma] GameCore.[4]Panels4TrackLaneRing(Clone)
[DEBUG @ 20:46:07 | Chroma] GameCore.[4]Panels4TrackLaneRing(Clone).[0]Ring
[DEBUG @ 20:46:07 | Chroma] GameCore.[4]Panels4TrackLaneRing(Clone).[1]GlowLine
[DEBUG @ 20:46:07 | Chroma] GameCore.[4]Panels4TrackLaneRing(Clone).[1]GlowLine.[0]BoxLight
[DEBUG @ 20:46:07 | Chroma] GameCore.[4]Panels4TrackLaneRing(Clone).[1]GlowLine.[1]BakedBloom
[DEBUG @ 20:46:07 | Chroma] GameCore.[4]Panels4TrackLaneRing(Clone).[2]GlowLine
[DEBUG @ 20:46:07 | Chroma] GameCore.[4]Panels4TrackLaneRing(Clone).[2]GlowLine.[0]BoxLight
[DEBUG @ 20:46:07 | Chroma] GameCore.[4]Panels4TrackLaneRing(Clone).[2]GlowLine.[1]BakedBloom
[DEBUG @ 20:46:07 | Chroma] GameCore.[5]Panels4TrackLaneRing(Clone)
[DEBUG @ 20:46:07 | Chroma] GameCore.[5]Panels4TrackLaneRing(Clone).[0]Ring
[DEBUG @ 20:46:07 | Chroma] GameCore.[5]Panels4TrackLaneRing(Clone).[1]GlowLine
[DEBUG @ 20:46:07 | Chroma] GameCore.[5]Panels4TrackLaneRing(Clone).[1]GlowLine.[0]BoxLight
[DEBUG @ 20:46:07 | Chroma] GameCore.[5]Panels4TrackLaneRing(Clone).[1]GlowLine.[1]BakedBloom
[DEBUG @ 20:46:07 | Chroma] GameCore.[5]Panels4TrackLaneRing(Clone).[2]GlowLine
[DEBUG @ 20:46:07 | Chroma] GameCore.[5]Panels4TrackLaneRing(Clone).[2]GlowLine.[0]BoxLight
[DEBUG @ 20:46:07 | Chroma] GameCore.[5]Panels4TrackLaneRing(Clone).[2]GlowLine.[1]BakedBloom
[DEBUG @ 20:46:07 | Chroma] GameCore.[6]Panels4TrackLaneRing(Clone)
[DEBUG @ 20:46:07 | Chroma] GameCore.[6]Panels4TrackLaneRing(Clone).[0]Ring
[DEBUG @ 20:46:07 | Chroma] GameCore.[6]Panels4TrackLaneRing(Clone).[1]GlowLine
[DEBUG @ 20:46:07 | Chroma] GameCore.[6]Panels4TrackLaneRing(Clone).[1]GlowLine.[0]BoxLight
[DEBUG @ 20:46:07 | Chroma] GameCore.[6]Panels4TrackLaneRing(Clone).[1]GlowLine.[1]BakedBloom
[DEBUG @ 20:46:07 | Chroma] GameCore.[6]Panels4TrackLaneRing(Clone).[2]GlowLine
[DEBUG @ 20:46:07 | Chroma] GameCore.[6]Panels4TrackLaneRing(Clone).[2]GlowLine.[0]BoxLight
[DEBUG @ 20:46:07 | Chroma] GameCore.[6]Panels4TrackLaneRing(Clone).[2]GlowLine.[1]BakedBloom
[DEBUG @ 20:46:07 | Chroma] GameCore.[7]Panels4TrackLaneRing(Clone)
[DEBUG @ 20:46:07 | Chroma] GameCore.[7]Panels4TrackLaneRing(Clone).[0]Ring
[DEBUG @ 20:46:07 | Chroma] GameCore.[7]Panels4TrackLaneRing(Clone).[1]GlowLine
[DEBUG @ 20:46:07 | Chroma] GameCore.[7]Panels4TrackLaneRing(Clone).[1]GlowLine.[0]BoxLight
[DEBUG @ 20:46:07 | Chroma] GameCore.[7]Panels4TrackLaneRing(Clone).[1]GlowLine.[1]BakedBloom
[DEBUG @ 20:46:07 | Chroma] GameCore.[7]Panels4TrackLaneRing(Clone).[2]GlowLine
[DEBUG @ 20:46:07 | Chroma] GameCore.[7]Panels4TrackLaneRing(Clone).[2]GlowLine.[0]BoxLight
[DEBUG @ 20:46:07 | Chroma] GameCore.[7]Panels4TrackLaneRing(Clone).[2]GlowLine.[1]BakedBloom
[DEBUG @ 20:46:07 | Chroma] GameCore.[8]Panels4TrackLaneRing(Clone)
[DEBUG @ 20:46:07 | Chroma] GameCore.[8]Panels4TrackLaneRing(Clone).[0]Ring
[DEBUG @ 20:46:07 | Chroma] GameCore.[8]Panels4TrackLaneRing(Clone).[1]GlowLine
[DEBUG @ 20:46:07 | Chroma] GameCore.[8]Panels4TrackLaneRing(Clone).[1]GlowLine.[0]BoxLight
[DEBUG @ 20:46:07 | Chroma] GameCore.[8]Panels4TrackLaneRing(Clone).[1]GlowLine.[1]BakedBloom
[DEBUG @ 20:46:07 | Chroma] GameCore.[8]Panels4TrackLaneRing(Clone).[2]GlowLine
[DEBUG @ 20:46:07 | Chroma] GameCore.[8]Panels4TrackLaneRing(Clone).[2]GlowLine.[0]BoxLight
[DEBUG @ 20:46:07 | Chroma] GameCore.[8]Panels4TrackLaneRing(Clone).[2]GlowLine.[1]BakedBloom
[DEBUG @ 20:46:07 | Chroma] GameCore.[9]Panels4TrackLaneRing(Clone)
[DEBUG @ 20:46:07 | Chroma] GameCore.[9]Panels4TrackLaneRing(Clone).[0]Ring
[DEBUG @ 20:46:07 | Chroma] GameCore.[9]Panels4TrackLaneRing(Clone).[1]GlowLine
[DEBUG @ 20:46:07 | Chroma] GameCore.[9]Panels4TrackLaneRing(Clone).[1]GlowLine.[0]BoxLight
[DEBUG @ 20:46:07 | Chroma] GameCore.[9]Panels4TrackLaneRing(Clone).[1]GlowLine.[1]BakedBloom
[DEBUG @ 20:46:07 | Chroma] GameCore.[9]Panels4TrackLaneRing(Clone).[2]GlowLine
[DEBUG @ 20:46:07 | Chroma] GameCore.[9]Panels4TrackLaneRing(Clone).[2]GlowLine.[0]BoxLight
[DEBUG @ 20:46:07 | Chroma] GameCore.[9]Panels4TrackLaneRing(Clone).[2]GlowLine.[1]BakedBloom
[DEBUG @ 20:46:07 | Chroma] PanicEnvironment.[0]Environment
[DEBUG @ 20:46:07 | Chroma] PanicEnvironment.[0]Environment.[0]DecoratorContext
[DEBUG @ 20:46:07 | Chroma] PanicEnvironment.[0]Environment.[1]SceneContext
[DEBUG @ 20:46:07 | Chroma] PanicEnvironment.[0]Environment.[10]TrackConstruction
[DEBUG @ 20:46:07 | Chroma] PanicEnvironment.[0]Environment.[11]====== DYNAMIC ======
[DEBUG @ 20:46:07 | Chroma] PanicEnvironment.[0]Environment.[12]BasicGameHUD
[DEBUG @ 20:46:07 | Chroma] PanicEnvironment.[0]Environment.[12]BasicGameHUD.[0]EnergyPanel
[DEBUG @ 20:46:07 | Chroma] PanicEnvironment.[0]Environment.[12]BasicGameHUD.[0]EnergyPanel.[0]BG
[DEBUG @ 20:46:07 | Chroma] PanicEnvironment.[0]Environment.[12]BasicGameHUD.[0]EnergyPanel.[1]BarBG
[DEBUG @ 20:46:07 | Chroma] PanicEnvironment.[0]Environment.[12]BasicGameHUD.[0]EnergyPanel.[2]EnergyIconEmpty
[DEBUG @ 20:46:07 | Chroma] PanicEnvironment.[0]Environment.[12]BasicGameHUD.[0]EnergyPanel.[3]EnergyIconFull
[DEBUG @ 20:46:07 | Chroma] PanicEnvironment.[0]Environment.[12]BasicGameHUD.[0]EnergyPanel.[4]EnergyBarWrapper
[DEBUG @ 20:46:07 | Chroma] PanicEnvironment.[0]Environment.[12]BasicGameHUD.[0]EnergyPanel.[4]EnergyBarWrapper.[0]EnergyBar
[DEBUG @ 20:46:07 | Chroma] PanicEnvironment.[0]Environment.[12]BasicGameHUD.[0]EnergyPanel.[5]Laser
[DEBUG @ 20:46:07 | Chroma] PanicEnvironment.[0]Environment.[12]BasicGameHUD.[0]EnergyPanel.[5]Laser.[0]BoxLight
[DEBUG @ 20:46:07 | Chroma] PanicEnvironment.[0]Environment.[12]BasicGameHUD.[0]EnergyPanel.[5]Laser.[1]BakedBloom
[DEBUG @ 20:46:07 | Chroma] PanicEnvironment.[0]Environment.[12]BasicGameHUD.[0]EnergyPanel.[6]FailIcon
[DEBUG @ 20:46:07 | Chroma] PanicEnvironment.[0]Environment.[12]BasicGameHUD.[1]LeftPanel
[DEBUG @ 20:46:07 | Chroma] PanicEnvironment.[0]Environment.[12]BasicGameHUD.[1]LeftPanel.[0]BG
[DEBUG @ 20:46:07 | Chroma] PanicEnvironment.[0]Environment.[12]BasicGameHUD.[1]LeftPanel.[1]Top
[DEBUG @ 20:46:07 | Chroma] PanicEnvironment.[0]Environment.[12]BasicGameHUD.[1]LeftPanel.[2]ComboPanel
[DEBUG @ 20:46:07 | Chroma] PanicEnvironment.[0]Environment.[12]BasicGameHUD.[1]LeftPanel.[2]ComboPanel.[0]ComboText
[DEBUG @ 20:46:07 | Chroma] PanicEnvironment.[0]Environment.[12]BasicGameHUD.[1]LeftPanel.[2]ComboPanel.[1]ComboCanvas
[DEBUG @ 20:46:07 | Chroma] PanicEnvironment.[0]Environment.[12]BasicGameHUD.[1]LeftPanel.[2]ComboPanel.[1]ComboCanvas.[0]NumText
[DEBUG @ 20:46:07 | Chroma] PanicEnvironment.[0]Environment.[12]BasicGameHUD.[1]LeftPanel.[2]ComboPanel.[2]Line0
[DEBUG @ 20:46:07 | Chroma] PanicEnvironment.[0]Environment.[12]BasicGameHUD.[1]LeftPanel.[2]ComboPanel.[3]Line1
[DEBUG @ 20:46:07 | Chroma] PanicEnvironment.[0]Environment.[12]BasicGameHUD.[1]LeftPanel.[3]ScoreCanvas
[DEBUG @ 20:46:07 | Chroma] PanicEnvironment.[0]Environment.[12]BasicGameHUD.[1]LeftPanel.[3]ScoreCanvas.[0]ScoreText
[DEBUG @ 20:46:07 | Chroma] PanicEnvironment.[0]Environment.[12]BasicGameHUD.[1]LeftPanel.[3]ScoreCanvas.[1]ImmediateRankText
[DEBUG @ 20:46:07 | Chroma] PanicEnvironment.[0]Environment.[12]BasicGameHUD.[1]LeftPanel.[3]ScoreCanvas.[2]RelativeScoreText
[DEBUG @ 20:46:07 | Chroma] PanicEnvironment.[0]Environment.[12]BasicGameHUD.[2]RightPanel
[DEBUG @ 20:46:07 | Chroma] PanicEnvironment.[0]Environment.[12]BasicGameHUD.[2]RightPanel.[0]BG
[DEBUG @ 20:46:07 | Chroma] PanicEnvironment.[0]Environment.[12]BasicGameHUD.[2]RightPanel.[1]Top
[DEBUG @ 20:46:07 | Chroma] PanicEnvironment.[0]Environment.[12]BasicGameHUD.[2]RightPanel.[2]MultiplierCanvas
[DEBUG @ 20:46:07 | Chroma] PanicEnvironment.[0]Environment.[12]BasicGameHUD.[2]RightPanel.[2]MultiplierCanvas.[0]BGCircle
[DEBUG @ 20:46:07 | Chroma] PanicEnvironment.[0]Environment.[12]BasicGameHUD.[2]RightPanel.[2]MultiplierCanvas.[1]FGCircle
[DEBUG @ 20:46:07 | Chroma] PanicEnvironment.[0]Environment.[12]BasicGameHUD.[2]RightPanel.[2]MultiplierCanvas.[2]AnimationCircle
[DEBUG @ 20:46:07 | Chroma] PanicEnvironment.[0]Environment.[12]BasicGameHUD.[2]RightPanel.[2]MultiplierCanvas.[3]TextOverlayPanelOutline1
[DEBUG @ 20:46:07 | Chroma] PanicEnvironment.[0]Environment.[12]BasicGameHUD.[2]RightPanel.[2]MultiplierCanvas.[3]TextOverlayPanelOutline1.[0]XText
[DEBUG @ 20:46:07 | Chroma] PanicEnvironment.[0]Environment.[12]BasicGameHUD.[2]RightPanel.[2]MultiplierCanvas.[3]TextOverlayPanelOutline1.[1]NumText
[DEBUG @ 20:46:07 | Chroma] PanicEnvironment.[0]Environment.[12]BasicGameHUD.[2]RightPanel.[2]MultiplierCanvas.[4]TextOverlayPanelOutline0
[DEBUG @ 20:46:07 | Chroma] PanicEnvironment.[0]Environment.[12]BasicGameHUD.[2]RightPanel.[2]MultiplierCanvas.[4]TextOverlayPanelOutline0.[0]XText
[DEBUG @ 20:46:07 | Chroma] PanicEnvironment.[0]Environment.[12]BasicGameHUD.[2]RightPanel.[2]MultiplierCanvas.[4]TextOverlayPanelOutline0.[1]NumText
[DEBUG @ 20:46:07 | Chroma] PanicEnvironment.[0]Environment.[12]BasicGameHUD.[2]RightPanel.[2]MultiplierCanvas.[5]TextPanel
[DEBUG @ 20:46:07 | Chroma] PanicEnvironment.[0]Environment.[12]BasicGameHUD.[2]RightPanel.[2]MultiplierCanvas.[5]TextPanel.[0]XText
[DEBUG @ 20:46:07 | Chroma] PanicEnvironment.[0]Environment.[12]BasicGameHUD.[2]RightPanel.[2]MultiplierCanvas.[5]TextPanel.[1]NumText
[DEBUG @ 20:46:07 | Chroma] PanicEnvironment.[0]Environment.[12]BasicGameHUD.[2]RightPanel.[3]SongProgressCanvas
[DEBUG @ 20:46:07 | Chroma] PanicEnvironment.[0]Environment.[12]BasicGameHUD.[2]RightPanel.[3]SongProgressCanvas.[0]Progress
[DEBUG @ 20:46:07 | Chroma] PanicEnvironment.[0]Environment.[12]BasicGameHUD.[2]RightPanel.[3]SongProgressCanvas.[1]Slider
[DEBUG @ 20:46:07 | Chroma] PanicEnvironment.[0]Environment.[12]BasicGameHUD.[2]RightPanel.[3]SongProgressCanvas.[1]Slider.[0]Background
[DEBUG @ 20:46:07 | Chroma] PanicEnvironment.[0]Environment.[12]BasicGameHUD.[2]RightPanel.[3]SongProgressCanvas.[1]Slider.[1]Handle Slide Area
[DEBUG @ 20:46:07 | Chroma] PanicEnvironment.[0]Environment.[12]BasicGameHUD.[2]RightPanel.[3]SongProgressCanvas.[1]Slider.[1]Handle Slide Area.[0]Handle
[DEBUG @ 20:46:07 | Chroma] PanicEnvironment.[0]Environment.[12]BasicGameHUD.[2]RightPanel.[3]SongProgressCanvas.[2]DurationMinutes
[DEBUG @ 20:46:07 | Chroma] PanicEnvironment.[0]Environment.[12]BasicGameHUD.[2]RightPanel.[3]SongProgressCanvas.[3]DurationSeconds
[DEBUG @ 20:46:07 | Chroma] PanicEnvironment.[0]Environment.[12]BasicGameHUD.[2]RightPanel.[3]SongProgressCanvas.[4]ProgressMinutes
[DEBUG @ 20:46:07 | Chroma] PanicEnvironment.[0]Environment.[12]BasicGameHUD.[2]RightPanel.[3]SongProgressCanvas.[5]ProgressSeconds
[DEBUG @ 20:46:07 | Chroma] PanicEnvironment.[0]Environment.[12]BasicGameHUD.[2]RightPanel.[3]SongProgressCanvas.[6]BG
[DEBUG @ 20:46:07 | Chroma] PanicEnvironment.[0]Environment.[13]Spectrograms
[DEBUG @ 20:46:07 | Chroma] PanicEnvironment.[0]Environment.[13]Spectrograms.[0]Spectrogram
[DEBUG @ 20:46:07 | Chroma] PanicEnvironment.[0]Environment.[13]Spectrograms.[0]Spectrogram.[0]Spectrogram0
[DEBUG @ 20:46:07 | Chroma] PanicEnvironment.[0]Environment.[13]Spectrograms.[0]Spectrogram.[1]Spectrogram1
[DEBUG @ 20:46:07 | Chroma] PanicEnvironment.[0]Environment.[13]Spectrograms.[1]Spectrogram
[DEBUG @ 20:46:07 | Chroma] PanicEnvironment.[0]Environment.[13]Spectrograms.[1]Spectrogram.[0]Spectrogram0
[DEBUG @ 20:46:07 | Chroma] PanicEnvironment.[0]Environment.[13]Spectrograms.[1]Spectrogram.[1]Spectrogram1
[DEBUG @ 20:46:07 | Chroma] PanicEnvironment.[0]Environment.[14]BigSmokePS
[DEBUG @ 20:46:07 | Chroma] PanicEnvironment.[0]Environment.[15]Panels4TrackLaneRings
[DEBUG @ 20:46:07 | Chroma] PanicEnvironment.[0]Environment.[16]DustPS
[DEBUG @ 20:46:07 | Chroma] PanicEnvironment.[0]Environment.[17]====== LIGHTS ======
[DEBUG @ 20:46:07 | Chroma] PanicEnvironment.[0]Environment.[18]CoreLighting
[DEBUG @ 20:46:07 | Chroma] PanicEnvironment.[0]Environment.[18]CoreLighting.[0]LightManager
[DEBUG @ 20:46:07 | Chroma] PanicEnvironment.[0]Environment.[18]CoreLighting.[1]LightWrapper0
[DEBUG @ 20:46:07 | Chroma] PanicEnvironment.[0]Environment.[18]CoreLighting.[1]LightWrapper0.[0]DirectionalLight
[DEBUG @ 20:46:07 | Chroma] PanicEnvironment.[0]Environment.[18]CoreLighting.[2]LightWrapper1
[DEBUG @ 20:46:07 | Chroma] PanicEnvironment.[0]Environment.[18]CoreLighting.[2]LightWrapper1.[0]DirectionalLight
[DEBUG @ 20:46:07 | Chroma] PanicEnvironment.[0]Environment.[18]CoreLighting.[3]DirectionalLight
[DEBUG @ 20:46:07 | Chroma] PanicEnvironment.[0]Environment.[18]CoreLighting.[4]DirectionalLight
[DEBUG @ 20:46:07 | Chroma] PanicEnvironment.[0]Environment.[18]CoreLighting.[5]DirectionalLight
[DEBUG @ 20:46:07 | Chroma] PanicEnvironment.[0]Environment.[19]ConstructionGlowLine (4)
[DEBUG @ 20:46:07 | Chroma] PanicEnvironment.[0]Environment.[19]ConstructionGlowLine (4).[0]BoxLight
[DEBUG @ 20:46:07 | Chroma] PanicEnvironment.[0]Environment.[19]ConstructionGlowLine (4).[1]BakedBloom
[DEBUG @ 20:46:07 | Chroma] PanicEnvironment.[0]Environment.[2]====== STATIC ======
[DEBUG @ 20:46:07 | Chroma] PanicEnvironment.[0]Environment.[20]ConstructionGlowLine (5)
[DEBUG @ 20:46:07 | Chroma] PanicEnvironment.[0]Environment.[20]ConstructionGlowLine (5).[0]BoxLight
[DEBUG @ 20:46:07 | Chroma] PanicEnvironment.[0]Environment.[20]ConstructionGlowLine (5).[1]BakedBloom
[DEBUG @ 20:46:07 | Chroma] PanicEnvironment.[0]Environment.[21]ConstructionGlowLine (6)
[DEBUG @ 20:46:07 | Chroma] PanicEnvironment.[0]Environment.[21]ConstructionGlowLine (6).[0]BoxLight
[DEBUG @ 20:46:07 | Chroma] PanicEnvironment.[0]Environment.[21]ConstructionGlowLine (6).[1]BakedBloom
[DEBUG @ 20:46:07 | Chroma] PanicEnvironment.[0]Environment.[22]ConstructionGlowLine (7)
[DEBUG @ 20:46:07 | Chroma] PanicEnvironment.[0]Environment.[22]ConstructionGlowLine (7).[0]BoxLight
[DEBUG @ 20:46:07 | Chroma] PanicEnvironment.[0]Environment.[22]ConstructionGlowLine (7).[1]BakedBloom
[DEBUG @ 20:46:07 | Chroma] PanicEnvironment.[0]Environment.[23]ConstructionGlowLine (8)
[DEBUG @ 20:46:07 | Chroma] PanicEnvironment.[0]Environment.[23]ConstructionGlowLine (8).[0]BoxLight
[DEBUG @ 20:46:07 | Chroma] PanicEnvironment.[0]Environment.[23]ConstructionGlowLine (8).[1]BakedBloom
[DEBUG @ 20:46:07 | Chroma] PanicEnvironment.[0]Environment.[24]ConstructionGlowLine (15)
[DEBUG @ 20:46:07 | Chroma] PanicEnvironment.[0]Environment.[24]ConstructionGlowLine (15).[0]BoxLight
[DEBUG @ 20:46:07 | Chroma] PanicEnvironment.[0]Environment.[24]ConstructionGlowLine (15).[1]BakedBloom
[DEBUG @ 20:46:07 | Chroma] PanicEnvironment.[0]Environment.[25]LightWithIdManager
[DEBUG @ 20:46:07 | Chroma] PanicEnvironment.[0]Environment.[26]LightEffects
[DEBUG @ 20:46:07 | Chroma] PanicEnvironment.[0]Environment.[27]Light (5)
[DEBUG @ 20:46:07 | Chroma] PanicEnvironment.[0]Environment.[28]RotatingLasersPair
[DEBUG @ 20:46:07 | Chroma] PanicEnvironment.[0]Environment.[28]RotatingLasersPair.[0]BaseL
[DEBUG @ 20:46:07 | Chroma] PanicEnvironment.[0]Environment.[28]RotatingLasersPair.[0]BaseL.[0]Laser
[DEBUG @ 20:46:07 | Chroma] PanicEnvironment.[0]Environment.[28]RotatingLasersPair.[0]BaseL.[0]Laser.[0]BakedBloom
[DEBUG @ 20:46:07 | Chroma] PanicEnvironment.[0]Environment.[28]RotatingLasersPair.[0]BaseL.[0]Laser.[1]BoxLight
[DEBUG @ 20:46:07 | Chroma] PanicEnvironment.[0]Environment.[28]RotatingLasersPair.[1]BaseR
[DEBUG @ 20:46:07 | Chroma] PanicEnvironment.[0]Environment.[28]RotatingLasersPair.[1]BaseR.[0]Laser
[DEBUG @ 20:46:07 | Chroma] PanicEnvironment.[0]Environment.[28]RotatingLasersPair.[1]BaseR.[0]Laser.[0]BakedBloom
[DEBUG @ 20:46:07 | Chroma] PanicEnvironment.[0]Environment.[28]RotatingLasersPair.[1]BaseR.[0]Laser.[1]BoxLight
[DEBUG @ 20:46:07 | Chroma] PanicEnvironment.[0]Environment.[29]RotatingLasersPair (1)
[DEBUG @ 20:46:07 | Chroma] PanicEnvironment.[0]Environment.[29]RotatingLasersPair (1).[0]BaseL
[DEBUG @ 20:46:07 | Chroma] PanicEnvironment.[0]Environment.[29]RotatingLasersPair (1).[0]BaseL.[0]Laser
[DEBUG @ 20:46:07 | Chroma] PanicEnvironment.[0]Environment.[29]RotatingLasersPair (1).[0]BaseL.[0]Laser.[0]BakedBloom
[DEBUG @ 20:46:07 | Chroma] PanicEnvironment.[0]Environment.[29]RotatingLasersPair (1).[0]BaseL.[0]Laser.[1]BoxLight
[DEBUG @ 20:46:07 | Chroma] PanicEnvironment.[0]Environment.[29]RotatingLasersPair (1).[1]BaseR
[DEBUG @ 20:46:07 | Chroma] PanicEnvironment.[0]Environment.[29]RotatingLasersPair (1).[1]BaseR.[0]Laser
[DEBUG @ 20:46:07 | Chroma] PanicEnvironment.[0]Environment.[29]RotatingLasersPair (1).[1]BaseR.[0]Laser.[0]BakedBloom
[DEBUG @ 20:46:07 | Chroma] PanicEnvironment.[0]Environment.[29]RotatingLasersPair (1).[1]BaseR.[0]Laser.[1]BoxLight
[DEBUG @ 20:46:07 | Chroma] PanicEnvironment.[0]Environment.[3]BackColumns
[DEBUG @ 20:46:07 | Chroma] PanicEnvironment.[0]Environment.[3]BackColumns.[0]BackColumnNeon
[DEBUG @ 20:46:07 | Chroma] PanicEnvironment.[0]Environment.[3]BackColumns.[0]BackColumnNeon.[0]BoxLight
[DEBUG @ 20:46:07 | Chroma] PanicEnvironment.[0]Environment.[3]BackColumns.[0]BackColumnNeon.[1]BakedBloom
[DEBUG @ 20:46:07 | Chroma] PanicEnvironment.[0]Environment.[3]BackColumns.[1]BackColumnNeon
[DEBUG @ 20:46:07 | Chroma] PanicEnvironment.[0]Environment.[3]BackColumns.[1]BackColumnNeon.[0]BoxLight
[DEBUG @ 20:46:07 | Chroma] PanicEnvironment.[0]Environment.[3]BackColumns.[1]BackColumnNeon.[1]BakedBloom
[DEBUG @ 20:46:07 | Chroma] PanicEnvironment.[0]Environment.[30]RotatingLasersPair (2)
[DEBUG @ 20:46:07 | Chroma] PanicEnvironment.[0]Environment.[30]RotatingLasersPair (2).[0]BaseL
[DEBUG @ 20:46:07 | Chroma] PanicEnvironment.[0]Environment.[30]RotatingLasersPair (2).[0]BaseL.[0]Laser
[DEBUG @ 20:46:07 | Chroma] PanicEnvironment.[0]Environment.[30]RotatingLasersPair (2).[0]BaseL.[0]Laser.[0]BakedBloom
[DEBUG @ 20:46:07 | Chroma] PanicEnvironment.[0]Environment.[30]RotatingLasersPair (2).[0]BaseL.[0]Laser.[1]BoxLight
[DEBUG @ 20:46:07 | Chroma] PanicEnvironment.[0]Environment.[30]RotatingLasersPair (2).[1]BaseR
[DEBUG @ 20:46:07 | Chroma] PanicEnvironment.[0]Environment.[30]RotatingLasersPair (2).[1]BaseR.[0]Laser
[DEBUG @ 20:46:07 | Chroma] PanicEnvironment.[0]Environment.[30]RotatingLasersPair (2).[1]BaseR.[0]Laser.[0]BakedBloom
[DEBUG @ 20:46:07 | Chroma] PanicEnvironment.[0]Environment.[30]RotatingLasersPair (2).[1]BaseR.[0]Laser.[1]BoxLight
[DEBUG @ 20:46:07 | Chroma] PanicEnvironment.[0]Environment.[31]RotatingLasersPair (3)
[DEBUG @ 20:46:07 | Chroma] PanicEnvironment.[0]Environment.[31]RotatingLasersPair (3).[0]BaseL
[DEBUG @ 20:46:07 | Chroma] PanicEnvironment.[0]Environment.[31]RotatingLasersPair (3).[0]BaseL.[0]Laser
[DEBUG @ 20:46:07 | Chroma] PanicEnvironment.[0]Environment.[31]RotatingLasersPair (3).[0]BaseL.[0]Laser.[0]BakedBloom
[DEBUG @ 20:46:07 | Chroma] PanicEnvironment.[0]Environment.[31]RotatingLasersPair (3).[0]BaseL.[0]Laser.[1]BoxLight
[DEBUG @ 20:46:07 | Chroma] PanicEnvironment.[0]Environment.[31]RotatingLasersPair (3).[1]BaseR
[DEBUG @ 20:46:07 | Chroma] PanicEnvironment.[0]Environment.[31]RotatingLasersPair (3).[1]BaseR.[0]Laser
[DEBUG @ 20:46:07 | Chroma] PanicEnvironment.[0]Environment.[31]RotatingLasersPair (3).[1]BaseR.[0]Laser.[0]BakedBloom
[DEBUG @ 20:46:07 | Chroma] PanicEnvironment.[0]Environment.[31]RotatingLasersPair (3).[1]BaseR.[0]Laser.[1]BoxLight
[DEBUG @ 20:46:07 | Chroma] PanicEnvironment.[0]Environment.[32]RotatingLasersPair (4)
[DEBUG @ 20:46:07 | Chroma] PanicEnvironment.[0]Environment.[32]RotatingLasersPair (4).[0]BaseL
[DEBUG @ 20:46:07 | Chroma] PanicEnvironment.[0]Environment.[32]RotatingLasersPair (4).[0]BaseL.[0]Laser
[DEBUG @ 20:46:07 | Chroma] PanicEnvironment.[0]Environment.[32]RotatingLasersPair (4).[0]BaseL.[0]Laser.[0]BakedBloom
[DEBUG @ 20:46:07 | Chroma] PanicEnvironment.[0]Environment.[32]RotatingLasersPair (4).[0]BaseL.[0]Laser.[1]BoxLight
[DEBUG @ 20:46:07 | Chroma] PanicEnvironment.[0]Environment.[32]RotatingLasersPair (4).[1]BaseR
[DEBUG @ 20:46:07 | Chroma] PanicEnvironment.[0]Environment.[32]RotatingLasersPair (4).[1]BaseR.[0]Laser
[DEBUG @ 20:46:07 | Chroma] PanicEnvironment.[0]Environment.[32]RotatingLasersPair (4).[1]BaseR.[0]Laser.[0]BakedBloom
[DEBUG @ 20:46:07 | Chroma] PanicEnvironment.[0]Environment.[32]RotatingLasersPair (4).[1]BaseR.[0]Laser.[1]BoxLight
[DEBUG @ 20:46:07 | Chroma] PanicEnvironment.[0]Environment.[33]RotatingLasersPair (5)
[DEBUG @ 20:46:07 | Chroma] PanicEnvironment.[0]Environment.[33]RotatingLasersPair (5).[0]BaseL
[DEBUG @ 20:46:07 | Chroma] PanicEnvironment.[0]Environment.[33]RotatingLasersPair (5).[0]BaseL.[0]Laser
[DEBUG @ 20:46:07 | Chroma] PanicEnvironment.[0]Environment.[33]RotatingLasersPair (5).[0]BaseL.[0]Laser.[0]BakedBloom
[DEBUG @ 20:46:07 | Chroma] PanicEnvironment.[0]Environment.[33]RotatingLasersPair (5).[0]BaseL.[0]Laser.[1]BoxLight
[DEBUG @ 20:46:07 | Chroma] PanicEnvironment.[0]Environment.[33]RotatingLasersPair (5).[1]BaseR
[DEBUG @ 20:46:07 | Chroma] PanicEnvironment.[0]Environment.[33]RotatingLasersPair (5).[1]BaseR.[0]Laser
[DEBUG @ 20:46:07 | Chroma] PanicEnvironment.[0]Environment.[33]RotatingLasersPair (5).[1]BaseR.[0]Laser.[0]BakedBloom
[DEBUG @ 20:46:07 | Chroma] PanicEnvironment.[0]Environment.[33]RotatingLasersPair (5).[1]BaseR.[0]Laser.[1]BoxLight
[DEBUG @ 20:46:07 | Chroma] PanicEnvironment.[0]Environment.[34]RotatingLasersPair (6)
[DEBUG @ 20:46:07 | Chroma] PanicEnvironment.[0]Environment.[34]RotatingLasersPair (6).[0]BaseL
[DEBUG @ 20:46:07 | Chroma] PanicEnvironment.[0]Environment.[34]RotatingLasersPair (6).[0]BaseL.[0]Laser
[DEBUG @ 20:46:07 | Chroma] PanicEnvironment.[0]Environment.[34]RotatingLasersPair (6).[0]BaseL.[0]Laser.[0]BakedBloom
[DEBUG @ 20:46:07 | Chroma] PanicEnvironment.[0]Environment.[34]RotatingLasersPair (6).[0]BaseL.[0]Laser.[1]BoxLight
[DEBUG @ 20:46:07 | Chroma] PanicEnvironment.[0]Environment.[34]RotatingLasersPair (6).[1]BaseR
[DEBUG @ 20:46:07 | Chroma] PanicEnvironment.[0]Environment.[34]RotatingLasersPair (6).[1]BaseR.[0]Laser
[DEBUG @ 20:46:07 | Chroma] PanicEnvironment.[0]Environment.[34]RotatingLasersPair (6).[1]BaseR.[0]Laser.[0]BakedBloom
[DEBUG @ 20:46:07 | Chroma] PanicEnvironment.[0]Environment.[34]RotatingLasersPair (6).[1]BaseR.[0]Laser.[1]BoxLight
[DEBUG @ 20:46:07 | Chroma] PanicEnvironment.[0]Environment.[35]NeonTube
[DEBUG @ 20:46:07 | Chroma] PanicEnvironment.[0]Environment.[35]NeonTube.[0]BakedBloom
[DEBUG @ 20:46:07 | Chroma] PanicEnvironment.[0]Environment.[35]NeonTube.[1]BoxLight
[DEBUG @ 20:46:07 | Chroma] PanicEnvironment.[0]Environment.[36]NeonTube (1)
[DEBUG @ 20:46:07 | Chroma] PanicEnvironment.[0]Environment.[36]NeonTube (1).[0]BakedBloom
[DEBUG @ 20:46:07 | Chroma] PanicEnvironment.[0]Environment.[36]NeonTube (1).[1]BoxLight
[DEBUG @ 20:46:07 | Chroma] PanicEnvironment.[0]Environment.[37]GradientBackground
[DEBUG @ 20:46:07 | Chroma] PanicEnvironment.[0]Environment.[38]BakedReflectionProbe
[DEBUG @ 20:46:07 | Chroma] PanicEnvironment.[0]Environment.[39]BSBakedLightingLightWithIds
[DEBUG @ 20:46:07 | Chroma] PanicEnvironment.[0]Environment.[4]PlayersPlace
[DEBUG @ 20:46:07 | Chroma] PanicEnvironment.[0]Environment.[4]PlayersPlace.[0]Mirror
[DEBUG @ 20:46:07 | Chroma] PanicEnvironment.[0]Environment.[4]PlayersPlace.[1]Feet
[DEBUG @ 20:46:07 | Chroma] PanicEnvironment.[0]Environment.[4]PlayersPlace.[2]Construction
[DEBUG @ 20:46:07 | Chroma] PanicEnvironment.[0]Environment.[4]PlayersPlace.[3]RectangleFakeGlow
[DEBUG @ 20:46:07 | Chroma] PanicEnvironment.[0]Environment.[4]PlayersPlace.[4]Frame
[DEBUG @ 20:46:07 | Chroma] PanicEnvironment.[0]Environment.[4]PlayersPlace.[5]SaberBurnMarksParticles
[DEBUG @ 20:46:07 | Chroma] PanicEnvironment.[0]Environment.[4]PlayersPlace.[5]SaberBurnMarksParticles.[0]SaberBurnMarkSparklePS
[DEBUG @ 20:46:07 | Chroma] PanicEnvironment.[0]Environment.[4]PlayersPlace.[6]SaberBurnMarksArea
[DEBUG @ 20:46:07 | Chroma] PanicEnvironment.[0]Environment.[4]PlayersPlace.[7]Collider
[DEBUG @ 20:46:07 | Chroma] PanicEnvironment.[0]Environment.[40]FakeMirrorSettings
[DEBUG @ 20:46:07 | Chroma] PanicEnvironment.[0]Environment.[41]BakedReflectionProbeInstaller
[DEBUG @ 20:46:07 | Chroma] PanicEnvironment.[0]Environment.[5]Window
[DEBUG @ 20:46:07 | Chroma] PanicEnvironment.[0]Environment.[6]Window
[DEBUG @ 20:46:07 | Chroma] PanicEnvironment.[0]Environment.[7]BottomCones
[DEBUG @ 20:46:07 | Chroma] PanicEnvironment.[0]Environment.[8]TopCones
[DEBUG @ 20:46:07 | Chroma] PanicEnvironment.[0]Environment.[9]TrackMirror
[DEBUG @ 20:46:07 | Chroma] PanicEnvironment.[0]Environment.[9]TrackMirror.[0]TrackMirrorSetDepth
