[DEBUG @ 18:58:17 | Chroma] HalloweenEnvironment.[0]Environment
[DEBUG @ 18:58:17 | Chroma] HalloweenEnvironment.[0]Environment.[0]DecoratorContext
[DEBUG @ 18:58:17 | Chroma] HalloweenEnvironment.[0]Environment.[1]FakeMirrorObjectsInstaller
[DEBUG @ 18:58:17 | Chroma] HalloweenEnvironment.[0]Environment.[10]Grave1
[DEBUG @ 18:58:17 | Chroma] HalloweenEnvironment.[0]Environment.[100]GroundStone (28)
[DEBUG @ 18:58:17 | Chroma] HalloweenEnvironment.[0]Environment.[101]GroundStone (29)
[DEBUG @ 18:58:17 | Chroma] HalloweenEnvironment.[0]Environment.[102]GroundStone (30)
[DEBUG @ 18:58:17 | Chroma] HalloweenEnvironment.[0]Environment.[103]GroundStone (31)
[DEBUG @ 18:58:17 | Chroma] HalloweenEnvironment.[0]Environment.[104]GroundStone (32)
[DEBUG @ 18:58:17 | Chroma] HalloweenEnvironment.[0]Environment.[105]GroundStone (33)
[DEBUG @ 18:58:17 | Chroma] HalloweenEnvironment.[0]Environment.[106]GroundStone (34)
[DEBUG @ 18:58:17 | Chroma] HalloweenEnvironment.[0]Environment.[107]GroundStone (35)
[DEBUG @ 18:58:17 | Chroma] HalloweenEnvironment.[0]Environment.[108]GroundStone (36)
[DEBUG @ 18:58:17 | Chroma] HalloweenEnvironment.[0]Environment.[109]GroundStone (38)
[DEBUG @ 18:58:17 | Chroma] HalloweenEnvironment.[0]Environment.[11]Fence
[DEBUG @ 18:58:17 | Chroma] HalloweenEnvironment.[0]Environment.[110]GroundStone (37)
[DEBUG @ 18:58:17 | Chroma] HalloweenEnvironment.[0]Environment.[111]GroundStone (39)
[DEBUG @ 18:58:17 | Chroma] HalloweenEnvironment.[0]Environment.[112]GroundStone (4)
[DEBUG @ 18:58:17 | Chroma] HalloweenEnvironment.[0]Environment.[113]GroundStone (40)
[DEBUG @ 18:58:17 | Chroma] HalloweenEnvironment.[0]Environment.[114]GroundStone (41)
[DEBUG @ 18:58:17 | Chroma] HalloweenEnvironment.[0]Environment.[115]GroundStone (42)
[DEBUG @ 18:58:17 | Chroma] HalloweenEnvironment.[0]Environment.[116]GroundStone (43)
[DEBUG @ 18:58:17 | Chroma] HalloweenEnvironment.[0]Environment.[117]GroundStone (44)
[DEBUG @ 18:58:17 | Chroma] HalloweenEnvironment.[0]Environment.[118]GroundStone (45)
[DEBUG @ 18:58:17 | Chroma] HalloweenEnvironment.[0]Environment.[119]GroundStone (46)
[DEBUG @ 18:58:17 | Chroma] HalloweenEnvironment.[0]Environment.[12]Grave
[DEBUG @ 18:58:17 | Chroma] HalloweenEnvironment.[0]Environment.[120]GroundStone (47)
[DEBUG @ 18:58:17 | Chroma] HalloweenEnvironment.[0]Environment.[121]GroundStone (48)
[DEBUG @ 18:58:17 | Chroma] HalloweenEnvironment.[0]Environment.[122]GroundStone (49)
[DEBUG @ 18:58:17 | Chroma] HalloweenEnvironment.[0]Environment.[123]GroundStone (50)
[DEBUG @ 18:58:17 | Chroma] HalloweenEnvironment.[0]Environment.[124]GroundStone (51)
[DEBUG @ 18:58:17 | Chroma] HalloweenEnvironment.[0]Environment.[125]GroundStone (54)
[DEBUG @ 18:58:17 | Chroma] HalloweenEnvironment.[0]Environment.[126]GroundStone (55)
[DEBUG @ 18:58:17 | Chroma] HalloweenEnvironment.[0]Environment.[127]GroundStone (56)
[DEBUG @ 18:58:17 | Chroma] HalloweenEnvironment.[0]Environment.[128]GroundStone (57)
[DEBUG @ 18:58:17 | Chroma] HalloweenEnvironment.[0]Environment.[129]GroundStone (58)
[DEBUG @ 18:58:17 | Chroma] HalloweenEnvironment.[0]Environment.[13]Fence (1)
[DEBUG @ 18:58:17 | Chroma] HalloweenEnvironment.[0]Environment.[130]GroundStone (59)
[DEBUG @ 18:58:17 | Chroma] HalloweenEnvironment.[0]Environment.[131]GroundStone (60)
[DEBUG @ 18:58:17 | Chroma] HalloweenEnvironment.[0]Environment.[132]GroundStone (61)
[DEBUG @ 18:58:17 | Chroma] HalloweenEnvironment.[0]Environment.[133]GroundStone (62)
[DEBUG @ 18:58:17 | Chroma] HalloweenEnvironment.[0]Environment.[134]GroundStone (63)
[DEBUG @ 18:58:17 | Chroma] HalloweenEnvironment.[0]Environment.[135]GroundStone (64)
[DEBUG @ 18:58:17 | Chroma] HalloweenEnvironment.[0]Environment.[136]GroundStone (65)
[DEBUG @ 18:58:17 | Chroma] HalloweenEnvironment.[0]Environment.[137]GroundStone (66)
[DEBUG @ 18:58:17 | Chroma] HalloweenEnvironment.[0]Environment.[138]GroundStone (67)
[DEBUG @ 18:58:17 | Chroma] HalloweenEnvironment.[0]Environment.[139]GroundStone (68)
[DEBUG @ 18:58:17 | Chroma] HalloweenEnvironment.[0]Environment.[14]Castle
[DEBUG @ 18:58:17 | Chroma] HalloweenEnvironment.[0]Environment.[140]GroundStone (69)
[DEBUG @ 18:58:17 | Chroma] HalloweenEnvironment.[0]Environment.[141]GroundStone (70)
[DEBUG @ 18:58:17 | Chroma] HalloweenEnvironment.[0]Environment.[142]GroundStone (71)
[DEBUG @ 18:58:17 | Chroma] HalloweenEnvironment.[0]Environment.[143]GroundStone (72)
[DEBUG @ 18:58:17 | Chroma] HalloweenEnvironment.[0]Environment.[144]GroundStone (73)
[DEBUG @ 18:58:17 | Chroma] HalloweenEnvironment.[0]Environment.[145]GroundStone (74)
[DEBUG @ 18:58:17 | Chroma] HalloweenEnvironment.[0]Environment.[146]GroundStone (77)
[DEBUG @ 18:58:17 | Chroma] HalloweenEnvironment.[0]Environment.[147]Tree1 (1)
[DEBUG @ 18:58:17 | Chroma] HalloweenEnvironment.[0]Environment.[148]Tree2 (1)
[DEBUG @ 18:58:17 | Chroma] HalloweenEnvironment.[0]Environment.[149]====== DYNAMIC ======
[DEBUG @ 18:58:17 | Chroma] HalloweenEnvironment.[0]Environment.[15]Castle (1)
[DEBUG @ 18:58:17 | Chroma] HalloweenEnvironment.[0]Environment.[150]Bats
[DEBUG @ 18:58:17 | Chroma] HalloweenEnvironment.[0]Environment.[151]NarrowGameHUD
[DEBUG @ 18:58:17 | Chroma] HalloweenEnvironment.[0]Environment.[151]NarrowGameHUD.[0]EnergyPanel
[DEBUG @ 18:58:17 | Chroma] HalloweenEnvironment.[0]Environment.[151]NarrowGameHUD.[0]EnergyPanel.[0]BG
[DEBUG @ 18:58:17 | Chroma] HalloweenEnvironment.[0]Environment.[151]NarrowGameHUD.[0]EnergyPanel.[1]BarBG
[DEBUG @ 18:58:17 | Chroma] HalloweenEnvironment.[0]Environment.[151]NarrowGameHUD.[0]EnergyPanel.[2]EnergyIconEmpty
[DEBUG @ 18:58:17 | Chroma] HalloweenEnvironment.[0]Environment.[151]NarrowGameHUD.[0]EnergyPanel.[3]EnergyIconFull
[DEBUG @ 18:58:17 | Chroma] HalloweenEnvironment.[0]Environment.[151]NarrowGameHUD.[0]EnergyPanel.[4]EnergyBarWrapper
[DEBUG @ 18:58:17 | Chroma] HalloweenEnvironment.[0]Environment.[151]NarrowGameHUD.[0]EnergyPanel.[4]EnergyBarWrapper.[0]EnergyBar
[DEBUG @ 18:58:17 | Chroma] HalloweenEnvironment.[0]Environment.[151]NarrowGameHUD.[0]EnergyPanel.[5]Laser
[DEBUG @ 18:58:17 | Chroma] HalloweenEnvironment.[0]Environment.[151]NarrowGameHUD.[0]EnergyPanel.[5]Laser.[0]BoxLight
[DEBUG @ 18:58:17 | Chroma] HalloweenEnvironment.[0]Environment.[151]NarrowGameHUD.[0]EnergyPanel.[5]Laser.[1]BakedBloom
[DEBUG @ 18:58:17 | Chroma] HalloweenEnvironment.[0]Environment.[151]NarrowGameHUD.[0]EnergyPanel.[6]FailIcon
[DEBUG @ 18:58:17 | Chroma] HalloweenEnvironment.[0]Environment.[151]NarrowGameHUD.[0]EnergyPanel.[7]Colorer
[DEBUG @ 18:58:17 | Chroma] HalloweenEnvironment.[0]Environment.[151]NarrowGameHUD.[1]LeftPanel
[DEBUG @ 18:58:17 | Chroma] HalloweenEnvironment.[0]Environment.[151]NarrowGameHUD.[1]LeftPanel.[0]ComboPanel
[DEBUG @ 18:58:17 | Chroma] HalloweenEnvironment.[0]Environment.[151]NarrowGameHUD.[1]LeftPanel.[0]ComboPanel.[0]ComboText
[DEBUG @ 18:58:17 | Chroma] HalloweenEnvironment.[0]Environment.[151]NarrowGameHUD.[1]LeftPanel.[0]ComboPanel.[1]ComboCanvas
[DEBUG @ 18:58:17 | Chroma] HalloweenEnvironment.[0]Environment.[151]NarrowGameHUD.[1]LeftPanel.[0]ComboPanel.[1]ComboCanvas.[0]NumText
[DEBUG @ 18:58:17 | Chroma] HalloweenEnvironment.[0]Environment.[151]NarrowGameHUD.[1]LeftPanel.[0]ComboPanel.[2]Line0
[DEBUG @ 18:58:17 | Chroma] HalloweenEnvironment.[0]Environment.[151]NarrowGameHUD.[1]LeftPanel.[0]ComboPanel.[3]Line1
[DEBUG @ 18:58:17 | Chroma] HalloweenEnvironment.[0]Environment.[151]NarrowGameHUD.[1]LeftPanel.[0]ComboPanel.[4]Colorer
[DEBUG @ 18:58:17 | Chroma] HalloweenEnvironment.[0]Environment.[151]NarrowGameHUD.[1]LeftPanel.[1]ScoreCanvas
[DEBUG @ 18:58:17 | Chroma] HalloweenEnvironment.[0]Environment.[151]NarrowGameHUD.[1]LeftPanel.[1]ScoreCanvas.[0]ScoreText
[DEBUG @ 18:58:17 | Chroma] HalloweenEnvironment.[0]Environment.[151]NarrowGameHUD.[1]LeftPanel.[1]ScoreCanvas.[1]ImmediateRankText
[DEBUG @ 18:58:17 | Chroma] HalloweenEnvironment.[0]Environment.[151]NarrowGameHUD.[1]LeftPanel.[1]ScoreCanvas.[2]RelativeScoreText
[DEBUG @ 18:58:17 | Chroma] HalloweenEnvironment.[0]Environment.[151]NarrowGameHUD.[2]RightPanel
[DEBUG @ 18:58:17 | Chroma] HalloweenEnvironment.[0]Environment.[151]NarrowGameHUD.[2]RightPanel.[0]MultiplierCanvas
[DEBUG @ 18:58:17 | Chroma] HalloweenEnvironment.[0]Environment.[151]NarrowGameHUD.[2]RightPanel.[0]MultiplierCanvas.[0]BGCircle
[DEBUG @ 18:58:17 | Chroma] HalloweenEnvironment.[0]Environment.[151]NarrowGameHUD.[2]RightPanel.[0]MultiplierCanvas.[1]FGCircle
[DEBUG @ 18:58:17 | Chroma] HalloweenEnvironment.[0]Environment.[151]NarrowGameHUD.[2]RightPanel.[0]MultiplierCanvas.[2]AnimationCircle
[DEBUG @ 18:58:17 | Chroma] HalloweenEnvironment.[0]Environment.[151]NarrowGameHUD.[2]RightPanel.[0]MultiplierCanvas.[3]TextOverlayPanelOutline1
[DEBUG @ 18:58:17 | Chroma] HalloweenEnvironment.[0]Environment.[151]NarrowGameHUD.[2]RightPanel.[0]MultiplierCanvas.[3]TextOverlayPanelOutline1.[0]XText
[DEBUG @ 18:58:17 | Chroma] HalloweenEnvironment.[0]Environment.[151]NarrowGameHUD.[2]RightPanel.[0]MultiplierCanvas.[3]TextOverlayPanelOutline1.[1]NumText
[DEBUG @ 18:58:17 | Chroma] HalloweenEnvironment.[0]Environment.[151]NarrowGameHUD.[2]RightPanel.[0]MultiplierCanvas.[4]TextOverlayPanelOutline0
[DEBUG @ 18:58:17 | Chroma] HalloweenEnvironment.[0]Environment.[151]NarrowGameHUD.[2]RightPanel.[0]MultiplierCanvas.[4]TextOverlayPanelOutline0.[0]XText
[DEBUG @ 18:58:17 | Chroma] HalloweenEnvironment.[0]Environment.[151]NarrowGameHUD.[2]RightPanel.[0]MultiplierCanvas.[4]TextOverlayPanelOutline0.[1]NumText
[DEBUG @ 18:58:17 | Chroma] HalloweenEnvironment.[0]Environment.[151]NarrowGameHUD.[2]RightPanel.[0]MultiplierCanvas.[5]TextPanel
[DEBUG @ 18:58:17 | Chroma] HalloweenEnvironment.[0]Environment.[151]NarrowGameHUD.[2]RightPanel.[0]MultiplierCanvas.[5]TextPanel.[0]XText
[DEBUG @ 18:58:17 | Chroma] HalloweenEnvironment.[0]Environment.[151]NarrowGameHUD.[2]RightPanel.[0]MultiplierCanvas.[5]TextPanel.[1]NumText
[DEBUG @ 18:58:17 | Chroma] HalloweenEnvironment.[0]Environment.[151]NarrowGameHUD.[2]RightPanel.[0]MultiplierCanvas.[6]Colorer
[DEBUG @ 18:58:17 | Chroma] HalloweenEnvironment.[0]Environment.[151]NarrowGameHUD.[2]RightPanel.[1]SongProgressCanvas
[DEBUG @ 18:58:17 | Chroma] HalloweenEnvironment.[0]Environment.[151]NarrowGameHUD.[2]RightPanel.[1]SongProgressCanvas.[0]Progress
[DEBUG @ 18:58:17 | Chroma] HalloweenEnvironment.[0]Environment.[151]NarrowGameHUD.[2]RightPanel.[1]SongProgressCanvas.[1]Slider
[DEBUG @ 18:58:17 | Chroma] HalloweenEnvironment.[0]Environment.[151]NarrowGameHUD.[2]RightPanel.[1]SongProgressCanvas.[1]Slider.[0]Background
[DEBUG @ 18:58:17 | Chroma] HalloweenEnvironment.[0]Environment.[151]NarrowGameHUD.[2]RightPanel.[1]SongProgressCanvas.[1]Slider.[1]Handle Slide Area
[DEBUG @ 18:58:17 | Chroma] HalloweenEnvironment.[0]Environment.[151]NarrowGameHUD.[2]RightPanel.[1]SongProgressCanvas.[1]Slider.[1]Handle Slide Area.[0]Handle
[DEBUG @ 18:58:17 | Chroma] HalloweenEnvironment.[0]Environment.[151]NarrowGameHUD.[2]RightPanel.[1]SongProgressCanvas.[2]DurationMinutes
[DEBUG @ 18:58:17 | Chroma] HalloweenEnvironment.[0]Environment.[151]NarrowGameHUD.[2]RightPanel.[1]SongProgressCanvas.[3]DurationSeconds
[DEBUG @ 18:58:17 | Chroma] HalloweenEnvironment.[0]Environment.[151]NarrowGameHUD.[2]RightPanel.[1]SongProgressCanvas.[4]ProgressMinutes
[DEBUG @ 18:58:17 | Chroma] HalloweenEnvironment.[0]Environment.[151]NarrowGameHUD.[2]RightPanel.[1]SongProgressCanvas.[5]ProgressSeconds
[DEBUG @ 18:58:17 | Chroma] HalloweenEnvironment.[0]Environment.[151]NarrowGameHUD.[2]RightPanel.[1]SongProgressCanvas.[6]BG
[DEBUG @ 18:58:17 | Chroma] HalloweenEnvironment.[0]Environment.[151]NarrowGameHUD.[2]RightPanel.[1]SongProgressCanvas.[7]Colorer
[DEBUG @ 18:58:17 | Chroma] HalloweenEnvironment.[0]Environment.[152]BigSmokePS
[DEBUG @ 18:58:17 | Chroma] HalloweenEnvironment.[0]Environment.[153]Crow (3)
[DEBUG @ 18:58:17 | Chroma] HalloweenEnvironment.[0]Environment.[153]Crow (3).[0]Crow
[DEBUG @ 18:58:17 | Chroma] HalloweenEnvironment.[0]Environment.[154]Crow (2)
[DEBUG @ 18:58:17 | Chroma] HalloweenEnvironment.[0]Environment.[154]Crow (2).[0]Crow
[DEBUG @ 18:58:17 | Chroma] HalloweenEnvironment.[0]Environment.[155]Crow
[DEBUG @ 18:58:17 | Chroma] HalloweenEnvironment.[0]Environment.[155]Crow.[0]Crow
[DEBUG @ 18:58:17 | Chroma] HalloweenEnvironment.[0]Environment.[156]Crow (1)
[DEBUG @ 18:58:17 | Chroma] HalloweenEnvironment.[0]Environment.[156]Crow (1).[0]Crow
[DEBUG @ 18:58:17 | Chroma] HalloweenEnvironment.[0]Environment.[157]ZombieHand (1)
[DEBUG @ 18:58:17 | Chroma] HalloweenEnvironment.[0]Environment.[157]ZombieHand (1).[0]ZombieHand
[DEBUG @ 18:58:17 | Chroma] HalloweenEnvironment.[0]Environment.[158]ZombieHand (2)
[DEBUG @ 18:58:17 | Chroma] HalloweenEnvironment.[0]Environment.[158]ZombieHand (2).[0]ZombieHand
[DEBUG @ 18:58:17 | Chroma] HalloweenEnvironment.[0]Environment.[159]ZombieHand (3)
[DEBUG @ 18:58:17 | Chroma] HalloweenEnvironment.[0]Environment.[159]ZombieHand (3).[0]ZombieHand
[DEBUG @ 18:58:17 | Chroma] HalloweenEnvironment.[0]Environment.[16]Castle (2)
[DEBUG @ 18:58:17 | Chroma] HalloweenEnvironment.[0]Environment.[160]ZombieHand (4)
[DEBUG @ 18:58:17 | Chroma] HalloweenEnvironment.[0]Environment.[160]ZombieHand (4).[0]ZombieHand
[DEBUG @ 18:58:17 | Chroma] HalloweenEnvironment.[0]Environment.[161]ZombieHand (5)
[DEBUG @ 18:58:17 | Chroma] HalloweenEnvironment.[0]Environment.[161]ZombieHand (5).[0]ZombieHand
[DEBUG @ 18:58:17 | Chroma] HalloweenEnvironment.[0]Environment.[162]ZombieHand
[DEBUG @ 18:58:17 | Chroma] HalloweenEnvironment.[0]Environment.[162]ZombieHand.[0]ZombieHand
[DEBUG @ 18:58:17 | Chroma] HalloweenEnvironment.[0]Environment.[163]ZombieHand (6)
[DEBUG @ 18:58:17 | Chroma] HalloweenEnvironment.[0]Environment.[163]ZombieHand (6).[0]ZombieHand
[DEBUG @ 18:58:17 | Chroma] HalloweenEnvironment.[0]Environment.[164]====== LIGHTS ======
[DEBUG @ 18:58:17 | Chroma] HalloweenEnvironment.[0]Environment.[165]CoreLighting
[DEBUG @ 18:58:17 | Chroma] HalloweenEnvironment.[0]Environment.[165]CoreLighting.[0]LightManager
[DEBUG @ 18:58:17 | Chroma] HalloweenEnvironment.[0]Environment.[165]CoreLighting.[1]Gate
[DEBUG @ 18:58:17 | Chroma] HalloweenEnvironment.[0]Environment.[165]CoreLighting.[2]Top
[DEBUG @ 18:58:17 | Chroma] HalloweenEnvironment.[0]Environment.[165]CoreLighting.[3]TopLeft
[DEBUG @ 18:58:17 | Chroma] HalloweenEnvironment.[0]Environment.[165]CoreLighting.[4]TopRight
[DEBUG @ 18:58:17 | Chroma] HalloweenEnvironment.[0]Environment.[165]CoreLighting.[5]Moon
[DEBUG @ 18:58:17 | Chroma] HalloweenEnvironment.[0]Environment.[166]NeonTubeL (1)
[DEBUG @ 18:58:17 | Chroma] HalloweenEnvironment.[0]Environment.[167]LightEffects
[DEBUG @ 18:58:17 | Chroma] HalloweenEnvironment.[0]Environment.[168]LightWithIdManager
[DEBUG @ 18:58:17 | Chroma] HalloweenEnvironment.[0]Environment.[169]NeonTubeR
[DEBUG @ 18:58:17 | Chroma] HalloweenEnvironment.[0]Environment.[169]NeonTubeR.[0]BakedBloom
[DEBUG @ 18:58:17 | Chroma] HalloweenEnvironment.[0]Environment.[169]NeonTubeR.[1]BoxLight
[DEBUG @ 18:58:17 | Chroma] HalloweenEnvironment.[0]Environment.[17]Castle (3)
[DEBUG @ 18:58:17 | Chroma] HalloweenEnvironment.[0]Environment.[170]NeonTubeL
[DEBUG @ 18:58:17 | Chroma] HalloweenEnvironment.[0]Environment.[170]NeonTubeL.[0]BakedBloom
[DEBUG @ 18:58:17 | Chroma] HalloweenEnvironment.[0]Environment.[170]NeonTubeL.[1]BoxLight
[DEBUG @ 18:58:17 | Chroma] HalloweenEnvironment.[0]Environment.[171]NeonTubeR (1)
[DEBUG @ 18:58:17 | Chroma] HalloweenEnvironment.[0]Environment.[172]GateLight
[DEBUG @ 18:58:17 | Chroma] HalloweenEnvironment.[0]Environment.[173]Moon
[DEBUG @ 18:58:17 | Chroma] HalloweenEnvironment.[0]Environment.[173]Moon.[0]NeonTube
[DEBUG @ 18:58:17 | Chroma] HalloweenEnvironment.[0]Environment.[173]Moon.[0]NeonTube.[0]BakedBloom
[DEBUG @ 18:58:17 | Chroma] HalloweenEnvironment.[0]Environment.[174]GlowLineL (7)
[DEBUG @ 18:58:17 | Chroma] HalloweenEnvironment.[0]Environment.[174]GlowLineL (7).[0]BakedBloom
[DEBUG @ 18:58:17 | Chroma] HalloweenEnvironment.[0]Environment.[174]GlowLineL (7).[1]BoxLight
[DEBUG @ 18:58:17 | Chroma] HalloweenEnvironment.[0]Environment.[175]GlowLineL (6)
[DEBUG @ 18:58:17 | Chroma] HalloweenEnvironment.[0]Environment.[175]GlowLineL (6).[0]BakedBloom
[DEBUG @ 18:58:17 | Chroma] HalloweenEnvironment.[0]Environment.[175]GlowLineL (6).[1]BoxLight
[DEBUG @ 18:58:17 | Chroma] HalloweenEnvironment.[0]Environment.[176]GlowLineL (8)
[DEBUG @ 18:58:17 | Chroma] HalloweenEnvironment.[0]Environment.[176]GlowLineL (8).[0]BakedBloom
[DEBUG @ 18:58:17 | Chroma] HalloweenEnvironment.[0]Environment.[176]GlowLineL (8).[1]BoxLight
[DEBUG @ 18:58:17 | Chroma] HalloweenEnvironment.[0]Environment.[177]GlowLineL (9)
[DEBUG @ 18:58:17 | Chroma] HalloweenEnvironment.[0]Environment.[177]GlowLineL (9).[0]BakedBloom
[DEBUG @ 18:58:17 | Chroma] HalloweenEnvironment.[0]Environment.[177]GlowLineL (9).[1]BoxLight
[DEBUG @ 18:58:17 | Chroma] HalloweenEnvironment.[0]Environment.[178]NeonTubeC
[DEBUG @ 18:58:17 | Chroma] HalloweenEnvironment.[0]Environment.[179]GroundFog
[DEBUG @ 18:58:17 | Chroma] HalloweenEnvironment.[0]Environment.[18]Tree3
[DEBUG @ 18:58:17 | Chroma] HalloweenEnvironment.[0]Environment.[180]RotatingLasersPair (13)
[DEBUG @ 18:58:17 | Chroma] HalloweenEnvironment.[0]Environment.[180]RotatingLasersPair (13).[0]BaseL
[DEBUG @ 18:58:17 | Chroma] HalloweenEnvironment.[0]Environment.[180]RotatingLasersPair (13).[0]BaseL.[0]Laser
[DEBUG @ 18:58:17 | Chroma] HalloweenEnvironment.[0]Environment.[180]RotatingLasersPair (13).[0]BaseL.[0]Laser.[0]BakedBloom
[DEBUG @ 18:58:17 | Chroma] HalloweenEnvironment.[0]Environment.[180]RotatingLasersPair (13).[0]BaseL.[0]Laser.[1]BoxLight
[DEBUG @ 18:58:17 | Chroma] HalloweenEnvironment.[0]Environment.[180]RotatingLasersPair (13).[1]BaseR
[DEBUG @ 18:58:17 | Chroma] HalloweenEnvironment.[0]Environment.[180]RotatingLasersPair (13).[1]BaseR.[0]Laser
[DEBUG @ 18:58:17 | Chroma] HalloweenEnvironment.[0]Environment.[180]RotatingLasersPair (13).[1]BaseR.[0]Laser.[0]BakedBloom
[DEBUG @ 18:58:17 | Chroma] HalloweenEnvironment.[0]Environment.[180]RotatingLasersPair (13).[1]BaseR.[0]Laser.[1]BoxLight
[DEBUG @ 18:58:17 | Chroma] HalloweenEnvironment.[0]Environment.[181]RotatingLasersPair (12)
[DEBUG @ 18:58:17 | Chroma] HalloweenEnvironment.[0]Environment.[181]RotatingLasersPair (12).[0]BaseL
[DEBUG @ 18:58:17 | Chroma] HalloweenEnvironment.[0]Environment.[181]RotatingLasersPair (12).[0]BaseL.[0]Laser
[DEBUG @ 18:58:17 | Chroma] HalloweenEnvironment.[0]Environment.[181]RotatingLasersPair (12).[0]BaseL.[0]Laser.[0]BakedBloom
[DEBUG @ 18:58:17 | Chroma] HalloweenEnvironment.[0]Environment.[181]RotatingLasersPair (12).[0]BaseL.[0]Laser.[1]BoxLight
[DEBUG @ 18:58:17 | Chroma] HalloweenEnvironment.[0]Environment.[181]RotatingLasersPair (12).[1]BaseR
[DEBUG @ 18:58:17 | Chroma] HalloweenEnvironment.[0]Environment.[181]RotatingLasersPair (12).[1]BaseR.[0]Laser
[DEBUG @ 18:58:17 | Chroma] HalloweenEnvironment.[0]Environment.[181]RotatingLasersPair (12).[1]BaseR.[0]Laser.[0]BakedBloom
[DEBUG @ 18:58:17 | Chroma] HalloweenEnvironment.[0]Environment.[181]RotatingLasersPair (12).[1]BaseR.[0]Laser.[1]BoxLight
[DEBUG @ 18:58:17 | Chroma] HalloweenEnvironment.[0]Environment.[182]RotatingLasersPair (7)
[DEBUG @ 18:58:17 | Chroma] HalloweenEnvironment.[0]Environment.[182]RotatingLasersPair (7).[0]BaseL
[DEBUG @ 18:58:17 | Chroma] HalloweenEnvironment.[0]Environment.[182]RotatingLasersPair (7).[0]BaseL.[0]Laser
[DEBUG @ 18:58:17 | Chroma] HalloweenEnvironment.[0]Environment.[182]RotatingLasersPair (7).[0]BaseL.[0]Laser.[0]BakedBloom
[DEBUG @ 18:58:17 | Chroma] HalloweenEnvironment.[0]Environment.[182]RotatingLasersPair (7).[0]BaseL.[0]Laser.[1]BoxLight
[DEBUG @ 18:58:17 | Chroma] HalloweenEnvironment.[0]Environment.[182]RotatingLasersPair (7).[1]BaseR
[DEBUG @ 18:58:17 | Chroma] HalloweenEnvironment.[0]Environment.[182]RotatingLasersPair (7).[1]BaseR.[0]Laser
[DEBUG @ 18:58:17 | Chroma] HalloweenEnvironment.[0]Environment.[182]RotatingLasersPair (7).[1]BaseR.[0]Laser.[0]BakedBloom
[DEBUG @ 18:58:17 | Chroma] HalloweenEnvironment.[0]Environment.[182]RotatingLasersPair (7).[1]BaseR.[0]Laser.[1]BoxLight
[DEBUG @ 18:58:17 | Chroma] HalloweenEnvironment.[0]Environment.[183]RotatingLasersPair (8)
[DEBUG @ 18:58:17 | Chroma] HalloweenEnvironment.[0]Environment.[183]RotatingLasersPair (8).[0]BaseL
[DEBUG @ 18:58:17 | Chroma] HalloweenEnvironment.[0]Environment.[183]RotatingLasersPair (8).[0]BaseL.[0]Laser
[DEBUG @ 18:58:17 | Chroma] HalloweenEnvironment.[0]Environment.[183]RotatingLasersPair (8).[0]BaseL.[0]Laser.[0]BakedBloom
[DEBUG @ 18:58:17 | Chroma] HalloweenEnvironment.[0]Environment.[183]RotatingLasersPair (8).[0]BaseL.[0]Laser.[1]BoxLight
[DEBUG @ 18:58:17 | Chroma] HalloweenEnvironment.[0]Environment.[183]RotatingLasersPair (8).[1]BaseR
[DEBUG @ 18:58:17 | Chroma] HalloweenEnvironment.[0]Environment.[183]RotatingLasersPair (8).[1]BaseR.[0]Laser
[DEBUG @ 18:58:17 | Chroma] HalloweenEnvironment.[0]Environment.[183]RotatingLasersPair (8).[1]BaseR.[0]Laser.[0]BakedBloom
[DEBUG @ 18:58:17 | Chroma] HalloweenEnvironment.[0]Environment.[183]RotatingLasersPair (8).[1]BaseR.[0]Laser.[1]BoxLight
[DEBUG @ 18:58:17 | Chroma] HalloweenEnvironment.[0]Environment.[184]RotatingLasersPair (9)
[DEBUG @ 18:58:17 | Chroma] HalloweenEnvironment.[0]Environment.[184]RotatingLasersPair (9).[0]BaseL
[DEBUG @ 18:58:17 | Chroma] HalloweenEnvironment.[0]Environment.[184]RotatingLasersPair (9).[0]BaseL.[0]Laser
[DEBUG @ 18:58:17 | Chroma] HalloweenEnvironment.[0]Environment.[184]RotatingLasersPair (9).[0]BaseL.[0]Laser.[0]BakedBloom
[DEBUG @ 18:58:17 | Chroma] HalloweenEnvironment.[0]Environment.[184]RotatingLasersPair (9).[0]BaseL.[0]Laser.[1]BoxLight
[DEBUG @ 18:58:17 | Chroma] HalloweenEnvironment.[0]Environment.[184]RotatingLasersPair (9).[1]BaseR
[DEBUG @ 18:58:17 | Chroma] HalloweenEnvironment.[0]Environment.[184]RotatingLasersPair (9).[1]BaseR.[0]Laser
[DEBUG @ 18:58:17 | Chroma] HalloweenEnvironment.[0]Environment.[184]RotatingLasersPair (9).[1]BaseR.[0]Laser.[0]BakedBloom
[DEBUG @ 18:58:17 | Chroma] HalloweenEnvironment.[0]Environment.[184]RotatingLasersPair (9).[1]BaseR.[0]Laser.[1]BoxLight
[DEBUG @ 18:58:17 | Chroma] HalloweenEnvironment.[0]Environment.[185]RotatingLasersPair (10)
[DEBUG @ 18:58:17 | Chroma] HalloweenEnvironment.[0]Environment.[185]RotatingLasersPair (10).[0]BaseL
[DEBUG @ 18:58:17 | Chroma] HalloweenEnvironment.[0]Environment.[185]RotatingLasersPair (10).[0]BaseL.[0]Laser
[DEBUG @ 18:58:17 | Chroma] HalloweenEnvironment.[0]Environment.[185]RotatingLasersPair (10).[0]BaseL.[0]Laser.[0]BakedBloom
[DEBUG @ 18:58:17 | Chroma] HalloweenEnvironment.[0]Environment.[185]RotatingLasersPair (10).[0]BaseL.[0]Laser.[1]BoxLight
[DEBUG @ 18:58:17 | Chroma] HalloweenEnvironment.[0]Environment.[185]RotatingLasersPair (10).[1]BaseR
[DEBUG @ 18:58:17 | Chroma] HalloweenEnvironment.[0]Environment.[185]RotatingLasersPair (10).[1]BaseR.[0]Laser
[DEBUG @ 18:58:17 | Chroma] HalloweenEnvironment.[0]Environment.[185]RotatingLasersPair (10).[1]BaseR.[0]Laser.[0]BakedBloom
[DEBUG @ 18:58:17 | Chroma] HalloweenEnvironment.[0]Environment.[185]RotatingLasersPair (10).[1]BaseR.[0]Laser.[1]BoxLight
[DEBUG @ 18:58:17 | Chroma] HalloweenEnvironment.[0]Environment.[186]RotatingLasersPair (11)
[DEBUG @ 18:58:17 | Chroma] HalloweenEnvironment.[0]Environment.[186]RotatingLasersPair (11).[0]BaseL
[DEBUG @ 18:58:17 | Chroma] HalloweenEnvironment.[0]Environment.[186]RotatingLasersPair (11).[0]BaseL.[0]Laser
[DEBUG @ 18:58:17 | Chroma] HalloweenEnvironment.[0]Environment.[186]RotatingLasersPair (11).[0]BaseL.[0]Laser.[0]BakedBloom
[DEBUG @ 18:58:17 | Chroma] HalloweenEnvironment.[0]Environment.[186]RotatingLasersPair (11).[0]BaseL.[0]Laser.[1]BoxLight
[DEBUG @ 18:58:17 | Chroma] HalloweenEnvironment.[0]Environment.[186]RotatingLasersPair (11).[1]BaseR
[DEBUG @ 18:58:17 | Chroma] HalloweenEnvironment.[0]Environment.[186]RotatingLasersPair (11).[1]BaseR.[0]Laser
[DEBUG @ 18:58:17 | Chroma] HalloweenEnvironment.[0]Environment.[186]RotatingLasersPair (11).[1]BaseR.[0]Laser.[0]BakedBloom
[DEBUG @ 18:58:17 | Chroma] HalloweenEnvironment.[0]Environment.[186]RotatingLasersPair (11).[1]BaseR.[0]Laser.[1]BoxLight
[DEBUG @ 18:58:17 | Chroma] HalloweenEnvironment.[0]Environment.[187]RotatingLasersPair (14)
[DEBUG @ 18:58:17 | Chroma] HalloweenEnvironment.[0]Environment.[187]RotatingLasersPair (14).[0]BaseL
[DEBUG @ 18:58:17 | Chroma] HalloweenEnvironment.[0]Environment.[187]RotatingLasersPair (14).[0]BaseL.[0]Laser
[DEBUG @ 18:58:17 | Chroma] HalloweenEnvironment.[0]Environment.[187]RotatingLasersPair (14).[0]BaseL.[0]Laser.[0]BakedBloom
[DEBUG @ 18:58:17 | Chroma] HalloweenEnvironment.[0]Environment.[187]RotatingLasersPair (14).[0]BaseL.[0]Laser.[1]BoxLight
[DEBUG @ 18:58:17 | Chroma] HalloweenEnvironment.[0]Environment.[187]RotatingLasersPair (14).[1]BaseR
[DEBUG @ 18:58:17 | Chroma] HalloweenEnvironment.[0]Environment.[187]RotatingLasersPair (14).[1]BaseR.[0]Laser
[DEBUG @ 18:58:17 | Chroma] HalloweenEnvironment.[0]Environment.[187]RotatingLasersPair (14).[1]BaseR.[0]Laser.[0]BakedBloom
[DEBUG @ 18:58:17 | Chroma] HalloweenEnvironment.[0]Environment.[187]RotatingLasersPair (14).[1]BaseR.[0]Laser.[1]BoxLight
[DEBUG @ 18:58:17 | Chroma] HalloweenEnvironment.[0]Environment.[188]RotatingLasersPair (15)
[DEBUG @ 18:58:17 | Chroma] HalloweenEnvironment.[0]Environment.[188]RotatingLasersPair (15).[0]BaseL
[DEBUG @ 18:58:17 | Chroma] HalloweenEnvironment.[0]Environment.[188]RotatingLasersPair (15).[0]BaseL.[0]Laser
[DEBUG @ 18:58:17 | Chroma] HalloweenEnvironment.[0]Environment.[188]RotatingLasersPair (15).[0]BaseL.[0]Laser.[0]BakedBloom
[DEBUG @ 18:58:17 | Chroma] HalloweenEnvironment.[0]Environment.[188]RotatingLasersPair (15).[0]BaseL.[0]Laser.[1]BoxLight
[DEBUG @ 18:58:17 | Chroma] HalloweenEnvironment.[0]Environment.[188]RotatingLasersPair (15).[1]BaseR
[DEBUG @ 18:58:17 | Chroma] HalloweenEnvironment.[0]Environment.[188]RotatingLasersPair (15).[1]BaseR.[0]Laser
[DEBUG @ 18:58:17 | Chroma] HalloweenEnvironment.[0]Environment.[188]RotatingLasersPair (15).[1]BaseR.[0]Laser.[0]BakedBloom
[DEBUG @ 18:58:17 | Chroma] HalloweenEnvironment.[0]Environment.[188]RotatingLasersPair (15).[1]BaseR.[0]Laser.[1]BoxLight
[DEBUG @ 18:58:17 | Chroma] HalloweenEnvironment.[0]Environment.[189]RotatingLasersPair (16)
[DEBUG @ 18:58:17 | Chroma] HalloweenEnvironment.[0]Environment.[189]RotatingLasersPair (16).[0]BaseL
[DEBUG @ 18:58:17 | Chroma] HalloweenEnvironment.[0]Environment.[189]RotatingLasersPair (16).[0]BaseL.[0]Laser
[DEBUG @ 18:58:17 | Chroma] HalloweenEnvironment.[0]Environment.[189]RotatingLasersPair (16).[0]BaseL.[0]Laser.[0]BakedBloom
[DEBUG @ 18:58:17 | Chroma] HalloweenEnvironment.[0]Environment.[189]RotatingLasersPair (16).[0]BaseL.[0]Laser.[1]BoxLight
[DEBUG @ 18:58:17 | Chroma] HalloweenEnvironment.[0]Environment.[189]RotatingLasersPair (16).[1]BaseR
[DEBUG @ 18:58:17 | Chroma] HalloweenEnvironment.[0]Environment.[189]RotatingLasersPair (16).[1]BaseR.[0]Laser
[DEBUG @ 18:58:17 | Chroma] HalloweenEnvironment.[0]Environment.[189]RotatingLasersPair (16).[1]BaseR.[0]Laser.[0]BakedBloom
[DEBUG @ 18:58:17 | Chroma] HalloweenEnvironment.[0]Environment.[189]RotatingLasersPair (16).[1]BaseR.[0]Laser.[1]BoxLight
[DEBUG @ 18:58:17 | Chroma] HalloweenEnvironment.[0]Environment.[19]Tree3 (1)
[DEBUG @ 18:58:17 | Chroma] HalloweenEnvironment.[0]Environment.[190]RotatingLasersPair (17)
[DEBUG @ 18:58:17 | Chroma] HalloweenEnvironment.[0]Environment.[190]RotatingLasersPair (17).[0]BaseL
[DEBUG @ 18:58:17 | Chroma] HalloweenEnvironment.[0]Environment.[190]RotatingLasersPair (17).[0]BaseL.[0]Laser
[DEBUG @ 18:58:17 | Chroma] HalloweenEnvironment.[0]Environment.[190]RotatingLasersPair (17).[0]BaseL.[0]Laser.[0]BakedBloom
[DEBUG @ 18:58:17 | Chroma] HalloweenEnvironment.[0]Environment.[190]RotatingLasersPair (17).[0]BaseL.[0]Laser.[1]BoxLight
[DEBUG @ 18:58:17 | Chroma] HalloweenEnvironment.[0]Environment.[190]RotatingLasersPair (17).[1]BaseR
[DEBUG @ 18:58:17 | Chroma] HalloweenEnvironment.[0]Environment.[190]RotatingLasersPair (17).[1]BaseR.[0]Laser
[DEBUG @ 18:58:17 | Chroma] HalloweenEnvironment.[0]Environment.[190]RotatingLasersPair (17).[1]BaseR.[0]Laser.[0]BakedBloom
[DEBUG @ 18:58:17 | Chroma] HalloweenEnvironment.[0]Environment.[190]RotatingLasersPair (17).[1]BaseR.[0]Laser.[1]BoxLight
[DEBUG @ 18:58:17 | Chroma] HalloweenEnvironment.[0]Environment.[191]RotatingLasersPair (18)
[DEBUG @ 18:58:17 | Chroma] HalloweenEnvironment.[0]Environment.[191]RotatingLasersPair (18).[0]BaseL
[DEBUG @ 18:58:17 | Chroma] HalloweenEnvironment.[0]Environment.[191]RotatingLasersPair (18).[0]BaseL.[0]Laser
[DEBUG @ 18:58:17 | Chroma] HalloweenEnvironment.[0]Environment.[191]RotatingLasersPair (18).[0]BaseL.[0]Laser.[0]BakedBloom
[DEBUG @ 18:58:17 | Chroma] HalloweenEnvironment.[0]Environment.[191]RotatingLasersPair (18).[0]BaseL.[0]Laser.[1]BoxLight
[DEBUG @ 18:58:17 | Chroma] HalloweenEnvironment.[0]Environment.[191]RotatingLasersPair (18).[1]BaseR
[DEBUG @ 18:58:17 | Chroma] HalloweenEnvironment.[0]Environment.[191]RotatingLasersPair (18).[1]BaseR.[0]Laser
[DEBUG @ 18:58:17 | Chroma] HalloweenEnvironment.[0]Environment.[191]RotatingLasersPair (18).[1]BaseR.[0]Laser.[0]BakedBloom
[DEBUG @ 18:58:17 | Chroma] HalloweenEnvironment.[0]Environment.[191]RotatingLasersPair (18).[1]BaseR.[0]Laser.[1]BoxLight
[DEBUG @ 18:58:17 | Chroma] HalloweenEnvironment.[0]Environment.[192]RotatingLasersPair (19)
[DEBUG @ 18:58:17 | Chroma] HalloweenEnvironment.[0]Environment.[192]RotatingLasersPair (19).[0]BaseL
[DEBUG @ 18:58:17 | Chroma] HalloweenEnvironment.[0]Environment.[192]RotatingLasersPair (19).[0]BaseL.[0]Laser
[DEBUG @ 18:58:17 | Chroma] HalloweenEnvironment.[0]Environment.[192]RotatingLasersPair (19).[0]BaseL.[0]Laser.[0]BakedBloom
[DEBUG @ 18:58:17 | Chroma] HalloweenEnvironment.[0]Environment.[192]RotatingLasersPair (19).[0]BaseL.[0]Laser.[1]BoxLight
[DEBUG @ 18:58:17 | Chroma] HalloweenEnvironment.[0]Environment.[192]RotatingLasersPair (19).[1]BaseR
[DEBUG @ 18:58:17 | Chroma] HalloweenEnvironment.[0]Environment.[192]RotatingLasersPair (19).[1]BaseR.[0]Laser
[DEBUG @ 18:58:17 | Chroma] HalloweenEnvironment.[0]Environment.[192]RotatingLasersPair (19).[1]BaseR.[0]Laser.[0]BakedBloom
[DEBUG @ 18:58:17 | Chroma] HalloweenEnvironment.[0]Environment.[192]RotatingLasersPair (19).[1]BaseR.[0]Laser.[1]BoxLight
[DEBUG @ 18:58:17 | Chroma] HalloweenEnvironment.[0]Environment.[193]RotatingLasersPair (20)
[DEBUG @ 18:58:17 | Chroma] HalloweenEnvironment.[0]Environment.[193]RotatingLasersPair (20).[0]BaseL
[DEBUG @ 18:58:17 | Chroma] HalloweenEnvironment.[0]Environment.[193]RotatingLasersPair (20).[0]BaseL.[0]Laser
[DEBUG @ 18:58:17 | Chroma] HalloweenEnvironment.[0]Environment.[193]RotatingLasersPair (20).[0]BaseL.[0]Laser.[0]BakedBloom
[DEBUG @ 18:58:17 | Chroma] HalloweenEnvironment.[0]Environment.[193]RotatingLasersPair (20).[0]BaseL.[0]Laser.[1]BoxLight
[DEBUG @ 18:58:17 | Chroma] HalloweenEnvironment.[0]Environment.[193]RotatingLasersPair (20).[1]BaseR
[DEBUG @ 18:58:17 | Chroma] HalloweenEnvironment.[0]Environment.[193]RotatingLasersPair (20).[1]BaseR.[0]Laser
[DEBUG @ 18:58:17 | Chroma] HalloweenEnvironment.[0]Environment.[193]RotatingLasersPair (20).[1]BaseR.[0]Laser.[0]BakedBloom
[DEBUG @ 18:58:17 | Chroma] HalloweenEnvironment.[0]Environment.[193]RotatingLasersPair (20).[1]BaseR.[0]Laser.[1]BoxLight
[DEBUG @ 18:58:17 | Chroma] HalloweenEnvironment.[0]Environment.[194]RotatingLasersPair (21)
[DEBUG @ 18:58:17 | Chroma] HalloweenEnvironment.[0]Environment.[194]RotatingLasersPair (21).[0]BaseL
[DEBUG @ 18:58:17 | Chroma] HalloweenEnvironment.[0]Environment.[194]RotatingLasersPair (21).[0]BaseL.[0]Laser
[DEBUG @ 18:58:17 | Chroma] HalloweenEnvironment.[0]Environment.[194]RotatingLasersPair (21).[0]BaseL.[0]Laser.[0]BakedBloom
[DEBUG @ 18:58:17 | Chroma] HalloweenEnvironment.[0]Environment.[194]RotatingLasersPair (21).[0]BaseL.[0]Laser.[1]BoxLight
[DEBUG @ 18:58:17 | Chroma] HalloweenEnvironment.[0]Environment.[194]RotatingLasersPair (21).[1]BaseR
[DEBUG @ 18:58:17 | Chroma] HalloweenEnvironment.[0]Environment.[194]RotatingLasersPair (21).[1]BaseR.[0]Laser
[DEBUG @ 18:58:17 | Chroma] HalloweenEnvironment.[0]Environment.[194]RotatingLasersPair (21).[1]BaseR.[0]Laser.[0]BakedBloom
[DEBUG @ 18:58:17 | Chroma] HalloweenEnvironment.[0]Environment.[194]RotatingLasersPair (21).[1]BaseR.[0]Laser.[1]BoxLight
[DEBUG @ 18:58:17 | Chroma] HalloweenEnvironment.[0]Environment.[195]RotatingLasersPair (22)
[DEBUG @ 18:58:17 | Chroma] HalloweenEnvironment.[0]Environment.[195]RotatingLasersPair (22).[0]BaseL
[DEBUG @ 18:58:17 | Chroma] HalloweenEnvironment.[0]Environment.[195]RotatingLasersPair (22).[0]BaseL.[0]Laser
[DEBUG @ 18:58:17 | Chroma] HalloweenEnvironment.[0]Environment.[195]RotatingLasersPair (22).[0]BaseL.[0]Laser.[0]BakedBloom
[DEBUG @ 18:58:17 | Chroma] HalloweenEnvironment.[0]Environment.[195]RotatingLasersPair (22).[0]BaseL.[0]Laser.[1]BoxLight
[DEBUG @ 18:58:17 | Chroma] HalloweenEnvironment.[0]Environment.[195]RotatingLasersPair (22).[1]BaseR
[DEBUG @ 18:58:17 | Chroma] HalloweenEnvironment.[0]Environment.[195]RotatingLasersPair (22).[1]BaseR.[0]Laser
[DEBUG @ 18:58:17 | Chroma] HalloweenEnvironment.[0]Environment.[195]RotatingLasersPair (22).[1]BaseR.[0]Laser.[0]BakedBloom
[DEBUG @ 18:58:17 | Chroma] HalloweenEnvironment.[0]Environment.[195]RotatingLasersPair (22).[1]BaseR.[0]Laser.[1]BoxLight
[DEBUG @ 18:58:17 | Chroma] HalloweenEnvironment.[0]Environment.[196]RotatingLasersPair (23)
[DEBUG @ 18:58:17 | Chroma] HalloweenEnvironment.[0]Environment.[196]RotatingLasersPair (23).[0]BaseL
[DEBUG @ 18:58:17 | Chroma] HalloweenEnvironment.[0]Environment.[196]RotatingLasersPair (23).[0]BaseL.[0]Laser
[DEBUG @ 18:58:17 | Chroma] HalloweenEnvironment.[0]Environment.[196]RotatingLasersPair (23).[0]BaseL.[0]Laser.[0]BakedBloom
[DEBUG @ 18:58:17 | Chroma] HalloweenEnvironment.[0]Environment.[196]RotatingLasersPair (23).[0]BaseL.[0]Laser.[1]BoxLight
[DEBUG @ 18:58:17 | Chroma] HalloweenEnvironment.[0]Environment.[196]RotatingLasersPair (23).[1]BaseR
[DEBUG @ 18:58:17 | Chroma] HalloweenEnvironment.[0]Environment.[196]RotatingLasersPair (23).[1]BaseR.[0]Laser
[DEBUG @ 18:58:17 | Chroma] HalloweenEnvironment.[0]Environment.[196]RotatingLasersPair (23).[1]BaseR.[0]Laser.[0]BakedBloom
[DEBUG @ 18:58:17 | Chroma] HalloweenEnvironment.[0]Environment.[196]RotatingLasersPair (23).[1]BaseR.[0]Laser.[1]BoxLight
[DEBUG @ 18:58:17 | Chroma] HalloweenEnvironment.[0]Environment.[197]GroundStone (52)
[DEBUG @ 18:58:17 | Chroma] HalloweenEnvironment.[0]Environment.[198]GroundStone (53)
[DEBUG @ 18:58:17 | Chroma] HalloweenEnvironment.[0]Environment.[199]GroundStone (75)
[DEBUG @ 18:58:17 | Chroma] HalloweenEnvironment.[0]Environment.[2]FakeMirrorSettings
[DEBUG @ 18:58:17 | Chroma] HalloweenEnvironment.[0]Environment.[20]Tree3 (2)
[DEBUG @ 18:58:17 | Chroma] HalloweenEnvironment.[0]Environment.[200]GroundStone (76)
[DEBUG @ 18:58:17 | Chroma] HalloweenEnvironment.[0]Environment.[201]GroundStone (78)
[DEBUG @ 18:58:17 | Chroma] HalloweenEnvironment.[0]Environment.[202]GroundStone (79)
[DEBUG @ 18:58:17 | Chroma] HalloweenEnvironment.[0]Environment.[203]GroundStone (80)
[DEBUG @ 18:58:17 | Chroma] HalloweenEnvironment.[0]Environment.[204]GroundStone (81)
[DEBUG @ 18:58:17 | Chroma] HalloweenEnvironment.[0]Environment.[205]GroundStone (82)
[DEBUG @ 18:58:17 | Chroma] HalloweenEnvironment.[0]Environment.[206]GroundStone (83)
[DEBUG @ 18:58:17 | Chroma] HalloweenEnvironment.[0]Environment.[207]GroundStone (84)
[DEBUG @ 18:58:17 | Chroma] HalloweenEnvironment.[0]Environment.[208]GroundStone (85)
[DEBUG @ 18:58:17 | Chroma] HalloweenEnvironment.[0]Environment.[209]GroundStone (86)
[DEBUG @ 18:58:17 | Chroma] HalloweenEnvironment.[0]Environment.[21]Tree3 (3)
[DEBUG @ 18:58:17 | Chroma] HalloweenEnvironment.[0]Environment.[210]GroundStone (87)
[DEBUG @ 18:58:17 | Chroma] HalloweenEnvironment.[0]Environment.[211]GroundStone (88)
[DEBUG @ 18:58:17 | Chroma] HalloweenEnvironment.[0]Environment.[212]GroundStone (89)
[DEBUG @ 18:58:17 | Chroma] HalloweenEnvironment.[0]Environment.[213]GroundStone (90)
[DEBUG @ 18:58:17 | Chroma] HalloweenEnvironment.[0]Environment.[214]GroundStone (91)
[DEBUG @ 18:58:17 | Chroma] HalloweenEnvironment.[0]Environment.[22]Tree2 (3)
[DEBUG @ 18:58:17 | Chroma] HalloweenEnvironment.[0]Environment.[23]Tree2 (2)
[DEBUG @ 18:58:17 | Chroma] HalloweenEnvironment.[0]Environment.[24]Tree2
[DEBUG @ 18:58:17 | Chroma] HalloweenEnvironment.[0]Environment.[25]Fence (2)
[DEBUG @ 18:58:17 | Chroma] HalloweenEnvironment.[0]Environment.[26]Fence (3)
[DEBUG @ 18:58:17 | Chroma] HalloweenEnvironment.[0]Environment.[27]Fence
[DEBUG @ 18:58:17 | Chroma] HalloweenEnvironment.[0]Environment.[28]Tree5
[DEBUG @ 18:58:17 | Chroma] HalloweenEnvironment.[0]Environment.[29]TombStone (2)
[DEBUG @ 18:58:17 | Chroma] HalloweenEnvironment.[0]Environment.[3]LightmapLightWithIds
[DEBUG @ 18:58:17 | Chroma] HalloweenEnvironment.[0]Environment.[30]TombStone (3)
[DEBUG @ 18:58:17 | Chroma] HalloweenEnvironment.[0]Environment.[31]TombStone (4)
[DEBUG @ 18:58:17 | Chroma] HalloweenEnvironment.[0]Environment.[32]TombStone (5)
[DEBUG @ 18:58:17 | Chroma] HalloweenEnvironment.[0]Environment.[33]TombStone (6)
[DEBUG @ 18:58:17 | Chroma] HalloweenEnvironment.[0]Environment.[34]TombStone (7)
[DEBUG @ 18:58:17 | Chroma] HalloweenEnvironment.[0]Environment.[35]TombStone (8)
[DEBUG @ 18:58:17 | Chroma] HalloweenEnvironment.[0]Environment.[36]TombStone (9)
[DEBUG @ 18:58:17 | Chroma] HalloweenEnvironment.[0]Environment.[37]TombStone (11)
[DEBUG @ 18:58:17 | Chroma] HalloweenEnvironment.[0]Environment.[38]TombStone (12)
[DEBUG @ 18:58:17 | Chroma] HalloweenEnvironment.[0]Environment.[39]TombStone (13)
[DEBUG @ 18:58:17 | Chroma] HalloweenEnvironment.[0]Environment.[4]BakedReflectionProbe
[DEBUG @ 18:58:17 | Chroma] HalloweenEnvironment.[0]Environment.[40]TombStone (14)
[DEBUG @ 18:58:17 | Chroma] HalloweenEnvironment.[0]Environment.[41]TombStone (15)
[DEBUG @ 18:58:17 | Chroma] HalloweenEnvironment.[0]Environment.[42]TombStone (16)
[DEBUG @ 18:58:17 | Chroma] HalloweenEnvironment.[0]Environment.[43]TombStone (17)
[DEBUG @ 18:58:17 | Chroma] HalloweenEnvironment.[0]Environment.[44]TombStone (18)
[DEBUG @ 18:58:17 | Chroma] HalloweenEnvironment.[0]Environment.[45]TombStone (19)
[DEBUG @ 18:58:17 | Chroma] HalloweenEnvironment.[0]Environment.[46]TombStone (20)
[DEBUG @ 18:58:17 | Chroma] HalloweenEnvironment.[0]Environment.[47]TombStone (21)
[DEBUG @ 18:58:17 | Chroma] HalloweenEnvironment.[0]Environment.[48]TombStone (22)
[DEBUG @ 18:58:17 | Chroma] HalloweenEnvironment.[0]Environment.[49]TombStone (24)
[DEBUG @ 18:58:17 | Chroma] HalloweenEnvironment.[0]Environment.[5]====== STATIC ======
[DEBUG @ 18:58:17 | Chroma] HalloweenEnvironment.[0]Environment.[50]Fence (4)
[DEBUG @ 18:58:17 | Chroma] HalloweenEnvironment.[0]Environment.[51]Fence (5)
[DEBUG @ 18:58:17 | Chroma] HalloweenEnvironment.[0]Environment.[52]Fence (6)
[DEBUG @ 18:58:17 | Chroma] HalloweenEnvironment.[0]Environment.[53]Fence (7)
[DEBUG @ 18:58:17 | Chroma] HalloweenEnvironment.[0]Environment.[54]Fence (8)
[DEBUG @ 18:58:17 | Chroma] HalloweenEnvironment.[0]Environment.[55]Fence (9)
[DEBUG @ 18:58:17 | Chroma] HalloweenEnvironment.[0]Environment.[56]Fence (10)
[DEBUG @ 18:58:17 | Chroma] HalloweenEnvironment.[0]Environment.[57]Fence (11)
[DEBUG @ 18:58:17 | Chroma] HalloweenEnvironment.[0]Environment.[58]Fence (12)
[DEBUG @ 18:58:17 | Chroma] HalloweenEnvironment.[0]Environment.[59]Fence (13)
[DEBUG @ 18:58:17 | Chroma] HalloweenEnvironment.[0]Environment.[6]PlayersPlace
[DEBUG @ 18:58:17 | Chroma] HalloweenEnvironment.[0]Environment.[6]PlayersPlace.[0]Feet
[DEBUG @ 18:58:17 | Chroma] HalloweenEnvironment.[0]Environment.[6]PlayersPlace.[1]SaberBurnMarksParticles
[DEBUG @ 18:58:17 | Chroma] HalloweenEnvironment.[0]Environment.[6]PlayersPlace.[1]SaberBurnMarksParticles.[0]SaberBurnMarkSparklePS
[DEBUG @ 18:58:17 | Chroma] HalloweenEnvironment.[0]Environment.[6]PlayersPlace.[2]SaberBurnMarksArea
[DEBUG @ 18:58:17 | Chroma] HalloweenEnvironment.[0]Environment.[6]PlayersPlace.[3]Collider
[DEBUG @ 18:58:17 | Chroma] HalloweenEnvironment.[0]Environment.[60]Fence (14)
[DEBUG @ 18:58:17 | Chroma] HalloweenEnvironment.[0]Environment.[61]Fence (15)
[DEBUG @ 18:58:17 | Chroma] HalloweenEnvironment.[0]Environment.[62]Fence (16)
[DEBUG @ 18:58:17 | Chroma] HalloweenEnvironment.[0]Environment.[63]Fence (17)
[DEBUG @ 18:58:17 | Chroma] HalloweenEnvironment.[0]Environment.[64]Fence (18)
[DEBUG @ 18:58:17 | Chroma] HalloweenEnvironment.[0]Environment.[65]Fence (19)
[DEBUG @ 18:58:17 | Chroma] HalloweenEnvironment.[0]Environment.[66]Fence (20)
[DEBUG @ 18:58:17 | Chroma] HalloweenEnvironment.[0]Environment.[67]Fence (21)
[DEBUG @ 18:58:17 | Chroma] HalloweenEnvironment.[0]Environment.[68]Fence (22)
[DEBUG @ 18:58:17 | Chroma] HalloweenEnvironment.[0]Environment.[69]Fence (23)
[DEBUG @ 18:58:17 | Chroma] HalloweenEnvironment.[0]Environment.[7]Ground
[DEBUG @ 18:58:17 | Chroma] HalloweenEnvironment.[0]Environment.[70]Grave0 (2)
[DEBUG @ 18:58:17 | Chroma] HalloweenEnvironment.[0]Environment.[71]Grave1 (1)
[DEBUG @ 18:58:17 | Chroma] HalloweenEnvironment.[0]Environment.[72]Grave
[DEBUG @ 18:58:17 | Chroma] HalloweenEnvironment.[0]Environment.[73]Fence (24)
[DEBUG @ 18:58:17 | Chroma] HalloweenEnvironment.[0]Environment.[74]GroundStone (1)
[DEBUG @ 18:58:17 | Chroma] HalloweenEnvironment.[0]Environment.[75]GroundStone (2)
[DEBUG @ 18:58:17 | Chroma] HalloweenEnvironment.[0]Environment.[76]GroundStone (3)
[DEBUG @ 18:58:17 | Chroma] HalloweenEnvironment.[0]Environment.[77]GroundStone (5)
[DEBUG @ 18:58:17 | Chroma] HalloweenEnvironment.[0]Environment.[78]GroundStone (6)
[DEBUG @ 18:58:17 | Chroma] HalloweenEnvironment.[0]Environment.[79]GroundStone (7)
[DEBUG @ 18:58:17 | Chroma] HalloweenEnvironment.[0]Environment.[8]Grave0
[DEBUG @ 18:58:17 | Chroma] HalloweenEnvironment.[0]Environment.[80]GroundStone (8)
[DEBUG @ 18:58:17 | Chroma] HalloweenEnvironment.[0]Environment.[81]GroundStone (9)
[DEBUG @ 18:58:17 | Chroma] HalloweenEnvironment.[0]Environment.[82]GroundStone (10)
[DEBUG @ 18:58:17 | Chroma] HalloweenEnvironment.[0]Environment.[83]GroundStone (11)
[DEBUG @ 18:58:17 | Chroma] HalloweenEnvironment.[0]Environment.[84]GroundStone (12)
[DEBUG @ 18:58:17 | Chroma] HalloweenEnvironment.[0]Environment.[85]GroundStone (13)
[DEBUG @ 18:58:17 | Chroma] HalloweenEnvironment.[0]Environment.[86]GroundStone (14)
[DEBUG @ 18:58:17 | Chroma] HalloweenEnvironment.[0]Environment.[87]GroundStone (15)
[DEBUG @ 18:58:17 | Chroma] HalloweenEnvironment.[0]Environment.[88]GroundStone (16)
[DEBUG @ 18:58:17 | Chroma] HalloweenEnvironment.[0]Environment.[89]GroundStone (17)
[DEBUG @ 18:58:17 | Chroma] HalloweenEnvironment.[0]Environment.[9]Grave0 (1)
[DEBUG @ 18:58:17 | Chroma] HalloweenEnvironment.[0]Environment.[90]GroundStone (18)
[DEBUG @ 18:58:17 | Chroma] HalloweenEnvironment.[0]Environment.[91]GroundStone (19)
[DEBUG @ 18:58:17 | Chroma] HalloweenEnvironment.[0]Environment.[92]GroundStone (20)
[DEBUG @ 18:58:17 | Chroma] HalloweenEnvironment.[0]Environment.[93]GroundStone (21)
[DEBUG @ 18:58:17 | Chroma] HalloweenEnvironment.[0]Environment.[94]GroundStone (22)
[DEBUG @ 18:58:17 | Chroma] HalloweenEnvironment.[0]Environment.[95]GroundStone (23)
[DEBUG @ 18:58:17 | Chroma] HalloweenEnvironment.[0]Environment.[96]GroundStone (24)
[DEBUG @ 18:58:17 | Chroma] HalloweenEnvironment.[0]Environment.[97]GroundStone (25)
[DEBUG @ 18:58:17 | Chroma] HalloweenEnvironment.[0]Environment.[98]GroundStone (26)
[DEBUG @ 18:58:17 | Chroma] HalloweenEnvironment.[0]Environment.[99]GroundStone (27)