[DEBUG @ 18:53:49 | Chroma] GameCore.[10]PairLaserTrackLaneRing(Clone)
[DEBUG @ 18:53:49 | Chroma] GameCore.[10]PairLaserTrackLaneRing(Clone).[0]Ring
[DEBUG @ 18:53:49 | Chroma] GameCore.[10]PairLaserTrackLaneRing(Clone).[1]LaserL
[DEBUG @ 18:53:49 | Chroma] GameCore.[10]PairLaserTrackLaneRing(Clone).[1]LaserL.[0]BoxLight
[DEBUG @ 18:53:49 | Chroma] GameCore.[10]PairLaserTrackLaneRing(Clone).[1]LaserL.[1]BakedBloom
[DEBUG @ 18:53:49 | Chroma] GameCore.[10]PairLaserTrackLaneRing(Clone).[2]LaserR
[DEBUG @ 18:53:49 | Chroma] GameCore.[10]PairLaserTrackLaneRing(Clone).[2]LaserR.[0]BoxLight
[DEBUG @ 18:53:49 | Chroma] GameCore.[10]PairLaserTrackLaneRing(Clone).[2]LaserR.[1]BakedBloom
[DEBUG @ 18:53:49 | Chroma] GameCore.[10]PairLaserTrackLaneRing(Clone).[3]LaserLF
[DEBUG @ 18:53:49 | Chroma] GameCore.[10]PairLaserTrackLaneRing(Clone).[3]LaserLF.[0]BoxLight
[DEBUG @ 18:53:49 | Chroma] GameCore.[10]PairLaserTrackLaneRing(Clone).[3]LaserLF.[1]BakedBloom
[DEBUG @ 18:53:49 | Chroma] GameCore.[10]PairLaserTrackLaneRing(Clone).[4]LaserRF
[DEBUG @ 18:53:49 | Chroma] GameCore.[10]PairLaserTrackLaneRing(Clone).[4]LaserRF.[0]BoxLight
[DEBUG @ 18:53:49 | Chroma] GameCore.[10]PairLaserTrackLaneRing(Clone).[4]LaserRF.[1]BakedBloom
[DEBUG @ 18:53:49 | Chroma] GameCore.[10]PairLaserTrackLaneRing(Clone).[5]RotatingLasersPair
[DEBUG @ 18:53:49 | Chroma] GameCore.[10]PairLaserTrackLaneRing(Clone).[5]RotatingLasersPair.[0]BaseL
[DEBUG @ 18:53:49 | Chroma] GameCore.[10]PairLaserTrackLaneRing(Clone).[5]RotatingLasersPair.[0]BaseL.[0]Laser
[DEBUG @ 18:53:49 | Chroma] GameCore.[10]PairLaserTrackLaneRing(Clone).[5]RotatingLasersPair.[0]BaseL.[0]Laser.[0]BoxLight
[DEBUG @ 18:53:49 | Chroma] GameCore.[10]PairLaserTrackLaneRing(Clone).[5]RotatingLasersPair.[0]BaseL.[0]Laser.[1]BakedBloom
[DEBUG @ 18:53:49 | Chroma] GameCore.[10]PairLaserTrackLaneRing(Clone).[5]RotatingLasersPair.[1]BaseR
[DEBUG @ 18:53:49 | Chroma] GameCore.[10]PairLaserTrackLaneRing(Clone).[5]RotatingLasersPair.[1]BaseR.[0]Laser
[DEBUG @ 18:53:49 | Chroma] GameCore.[10]PairLaserTrackLaneRing(Clone).[5]RotatingLasersPair.[1]BaseR.[0]Laser.[0]BoxLight
[DEBUG @ 18:53:49 | Chroma] GameCore.[10]PairLaserTrackLaneRing(Clone).[5]RotatingLasersPair.[1]BaseR.[0]Laser.[1]BakedBloom
[DEBUG @ 18:53:49 | Chroma] GameCore.[11]PairLaserTrackLaneRing(Clone)
[DEBUG @ 18:53:49 | Chroma] GameCore.[11]PairLaserTrackLaneRing(Clone).[0]Ring
[DEBUG @ 18:53:49 | Chroma] GameCore.[11]PairLaserTrackLaneRing(Clone).[1]LaserL
[DEBUG @ 18:53:49 | Chroma] GameCore.[11]PairLaserTrackLaneRing(Clone).[1]LaserL.[0]BoxLight
[DEBUG @ 18:53:49 | Chroma] GameCore.[11]PairLaserTrackLaneRing(Clone).[1]LaserL.[1]BakedBloom
[DEBUG @ 18:53:49 | Chroma] GameCore.[11]PairLaserTrackLaneRing(Clone).[2]LaserR
[DEBUG @ 18:53:49 | Chroma] GameCore.[11]PairLaserTrackLaneRing(Clone).[2]LaserR.[0]BoxLight
[DEBUG @ 18:53:49 | Chroma] GameCore.[11]PairLaserTrackLaneRing(Clone).[2]LaserR.[1]BakedBloom
[DEBUG @ 18:53:49 | Chroma] GameCore.[11]PairLaserTrackLaneRing(Clone).[3]LaserLF
[DEBUG @ 18:53:49 | Chroma] GameCore.[11]PairLaserTrackLaneRing(Clone).[3]LaserLF.[0]BoxLight
[DEBUG @ 18:53:49 | Chroma] GameCore.[11]PairLaserTrackLaneRing(Clone).[3]LaserLF.[1]BakedBloom
[DEBUG @ 18:53:49 | Chroma] GameCore.[11]PairLaserTrackLaneRing(Clone).[4]LaserRF
[DEBUG @ 18:53:49 | Chroma] GameCore.[11]PairLaserTrackLaneRing(Clone).[4]LaserRF.[0]BoxLight
[DEBUG @ 18:53:49 | Chroma] GameCore.[11]PairLaserTrackLaneRing(Clone).[4]LaserRF.[1]BakedBloom
[DEBUG @ 18:53:49 | Chroma] GameCore.[11]PairLaserTrackLaneRing(Clone).[5]RotatingLasersPair
[DEBUG @ 18:53:49 | Chroma] GameCore.[11]PairLaserTrackLaneRing(Clone).[5]RotatingLasersPair.[0]BaseL
[DEBUG @ 18:53:49 | Chroma] GameCore.[11]PairLaserTrackLaneRing(Clone).[5]RotatingLasersPair.[0]BaseL.[0]Laser
[DEBUG @ 18:53:49 | Chroma] GameCore.[11]PairLaserTrackLaneRing(Clone).[5]RotatingLasersPair.[0]BaseL.[0]Laser.[0]BoxLight
[DEBUG @ 18:53:49 | Chroma] GameCore.[11]PairLaserTrackLaneRing(Clone).[5]RotatingLasersPair.[0]BaseL.[0]Laser.[1]BakedBloom
[DEBUG @ 18:53:49 | Chroma] GameCore.[11]PairLaserTrackLaneRing(Clone).[5]RotatingLasersPair.[1]BaseR
[DEBUG @ 18:53:49 | Chroma] GameCore.[11]PairLaserTrackLaneRing(Clone).[5]RotatingLasersPair.[1]BaseR.[0]Laser
[DEBUG @ 18:53:49 | Chroma] GameCore.[11]PairLaserTrackLaneRing(Clone).[5]RotatingLasersPair.[1]BaseR.[0]Laser.[0]BoxLight
[DEBUG @ 18:53:49 | Chroma] GameCore.[11]PairLaserTrackLaneRing(Clone).[5]RotatingLasersPair.[1]BaseR.[0]Laser.[1]BakedBloom
[DEBUG @ 18:53:49 | Chroma] GameCore.[12]PairLaserTrackLaneRing(Clone)
[DEBUG @ 18:53:49 | Chroma] GameCore.[12]PairLaserTrackLaneRing(Clone).[0]Ring
[DEBUG @ 18:53:49 | Chroma] GameCore.[12]PairLaserTrackLaneRing(Clone).[1]LaserL
[DEBUG @ 18:53:49 | Chroma] GameCore.[12]PairLaserTrackLaneRing(Clone).[1]LaserL.[0]BoxLight
[DEBUG @ 18:53:49 | Chroma] GameCore.[12]PairLaserTrackLaneRing(Clone).[1]LaserL.[1]BakedBloom
[DEBUG @ 18:53:49 | Chroma] GameCore.[12]PairLaserTrackLaneRing(Clone).[2]LaserR
[DEBUG @ 18:53:49 | Chroma] GameCore.[12]PairLaserTrackLaneRing(Clone).[2]LaserR.[0]BoxLight
[DEBUG @ 18:53:49 | Chroma] GameCore.[12]PairLaserTrackLaneRing(Clone).[2]LaserR.[1]BakedBloom
[DEBUG @ 18:53:49 | Chroma] GameCore.[12]PairLaserTrackLaneRing(Clone).[3]LaserLF
[DEBUG @ 18:53:49 | Chroma] GameCore.[12]PairLaserTrackLaneRing(Clone).[3]LaserLF.[0]BoxLight
[DEBUG @ 18:53:49 | Chroma] GameCore.[12]PairLaserTrackLaneRing(Clone).[3]LaserLF.[1]BakedBloom
[DEBUG @ 18:53:49 | Chroma] GameCore.[12]PairLaserTrackLaneRing(Clone).[4]LaserRF
[DEBUG @ 18:53:49 | Chroma] GameCore.[12]PairLaserTrackLaneRing(Clone).[4]LaserRF.[0]BoxLight
[DEBUG @ 18:53:49 | Chroma] GameCore.[12]PairLaserTrackLaneRing(Clone).[4]LaserRF.[1]BakedBloom
[DEBUG @ 18:53:49 | Chroma] GameCore.[12]PairLaserTrackLaneRing(Clone).[5]RotatingLasersPair
[DEBUG @ 18:53:49 | Chroma] GameCore.[12]PairLaserTrackLaneRing(Clone).[5]RotatingLasersPair.[0]BaseL
[DEBUG @ 18:53:49 | Chroma] GameCore.[12]PairLaserTrackLaneRing(Clone).[5]RotatingLasersPair.[0]BaseL.[0]Laser
[DEBUG @ 18:53:49 | Chroma] GameCore.[12]PairLaserTrackLaneRing(Clone).[5]RotatingLasersPair.[0]BaseL.[0]Laser.[0]BoxLight
[DEBUG @ 18:53:49 | Chroma] GameCore.[12]PairLaserTrackLaneRing(Clone).[5]RotatingLasersPair.[0]BaseL.[0]Laser.[1]BakedBloom
[DEBUG @ 18:53:49 | Chroma] GameCore.[12]PairLaserTrackLaneRing(Clone).[5]RotatingLasersPair.[1]BaseR
[DEBUG @ 18:53:49 | Chroma] GameCore.[12]PairLaserTrackLaneRing(Clone).[5]RotatingLasersPair.[1]BaseR.[0]Laser
[DEBUG @ 18:53:49 | Chroma] GameCore.[12]PairLaserTrackLaneRing(Clone).[5]RotatingLasersPair.[1]BaseR.[0]Laser.[0]BoxLight
[DEBUG @ 18:53:49 | Chroma] GameCore.[12]PairLaserTrackLaneRing(Clone).[5]RotatingLasersPair.[1]BaseR.[0]Laser.[1]BakedBloom
[DEBUG @ 18:53:49 | Chroma] GameCore.[13]PairLaserTrackLaneRing(Clone)
[DEBUG @ 18:53:49 | Chroma] GameCore.[13]PairLaserTrackLaneRing(Clone).[0]Ring
[DEBUG @ 18:53:49 | Chroma] GameCore.[13]PairLaserTrackLaneRing(Clone).[1]LaserL
[DEBUG @ 18:53:49 | Chroma] GameCore.[13]PairLaserTrackLaneRing(Clone).[1]LaserL.[0]BoxLight
[DEBUG @ 18:53:49 | Chroma] GameCore.[13]PairLaserTrackLaneRing(Clone).[1]LaserL.[1]BakedBloom
[DEBUG @ 18:53:49 | Chroma] GameCore.[13]PairLaserTrackLaneRing(Clone).[2]LaserR
[DEBUG @ 18:53:49 | Chroma] GameCore.[13]PairLaserTrackLaneRing(Clone).[2]LaserR.[0]BoxLight
[DEBUG @ 18:53:49 | Chroma] GameCore.[13]PairLaserTrackLaneRing(Clone).[2]LaserR.[1]BakedBloom
[DEBUG @ 18:53:49 | Chroma] GameCore.[13]PairLaserTrackLaneRing(Clone).[3]LaserLF
[DEBUG @ 18:53:49 | Chroma] GameCore.[13]PairLaserTrackLaneRing(Clone).[3]LaserLF.[0]BoxLight
[DEBUG @ 18:53:49 | Chroma] GameCore.[13]PairLaserTrackLaneRing(Clone).[3]LaserLF.[1]BakedBloom
[DEBUG @ 18:53:49 | Chroma] GameCore.[13]PairLaserTrackLaneRing(Clone).[4]LaserRF
[DEBUG @ 18:53:49 | Chroma] GameCore.[13]PairLaserTrackLaneRing(Clone).[4]LaserRF.[0]BoxLight
[DEBUG @ 18:53:49 | Chroma] GameCore.[13]PairLaserTrackLaneRing(Clone).[4]LaserRF.[1]BakedBloom
[DEBUG @ 18:53:49 | Chroma] GameCore.[13]PairLaserTrackLaneRing(Clone).[5]RotatingLasersPair
[DEBUG @ 18:53:49 | Chroma] GameCore.[13]PairLaserTrackLaneRing(Clone).[5]RotatingLasersPair.[0]BaseL
[DEBUG @ 18:53:49 | Chroma] GameCore.[13]PairLaserTrackLaneRing(Clone).[5]RotatingLasersPair.[0]BaseL.[0]Laser
[DEBUG @ 18:53:49 | Chroma] GameCore.[13]PairLaserTrackLaneRing(Clone).[5]RotatingLasersPair.[0]BaseL.[0]Laser.[0]BoxLight
[DEBUG @ 18:53:49 | Chroma] GameCore.[13]PairLaserTrackLaneRing(Clone).[5]RotatingLasersPair.[0]BaseL.[0]Laser.[1]BakedBloom
[DEBUG @ 18:53:49 | Chroma] GameCore.[13]PairLaserTrackLaneRing(Clone).[5]RotatingLasersPair.[1]BaseR
[DEBUG @ 18:53:49 | Chroma] GameCore.[13]PairLaserTrackLaneRing(Clone).[5]RotatingLasersPair.[1]BaseR.[0]Laser
[DEBUG @ 18:53:49 | Chroma] GameCore.[13]PairLaserTrackLaneRing(Clone).[5]RotatingLasersPair.[1]BaseR.[0]Laser.[0]BoxLight
[DEBUG @ 18:53:49 | Chroma] GameCore.[13]PairLaserTrackLaneRing(Clone).[5]RotatingLasersPair.[1]BaseR.[0]Laser.[1]BakedBloom
[DEBUG @ 18:53:49 | Chroma] GameCore.[4]PairLaserTrackLaneRing(Clone)
[DEBUG @ 18:53:49 | Chroma] GameCore.[4]PairLaserTrackLaneRing(Clone).[0]Ring
[DEBUG @ 18:53:49 | Chroma] GameCore.[4]PairLaserTrackLaneRing(Clone).[1]LaserL
[DEBUG @ 18:53:49 | Chroma] GameCore.[4]PairLaserTrackLaneRing(Clone).[1]LaserL.[0]BoxLight
[DEBUG @ 18:53:49 | Chroma] GameCore.[4]PairLaserTrackLaneRing(Clone).[1]LaserL.[1]BakedBloom
[DEBUG @ 18:53:49 | Chroma] GameCore.[4]PairLaserTrackLaneRing(Clone).[2]LaserR
[DEBUG @ 18:53:49 | Chroma] GameCore.[4]PairLaserTrackLaneRing(Clone).[2]LaserR.[0]BoxLight
[DEBUG @ 18:53:49 | Chroma] GameCore.[4]PairLaserTrackLaneRing(Clone).[2]LaserR.[1]BakedBloom
[DEBUG @ 18:53:49 | Chroma] GameCore.[4]PairLaserTrackLaneRing(Clone).[3]LaserLF
[DEBUG @ 18:53:49 | Chroma] GameCore.[4]PairLaserTrackLaneRing(Clone).[3]LaserLF.[0]BoxLight
[DEBUG @ 18:53:49 | Chroma] GameCore.[4]PairLaserTrackLaneRing(Clone).[3]LaserLF.[1]BakedBloom
[DEBUG @ 18:53:49 | Chroma] GameCore.[4]PairLaserTrackLaneRing(Clone).[4]LaserRF
[DEBUG @ 18:53:49 | Chroma] GameCore.[4]PairLaserTrackLaneRing(Clone).[4]LaserRF.[0]BoxLight
[DEBUG @ 18:53:49 | Chroma] GameCore.[4]PairLaserTrackLaneRing(Clone).[4]LaserRF.[1]BakedBloom
[DEBUG @ 18:53:49 | Chroma] GameCore.[4]PairLaserTrackLaneRing(Clone).[5]RotatingLasersPair
[DEBUG @ 18:53:49 | Chroma] GameCore.[4]PairLaserTrackLaneRing(Clone).[5]RotatingLasersPair.[0]BaseL
[DEBUG @ 18:53:49 | Chroma] GameCore.[4]PairLaserTrackLaneRing(Clone).[5]RotatingLasersPair.[0]BaseL.[0]Laser
[DEBUG @ 18:53:49 | Chroma] GameCore.[4]PairLaserTrackLaneRing(Clone).[5]RotatingLasersPair.[0]BaseL.[0]Laser.[0]BoxLight
[DEBUG @ 18:53:49 | Chroma] GameCore.[4]PairLaserTrackLaneRing(Clone).[5]RotatingLasersPair.[0]BaseL.[0]Laser.[1]BakedBloom
[DEBUG @ 18:53:49 | Chroma] GameCore.[4]PairLaserTrackLaneRing(Clone).[5]RotatingLasersPair.[1]BaseR
[DEBUG @ 18:53:49 | Chroma] GameCore.[4]PairLaserTrackLaneRing(Clone).[5]RotatingLasersPair.[1]BaseR.[0]Laser
[DEBUG @ 18:53:49 | Chroma] GameCore.[4]PairLaserTrackLaneRing(Clone).[5]RotatingLasersPair.[1]BaseR.[0]Laser.[0]BoxLight
[DEBUG @ 18:53:49 | Chroma] GameCore.[4]PairLaserTrackLaneRing(Clone).[5]RotatingLasersPair.[1]BaseR.[0]Laser.[1]BakedBloom
[DEBUG @ 18:53:49 | Chroma] GameCore.[5]PairLaserTrackLaneRing(Clone)
[DEBUG @ 18:53:49 | Chroma] GameCore.[5]PairLaserTrackLaneRing(Clone).[0]Ring
[DEBUG @ 18:53:49 | Chroma] GameCore.[5]PairLaserTrackLaneRing(Clone).[1]LaserL
[DEBUG @ 18:53:49 | Chroma] GameCore.[5]PairLaserTrackLaneRing(Clone).[1]LaserL.[0]BoxLight
[DEBUG @ 18:53:49 | Chroma] GameCore.[5]PairLaserTrackLaneRing(Clone).[1]LaserL.[1]BakedBloom
[DEBUG @ 18:53:49 | Chroma] GameCore.[5]PairLaserTrackLaneRing(Clone).[2]LaserR
[DEBUG @ 18:53:49 | Chroma] GameCore.[5]PairLaserTrackLaneRing(Clone).[2]LaserR.[0]BoxLight
[DEBUG @ 18:53:49 | Chroma] GameCore.[5]PairLaserTrackLaneRing(Clone).[2]LaserR.[1]BakedBloom
[DEBUG @ 18:53:49 | Chroma] GameCore.[5]PairLaserTrackLaneRing(Clone).[3]LaserLF
[DEBUG @ 18:53:49 | Chroma] GameCore.[5]PairLaserTrackLaneRing(Clone).[3]LaserLF.[0]BoxLight
[DEBUG @ 18:53:49 | Chroma] GameCore.[5]PairLaserTrackLaneRing(Clone).[3]LaserLF.[1]BakedBloom
[DEBUG @ 18:53:49 | Chroma] GameCore.[5]PairLaserTrackLaneRing(Clone).[4]LaserRF
[DEBUG @ 18:53:49 | Chroma] GameCore.[5]PairLaserTrackLaneRing(Clone).[4]LaserRF.[0]BoxLight
[DEBUG @ 18:53:49 | Chroma] GameCore.[5]PairLaserTrackLaneRing(Clone).[4]LaserRF.[1]BakedBloom
[DEBUG @ 18:53:49 | Chroma] GameCore.[5]PairLaserTrackLaneRing(Clone).[5]RotatingLasersPair
[DEBUG @ 18:53:49 | Chroma] GameCore.[5]PairLaserTrackLaneRing(Clone).[5]RotatingLasersPair.[0]BaseL
[DEBUG @ 18:53:49 | Chroma] GameCore.[5]PairLaserTrackLaneRing(Clone).[5]RotatingLasersPair.[0]BaseL.[0]Laser
[DEBUG @ 18:53:49 | Chroma] GameCore.[5]PairLaserTrackLaneRing(Clone).[5]RotatingLasersPair.[0]BaseL.[0]Laser.[0]BoxLight
[DEBUG @ 18:53:49 | Chroma] GameCore.[5]PairLaserTrackLaneRing(Clone).[5]RotatingLasersPair.[0]BaseL.[0]Laser.[1]BakedBloom
[DEBUG @ 18:53:49 | Chroma] GameCore.[5]PairLaserTrackLaneRing(Clone).[5]RotatingLasersPair.[1]BaseR
[DEBUG @ 18:53:49 | Chroma] GameCore.[5]PairLaserTrackLaneRing(Clone).[5]RotatingLasersPair.[1]BaseR.[0]Laser
[DEBUG @ 18:53:49 | Chroma] GameCore.[5]PairLaserTrackLaneRing(Clone).[5]RotatingLasersPair.[1]BaseR.[0]Laser.[0]BoxLight
[DEBUG @ 18:53:49 | Chroma] GameCore.[5]PairLaserTrackLaneRing(Clone).[5]RotatingLasersPair.[1]BaseR.[0]Laser.[1]BakedBloom
[DEBUG @ 18:53:49 | Chroma] GameCore.[6]PairLaserTrackLaneRing(Clone)
[DEBUG @ 18:53:49 | Chroma] GameCore.[6]PairLaserTrackLaneRing(Clone).[0]Ring
[DEBUG @ 18:53:49 | Chroma] GameCore.[6]PairLaserTrackLaneRing(Clone).[1]LaserL
[DEBUG @ 18:53:49 | Chroma] GameCore.[6]PairLaserTrackLaneRing(Clone).[1]LaserL.[0]BoxLight
[DEBUG @ 18:53:49 | Chroma] GameCore.[6]PairLaserTrackLaneRing(Clone).[1]LaserL.[1]BakedBloom
[DEBUG @ 18:53:49 | Chroma] GameCore.[6]PairLaserTrackLaneRing(Clone).[2]LaserR
[DEBUG @ 18:53:49 | Chroma] GameCore.[6]PairLaserTrackLaneRing(Clone).[2]LaserR.[0]BoxLight
[DEBUG @ 18:53:49 | Chroma] GameCore.[6]PairLaserTrackLaneRing(Clone).[2]LaserR.[1]BakedBloom
[DEBUG @ 18:53:49 | Chroma] GameCore.[6]PairLaserTrackLaneRing(Clone).[3]LaserLF
[DEBUG @ 18:53:49 | Chroma] GameCore.[6]PairLaserTrackLaneRing(Clone).[3]LaserLF.[0]BoxLight
[DEBUG @ 18:53:49 | Chroma] GameCore.[6]PairLaserTrackLaneRing(Clone).[3]LaserLF.[1]BakedBloom
[DEBUG @ 18:53:49 | Chroma] GameCore.[6]PairLaserTrackLaneRing(Clone).[4]LaserRF
[DEBUG @ 18:53:49 | Chroma] GameCore.[6]PairLaserTrackLaneRing(Clone).[4]LaserRF.[0]BoxLight
[DEBUG @ 18:53:49 | Chroma] GameCore.[6]PairLaserTrackLaneRing(Clone).[4]LaserRF.[1]BakedBloom
[DEBUG @ 18:53:49 | Chroma] GameCore.[6]PairLaserTrackLaneRing(Clone).[5]RotatingLasersPair
[DEBUG @ 18:53:49 | Chroma] GameCore.[6]PairLaserTrackLaneRing(Clone).[5]RotatingLasersPair.[0]BaseL
[DEBUG @ 18:53:49 | Chroma] GameCore.[6]PairLaserTrackLaneRing(Clone).[5]RotatingLasersPair.[0]BaseL.[0]Laser
[DEBUG @ 18:53:49 | Chroma] GameCore.[6]PairLaserTrackLaneRing(Clone).[5]RotatingLasersPair.[0]BaseL.[0]Laser.[0]BoxLight
[DEBUG @ 18:53:49 | Chroma] GameCore.[6]PairLaserTrackLaneRing(Clone).[5]RotatingLasersPair.[0]BaseL.[0]Laser.[1]BakedBloom
[DEBUG @ 18:53:49 | Chroma] GameCore.[6]PairLaserTrackLaneRing(Clone).[5]RotatingLasersPair.[1]BaseR
[DEBUG @ 18:53:49 | Chroma] GameCore.[6]PairLaserTrackLaneRing(Clone).[5]RotatingLasersPair.[1]BaseR.[0]Laser
[DEBUG @ 18:53:49 | Chroma] GameCore.[6]PairLaserTrackLaneRing(Clone).[5]RotatingLasersPair.[1]BaseR.[0]Laser.[0]BoxLight
[DEBUG @ 18:53:49 | Chroma] GameCore.[6]PairLaserTrackLaneRing(Clone).[5]RotatingLasersPair.[1]BaseR.[0]Laser.[1]BakedBloom
[DEBUG @ 18:53:49 | Chroma] GameCore.[7]PairLaserTrackLaneRing(Clone)
[DEBUG @ 18:53:49 | Chroma] GameCore.[7]PairLaserTrackLaneRing(Clone).[0]Ring
[DEBUG @ 18:53:49 | Chroma] GameCore.[7]PairLaserTrackLaneRing(Clone).[1]LaserL
[DEBUG @ 18:53:49 | Chroma] GameCore.[7]PairLaserTrackLaneRing(Clone).[1]LaserL.[0]BoxLight
[DEBUG @ 18:53:49 | Chroma] GameCore.[7]PairLaserTrackLaneRing(Clone).[1]LaserL.[1]BakedBloom
[DEBUG @ 18:53:49 | Chroma] GameCore.[7]PairLaserTrackLaneRing(Clone).[2]LaserR
[DEBUG @ 18:53:49 | Chroma] GameCore.[7]PairLaserTrackLaneRing(Clone).[2]LaserR.[0]BoxLight
[DEBUG @ 18:53:49 | Chroma] GameCore.[7]PairLaserTrackLaneRing(Clone).[2]LaserR.[1]BakedBloom
[DEBUG @ 18:53:49 | Chroma] GameCore.[7]PairLaserTrackLaneRing(Clone).[3]LaserLF
[DEBUG @ 18:53:49 | Chroma] GameCore.[7]PairLaserTrackLaneRing(Clone).[3]LaserLF.[0]BoxLight
[DEBUG @ 18:53:49 | Chroma] GameCore.[7]PairLaserTrackLaneRing(Clone).[3]LaserLF.[1]BakedBloom
[DEBUG @ 18:53:49 | Chroma] GameCore.[7]PairLaserTrackLaneRing(Clone).[4]LaserRF
[DEBUG @ 18:53:49 | Chroma] GameCore.[7]PairLaserTrackLaneRing(Clone).[4]LaserRF.[0]BoxLight
[DEBUG @ 18:53:49 | Chroma] GameCore.[7]PairLaserTrackLaneRing(Clone).[4]LaserRF.[1]BakedBloom
[DEBUG @ 18:53:49 | Chroma] GameCore.[7]PairLaserTrackLaneRing(Clone).[5]RotatingLasersPair
[DEBUG @ 18:53:49 | Chroma] GameCore.[7]PairLaserTrackLaneRing(Clone).[5]RotatingLasersPair.[0]BaseL
[DEBUG @ 18:53:49 | Chroma] GameCore.[7]PairLaserTrackLaneRing(Clone).[5]RotatingLasersPair.[0]BaseL.[0]Laser
[DEBUG @ 18:53:49 | Chroma] GameCore.[7]PairLaserTrackLaneRing(Clone).[5]RotatingLasersPair.[0]BaseL.[0]Laser.[0]BoxLight
[DEBUG @ 18:53:49 | Chroma] GameCore.[7]PairLaserTrackLaneRing(Clone).[5]RotatingLasersPair.[0]BaseL.[0]Laser.[1]BakedBloom
[DEBUG @ 18:53:49 | Chroma] GameCore.[7]PairLaserTrackLaneRing(Clone).[5]RotatingLasersPair.[1]BaseR
[DEBUG @ 18:53:49 | Chroma] GameCore.[7]PairLaserTrackLaneRing(Clone).[5]RotatingLasersPair.[1]BaseR.[0]Laser
[DEBUG @ 18:53:49 | Chroma] GameCore.[7]PairLaserTrackLaneRing(Clone).[5]RotatingLasersPair.[1]BaseR.[0]Laser.[0]BoxLight
[DEBUG @ 18:53:49 | Chroma] GameCore.[7]PairLaserTrackLaneRing(Clone).[5]RotatingLasersPair.[1]BaseR.[0]Laser.[1]BakedBloom
[DEBUG @ 18:53:49 | Chroma] GameCore.[8]PairLaserTrackLaneRing(Clone)
[DEBUG @ 18:53:49 | Chroma] GameCore.[8]PairLaserTrackLaneRing(Clone).[0]Ring
[DEBUG @ 18:53:49 | Chroma] GameCore.[8]PairLaserTrackLaneRing(Clone).[1]LaserL
[DEBUG @ 18:53:49 | Chroma] GameCore.[8]PairLaserTrackLaneRing(Clone).[1]LaserL.[0]BoxLight
[DEBUG @ 18:53:49 | Chroma] GameCore.[8]PairLaserTrackLaneRing(Clone).[1]LaserL.[1]BakedBloom
[DEBUG @ 18:53:49 | Chroma] GameCore.[8]PairLaserTrackLaneRing(Clone).[2]LaserR
[DEBUG @ 18:53:49 | Chroma] GameCore.[8]PairLaserTrackLaneRing(Clone).[2]LaserR.[0]BoxLight
[DEBUG @ 18:53:49 | Chroma] GameCore.[8]PairLaserTrackLaneRing(Clone).[2]LaserR.[1]BakedBloom
[DEBUG @ 18:53:49 | Chroma] GameCore.[8]PairLaserTrackLaneRing(Clone).[3]LaserLF
[DEBUG @ 18:53:49 | Chroma] GameCore.[8]PairLaserTrackLaneRing(Clone).[3]LaserLF.[0]BoxLight
[DEBUG @ 18:53:49 | Chroma] GameCore.[8]PairLaserTrackLaneRing(Clone).[3]LaserLF.[1]BakedBloom
[DEBUG @ 18:53:49 | Chroma] GameCore.[8]PairLaserTrackLaneRing(Clone).[4]LaserRF
[DEBUG @ 18:53:49 | Chroma] GameCore.[8]PairLaserTrackLaneRing(Clone).[4]LaserRF.[0]BoxLight
[DEBUG @ 18:53:49 | Chroma] GameCore.[8]PairLaserTrackLaneRing(Clone).[4]LaserRF.[1]BakedBloom
[DEBUG @ 18:53:49 | Chroma] GameCore.[8]PairLaserTrackLaneRing(Clone).[5]RotatingLasersPair
[DEBUG @ 18:53:49 | Chroma] GameCore.[8]PairLaserTrackLaneRing(Clone).[5]RotatingLasersPair.[0]BaseL
[DEBUG @ 18:53:49 | Chroma] GameCore.[8]PairLaserTrackLaneRing(Clone).[5]RotatingLasersPair.[0]BaseL.[0]Laser
[DEBUG @ 18:53:49 | Chroma] GameCore.[8]PairLaserTrackLaneRing(Clone).[5]RotatingLasersPair.[0]BaseL.[0]Laser.[0]BoxLight
[DEBUG @ 18:53:49 | Chroma] GameCore.[8]PairLaserTrackLaneRing(Clone).[5]RotatingLasersPair.[0]BaseL.[0]Laser.[1]BakedBloom
[DEBUG @ 18:53:49 | Chroma] GameCore.[8]PairLaserTrackLaneRing(Clone).[5]RotatingLasersPair.[1]BaseR
[DEBUG @ 18:53:49 | Chroma] GameCore.[8]PairLaserTrackLaneRing(Clone).[5]RotatingLasersPair.[1]BaseR.[0]Laser
[DEBUG @ 18:53:49 | Chroma] GameCore.[8]PairLaserTrackLaneRing(Clone).[5]RotatingLasersPair.[1]BaseR.[0]Laser.[0]BoxLight
[DEBUG @ 18:53:49 | Chroma] GameCore.[8]PairLaserTrackLaneRing(Clone).[5]RotatingLasersPair.[1]BaseR.[0]Laser.[1]BakedBloom
[DEBUG @ 18:53:49 | Chroma] GameCore.[9]PairLaserTrackLaneRing(Clone)
[DEBUG @ 18:53:49 | Chroma] GameCore.[9]PairLaserTrackLaneRing(Clone).[0]Ring
[DEBUG @ 18:53:49 | Chroma] GameCore.[9]PairLaserTrackLaneRing(Clone).[1]LaserL
[DEBUG @ 18:53:49 | Chroma] GameCore.[9]PairLaserTrackLaneRing(Clone).[1]LaserL.[0]BoxLight
[DEBUG @ 18:53:49 | Chroma] GameCore.[9]PairLaserTrackLaneRing(Clone).[1]LaserL.[1]BakedBloom
[DEBUG @ 18:53:49 | Chroma] GameCore.[9]PairLaserTrackLaneRing(Clone).[2]LaserR
[DEBUG @ 18:53:49 | Chroma] GameCore.[9]PairLaserTrackLaneRing(Clone).[2]LaserR.[0]BoxLight
[DEBUG @ 18:53:49 | Chroma] GameCore.[9]PairLaserTrackLaneRing(Clone).[2]LaserR.[1]BakedBloom
[DEBUG @ 18:53:49 | Chroma] GameCore.[9]PairLaserTrackLaneRing(Clone).[3]LaserLF
[DEBUG @ 18:53:49 | Chroma] GameCore.[9]PairLaserTrackLaneRing(Clone).[3]LaserLF.[0]BoxLight
[DEBUG @ 18:53:49 | Chroma] GameCore.[9]PairLaserTrackLaneRing(Clone).[3]LaserLF.[1]BakedBloom
[DEBUG @ 18:53:49 | Chroma] GameCore.[9]PairLaserTrackLaneRing(Clone).[4]LaserRF
[DEBUG @ 18:53:49 | Chroma] GameCore.[9]PairLaserTrackLaneRing(Clone).[4]LaserRF.[0]BoxLight
[DEBUG @ 18:53:49 | Chroma] GameCore.[9]PairLaserTrackLaneRing(Clone).[4]LaserRF.[1]BakedBloom
[DEBUG @ 18:53:49 | Chroma] GameCore.[9]PairLaserTrackLaneRing(Clone).[5]RotatingLasersPair
[DEBUG @ 18:53:49 | Chroma] GameCore.[9]PairLaserTrackLaneRing(Clone).[5]RotatingLasersPair.[0]BaseL
[DEBUG @ 18:53:49 | Chroma] GameCore.[9]PairLaserTrackLaneRing(Clone).[5]RotatingLasersPair.[0]BaseL.[0]Laser
[DEBUG @ 18:53:49 | Chroma] GameCore.[9]PairLaserTrackLaneRing(Clone).[5]RotatingLasersPair.[0]BaseL.[0]Laser.[0]BoxLight
[DEBUG @ 18:53:49 | Chroma] GameCore.[9]PairLaserTrackLaneRing(Clone).[5]RotatingLasersPair.[0]BaseL.[0]Laser.[1]BakedBloom
[DEBUG @ 18:53:49 | Chroma] GameCore.[9]PairLaserTrackLaneRing(Clone).[5]RotatingLasersPair.[1]BaseR
[DEBUG @ 18:53:49 | Chroma] GameCore.[9]PairLaserTrackLaneRing(Clone).[5]RotatingLasersPair.[1]BaseR.[0]Laser
[DEBUG @ 18:53:49 | Chroma] GameCore.[9]PairLaserTrackLaneRing(Clone).[5]RotatingLasersPair.[1]BaseR.[0]Laser.[0]BoxLight
[DEBUG @ 18:53:49 | Chroma] GameCore.[9]PairLaserTrackLaneRing(Clone).[5]RotatingLasersPair.[1]BaseR.[0]Laser.[1]BakedBloom
[DEBUG @ 18:53:49 | Chroma] TimbalandEnvironment.[0]Environment
[DEBUG @ 18:53:49 | Chroma] TimbalandEnvironment.[0]Environment.[0]DecoratorContext
[DEBUG @ 18:53:49 | Chroma] TimbalandEnvironment.[0]Environment.[1]SceneSetup
[DEBUG @ 18:53:49 | Chroma] TimbalandEnvironment.[0]Environment.[10]BasicGameHUD
[DEBUG @ 18:53:49 | Chroma] TimbalandEnvironment.[0]Environment.[10]BasicGameHUD.[0]EnergyPanel
[DEBUG @ 18:53:49 | Chroma] TimbalandEnvironment.[0]Environment.[10]BasicGameHUD.[0]EnergyPanel.[0]BG
[DEBUG @ 18:53:49 | Chroma] TimbalandEnvironment.[0]Environment.[10]BasicGameHUD.[0]EnergyPanel.[1]BarBG
[DEBUG @ 18:53:49 | Chroma] TimbalandEnvironment.[0]Environment.[10]BasicGameHUD.[0]EnergyPanel.[2]EnergyIconEmpty
[DEBUG @ 18:53:49 | Chroma] TimbalandEnvironment.[0]Environment.[10]BasicGameHUD.[0]EnergyPanel.[3]EnergyIconFull
[DEBUG @ 18:53:49 | Chroma] TimbalandEnvironment.[0]Environment.[10]BasicGameHUD.[0]EnergyPanel.[4]EnergyBarWrapper
[DEBUG @ 18:53:49 | Chroma] TimbalandEnvironment.[0]Environment.[10]BasicGameHUD.[0]EnergyPanel.[4]EnergyBarWrapper.[0]EnergyBar
[DEBUG @ 18:53:49 | Chroma] TimbalandEnvironment.[0]Environment.[10]BasicGameHUD.[0]EnergyPanel.[5]Laser
[DEBUG @ 18:53:49 | Chroma] TimbalandEnvironment.[0]Environment.[10]BasicGameHUD.[0]EnergyPanel.[5]Laser.[0]BoxLight
[DEBUG @ 18:53:49 | Chroma] TimbalandEnvironment.[0]Environment.[10]BasicGameHUD.[0]EnergyPanel.[5]Laser.[1]BakedBloom
[DEBUG @ 18:53:49 | Chroma] TimbalandEnvironment.[0]Environment.[10]BasicGameHUD.[0]EnergyPanel.[6]FailIcon
[DEBUG @ 18:53:49 | Chroma] TimbalandEnvironment.[0]Environment.[10]BasicGameHUD.[0]EnergyPanel.[7]Colorer
[DEBUG @ 18:53:49 | Chroma] TimbalandEnvironment.[0]Environment.[10]BasicGameHUD.[1]LeftPanel
[DEBUG @ 18:53:49 | Chroma] TimbalandEnvironment.[0]Environment.[10]BasicGameHUD.[1]LeftPanel.[0]BG
[DEBUG @ 18:53:49 | Chroma] TimbalandEnvironment.[0]Environment.[10]BasicGameHUD.[1]LeftPanel.[1]Top
[DEBUG @ 18:53:49 | Chroma] TimbalandEnvironment.[0]Environment.[10]BasicGameHUD.[1]LeftPanel.[2]ComboPanel
[DEBUG @ 18:53:49 | Chroma] TimbalandEnvironment.[0]Environment.[10]BasicGameHUD.[1]LeftPanel.[2]ComboPanel.[0]ComboText
[DEBUG @ 18:53:49 | Chroma] TimbalandEnvironment.[0]Environment.[10]BasicGameHUD.[1]LeftPanel.[2]ComboPanel.[1]ComboCanvas
[DEBUG @ 18:53:49 | Chroma] TimbalandEnvironment.[0]Environment.[10]BasicGameHUD.[1]LeftPanel.[2]ComboPanel.[1]ComboCanvas.[0]NumText
[DEBUG @ 18:53:49 | Chroma] TimbalandEnvironment.[0]Environment.[10]BasicGameHUD.[1]LeftPanel.[2]ComboPanel.[2]Line0
[DEBUG @ 18:53:49 | Chroma] TimbalandEnvironment.[0]Environment.[10]BasicGameHUD.[1]LeftPanel.[2]ComboPanel.[3]Line1
[DEBUG @ 18:53:49 | Chroma] TimbalandEnvironment.[0]Environment.[10]BasicGameHUD.[1]LeftPanel.[2]ComboPanel.[4]Colorer
[DEBUG @ 18:53:49 | Chroma] TimbalandEnvironment.[0]Environment.[10]BasicGameHUD.[1]LeftPanel.[3]ScoreCanvas
[DEBUG @ 18:53:49 | Chroma] TimbalandEnvironment.[0]Environment.[10]BasicGameHUD.[1]LeftPanel.[3]ScoreCanvas.[0]ScoreText
[DEBUG @ 18:53:49 | Chroma] TimbalandEnvironment.[0]Environment.[10]BasicGameHUD.[1]LeftPanel.[3]ScoreCanvas.[1]ImmediateRankText
[DEBUG @ 18:53:49 | Chroma] TimbalandEnvironment.[0]Environment.[10]BasicGameHUD.[1]LeftPanel.[3]ScoreCanvas.[2]RelativeScoreText
[DEBUG @ 18:53:49 | Chroma] TimbalandEnvironment.[0]Environment.[10]BasicGameHUD.[2]RightPanel
[DEBUG @ 18:53:49 | Chroma] TimbalandEnvironment.[0]Environment.[10]BasicGameHUD.[2]RightPanel.[0]BG
[DEBUG @ 18:53:49 | Chroma] TimbalandEnvironment.[0]Environment.[10]BasicGameHUD.[2]RightPanel.[1]Top
[DEBUG @ 18:53:49 | Chroma] TimbalandEnvironment.[0]Environment.[10]BasicGameHUD.[2]RightPanel.[2]MultiplierCanvas
[DEBUG @ 18:53:49 | Chroma] TimbalandEnvironment.[0]Environment.[10]BasicGameHUD.[2]RightPanel.[2]MultiplierCanvas.[0]BGCircle
[DEBUG @ 18:53:49 | Chroma] TimbalandEnvironment.[0]Environment.[10]BasicGameHUD.[2]RightPanel.[2]MultiplierCanvas.[1]FGCircle
[DEBUG @ 18:53:49 | Chroma] TimbalandEnvironment.[0]Environment.[10]BasicGameHUD.[2]RightPanel.[2]MultiplierCanvas.[2]AnimationCircle
[DEBUG @ 18:53:49 | Chroma] TimbalandEnvironment.[0]Environment.[10]BasicGameHUD.[2]RightPanel.[2]MultiplierCanvas.[3]TextOverlayPanelOutline1
[DEBUG @ 18:53:49 | Chroma] TimbalandEnvironment.[0]Environment.[10]BasicGameHUD.[2]RightPanel.[2]MultiplierCanvas.[3]TextOverlayPanelOutline1.[0]XText
[DEBUG @ 18:53:49 | Chroma] TimbalandEnvironment.[0]Environment.[10]BasicGameHUD.[2]RightPanel.[2]MultiplierCanvas.[3]TextOverlayPanelOutline1.[1]NumText
[DEBUG @ 18:53:49 | Chroma] TimbalandEnvironment.[0]Environment.[10]BasicGameHUD.[2]RightPanel.[2]MultiplierCanvas.[4]TextOverlayPanelOutline0
[DEBUG @ 18:53:49 | Chroma] TimbalandEnvironment.[0]Environment.[10]BasicGameHUD.[2]RightPanel.[2]MultiplierCanvas.[4]TextOverlayPanelOutline0.[0]XText
[DEBUG @ 18:53:49 | Chroma] TimbalandEnvironment.[0]Environment.[10]BasicGameHUD.[2]RightPanel.[2]MultiplierCanvas.[4]TextOverlayPanelOutline0.[1]NumText
[DEBUG @ 18:53:49 | Chroma] TimbalandEnvironment.[0]Environment.[10]BasicGameHUD.[2]RightPanel.[2]MultiplierCanvas.[5]TextPanel
[DEBUG @ 18:53:49 | Chroma] TimbalandEnvironment.[0]Environment.[10]BasicGameHUD.[2]RightPanel.[2]MultiplierCanvas.[5]TextPanel.[0]XText
[DEBUG @ 18:53:49 | Chroma] TimbalandEnvironment.[0]Environment.[10]BasicGameHUD.[2]RightPanel.[2]MultiplierCanvas.[5]TextPanel.[1]NumText
[DEBUG @ 18:53:49 | Chroma] TimbalandEnvironment.[0]Environment.[10]BasicGameHUD.[2]RightPanel.[2]MultiplierCanvas.[6]Colorer
[DEBUG @ 18:53:49 | Chroma] TimbalandEnvironment.[0]Environment.[10]BasicGameHUD.[2]RightPanel.[3]SongProgressCanvas
[DEBUG @ 18:53:49 | Chroma] TimbalandEnvironment.[0]Environment.[10]BasicGameHUD.[2]RightPanel.[3]SongProgressCanvas.[0]Progress
[DEBUG @ 18:53:49 | Chroma] TimbalandEnvironment.[0]Environment.[10]BasicGameHUD.[2]RightPanel.[3]SongProgressCanvas.[1]Slider
[DEBUG @ 18:53:49 | Chroma] TimbalandEnvironment.[0]Environment.[10]BasicGameHUD.[2]RightPanel.[3]SongProgressCanvas.[1]Slider.[0]Background
[DEBUG @ 18:53:49 | Chroma] TimbalandEnvironment.[0]Environment.[10]BasicGameHUD.[2]RightPanel.[3]SongProgressCanvas.[1]Slider.[1]Handle Slide Area
[DEBUG @ 18:53:49 | Chroma] TimbalandEnvironment.[0]Environment.[10]BasicGameHUD.[2]RightPanel.[3]SongProgressCanvas.[1]Slider.[1]Handle Slide Area.[0]Handle
[DEBUG @ 18:53:49 | Chroma] TimbalandEnvironment.[0]Environment.[10]BasicGameHUD.[2]RightPanel.[3]SongProgressCanvas.[2]DurationMinutes
[DEBUG @ 18:53:49 | Chroma] TimbalandEnvironment.[0]Environment.[10]BasicGameHUD.[2]RightPanel.[3]SongProgressCanvas.[3]DurationSeconds
[DEBUG @ 18:53:49 | Chroma] TimbalandEnvironment.[0]Environment.[10]BasicGameHUD.[2]RightPanel.[3]SongProgressCanvas.[4]ProgressMinutes
[DEBUG @ 18:53:49 | Chroma] TimbalandEnvironment.[0]Environment.[10]BasicGameHUD.[2]RightPanel.[3]SongProgressCanvas.[5]ProgressSeconds
[DEBUG @ 18:53:49 | Chroma] TimbalandEnvironment.[0]Environment.[10]BasicGameHUD.[2]RightPanel.[3]SongProgressCanvas.[6]BG
[DEBUG @ 18:53:49 | Chroma] TimbalandEnvironment.[0]Environment.[10]BasicGameHUD.[2]RightPanel.[3]SongProgressCanvas.[7]Colorer
[DEBUG @ 18:53:49 | Chroma] TimbalandEnvironment.[0]Environment.[11]PlayersPlace
[DEBUG @ 18:53:49 | Chroma] TimbalandEnvironment.[0]Environment.[11]PlayersPlace.[0]Mirror
[DEBUG @ 18:53:49 | Chroma] TimbalandEnvironment.[0]Environment.[11]PlayersPlace.[1]Feet
[DEBUG @ 18:53:49 | Chroma] TimbalandEnvironment.[0]Environment.[11]PlayersPlace.[2]Construction
[DEBUG @ 18:53:49 | Chroma] TimbalandEnvironment.[0]Environment.[11]PlayersPlace.[3]RectangleFakeGlow
[DEBUG @ 18:53:49 | Chroma] TimbalandEnvironment.[0]Environment.[11]PlayersPlace.[4]Frame
[DEBUG @ 18:53:49 | Chroma] TimbalandEnvironment.[0]Environment.[11]PlayersPlace.[5]SaberBurnMarksParticles
[DEBUG @ 18:53:49 | Chroma] TimbalandEnvironment.[0]Environment.[11]PlayersPlace.[5]SaberBurnMarksParticles.[0]SaberBurnMarkSparklePS
[DEBUG @ 18:53:49 | Chroma] TimbalandEnvironment.[0]Environment.[11]PlayersPlace.[6]SaberBurnMarksArea
[DEBUG @ 18:53:49 | Chroma] TimbalandEnvironment.[0]Environment.[11]PlayersPlace.[7]Collider
[DEBUG @ 18:53:49 | Chroma] TimbalandEnvironment.[0]Environment.[12]DustPS
[DEBUG @ 18:53:49 | Chroma] TimbalandEnvironment.[0]Environment.[13]====== LIGHTS ======
[DEBUG @ 18:53:49 | Chroma] TimbalandEnvironment.[0]Environment.[14]PairLaserTrackLaneRings
[DEBUG @ 18:53:49 | Chroma] TimbalandEnvironment.[0]Environment.[15]BigSmokePS
[DEBUG @ 18:53:49 | Chroma] TimbalandEnvironment.[0]Environment.[16]CoreLighting
[DEBUG @ 18:53:49 | Chroma] TimbalandEnvironment.[0]Environment.[16]CoreLighting.[0]LightManager
[DEBUG @ 18:53:49 | Chroma] TimbalandEnvironment.[0]Environment.[16]CoreLighting.[1]DirectionalLight
[DEBUG @ 18:53:49 | Chroma] TimbalandEnvironment.[0]Environment.[16]CoreLighting.[2]DirectionalLight
[DEBUG @ 18:53:49 | Chroma] TimbalandEnvironment.[0]Environment.[16]CoreLighting.[3]DirectionalLight
[DEBUG @ 18:53:49 | Chroma] TimbalandEnvironment.[0]Environment.[16]CoreLighting.[4]DirectionalLight
[DEBUG @ 18:53:49 | Chroma] TimbalandEnvironment.[0]Environment.[16]CoreLighting.[5]DirectionalLight
[DEBUG @ 18:53:49 | Chroma] TimbalandEnvironment.[0]Environment.[17]TimbalandLogo
[DEBUG @ 18:53:49 | Chroma] TimbalandEnvironment.[0]Environment.[18]LightEffects
[DEBUG @ 18:53:49 | Chroma] TimbalandEnvironment.[0]Environment.[19]LightWithIdManager
[DEBUG @ 18:53:49 | Chroma] TimbalandEnvironment.[0]Environment.[2]====== STATIC ======
[DEBUG @ 18:53:49 | Chroma] TimbalandEnvironment.[0]Environment.[20]TimbalandLogo (1)
[DEBUG @ 18:53:49 | Chroma] TimbalandEnvironment.[0]Environment.[21]TimbalandLogo (2)
[DEBUG @ 18:53:49 | Chroma] TimbalandEnvironment.[0]Environment.[22]TimbalandLogo (3)
[DEBUG @ 18:53:49 | Chroma] TimbalandEnvironment.[0]Environment.[23]GlowLineL
[DEBUG @ 18:53:49 | Chroma] TimbalandEnvironment.[0]Environment.[23]GlowLineL.[0]BakedBloom
[DEBUG @ 18:53:49 | Chroma] TimbalandEnvironment.[0]Environment.[23]GlowLineL.[1]BoxLight
[DEBUG @ 18:53:49 | Chroma] TimbalandEnvironment.[0]Environment.[24]GlowLineR
[DEBUG @ 18:53:49 | Chroma] TimbalandEnvironment.[0]Environment.[24]GlowLineR.[0]BakedBloom
[DEBUG @ 18:53:49 | Chroma] TimbalandEnvironment.[0]Environment.[24]GlowLineR.[1]BoxLight
[DEBUG @ 18:53:49 | Chroma] TimbalandEnvironment.[0]Environment.[25]Light (4)
[DEBUG @ 18:53:49 | Chroma] TimbalandEnvironment.[0]Environment.[25]Light (4).[0]BoxLight
[DEBUG @ 18:53:49 | Chroma] TimbalandEnvironment.[0]Environment.[25]Light (4).[1]BakedBloom
[DEBUG @ 18:53:49 | Chroma] TimbalandEnvironment.[0]Environment.[26]Light (6)
[DEBUG @ 18:53:49 | Chroma] TimbalandEnvironment.[0]Environment.[26]Light (6).[0]BoxLight
[DEBUG @ 18:53:49 | Chroma] TimbalandEnvironment.[0]Environment.[26]Light (6).[1]BakedBloom
[DEBUG @ 18:53:49 | Chroma] TimbalandEnvironment.[0]Environment.[27]Light (5)
[DEBUG @ 18:53:49 | Chroma] TimbalandEnvironment.[0]Environment.[27]Light (5).[0]BoxLight
[DEBUG @ 18:53:49 | Chroma] TimbalandEnvironment.[0]Environment.[27]Light (5).[1]BakedBloom
[DEBUG @ 18:53:49 | Chroma] TimbalandEnvironment.[0]Environment.[28]BackColumns
[DEBUG @ 18:53:49 | Chroma] TimbalandEnvironment.[0]Environment.[28]BackColumns.[0]BackColumnNeon
[DEBUG @ 18:53:49 | Chroma] TimbalandEnvironment.[0]Environment.[28]BackColumns.[0]BackColumnNeon.[0]BoxLight
[DEBUG @ 18:53:49 | Chroma] TimbalandEnvironment.[0]Environment.[28]BackColumns.[0]BackColumnNeon.[1]BakedBloom
[DEBUG @ 18:53:49 | Chroma] TimbalandEnvironment.[0]Environment.[28]BackColumns.[1]BackColumnNeon
[DEBUG @ 18:53:49 | Chroma] TimbalandEnvironment.[0]Environment.[28]BackColumns.[1]BackColumnNeon.[0]BoxLight
[DEBUG @ 18:53:49 | Chroma] TimbalandEnvironment.[0]Environment.[28]BackColumns.[1]BackColumnNeon.[1]BakedBloom
[DEBUG @ 18:53:49 | Chroma] TimbalandEnvironment.[0]Environment.[29]Light (7)
[DEBUG @ 18:53:49 | Chroma] TimbalandEnvironment.[0]Environment.[3]MainStructure
[DEBUG @ 18:53:49 | Chroma] TimbalandEnvironment.[0]Environment.[30]GradientBackground
[DEBUG @ 18:53:49 | Chroma] TimbalandEnvironment.[0]Environment.[31]BakedReflectionProbe
[DEBUG @ 18:53:49 | Chroma] TimbalandEnvironment.[0]Environment.[32]BSBakedLightingLightWithIds
[DEBUG @ 18:53:49 | Chroma] TimbalandEnvironment.[0]Environment.[33]FakeMirrorSettings
[DEBUG @ 18:53:49 | Chroma] TimbalandEnvironment.[0]Environment.[34]BakedReflectionProbeInstaller
[DEBUG @ 18:53:49 | Chroma] TimbalandEnvironment.[0]Environment.[4]TopStructure
[DEBUG @ 18:53:49 | Chroma] TimbalandEnvironment.[0]Environment.[5]Buildings
[DEBUG @ 18:53:49 | Chroma] TimbalandEnvironment.[0]Environment.[5]Buildings.[0]NearBuildingRight
[DEBUG @ 18:53:49 | Chroma] TimbalandEnvironment.[0]Environment.[5]Buildings.[1]NearBuildingLeft
[DEBUG @ 18:53:49 | Chroma] TimbalandEnvironment.[0]Environment.[6]TrackMirror
[DEBUG @ 18:53:49 | Chroma] TimbalandEnvironment.[0]Environment.[6]TrackMirror.[0]TrackMirrorSetDepth
[DEBUG @ 18:53:49 | Chroma] TimbalandEnvironment.[0]Environment.[7]TrackConstruction
[DEBUG @ 18:53:49 | Chroma] TimbalandEnvironment.[0]Environment.[8]====== DYNAMIC ======
[DEBUG @ 18:53:49 | Chroma] TimbalandEnvironment.[0]Environment.[9]Spectrograms
[DEBUG @ 18:53:49 | Chroma] TimbalandEnvironment.[0]Environment.[9]Spectrograms.[0]Spectrogram
[DEBUG @ 18:53:49 | Chroma] TimbalandEnvironment.[0]Environment.[9]Spectrograms.[1]Spectrogram